[2020-06-29T22:00:18.759] [ERROR] error - { method: 'GET',
  url: '/api/teams/getTask',
  body: {},
  costTime: undefined,
  err:
   Error: WHERE parameter "activity_id" has invalid "undefined" value
       at MySQLQueryGenerator.whereItemQuery (F:\找队友App\teammate_server\node_modules\sequelize\lib\dialects\abstract\query-generator.js:2184:13)
       at Utils.getComplexKeys.forEach.prop (F:\找队友App\teammate_server\node_modules\sequelize\lib\dialects\abstract\query-generator.js:2173:25)
       at Array.forEach (<anonymous>)
       at MySQLQueryGenerator.whereItemsQuery (F:\找队友App\teammate_server\node_modules\sequelize\lib\dialects\abstract\query-generator.js:2171:35)
       at MySQLQueryGenerator.getWhereConditions (F:\找队友App\teammate_server\node_modules\sequelize\lib\dialects\abstract\query-generator.js:2583:19)
       at MySQLQueryGenerator.selectQuery (F:\找队友App\teammate_server\node_modules\sequelize\lib\dialects\abstract\query-generator.js:1315:28)
       at QueryInterface.select (F:\找队友App\teammate_server\node_modules\sequelize\lib\query-interface.js:1122:27)
       at Promise.try.then.then.then (F:\找队友App\teammate_server\node_modules\sequelize\lib\model.js:1757:34)
       at tryCatcher (F:\找队友App\teammate_server\node_modules\bluebird\js\release\util.js:16:23)
       at Promise._settlePromiseFromHandler (F:\找队友App\teammate_server\node_modules\bluebird\js\release\promise.js:547:31)
       at Promise._settlePromise (F:\找队友App\teammate_server\node_modules\bluebird\js\release\promise.js:604:18)
       at Promise._settlePromise0 (F:\找队友App\teammate_server\node_modules\bluebird\js\release\promise.js:649:10)
       at Promise._settlePromises (F:\找队友App\teammate_server\node_modules\bluebird\js\release\promise.js:729:18)
       at _drainQueueStep (F:\找队友App\teammate_server\node_modules\bluebird\js\release\async.js:93:12)
       at _drainQueue (F:\找队友App\teammate_server\node_modules\bluebird\js\release\async.js:86:9)
       at Async._drainQueues (F:\找队友App\teammate_server\node_modules\bluebird\js\release\async.js:102:5)
       at Immediate.Async.drainQueues [as _onImmediate] (F:\找队友App\teammate_server\node_modules\bluebird\js\release\async.js:15:14)
       at runCallback (timers.js:705:18)
       at tryOnImmediate (timers.js:676:5)
       at processImmediate (timers.js:658:5) }
[2020-06-29T22:00:18.799] [ERROR] error - { method: 'GET',
  url: '/api/teams/getTeamuser',
  body: {},
  costTime: undefined,
  err:
   Error: WHERE parameter "activity_id" has invalid "undefined" value
       at MySQLQueryGenerator.whereItemQuery (F:\找队友App\teammate_server\node_modules\sequelize\lib\dialects\abstract\query-generator.js:2184:13)
       at Utils.getComplexKeys.forEach.prop (F:\找队友App\teammate_server\node_modules\sequelize\lib\dialects\abstract\query-generator.js:2173:25)
       at Array.forEach (<anonymous>)
       at MySQLQueryGenerator.whereItemsQuery (F:\找队友App\teammate_server\node_modules\sequelize\lib\dialects\abstract\query-generator.js:2171:35)
       at MySQLQueryGenerator.getWhereConditions (F:\找队友App\teammate_server\node_modules\sequelize\lib\dialects\abstract\query-generator.js:2583:19)
       at MySQLQueryGenerator.selectQuery (F:\找队友App\teammate_server\node_modules\sequelize\lib\dialects\abstract\query-generator.js:1315:28)
       at QueryInterface.select (F:\找队友App\teammate_server\node_modules\sequelize\lib\query-interface.js:1122:27)
       at Promise.try.then.then.then (F:\找队友App\teammate_server\node_modules\sequelize\lib\model.js:1757:34)
       at tryCatcher (F:\找队友App\teammate_server\node_modules\bluebird\js\release\util.js:16:23)
       at Promise._settlePromiseFromHandler (F:\找队友App\teammate_server\node_modules\bluebird\js\release\promise.js:547:31)
       at Promise._settlePromise (F:\找队友App\teammate_server\node_modules\bluebird\js\release\promise.js:604:18)
       at Promise._settlePromise0 (F:\找队友App\teammate_server\node_modules\bluebird\js\release\promise.js:649:10)
       at Promise._settlePromises (F:\找队友App\teammate_server\node_modules\bluebird\js\release\promise.js:729:18)
       at _drainQueueStep (F:\找队友App\teammate_server\node_modules\bluebird\js\release\async.js:93:12)
       at _drainQueue (F:\找队友App\teammate_server\node_modules\bluebird\js\release\async.js:86:9)
       at Async._drainQueues (F:\找队友App\teammate_server\node_modules\bluebird\js\release\async.js:102:5)
       at Immediate.Async.drainQueues [as _onImmediate] (F:\找队友App\teammate_server\node_modules\bluebird\js\release\async.js:15:14)
       at runCallback (timers.js:705:18)
       at tryOnImmediate (timers.js:676:5)
       at processImmediate (timers.js:658:5) }
[2020-07-03T03:03:32.928] [ERROR] error - {
  method: 'GET',
  url: '/api/users/userinfo',
  body: {},
  costTime: undefined,
  err: TypeError: Cannot read property 'role_name' of undefined
      at userinfo (C:\Users\Administrator.XB-20200304QHTV\Desktop\找队友App-李新威+1740624219陈颂圣\找队友App\teammate_server\controllers\client\user.js:14:44)
      at dispatch (C:\Users\Administrator.XB-20200304QHTV\Desktop\找队友App-李新威+1740624219陈颂圣\找队友App\teammate_server\node_modules\koa-router\node_modules\koa-compose\index.js:44:32)
      at next (C:\Users\Administrator.XB-20200304QHTV\Desktop\找队友App-李新威+1740624219陈颂圣\找队友App\teammate_server\node_modules\koa-router\node_modules\koa-compose\index.js:45:18)
      at C:\Users\Administrator.XB-20200304QHTV\Desktop\找队友App-李新威+1740624219陈颂圣\找队友App\teammate_server\node_modules\koa-router\lib\router.js:346:16
      at dispatch (C:\Users\Administrator.XB-20200304QHTV\Desktop\找队友App-李新威+1740624219陈颂圣\找队友App\teammate_server\node_modules\koa-router\node_modules\koa-compose\index.js:44:32)
      at next (C:\Users\Administrator.XB-20200304QHTV\Desktop\找队友App-李新威+1740624219陈颂圣\找队友App\teammate_server\node_modules\koa-router\node_modules\koa-compose\index.js:45:18)
      at C:\Users\Administrator.XB-20200304QHTV\Desktop\找队友App-李新威+1740624219陈颂圣\找队友App\teammate_server\routes\api\users.js:16:11
      at dispatch (C:\Users\Administrator.XB-20200304QHTV\Desktop\找队友App-李新威+1740624219陈颂圣\找队友App\teammate_server\node_modules\koa-router\node_modules\koa-compose\index.js:44:32)
      at next (C:\Users\Administrator.XB-20200304QHTV\Desktop\找队友App-李新威+1740624219陈颂圣\找队友App\teammate_server\node_modules\koa-router\node_modules\koa-compose\index.js:45:18)
      at C:\Users\Administrator.XB-20200304QHTV\Desktop\找队友App-李新威+1740624219陈颂圣\找队友App\teammate_server\node_modules\koa-passport\lib\framework\koa.js:150:16
      at async cors (C:\Users\Administrator.XB-20200304QHTV\Desktop\找队友App-李新威+1740624219陈颂圣\找队友App\teammate_server\node_modules\koa2-cors\dist\index.js:91:9)
      at async C:\Users\Administrator.XB-20200304QHTV\Desktop\找队友App-李新威+1740624219陈颂圣\找队友App\teammate_server\app.js:71:3
      at async serve (C:\Users\Administrator.XB-20200304QHTV\Desktop\找队友App-李新威+1740624219陈颂圣\找队友App\teammate_server\node_modules\koa-static\index.js:53:9)
      at async logger (C:\Users\Administrator.XB-20200304QHTV\Desktop\找队友App-李新威+1740624219陈颂圣\找队友App\teammate_server\node_modules\koa-logger\index.js:67:7)
      at async bodyParser (C:\Users\Administrator.XB-20200304QHTV\Desktop\找队友App-李新威+1740624219陈颂圣\找队友App\teammate_server\node_modules\koa-bodyparser\index.js:82:48)
      at async session (C:\Users\Administrator.XB-20200304QHTV\Desktop\找队友App-李新威+1740624219陈颂圣\找队友App\teammate_server\node_modules\koa-session\index.js:41:7)
}
[2020-07-03T03:04:11.120] [ERROR] error - {
  method: 'GET',
  url: '/api/users/userinfo',
  body: {},
  costTime: undefined,
  err: TypeError: Cannot read property 'role_name' of undefined
      at userinfo (C:\Users\Administrator.XB-20200304QHTV\Desktop\找队友App-李新威+1740624219陈颂圣\找队友App\teammate_server\controllers\client\user.js:14:44)
      at dispatch (C:\Users\Administrator.XB-20200304QHTV\Desktop\找队友App-李新威+1740624219陈颂圣\找队友App\teammate_server\node_modules\koa-router\node_modules\koa-compose\index.js:44:32)
      at next (C:\Users\Administrator.XB-20200304QHTV\Desktop\找队友App-李新威+1740624219陈颂圣\找队友App\teammate_server\node_modules\koa-router\node_modules\koa-compose\index.js:45:18)
      at C:\Users\Administrator.XB-20200304QHTV\Desktop\找队友App-李新威+1740624219陈颂圣\找队友App\teammate_server\node_modules\koa-router\lib\router.js:346:16
      at dispatch (C:\Users\Administrator.XB-20200304QHTV\Desktop\找队友App-李新威+1740624219陈颂圣\找队友App\teammate_server\node_modules\koa-router\node_modules\koa-compose\index.js:44:32)
      at next (C:\Users\Administrator.XB-20200304QHTV\Desktop\找队友App-李新威+1740624219陈颂圣\找队友App\teammate_server\node_modules\koa-router\node_modules\koa-compose\index.js:45:18)
      at C:\Users\Administrator.XB-20200304QHTV\Desktop\找队友App-李新威+1740624219陈颂圣\找队友App\teammate_server\routes\api\users.js:16:11
      at dispatch (C:\Users\Administrator.XB-20200304QHTV\Desktop\找队友App-李新威+1740624219陈颂圣\找队友App\teammate_server\node_modules\koa-router\node_modules\koa-compose\index.js:44:32)
      at next (C:\Users\Administrator.XB-20200304QHTV\Desktop\找队友App-李新威+1740624219陈颂圣\找队友App\teammate_server\node_modules\koa-router\node_modules\koa-compose\index.js:45:18)
      at C:\Users\Administrator.XB-20200304QHTV\Desktop\找队友App-李新威+1740624219陈颂圣\找队友App\teammate_server\node_modules\koa-passport\lib\framework\koa.js:150:16
      at async cors (C:\Users\Administrator.XB-20200304QHTV\Desktop\找队友App-李新威+1740624219陈颂圣\找队友App\teammate_server\node_modules\koa2-cors\dist\index.js:91:9)
      at async C:\Users\Administrator.XB-20200304QHTV\Desktop\找队友App-李新威+1740624219陈颂圣\找队友App\teammate_server\app.js:71:3
      at async serve (C:\Users\Administrator.XB-20200304QHTV\Desktop\找队友App-李新威+1740624219陈颂圣\找队友App\teammate_server\node_modules\koa-static\index.js:53:9)
      at async logger (C:\Users\Administrator.XB-20200304QHTV\Desktop\找队友App-李新威+1740624219陈颂圣\找队友App\teammate_server\node_modules\koa-logger\index.js:67:7)
      at async bodyParser (C:\Users\Administrator.XB-20200304QHTV\Desktop\找队友App-李新威+1740624219陈颂圣\找队友App\teammate_server\node_modules\koa-bodyparser\index.js:82:48)
      at async session (C:\Users\Administrator.XB-20200304QHTV\Desktop\找队友App-李新威+1740624219陈颂圣\找队友App\teammate_server\node_modules\koa-session\index.js:41:7)
}
[2020-07-03T03:04:13.179] [ERROR] error - {
  method: 'GET',
  url: '/api/users/userinfo',
  body: {},
  costTime: undefined,
  err: TypeError: Cannot read property 'role_name' of undefined
      at userinfo (C:\Users\Administrator.XB-20200304QHTV\Desktop\找队友App-李新威+1740624219陈颂圣\找队友App\teammate_server\controllers\client\user.js:14:44)
      at dispatch (C:\Users\Administrator.XB-20200304QHTV\Desktop\找队友App-李新威+1740624219陈颂圣\找队友App\teammate_server\node_modules\koa-router\node_modules\koa-compose\index.js:44:32)
      at next (C:\Users\Administrator.XB-20200304QHTV\Desktop\找队友App-李新威+1740624219陈颂圣\找队友App\teammate_server\node_modules\koa-router\node_modules\koa-compose\index.js:45:18)
      at C:\Users\Administrator.XB-20200304QHTV\Desktop\找队友App-李新威+1740624219陈颂圣\找队友App\teammate_server\node_modules\koa-router\lib\router.js:346:16
      at dispatch (C:\Users\Administrator.XB-20200304QHTV\Desktop\找队友App-李新威+1740624219陈颂圣\找队友App\teammate_server\node_modules\koa-router\node_modules\koa-compose\index.js:44:32)
      at next (C:\Users\Administrator.XB-20200304QHTV\Desktop\找队友App-李新威+1740624219陈颂圣\找队友App\teammate_server\node_modules\koa-router\node_modules\koa-compose\index.js:45:18)
      at C:\Users\Administrator.XB-20200304QHTV\Desktop\找队友App-李新威+1740624219陈颂圣\找队友App\teammate_server\routes\api\users.js:16:11
      at dispatch (C:\Users\Administrator.XB-20200304QHTV\Desktop\找队友App-李新威+1740624219陈颂圣\找队友App\teammate_server\node_modules\koa-router\node_modules\koa-compose\index.js:44:32)
      at next (C:\Users\Administrator.XB-20200304QHTV\Desktop\找队友App-李新威+1740624219陈颂圣\找队友App\teammate_server\node_modules\koa-router\node_modules\koa-compose\index.js:45:18)
      at C:\Users\Administrator.XB-20200304QHTV\Desktop\找队友App-李新威+1740624219陈颂圣\找队友App\teammate_server\node_modules\koa-passport\lib\framework\koa.js:150:16
      at async cors (C:\Users\Administrator.XB-20200304QHTV\Desktop\找队友App-李新威+1740624219陈颂圣\找队友App\teammate_server\node_modules\koa2-cors\dist\index.js:91:9)
      at async C:\Users\Administrator.XB-20200304QHTV\Desktop\找队友App-李新威+1740624219陈颂圣\找队友App\teammate_server\app.js:71:3
      at async serve (C:\Users\Administrator.XB-20200304QHTV\Desktop\找队友App-李新威+1740624219陈颂圣\找队友App\teammate_server\node_modules\koa-static\index.js:53:9)
      at async logger (C:\Users\Administrator.XB-20200304QHTV\Desktop\找队友App-李新威+1740624219陈颂圣\找队友App\teammate_server\node_modules\koa-logger\index.js:67:7)
      at async bodyParser (C:\Users\Administrator.XB-20200304QHTV\Desktop\找队友App-李新威+1740624219陈颂圣\找队友App\teammate_server\node_modules\koa-bodyparser\index.js:82:48)
      at async session (C:\Users\Administrator.XB-20200304QHTV\Desktop\找队友App-李新威+1740624219陈颂圣\找队友App\teammate_server\node_modules\koa-session\index.js:41:7)
}
[2020-07-03T03:05:19.586] [ERROR] error - {
  method: 'GET',
  url: '/api/users/userinfo',
  body: {},
  costTime: undefined,
  err: TypeError: Cannot read property 'role_name' of undefined
      at userinfo (C:\Users\Administrator.XB-20200304QHTV\Desktop\找队友App-李新威+1740624219陈颂圣\找队友App\teammate_server\controllers\client\user.js:14:44)
      at dispatch (C:\Users\Administrator.XB-20200304QHTV\Desktop\找队友App-李新威+1740624219陈颂圣\找队友App\teammate_server\node_modules\koa-router\node_modules\koa-compose\index.js:44:32)
      at next (C:\Users\Administrator.XB-20200304QHTV\Desktop\找队友App-李新威+1740624219陈颂圣\找队友App\teammate_server\node_modules\koa-router\node_modules\koa-compose\index.js:45:18)
      at C:\Users\Administrator.XB-20200304QHTV\Desktop\找队友App-李新威+1740624219陈颂圣\找队友App\teammate_server\node_modules\koa-router\lib\router.js:346:16
      at dispatch (C:\Users\Administrator.XB-20200304QHTV\Desktop\找队友App-李新威+1740624219陈颂圣\找队友App\teammate_server\node_modules\koa-router\node_modules\koa-compose\index.js:44:32)
      at next (C:\Users\Administrator.XB-20200304QHTV\Desktop\找队友App-李新威+1740624219陈颂圣\找队友App\teammate_server\node_modules\koa-router\node_modules\koa-compose\index.js:45:18)
      at C:\Users\Administrator.XB-20200304QHTV\Desktop\找队友App-李新威+1740624219陈颂圣\找队友App\teammate_server\routes\api\users.js:16:11
      at dispatch (C:\Users\Administrator.XB-20200304QHTV\Desktop\找队友App-李新威+1740624219陈颂圣\找队友App\teammate_server\node_modules\koa-router\node_modules\koa-compose\index.js:44:32)
      at next (C:\Users\Administrator.XB-20200304QHTV\Desktop\找队友App-李新威+1740624219陈颂圣\找队友App\teammate_server\node_modules\koa-router\node_modules\koa-compose\index.js:45:18)
      at C:\Users\Administrator.XB-20200304QHTV\Desktop\找队友App-李新威+1740624219陈颂圣\找队友App\teammate_server\node_modules\koa-passport\lib\framework\koa.js:150:16
      at async cors (C:\Users\Administrator.XB-20200304QHTV\Desktop\找队友App-李新威+1740624219陈颂圣\找队友App\teammate_server\node_modules\koa2-cors\dist\index.js:91:9)
      at async C:\Users\Administrator.XB-20200304QHTV\Desktop\找队友App-李新威+1740624219陈颂圣\找队友App\teammate_server\app.js:71:3
      at async serve (C:\Users\Administrator.XB-20200304QHTV\Desktop\找队友App-李新威+1740624219陈颂圣\找队友App\teammate_server\node_modules\koa-static\index.js:53:9)
      at async logger (C:\Users\Administrator.XB-20200304QHTV\Desktop\找队友App-李新威+1740624219陈颂圣\找队友App\teammate_server\node_modules\koa-logger\index.js:67:7)
      at async bodyParser (C:\Users\Administrator.XB-20200304QHTV\Desktop\找队友App-李新威+1740624219陈颂圣\找队友App\teammate_server\node_modules\koa-bodyparser\index.js:82:48)
      at async session (C:\Users\Administrator.XB-20200304QHTV\Desktop\找队友App-李新威+1740624219陈颂圣\找队友App\teammate_server\node_modules\koa-session\index.js:41:7)
}
[2020-07-06T14:00:44.632] [ERROR] error - {
  method: 'GET',
  url: '/ueditor/ueditor.all.min.js',
  body: {},
  costTime: undefined,
  err: Error: read ECONNRESET
      at TCP.onStreamRead (internal/stream_base_commons.js:201:27) {
    errno: -4077,
    code: 'ECONNRESET',
    syscall: 'read',
    headerSent: true
  }
}
[2020-07-06T14:00:48.240] [ERROR] error - {
  method: 'GET',
  url: '/stylesheets/mobiscroll-3.0.0.min.css',
  body: {},
  costTime: undefined,
  err: Error: read ECONNRESET
      at TCP.onStreamRead (internal/stream_base_commons.js:201:27) {
    errno: -4077,
    code: 'ECONNRESET',
    syscall: 'read',
    headerSent: true
  }
}
[2020-07-06T14:00:49.971] [ERROR] error - {
  method: 'GET',
  url: '/stylesheets/mobiscroll-3.0.0.min.css',
  body: {},
  costTime: undefined,
  err: Error: write ECONNABORTED
      at afterWriteDispatched (internal/stream_base_commons.js:150:25)
      at writeGeneric (internal/stream_base_commons.js:141:3)
      at Socket._writeGeneric (net.js:776:11)
      at Socket._write (net.js:788:8)
      at doWrite (_stream_writable.js:453:12)
      at clearBuffer (_stream_writable.js:562:7)
      at Socket.Writable.uncork (_stream_writable.js:335:7)
      at connectionCorkNT (_http_outgoing.js:685:8)
      at processTicksAndRejections (internal/process/task_queues.js:79:21) {
    errno: -4079,
    code: 'ECONNABORTED',
    syscall: 'write',
    headerSent: true
  }
}
