[2020-06-01T18:52:48.138] [INFO] response - { method: 'GET',
  url: '/api/users/userinfo',
  body: {},
  costTime: 5,
  response:
   { status: 200,
     message: 'OK',
     header:
      [Object: null prototype] {
        vary: 'Origin',
        'access-control-allow-origin': 'http://localhost:8080',
        'access-control-allow-credentials': 'true',
        'access-control-expose-headers': 'WWW-Authenticate,Server-Authorization',
        'content-type': 'application/json; charset=utf-8' },
     body: { data: [Object] } } }
[2020-06-01T18:52:49.388] [INFO] response - { method: 'GET',
  url: '/api/users/userinfo',
  body: {},
  costTime: 9,
  response:
   { status: 200,
     message: 'OK',
     header:
      [Object: null prototype] {
        vary: 'Origin',
        'access-control-allow-origin': 'http://localhost:8080',
        'access-control-allow-credentials': 'true',
        'access-control-expose-headers': 'WWW-Authenticate,Server-Authorization',
        'content-type': 'application/json; charset=utf-8' },
     body: { data: [Object] } } }
[2020-06-01T18:52:54.387] [INFO] response - { method: 'GET',
  url: '/api/users/userinfo',
  body: {},
  costTime: 6,
  response:
   { status: 200,
     message: 'OK',
     header:
      [Object: null prototype] {
        vary: 'Origin',
        'access-control-allow-origin': 'http://localhost:8080',
        'access-control-allow-credentials': 'true',
        'access-control-expose-headers': 'WWW-Authenticate,Server-Authorization',
        'content-type': 'application/json; charset=utf-8' },
     body: { data: [Object] } } }
[2020-06-01T18:52:56.635] [INFO] response - { method: 'GET',
  url: '/api/users/userinfo',
  body: {},
  costTime: 6,
  response:
   { status: 200,
     message: 'OK',
     header:
      [Object: null prototype] {
        vary: 'Origin',
        'access-control-allow-origin': 'http://localhost:8080',
        'access-control-allow-credentials': 'true',
        'access-control-expose-headers': 'WWW-Authenticate,Server-Authorization',
        'content-type': 'application/json; charset=utf-8' },
     body: { data: [Object] } } }
[2020-06-01T18:52:57.041] [INFO] response - { method: 'GET',
  url: '/api/announces/announceinfo',
  body: {},
  costTime: 12,
  response:
   { status: 200,
     message: 'OK',
     header:
      [Object: null prototype] {
        vary: 'Origin',
        'access-control-allow-origin': 'http://localhost:8080',
        'access-control-allow-credentials': 'true',
        'access-control-expose-headers': 'WWW-Authenticate,Server-Authorization',
        'content-type': 'application/json; charset=utf-8' },
     body: { data: [Array] } } }
[2020-06-01T18:52:58.879] [INFO] response - { method: 'GET',
  url: '/api/users/userinfo',
  body: {},
  costTime: 7,
  response:
   { status: 200,
     message: 'OK',
     header:
      [Object: null prototype] {
        vary: 'Origin',
        'access-control-allow-origin': 'http://localhost:8080',
        'access-control-allow-credentials': 'true',
        'access-control-expose-headers': 'WWW-Authenticate,Server-Authorization',
        'content-type': 'application/json; charset=utf-8' },
     body: { data: [Object] } } }
[2020-06-01T18:53:01.158] [INFO] response - { method: 'GET',
  url: '/api/users/userinfo',
  body: {},
  costTime: 10,
  response:
   { status: 200,
     message: 'OK',
     header:
      [Object: null prototype] {
        vary: 'Origin',
        'access-control-allow-origin': 'http://localhost:8080',
        'access-control-allow-credentials': 'true',
        'access-control-expose-headers': 'WWW-Authenticate,Server-Authorization',
        'content-type': 'application/json; charset=utf-8' },
     body: { data: [Object] } } }
[2020-06-01T18:53:02.450] [INFO] response - { method: 'GET',
  url: '/api/users/userinfo',
  body: {},
  costTime: 9,
  response:
   { status: 200,
     message: 'OK',
     header:
      [Object: null prototype] {
        vary: 'Origin',
        'access-control-allow-origin': 'http://localhost:8080',
        'access-control-allow-credentials': 'true',
        'access-control-expose-headers': 'WWW-Authenticate,Server-Authorization',
        'content-type': 'application/json; charset=utf-8' },
     body: { data: [Object] } } }
[2020-06-01T18:53:03.574] [INFO] response - { method: 'GET',
  url: '/api/users/userinfo',
  body: {},
  costTime: 4,
  response:
   { status: 200,
     message: 'OK',
     header:
      [Object: null prototype] {
        vary: 'Origin',
        'access-control-allow-origin': 'http://localhost:8080',
        'access-control-allow-credentials': 'true',
        'access-control-expose-headers': 'WWW-Authenticate,Server-Authorization',
        'content-type': 'application/json; charset=utf-8' },
     body: { data: [Object] } } }
[2020-06-01T18:53:03.830] [INFO] response - { method: 'GET',
  url: '/api/announces/announceinfo',
  body: {},
  costTime: 9,
  response:
   { status: 200,
     message: 'OK',
     header:
      [Object: null prototype] {
        vary: 'Origin',
        'access-control-allow-origin': 'http://localhost:8080',
        'access-control-allow-credentials': 'true',
        'access-control-expose-headers': 'WWW-Authenticate,Server-Authorization',
        'content-type': 'application/json; charset=utf-8' },
     body: { data: [Array] } } }
[2020-06-01T18:53:07.361] [INFO] response - { method: 'GET',
  url: '/api/users/userinfo',
  body: {},
  costTime: 6,
  response:
   { status: 200,
     message: 'OK',
     header:
      [Object: null prototype] {
        vary: 'Origin',
        'access-control-allow-origin': 'http://localhost:8080',
        'access-control-allow-credentials': 'true',
        'access-control-expose-headers': 'WWW-Authenticate,Server-Authorization',
        'content-type': 'application/json; charset=utf-8' },
     body: { data: [Object] } } }
[2020-06-01T18:53:09.875] [INFO] response - { method: 'GET',
  url: '/api/users/userinfo',
  body: {},
  costTime: 6,
  response:
   { status: 200,
     message: 'OK',
     header:
      [Object: null prototype] {
        vary: 'Origin',
        'access-control-allow-origin': 'http://localhost:8080',
        'access-control-allow-credentials': 'true',
        'access-control-expose-headers': 'WWW-Authenticate,Server-Authorization',
        'content-type': 'application/json; charset=utf-8' },
     body: { data: [Object] } } }
[2020-06-01T18:53:14.243] [INFO] response - { method: 'GET',
  url: '/api/users/userinfo',
  body: {},
  costTime: 10,
  response:
   { status: 200,
     message: 'OK',
     header:
      [Object: null prototype] {
        vary: 'Origin',
        'access-control-allow-origin': 'http://localhost:8080',
        'access-control-allow-credentials': 'true',
        'access-control-expose-headers': 'WWW-Authenticate,Server-Authorization',
        'content-type': 'application/json; charset=utf-8' },
     body: { data: [Object] } } }
[2020-06-01T18:53:15.158] [INFO] response - { method: 'GET',
  url: '/api/users/userinfo',
  body: {},
  costTime: 5,
  response:
   { status: 200,
     message: 'OK',
     header:
      [Object: null prototype] {
        vary: 'Origin',
        'access-control-allow-origin': 'http://localhost:8080',
        'access-control-allow-credentials': 'true',
        'access-control-expose-headers': 'WWW-Authenticate,Server-Authorization',
        'content-type': 'application/json; charset=utf-8' },
     body: { data: [Object] } } }
[2020-06-01T18:53:15.431] [INFO] response - { method: 'GET',
  url: '/api/announces/announceinfo',
  body: {},
  costTime: 19,
  response:
   { status: 200,
     message: 'OK',
     header:
      [Object: null prototype] {
        vary: 'Origin',
        'access-control-allow-origin': 'http://localhost:8080',
        'access-control-allow-credentials': 'true',
        'access-control-expose-headers': 'WWW-Authenticate,Server-Authorization',
        'content-type': 'application/json; charset=utf-8' },
     body: { data: [Array] } } }
[2020-06-01T18:53:16.754] [INFO] response - { method: 'GET',
  url: '/api/users/userinfo',
  body: {},
  costTime: 5,
  response:
   { status: 200,
     message: 'OK',
     header:
      [Object: null prototype] {
        vary: 'Origin',
        'access-control-allow-origin': 'http://localhost:8080',
        'access-control-allow-credentials': 'true',
        'access-control-expose-headers': 'WWW-Authenticate,Server-Authorization',
        'content-type': 'application/json; charset=utf-8' },
     body: { data: [Object] } } }
[2020-06-01T18:53:19.483] [INFO] response - { method: 'GET',
  url: '/api/users/userinfo',
  body: {},
  costTime: 5,
  response:
   { status: 200,
     message: 'OK',
     header:
      [Object: null prototype] {
        vary: 'Origin',
        'access-control-allow-origin': 'http://localhost:8080',
        'access-control-allow-credentials': 'true',
        'access-control-expose-headers': 'WWW-Authenticate,Server-Authorization',
        'content-type': 'application/json; charset=utf-8' },
     body: { data: [Object] } } }
[2020-06-01T18:53:28.983] [INFO] response - { method: 'GET',
  url: '/api/users/userinfo',
  body: {},
  costTime: 4,
  response:
   { status: 200,
     message: 'OK',
     header:
      [Object: null prototype] {
        vary: 'Origin',
        'access-control-allow-origin': 'http://localhost:8080',
        'access-control-allow-credentials': 'true',
        'access-control-expose-headers': 'WWW-Authenticate,Server-Authorization',
        'content-type': 'application/json; charset=utf-8' },
     body: { data: [Object] } } }
[2020-06-01T18:53:37.667] [INFO] response - { method: 'GET',
  url: '/api/users/userinfo',
  body: {},
  costTime: 6,
  response:
   { status: 200,
     message: 'OK',
     header:
      [Object: null prototype] {
        vary: 'Origin',
        'access-control-allow-origin': 'http://localhost:8080',
        'access-control-allow-credentials': 'true',
        'access-control-expose-headers': 'WWW-Authenticate,Server-Authorization',
        'content-type': 'application/json; charset=utf-8' },
     body: { data: [Object] } } }
[2020-06-01T18:53:38.585] [INFO] response - { method: 'GET',
  url: '/api/users/userinfo',
  body: {},
  costTime: 6,
  response:
   { status: 200,
     message: 'OK',
     header:
      [Object: null prototype] {
        vary: 'Origin',
        'access-control-allow-origin': 'http://localhost:8080',
        'access-control-allow-credentials': 'true',
        'access-control-expose-headers': 'WWW-Authenticate,Server-Authorization',
        'content-type': 'application/json; charset=utf-8' },
     body: { data: [Object] } } }
[2020-06-01T18:53:38.960] [INFO] response - { method: 'GET',
  url: '/api/announces/announceinfo',
  body: {},
  costTime: 5,
  response:
   { status: 200,
     message: 'OK',
     header:
      [Object: null prototype] {
        vary: 'Origin',
        'access-control-allow-origin': 'http://localhost:8080',
        'access-control-allow-credentials': 'true',
        'access-control-expose-headers': 'WWW-Authenticate,Server-Authorization',
        'content-type': 'application/json; charset=utf-8' },
     body: { data: [Array] } } }
[2020-06-01T19:01:07.191] [INFO] response - { method: 'POST',
  url: '/api/users/postlogin',
  body: { account: '1001', password: '123456' },
  costTime: 7,
  response:
   { status: 200,
     message: 'OK',
     header:
      [Object: null prototype] {
        vary: 'Origin',
        'access-control-allow-origin': 'http://localhost:8080',
        'access-control-allow-credentials': 'true',
        'access-control-expose-headers': 'WWW-Authenticate,Server-Authorization',
        'content-type': 'application/json; charset=utf-8' },
     body: { code: 1, data: [Object] } } }
[2020-06-01T19:01:07.210] [INFO] response - { method: 'GET',
  url: '/api/users/userinfo',
  body: {},
  costTime: 5,
  response:
   { status: 200,
     message: 'OK',
     header:
      [Object: null prototype] {
        vary: 'Origin',
        'access-control-allow-origin': 'http://localhost:8080',
        'access-control-allow-credentials': 'true',
        'access-control-expose-headers': 'WWW-Authenticate,Server-Authorization',
        'content-type': 'application/json; charset=utf-8' },
     body: { data: [Object] } } }
[2020-06-01T19:01:08.003] [INFO] response - { method: 'GET',
  url: '/api/announces/announceinfo',
  body: {},
  costTime: 7,
  response:
   { status: 200,
     message: 'OK',
     header:
      [Object: null prototype] {
        vary: 'Origin',
        'access-control-allow-origin': 'http://localhost:8080',
        'access-control-allow-credentials': 'true',
        'access-control-expose-headers': 'WWW-Authenticate,Server-Authorization',
        'content-type': 'application/json; charset=utf-8' },
     body: { data: [Array] } } }
[2020-06-01T19:01:43.108] [INFO] response - { method: 'GET',
  url: '/api/users/userinfo',
  body: {},
  costTime: 7,
  response:
   { status: 200,
     message: 'OK',
     header:
      [Object: null prototype] {
        vary: 'Origin',
        'access-control-allow-origin': 'http://localhost:8080',
        'access-control-allow-credentials': 'true',
        'access-control-expose-headers': 'WWW-Authenticate,Server-Authorization',
        'content-type': 'application/json; charset=utf-8' },
     body: { data: [Object] } } }
[2020-06-01T19:01:45.720] [INFO] response - { method: 'GET',
  url: '/api/users/userinfo',
  body: {},
  costTime: 8,
  response:
   { status: 200,
     message: 'OK',
     header:
      [Object: null prototype] {
        vary: 'Origin',
        'access-control-allow-origin': 'http://localhost:8080',
        'access-control-allow-credentials': 'true',
        'access-control-expose-headers': 'WWW-Authenticate,Server-Authorization',
        'content-type': 'application/json; charset=utf-8' },
     body: { data: [Object] } } }
[2020-06-01T19:01:49.613] [INFO] response - { method: 'GET',
  url: '/api/users/userinfo',
  body: {},
  costTime: 5,
  response:
   { status: 200,
     message: 'OK',
     header:
      [Object: null prototype] {
        vary: 'Origin',
        'access-control-allow-origin': 'http://localhost:8080',
        'access-control-allow-credentials': 'true',
        'access-control-expose-headers': 'WWW-Authenticate,Server-Authorization',
        'content-type': 'application/json; charset=utf-8' },
     body: { data: [Object] } } }
[2020-06-01T19:01:49.703] [INFO] response - { method: 'GET',
  url: '/api/announces/announceinfo',
  body: {},
  costTime: 8,
  response:
   { status: 200,
     message: 'OK',
     header:
      [Object: null prototype] {
        vary: 'Origin',
        'access-control-allow-origin': 'http://localhost:8080',
        'access-control-allow-credentials': 'true',
        'access-control-expose-headers': 'WWW-Authenticate,Server-Authorization',
        'content-type': 'application/json; charset=utf-8' },
     body: { data: [Array] } } }
[2020-06-01T19:01:50.575] [INFO] response - { method: 'GET',
  url: '/api/users/userinfo',
  body: {},
  costTime: 7,
  response:
   { status: 200,
     message: 'OK',
     header:
      [Object: null prototype] {
        vary: 'Origin',
        'access-control-allow-origin': 'http://localhost:8080',
        'access-control-allow-credentials': 'true',
        'access-control-expose-headers': 'WWW-Authenticate,Server-Authorization',
        'content-type': 'application/json; charset=utf-8' },
     body: { data: [Object] } } }
[2020-06-01T19:01:51.503] [INFO] response - { method: 'GET',
  url: '/api/users/userinfo',
  body: {},
  costTime: 6,
  response:
   { status: 200,
     message: 'OK',
     header:
      [Object: null prototype] {
        vary: 'Origin',
        'access-control-allow-origin': 'http://localhost:8080',
        'access-control-allow-credentials': 'true',
        'access-control-expose-headers': 'WWW-Authenticate,Server-Authorization',
        'content-type': 'application/json; charset=utf-8' },
     body: { data: [Object] } } }
[2020-06-01T19:01:53.858] [INFO] response - { method: 'GET',
  url: '/api/users/userinfo',
  body: {},
  costTime: 4,
  response:
   { status: 200,
     message: 'OK',
     header:
      [Object: null prototype] {
        vary: 'Origin',
        'access-control-allow-origin': 'http://localhost:8080',
        'access-control-allow-credentials': 'true',
        'access-control-expose-headers': 'WWW-Authenticate,Server-Authorization',
        'content-type': 'application/json; charset=utf-8' },
     body: { data: [Object] } } }
[2020-06-01T19:01:55.191] [INFO] response - { method: 'GET',
  url: '/api/users/userinfo',
  body: {},
  costTime: 6,
  response:
   { status: 200,
     message: 'OK',
     header:
      [Object: null prototype] {
        vary: 'Origin',
        'access-control-allow-origin': 'http://localhost:8080',
        'access-control-allow-credentials': 'true',
        'access-control-expose-headers': 'WWW-Authenticate,Server-Authorization',
        'content-type': 'application/json; charset=utf-8' },
     body: { data: [Object] } } }
[2020-06-01T19:01:55.275] [INFO] response - { method: 'GET',
  url: '/api/announces/announceinfo',
  body: {},
  costTime: 8,
  response:
   { status: 200,
     message: 'OK',
     header:
      [Object: null prototype] {
        vary: 'Origin',
        'access-control-allow-origin': 'http://localhost:8080',
        'access-control-allow-credentials': 'true',
        'access-control-expose-headers': 'WWW-Authenticate,Server-Authorization',
        'content-type': 'application/json; charset=utf-8' },
     body: { data: [Array] } } }
[2020-06-01T19:01:56.984] [INFO] response - { method: 'GET',
  url: '/api/users/userinfo',
  body: {},
  costTime: 5,
  response:
   { status: 200,
     message: 'OK',
     header:
      [Object: null prototype] {
        vary: 'Origin',
        'access-control-allow-origin': 'http://localhost:8080',
        'access-control-allow-credentials': 'true',
        'access-control-expose-headers': 'WWW-Authenticate,Server-Authorization',
        'content-type': 'application/json; charset=utf-8' },
     body: { data: [Object] } } }
[2020-06-01T19:01:58.337] [INFO] response - { method: 'GET',
  url: '/api/users/userinfo',
  body: {},
  costTime: 8,
  response:
   { status: 200,
     message: 'OK',
     header:
      [Object: null prototype] {
        vary: 'Origin',
        'access-control-allow-origin': 'http://localhost:8080',
        'access-control-allow-credentials': 'true',
        'access-control-expose-headers': 'WWW-Authenticate,Server-Authorization',
        'content-type': 'application/json; charset=utf-8' },
     body: { data: [Object] } } }
[2020-06-01T19:02:01.170] [INFO] response - { method: 'GET',
  url: '/api/users/userinfo',
  body: {},
  costTime: 4,
  response:
   { status: 200,
     message: 'OK',
     header:
      [Object: null prototype] {
        vary: 'Origin',
        'access-control-allow-origin': 'http://localhost:8080',
        'access-control-allow-credentials': 'true',
        'access-control-expose-headers': 'WWW-Authenticate,Server-Authorization',
        'content-type': 'application/json; charset=utf-8' },
     body: { data: [Object] } } }
[2020-06-01T19:02:01.252] [INFO] response - { method: 'GET',
  url: '/api/announces/announceinfo',
  body: {},
  costTime: 7,
  response:
   { status: 200,
     message: 'OK',
     header:
      [Object: null prototype] {
        vary: 'Origin',
        'access-control-allow-origin': 'http://localhost:8080',
        'access-control-allow-credentials': 'true',
        'access-control-expose-headers': 'WWW-Authenticate,Server-Authorization',
        'content-type': 'application/json; charset=utf-8' },
     body: { data: [Array] } } }
[2020-06-01T19:02:01.701] [INFO] response - { method: 'GET',
  url: '/api/users/userinfo',
  body: {},
  costTime: 6,
  response:
   { status: 200,
     message: 'OK',
     header:
      [Object: null prototype] {
        vary: 'Origin',
        'access-control-allow-origin': 'http://localhost:8080',
        'access-control-allow-credentials': 'true',
        'access-control-expose-headers': 'WWW-Authenticate,Server-Authorization',
        'content-type': 'application/json; charset=utf-8' },
     body: { data: [Object] } } }
[2020-06-01T19:02:21.279] [INFO] response - { method: 'GET',
  url: '/api/users/userinfo',
  body: {},
  costTime: 17,
  response:
   { status: 200,
     message: 'OK',
     header:
      [Object: null prototype] {
        vary: 'Origin',
        'access-control-allow-origin': 'http://localhost:8080',
        'access-control-allow-credentials': 'true',
        'access-control-expose-headers': 'WWW-Authenticate,Server-Authorization',
        'content-type': 'application/json; charset=utf-8' },
     body: { data: [Object] } } }
[2020-06-01T19:02:21.362] [INFO] response - { method: 'GET',
  url: '/api/announces/announceinfo',
  body: {},
  costTime: 6,
  response:
   { status: 200,
     message: 'OK',
     header:
      [Object: null prototype] {
        vary: 'Origin',
        'access-control-allow-origin': 'http://localhost:8080',
        'access-control-allow-credentials': 'true',
        'access-control-expose-headers': 'WWW-Authenticate,Server-Authorization',
        'content-type': 'application/json; charset=utf-8' },
     body: { data: [Array] } } }
[2020-06-01T19:02:42.222] [INFO] response - { method: 'GET',
  url: '/api/users/userinfo',
  body: {},
  costTime: 23,
  response:
   { status: 200,
     message: 'OK',
     header:
      [Object: null prototype] {
        vary: 'Origin',
        'access-control-allow-origin': 'http://localhost:8080',
        'access-control-allow-credentials': 'true',
        'access-control-expose-headers': 'WWW-Authenticate,Server-Authorization',
        'content-type': 'application/json; charset=utf-8' },
     body: { data: [Object] } } }
[2020-06-01T19:02:42.975] [INFO] response - { method: 'GET',
  url: '/api/users/userinfo',
  body: {},
  costTime: 4,
  response:
   { status: 200,
     message: 'OK',
     header:
      [Object: null prototype] {
        vary: 'Origin',
        'access-control-allow-origin': 'http://localhost:8080',
        'access-control-allow-credentials': 'true',
        'access-control-expose-headers': 'WWW-Authenticate,Server-Authorization',
        'content-type': 'application/json; charset=utf-8' },
     body: { data: [Object] } } }
[2020-06-01T19:02:43.793] [INFO] response - { method: 'GET',
  url: '/api/users/userinfo',
  body: {},
  costTime: 5,
  response:
   { status: 200,
     message: 'OK',
     header:
      [Object: null prototype] {
        vary: 'Origin',
        'access-control-allow-origin': 'http://localhost:8080',
        'access-control-allow-credentials': 'true',
        'access-control-expose-headers': 'WWW-Authenticate,Server-Authorization',
        'content-type': 'application/json; charset=utf-8' },
     body: { data: [Object] } } }
[2020-06-01T19:02:43.861] [INFO] response - { method: 'GET',
  url: '/api/announces/announceinfo',
  body: {},
  costTime: 7,
  response:
   { status: 200,
     message: 'OK',
     header:
      [Object: null prototype] {
        vary: 'Origin',
        'access-control-allow-origin': 'http://localhost:8080',
        'access-control-allow-credentials': 'true',
        'access-control-expose-headers': 'WWW-Authenticate,Server-Authorization',
        'content-type': 'application/json; charset=utf-8' },
     body: { data: [Array] } } }
[2020-06-01T19:03:07.293] [INFO] response - { method: 'GET',
  url: '/api/users/userinfo',
  body: {},
  costTime: 11,
  response:
   { status: 200,
     message: 'OK',
     header:
      [Object: null prototype] {
        vary: 'Origin',
        'access-control-allow-origin': 'http://localhost:8080',
        'access-control-allow-credentials': 'true',
        'access-control-expose-headers': 'WWW-Authenticate,Server-Authorization',
        'content-type': 'application/json; charset=utf-8' },
     body: { data: [Object] } } }
[2020-06-01T19:03:07.768] [INFO] response - { method: 'GET',
  url: '/api/users/userinfo',
  body: {},
  costTime: 6,
  response:
   { status: 200,
     message: 'OK',
     header:
      [Object: null prototype] {
        vary: 'Origin',
        'access-control-allow-origin': 'http://localhost:8080',
        'access-control-allow-credentials': 'true',
        'access-control-expose-headers': 'WWW-Authenticate,Server-Authorization',
        'content-type': 'application/json; charset=utf-8' },
     body: { data: [Object] } } }
[2020-06-01T19:03:09.067] [INFO] response - { method: 'GET',
  url: '/api/users/userinfo',
  body: {},
  costTime: 6,
  response:
   { status: 200,
     message: 'OK',
     header:
      [Object: null prototype] {
        vary: 'Origin',
        'access-control-allow-origin': 'http://localhost:8080',
        'access-control-allow-credentials': 'true',
        'access-control-expose-headers': 'WWW-Authenticate,Server-Authorization',
        'content-type': 'application/json; charset=utf-8' },
     body: { data: [Object] } } }
[2020-06-01T19:03:09.135] [INFO] response - { method: 'GET',
  url: '/api/announces/announceinfo',
  body: {},
  costTime: 5,
  response:
   { status: 200,
     message: 'OK',
     header:
      [Object: null prototype] {
        vary: 'Origin',
        'access-control-allow-origin': 'http://localhost:8080',
        'access-control-allow-credentials': 'true',
        'access-control-expose-headers': 'WWW-Authenticate,Server-Authorization',
        'content-type': 'application/json; charset=utf-8' },
     body: { data: [Array] } } }
[2020-06-01T19:03:13.594] [INFO] response - { method: 'GET',
  url: '/api/users/userinfo',
  body: {},
  costTime: 7,
  response:
   { status: 200,
     message: 'OK',
     header:
      [Object: null prototype] {
        vary: 'Origin',
        'access-control-allow-origin': 'http://localhost:8080',
        'access-control-allow-credentials': 'true',
        'access-control-expose-headers': 'WWW-Authenticate,Server-Authorization',
        'content-type': 'application/json; charset=utf-8' },
     body: { data: [Object] } } }
[2020-06-01T19:03:14.386] [INFO] response - { method: 'GET',
  url: '/api/users/userinfo',
  body: {},
  costTime: 5,
  response:
   { status: 200,
     message: 'OK',
     header:
      [Object: null prototype] {
        vary: 'Origin',
        'access-control-allow-origin': 'http://localhost:8080',
        'access-control-allow-credentials': 'true',
        'access-control-expose-headers': 'WWW-Authenticate,Server-Authorization',
        'content-type': 'application/json; charset=utf-8' },
     body: { data: [Object] } } }
[2020-06-01T19:03:15.123] [INFO] response - { method: 'GET',
  url: '/api/users/userinfo',
  body: {},
  costTime: 7,
  response:
   { status: 200,
     message: 'OK',
     header:
      [Object: null prototype] {
        vary: 'Origin',
        'access-control-allow-origin': 'http://localhost:8080',
        'access-control-allow-credentials': 'true',
        'access-control-expose-headers': 'WWW-Authenticate,Server-Authorization',
        'content-type': 'application/json; charset=utf-8' },
     body: { data: [Object] } } }
[2020-06-01T19:03:15.211] [INFO] response - { method: 'GET',
  url: '/api/announces/announceinfo',
  body: {},
  costTime: 7,
  response:
   { status: 200,
     message: 'OK',
     header:
      [Object: null prototype] {
        vary: 'Origin',
        'access-control-allow-origin': 'http://localhost:8080',
        'access-control-allow-credentials': 'true',
        'access-control-expose-headers': 'WWW-Authenticate,Server-Authorization',
        'content-type': 'application/json; charset=utf-8' },
     body: { data: [Array] } } }
[2020-06-01T19:03:51.431] [INFO] response - { method: 'GET',
  url: '/api/users/userinfo',
  body: {},
  costTime: 8,
  response:
   { status: 200,
     message: 'OK',
     header:
      [Object: null prototype] {
        vary: 'Origin',
        'access-control-allow-origin': 'http://localhost:8080',
        'access-control-allow-credentials': 'true',
        'access-control-expose-headers': 'WWW-Authenticate,Server-Authorization',
        'content-type': 'application/json; charset=utf-8' },
     body: { data: [Object] } } }
[2020-06-01T19:03:51.896] [INFO] response - { method: 'GET',
  url: '/api/users/userinfo',
  body: {},
  costTime: 5,
  response:
   { status: 200,
     message: 'OK',
     header:
      [Object: null prototype] {
        vary: 'Origin',
        'access-control-allow-origin': 'http://localhost:8080',
        'access-control-allow-credentials': 'true',
        'access-control-expose-headers': 'WWW-Authenticate,Server-Authorization',
        'content-type': 'application/json; charset=utf-8' },
     body: { data: [Object] } } }
[2020-06-01T19:03:52.012] [INFO] response - { method: 'GET',
  url: '/api/announces/announceinfo',
  body: {},
  costTime: 14,
  response:
   { status: 200,
     message: 'OK',
     header:
      [Object: null prototype] {
        vary: 'Origin',
        'access-control-allow-origin': 'http://localhost:8080',
        'access-control-allow-credentials': 'true',
        'access-control-expose-headers': 'WWW-Authenticate,Server-Authorization',
        'content-type': 'application/json; charset=utf-8' },
     body: { data: [Array] } } }
[2020-06-01T19:03:52.346] [INFO] response - { method: 'GET',
  url: '/api/users/userinfo',
  body: {},
  costTime: 4,
  response:
   { status: 200,
     message: 'OK',
     header:
      [Object: null prototype] {
        vary: 'Origin',
        'access-control-allow-origin': 'http://localhost:8080',
        'access-control-allow-credentials': 'true',
        'access-control-expose-headers': 'WWW-Authenticate,Server-Authorization',
        'content-type': 'application/json; charset=utf-8' },
     body: { data: [Object] } } }
[2020-06-01T19:03:52.829] [INFO] response - { method: 'GET',
  url: '/api/users/userinfo',
  body: {},
  costTime: 17,
  response:
   { status: 200,
     message: 'OK',
     header:
      [Object: null prototype] {
        vary: 'Origin',
        'access-control-allow-origin': 'http://localhost:8080',
        'access-control-allow-credentials': 'true',
        'access-control-expose-headers': 'WWW-Authenticate,Server-Authorization',
        'content-type': 'application/json; charset=utf-8' },
     body: { data: [Object] } } }
[2020-06-01T19:04:38.577] [INFO] response - { method: 'GET',
  url: '/api/users/userinfo',
  body: {},
  costTime: 13,
  response:
   { status: 200,
     message: 'OK',
     header:
      [Object: null prototype] {
        vary: 'Origin',
        'access-control-allow-origin': 'http://localhost:8080',
        'access-control-allow-credentials': 'true',
        'access-control-expose-headers': 'WWW-Authenticate,Server-Authorization',
        'content-type': 'application/json; charset=utf-8' },
     body: { data: [Object] } } }
[2020-06-01T19:04:38.878] [INFO] response - { method: 'GET',
  url: '/api/users/userinfo',
  body: {},
  costTime: 16,
  response:
   { status: 200,
     message: 'OK',
     header:
      [Object: null prototype] {
        vary: 'Origin',
        'access-control-allow-origin': 'http://localhost:8080',
        'access-control-allow-credentials': 'true',
        'access-control-expose-headers': 'WWW-Authenticate,Server-Authorization',
        'content-type': 'application/json; charset=utf-8' },
     body: { data: [Object] } } }
[2020-06-01T19:04:38.935] [INFO] response - { method: 'GET',
  url: '/api/announces/announceinfo',
  body: {},
  costTime: 12,
  response:
   { status: 200,
     message: 'OK',
     header:
      [Object: null prototype] {
        vary: 'Origin',
        'access-control-allow-origin': 'http://localhost:8080',
        'access-control-allow-credentials': 'true',
        'access-control-expose-headers': 'WWW-Authenticate,Server-Authorization',
        'content-type': 'application/json; charset=utf-8' },
     body: { data: [Array] } } }
[2020-06-01T19:04:45.304] [INFO] response - { method: 'GET',
  url: '/api/users/userinfo',
  body: {},
  costTime: 6,
  response:
   { status: 200,
     message: 'OK',
     header:
      [Object: null prototype] {
        vary: 'Origin',
        'access-control-allow-origin': 'http://localhost:8080',
        'access-control-allow-credentials': 'true',
        'access-control-expose-headers': 'WWW-Authenticate,Server-Authorization',
        'content-type': 'application/json; charset=utf-8' },
     body: { data: [Object] } } }
[2020-06-01T19:04:45.386] [INFO] response - { method: 'GET',
  url: '/uploads/',
  body: {},
  costTime: 17,
  response:
   { status: 404,
     message: 'Not Found',
     header:
      [Object: null prototype] {
        vary: 'Origin',
        'access-control-allow-origin': 'http://localhost:8080',
        'access-control-allow-credentials': 'true',
        'access-control-expose-headers': 'WWW-Authenticate,Server-Authorization',
        'content-type': 'text/html; charset=utf-8',
        'content-length': '473' },
     body:
      '\n<!DOCTYPE html>\n<html lang="en">\n<head>\n    <meta charset="UTF-8">\n    <meta name="viewport" content="width=device-width, initial-scale=1.0">\n    <meta http-equiv="X-UA-Compatible" content="ie=edge">\n    <link rel="stylesheet" href="/stylesheets/error.css">\n    <title>错误信息</title>\n</head>\n<body>\n    <div class="content">\n            <h1>抱歉，找不到你的诗和远方了！</h1>\n            \n            <h2>404</h2>\n            \n    </div>\n</body>\n</html>' } }
[2020-06-01T19:04:45.388] [INFO] response - { method: 'GET',
  url: '/api/announces/getOneAnnounce?id=3',
  body: {},
  costTime: 13,
  response:
   { status: 200,
     message: 'OK',
     header:
      [Object: null prototype] {
        vary: 'Origin',
        'access-control-allow-origin': 'http://localhost:8080',
        'access-control-allow-credentials': 'true',
        'access-control-expose-headers': 'WWW-Authenticate,Server-Authorization',
        'content-type': 'application/json; charset=utf-8' },
     body: { data: [announce] } } }
[2020-06-01T19:04:49.007] [INFO] response - { method: 'GET',
  url: '/api/users/userinfo',
  body: {},
  costTime: 9,
  response:
   { status: 200,
     message: 'OK',
     header:
      [Object: null prototype] {
        vary: 'Origin',
        'access-control-allow-origin': 'http://localhost:8080',
        'access-control-allow-credentials': 'true',
        'access-control-expose-headers': 'WWW-Authenticate,Server-Authorization',
        'content-type': 'application/json; charset=utf-8' },
     body: { data: [Object] } } }
[2020-06-01T19:04:49.098] [INFO] response - { method: 'GET',
  url: '/api/announces/announceinfo',
  body: {},
  costTime: 10,
  response:
   { status: 200,
     message: 'OK',
     header:
      [Object: null prototype] {
        vary: 'Origin',
        'access-control-allow-origin': 'http://localhost:8080',
        'access-control-allow-credentials': 'true',
        'access-control-expose-headers': 'WWW-Authenticate,Server-Authorization',
        'content-type': 'application/json; charset=utf-8' },
     body: { data: [Array] } } }
