[2019-12-25T10:48:25.992] [INFO] response - { method: 'GET',
  url: '/',
  body: {},
  costTime: 58,
  response:
   { status: 200,
     message: 'OK',
     header:
      [Object: null prototype] {
        vary: 'Origin',
        'access-control-allow-origin': 'http://localhost:8080',
        'access-control-allow-credentials': 'true',
        'access-control-expose-headers': 'WWW-Authenticate,Server-Authorization',
        'content-type': 'text/html; charset=utf-8',
        'content-length': '270' },
     body:
      '<!DOCTYPE html>\r\n<html>\r\n  <head>\r\n    <title>joint</title>\r\n    <link rel=\'stylesheet\' href=\'/stylesheets/style.css\' />\r\n  </head>\r\n  <body>      \r\n    <h1>JOINT</h1>\r\n    <p><a href="/login">登陆</a></p>\r\n    <p><a href="/register">注册</a></p>\r\n  </body>\r\n</html>' } }
[2019-12-25T10:48:27.030] [INFO] response - { method: 'GET',
  url: '/favicon.ico',
  body: {},
  costTime: 12,
  response:
   { status: 404,
     message: 'Not Found',
     header:
      [Object: null prototype] {
        vary: 'Origin',
        'access-control-allow-origin': 'http://localhost:8080',
        'access-control-allow-credentials': 'true',
        'access-control-expose-headers': 'WWW-Authenticate,Server-Authorization',
        'content-type': 'text/html; charset=utf-8',
        'content-length': '830' },
     body:
      '<!-- <h1>抱歉，找不到你的诗和远方了！</h1>\n<h2>404</h2>\n<pre>NotFoundError: Not Found\n    at Object.throw (F:\\node.js服务端编程\\koa练习\\koa-01\\joint\\koaLogin_sequelize\\node_modules\\koa\\lib\\context.js:97:11)\n    at module.exports (F:\\node.js服务端编程\\koa练习\\koa-01\\joint\\koaLogin_sequelize\\middlewares\\error.js:6:22)</pre> -->\n\n\n<!DOCTYPE html>\n<html lang="en">\n<head>\n    <meta charset="UTF-8">\n    <meta name="viewport" content="width=device-width, initial-scale=1.0">\n    <meta http-equiv="X-UA-Compatible" content="ie=edge">\n    <link rel="stylesheet" href="/stylesheets/error.css">\n    <title>错误信息</title>\n</head>\n<body>\n    <div class="content">\n            <h1>抱歉，找不到你的诗和远方了！</h1>\n            \n            <h2>404</h2>\n            \n    </div>\n</body>\n</html>' } }
[2019-12-25T10:48:29.022] [INFO] response - { method: 'GET',
  url: '/login',
  body: {},
  costTime: 33,
  response:
   { status: 200,
     message: 'OK',
     header:
      [Object: null prototype] {
        vary: 'Origin',
        'access-control-allow-origin': 'http://localhost:8080',
        'access-control-allow-credentials': 'true',
        'access-control-expose-headers': 'WWW-Authenticate,Server-Authorization',
        'content-type': 'text/html; charset=utf-8',
        'content-length': '1849' },
     body:
      '<!DOCTYPE html>\n<html>\n<head>\n    <link rel="stylesheet" href=\'/stylesheets/login.css\'>\n    <title>登陆</title>\n</head>\n<body>\n    <div class="header" id="head">\n      <div class="title">JOINt系统登陆</div>\n    </div>\n          \n    <div class="wrap" id="wrap">\n        <div class="logGet">\n                <!-- 头部提示信息 -->\n                <div class="logD logDtip">\n                    <p class="p1">登录</p>\n                </div>\n                <form action="/checkLogin" method="POST">\n                  <!-- 输入框 -->\n                  <div class="lgD">\n                      <input type="text" name="user_id"\n                          placeholder="输入id" />\n                  </div>\n                  <div class="lgD">\n                      <input type="password" name="password"\n                          placeholder="输入用户密码" />\n                  </div>\n                  <div class="logC">\n                      <button type="submit">登 录</button>\n                  </div>\n                  <!-- <div class="logC">\n                    <p>没有账号? <button href="/register">点击创建</button></p>\n                </div> -->\n                </form>\n            </div>\n      </div>\n      <div class="footer" id="foot">\n        <div class="copyright">\n          <p>Copyright © 2019 huaruan.com Inc. All Rights Reserved.</p>\n          <div class="img">\n              <i class="icon"></i><span>联系邮箱：123123@sise.com</span>\n          </div>\n          \n          <div class="img">\n              <i class="icon1"></i><span>联系地址：广州大学华软软件学院</span>\n          </div>\n            \n          <div class="img">\n            <i class="icon2"></i><span>联系电话：12345678</span>\n          </div>\n       \n       \n        </div>\n          \n      </div>\n</body>\n</html>' } }
[2019-12-25T10:48:38.569] [INFO] response - { method: 'POST',
  url: '/checkLogin',
  body: { user_id: '1001', password: '123456' },
  costTime: 60,
  response:
   { status: 302,
     message: 'Found',
     header:
      [Object: null prototype] {
        vary: 'Origin',
        'access-control-allow-origin': 'http://localhost:8080',
        'access-control-allow-credentials': 'true',
        'access-control-expose-headers': 'WWW-Authenticate,Server-Authorization',
        location: '/index',
        'content-type': 'text/html; charset=utf-8',
        'content-length': '43' },
     body: 'Redirecting to <a href="/index">/index</a>.' } }
[2019-12-25T10:48:38.622] [INFO] response - { method: 'GET',
  url: '/index',
  body: {},
  costTime: 4,
  response:
   { status: 200,
     message: 'OK',
     header:
      [Object: null prototype] {
        vary: 'Origin',
        'access-control-allow-origin': 'http://localhost:8080',
        'access-control-allow-credentials': 'true',
        'access-control-expose-headers': 'WWW-Authenticate,Server-Authorization',
        'content-type': 'text/html; charset=utf-8',
        'content-length': '333' },
     body:
      '<!DOCTYPE html>\n<html>\n  <head>\n    <title>JOINT</title>\n    <link rel=\'stylesheet\' href=\'/stylesheets/style.css\' />\n  </head>\n  <body>\n    <h1>JOINT</h1>\n    <p>Welcome to JOINT</p>\n    <p><a href="/logout">注销</a></p>\n    <p>用户名：zhangliu</p>\n    <p><a href="/users/userInfo">用户详情页</a></p>   \n  </body>\n</html>\n' } }
[2019-12-25T10:48:40.125] [INFO] response - { method: 'GET',
  url: '/users/userInfo',
  body: {},
  costTime: 20,
  response:
   { status: 200,
     message: 'OK',
     header:
      [Object: null prototype] {
        vary: 'Origin',
        'access-control-allow-origin': 'http://localhost:8080',
        'access-control-allow-credentials': 'true',
        'access-control-expose-headers': 'WWW-Authenticate,Server-Authorization',
        'content-type': 'text/html; charset=utf-8',
        'content-length': '1219' },
     body:
      '<!DOCTYPE html>\n<html>\n  <head>\n    <title>用户日程页面</title>\n    <link rel=\'stylesheet\' href=\'/stylesheets/style.css\' />\n  </head>\n  <body>\n    <h1>欢迎回来</h1>\n    <a href="add">添加日程</a>\n    <a href="myself">查看你的日程</a>\n\n    <table class="table">\n         \n        <tr>\n          <th>ID</th>\n          <th>6：00--10:00</th>\n          <th>10:00--14:00</th>\n          <th>14:00--18：00</th>\n          <th>18:00--20：00</th>\n          <th>不看他的</th>\n        </tr>\n        \n        <tr>\n          <td>1001</td>\n          <td>吃饭</td>\n          <td>睡觉</td>\n          <td>跑步</td>\n          <td>玩游戏</td>\n          <td><a href="/users/delect/1001">x</a></td>\n        </tr>\n          \n        <tr>\n          <td>1002</td>\n          <td>睡觉</td>\n          <td>吃饭</td>\n          <td>吃饭</td>\n          <td>玩游戏</td>\n          <td><a href="/users/delect/1002">x</a></td>\n        </tr>\n          \n        <tr>\n          <td>1003</td>\n          <td>睡觉</td>\n          <td>喝水</td>\n          <td>玩游戏</td>\n          <td>合会</td>\n          <td><a href="/users/delect/1003">x</a></td>\n        </tr>\n          \n  \n      </table>\n  </body>\n</html>\n' } }
[2019-12-25T10:48:42.204] [INFO] response - { method: 'GET',
  url: '/users/myself',
  body: {},
  costTime: 20,
  response:
   { status: 200,
     message: 'OK',
     header:
      [Object: null prototype] {
        vary: 'Origin',
        'access-control-allow-origin': 'http://localhost:8080',
        'access-control-allow-credentials': 'true',
        'access-control-expose-headers': 'WWW-Authenticate,Server-Authorization',
        'content-type': 'text/html; charset=utf-8',
        'content-length': '691' },
     body:
      '<!DOCTYPE html>\r\n<html>\r\n  <head>\r\n    <title>个人日程页面</title>\r\n    <link rel=\'stylesheet\' href=\'/stylesheets/style.css\' />\r\n  </head>\r\n  <body>\r\n    <h1>你的日程</h1>\r\n    <table class="table">\r\n         \r\n        <tr>\r\n          <th>ID</th>\r\n          <th>6：00--10:00</th>\r\n          <th>10:00--14:00</th>\r\n          <th>14:00--18：00</th>\r\n          <th>18:00--20：00</th>\r\n        </tr>\r\n        \r\n        <tr>\r\n          <td>1001</td>\r\n          <td>吃饭</td>\r\n          <td>睡觉</td>\r\n          <td>跑步</td>\r\n          <td>玩游戏</td>\r\n          <td><a href="/users/edit/1001">编辑</a></td>\r\n        </tr>\r\n        \r\n      </table>\r\n\r\n  </body>\r\n</html>\r\n' } }
[2019-12-25T14:10:26.618] [INFO] response - { method: 'GET',
  url: '/api/users/gettime',
  body: {},
  costTime: 7,
  response:
   { status: 401,
     message: 'Unauthorized',
     header:
      [Object: null prototype] {
        vary: 'Origin',
        'access-control-allow-origin': 'http://localhost:8080',
        'access-control-allow-credentials': 'true',
        'access-control-expose-headers': 'WWW-Authenticate,Server-Authorization',
        'content-type': 'text/plain; charset=utf-8',
        'content-length': '12' },
     body: 'Unauthorized' } }
[2019-12-25T14:10:47.711] [INFO] response - { method: 'POST',
  url: '/api/users/postlogin',
  body: { user_id: '1001', password: '123456' },
  costTime: 19,
  response:
   { status: 200,
     message: 'OK',
     header:
      [Object: null prototype] {
        vary: 'Origin',
        'access-control-allow-origin': 'http://localhost:8080',
        'access-control-allow-credentials': 'true',
        'access-control-expose-headers': 'WWW-Authenticate,Server-Authorization',
        'content-type': 'application/json; charset=utf-8' },
     body: { code: 1, data: [Object] } } }
[2019-12-25T14:10:47.940] [INFO] response - { method: 'GET',
  url: '/api/users/userinfo',
  body: {},
  costTime: 8,
  response:
   { status: 200,
     message: 'OK',
     header:
      [Object: null prototype] {
        vary: 'Origin',
        'access-control-allow-origin': 'http://localhost:8080',
        'access-control-allow-credentials': 'true',
        'access-control-expose-headers': 'WWW-Authenticate,Server-Authorization',
        'content-type': 'application/json; charset=utf-8' },
     body: { data: [Object] } } }
[2019-12-25T14:10:48.158] [INFO] response - { method: 'GET',
  url: '/api/users/timeinfo',
  body: {},
  costTime: 11,
  response:
   { status: 200,
     message: 'OK',
     header:
      [Object: null prototype] {
        vary: 'Origin',
        'access-control-allow-origin': 'http://localhost:8080',
        'access-control-allow-credentials': 'true',
        'access-control-expose-headers': 'WWW-Authenticate,Server-Authorization',
        'content-type': 'application/json; charset=utf-8' },
     body: { data: [Object] } } }
[2019-12-25T14:10:49.555] [INFO] response - { method: 'GET',
  url: '/api/users/userinfo',
  body: {},
  costTime: 5,
  response:
   { status: 200,
     message: 'OK',
     header:
      [Object: null prototype] {
        vary: 'Origin',
        'access-control-allow-origin': 'http://localhost:8080',
        'access-control-allow-credentials': 'true',
        'access-control-expose-headers': 'WWW-Authenticate,Server-Authorization',
        'content-type': 'application/json; charset=utf-8' },
     body: { data: [Object] } } }
[2019-12-25T14:10:49.857] [INFO] response - { method: 'GET',
  url: '/api/users/timeinfo',
  body: {},
  costTime: 7,
  response:
   { status: 200,
     message: 'OK',
     header:
      [Object: null prototype] {
        vary: 'Origin',
        'access-control-allow-origin': 'http://localhost:8080',
        'access-control-allow-credentials': 'true',
        'access-control-expose-headers': 'WWW-Authenticate,Server-Authorization',
        'content-type': 'application/json; charset=utf-8' },
     body: { data: [Object] } } }
[2019-12-25T14:10:51.053] [INFO] response - { method: 'GET',
  url: '/api/users/userinfo',
  body: {},
  costTime: 10,
  response:
   { status: 200,
     message: 'OK',
     header:
      [Object: null prototype] {
        vary: 'Origin',
        'access-control-allow-origin': 'http://localhost:8080',
        'access-control-allow-credentials': 'true',
        'access-control-expose-headers': 'WWW-Authenticate,Server-Authorization',
        'content-type': 'application/json; charset=utf-8' },
     body: { data: [Object] } } }
[2019-12-25T14:10:51.061] [INFO] response - { method: 'GET',
  url: '/api/users/timeinfo',
  body: {},
  costTime: 16,
  response:
   { status: 200,
     message: 'OK',
     header:
      [Object: null prototype] {
        vary: 'Origin',
        'access-control-allow-origin': 'http://localhost:8080',
        'access-control-allow-credentials': 'true',
        'access-control-expose-headers': 'WWW-Authenticate,Server-Authorization',
        'content-type': 'application/json; charset=utf-8' },
     body: { data: [Object] } } }
[2019-12-25T14:10:51.318] [INFO] response - { method: 'GET',
  url: '/api/users/gettime',
  body: {},
  costTime: 15,
  response:
   { status: 200,
     message: 'OK',
     header:
      [Object: null prototype] {
        vary: 'Origin',
        'access-control-allow-origin': 'http://localhost:8080',
        'access-control-allow-credentials': 'true',
        'access-control-expose-headers': 'WWW-Authenticate,Server-Authorization',
        'content-type': 'application/json; charset=utf-8' },
     body: { data: [Object] } } }
[2019-12-25T14:10:52.625] [INFO] response - { method: 'GET',
  url: '/api/users/userinfo',
  body: {},
  costTime: 8,
  response:
   { status: 200,
     message: 'OK',
     header:
      [Object: null prototype] {
        vary: 'Origin',
        'access-control-allow-origin': 'http://localhost:8080',
        'access-control-allow-credentials': 'true',
        'access-control-expose-headers': 'WWW-Authenticate,Server-Authorization',
        'content-type': 'application/json; charset=utf-8' },
     body: { data: [Object] } } }
[2019-12-25T14:10:52.633] [INFO] response - { method: 'GET',
  url: '/api/users/timeinfo',
  body: {},
  costTime: 14,
  response:
   { status: 200,
     message: 'OK',
     header:
      [Object: null prototype] {
        vary: 'Origin',
        'access-control-allow-origin': 'http://localhost:8080',
        'access-control-allow-credentials': 'true',
        'access-control-expose-headers': 'WWW-Authenticate,Server-Authorization',
        'content-type': 'application/json; charset=utf-8' },
     body: { data: [Object] } } }
[2019-12-25T14:10:55.050] [INFO] response - { method: 'GET',
  url: '/api/users/userinfo',
  body: {},
  costTime: 8,
  response:
   { status: 200,
     message: 'OK',
     header:
      [Object: null prototype] {
        vary: 'Origin',
        'access-control-allow-origin': 'http://localhost:8080',
        'access-control-allow-credentials': 'true',
        'access-control-expose-headers': 'WWW-Authenticate,Server-Authorization',
        'content-type': 'application/json; charset=utf-8' },
     body: { data: [Object] } } }
[2019-12-25T14:10:55.054] [INFO] response - { method: 'GET',
  url: '/api/users/timeinfo',
  body: {},
  costTime: 16,
  response:
   { status: 200,
     message: 'OK',
     header:
      [Object: null prototype] {
        vary: 'Origin',
        'access-control-allow-origin': 'http://localhost:8080',
        'access-control-allow-credentials': 'true',
        'access-control-expose-headers': 'WWW-Authenticate,Server-Authorization',
        'content-type': 'application/json; charset=utf-8' },
     body: { data: [Object] } } }
[2019-12-25T14:10:55.309] [INFO] response - { method: 'GET',
  url: '/api/users/gettime',
  body: {},
  costTime: 15,
  response:
   { status: 200,
     message: 'OK',
     header:
      [Object: null prototype] {
        vary: 'Origin',
        'access-control-allow-origin': 'http://localhost:8080',
        'access-control-allow-credentials': 'true',
        'access-control-expose-headers': 'WWW-Authenticate,Server-Authorization',
        'content-type': 'application/json; charset=utf-8' },
     body: { data: [Object] } } }
[2019-12-25T14:10:55.778] [INFO] response - { method: 'GET',
  url: '/api/users/userinfo',
  body: {},
  costTime: 5,
  response:
   { status: 200,
     message: 'OK',
     header:
      [Object: null prototype] {
        vary: 'Origin',
        'access-control-allow-origin': 'http://localhost:8080',
        'access-control-allow-credentials': 'true',
        'access-control-expose-headers': 'WWW-Authenticate,Server-Authorization',
        'content-type': 'application/json; charset=utf-8' },
     body: { data: [Object] } } }
[2019-12-25T14:10:56.080] [INFO] response - { method: 'GET',
  url: '/api/users/timeinfo',
  body: {},
  costTime: 5,
  response:
   { status: 200,
     message: 'OK',
     header:
      [Object: null prototype] {
        vary: 'Origin',
        'access-control-allow-origin': 'http://localhost:8080',
        'access-control-allow-credentials': 'true',
        'access-control-expose-headers': 'WWW-Authenticate,Server-Authorization',
        'content-type': 'application/json; charset=utf-8' },
     body: { data: [Object] } } }
[2019-12-25T14:10:58.365] [INFO] response - { method: 'GET',
  url: '/api/users/userinfo',
  body: {},
  costTime: 7,
  response:
   { status: 200,
     message: 'OK',
     header:
      [Object: null prototype] {
        vary: 'Origin',
        'access-control-allow-origin': 'http://localhost:8080',
        'access-control-allow-credentials': 'true',
        'access-control-expose-headers': 'WWW-Authenticate,Server-Authorization',
        'content-type': 'application/json; charset=utf-8' },
     body: { data: [Object] } } }
[2019-12-25T14:10:58.374] [INFO] response - { method: 'GET',
  url: '/api/users/timeinfo',
  body: {},
  costTime: 15,
  response:
   { status: 200,
     message: 'OK',
     header:
      [Object: null prototype] {
        vary: 'Origin',
        'access-control-allow-origin': 'http://localhost:8080',
        'access-control-allow-credentials': 'true',
        'access-control-expose-headers': 'WWW-Authenticate,Server-Authorization',
        'content-type': 'application/json; charset=utf-8' },
     body: { data: [Object] } } }
[2019-12-25T14:10:59.909] [INFO] response - { method: 'GET',
  url: '/api/users/userinfo',
  body: {},
  costTime: 6,
  response:
   { status: 200,
     message: 'OK',
     header:
      [Object: null prototype] {
        vary: 'Origin',
        'access-control-allow-origin': 'http://localhost:8080',
        'access-control-allow-credentials': 'true',
        'access-control-expose-headers': 'WWW-Authenticate,Server-Authorization',
        'content-type': 'application/json; charset=utf-8' },
     body: { data: [Object] } } }
[2019-12-25T14:11:00.211] [INFO] response - { method: 'GET',
  url: '/api/users/timeinfo',
  body: {},
  costTime: 7,
  response:
   { status: 200,
     message: 'OK',
     header:
      [Object: null prototype] {
        vary: 'Origin',
        'access-control-allow-origin': 'http://localhost:8080',
        'access-control-allow-credentials': 'true',
        'access-control-expose-headers': 'WWW-Authenticate,Server-Authorization',
        'content-type': 'application/json; charset=utf-8' },
     body: { data: [Object] } } }
[2019-12-25T14:11:02.496] [INFO] response - { method: 'GET',
  url: '/api/users/userinfo',
  body: {},
  costTime: 8,
  response:
   { status: 200,
     message: 'OK',
     header:
      [Object: null prototype] {
        vary: 'Origin',
        'access-control-allow-origin': 'http://localhost:8080',
        'access-control-allow-credentials': 'true',
        'access-control-expose-headers': 'WWW-Authenticate,Server-Authorization',
        'content-type': 'application/json; charset=utf-8' },
     body: { data: [Object] } } }
[2019-12-25T14:11:02.505] [INFO] response - { method: 'GET',
  url: '/api/users/timeinfo',
  body: {},
  costTime: 14,
  response:
   { status: 200,
     message: 'OK',
     header:
      [Object: null prototype] {
        vary: 'Origin',
        'access-control-allow-origin': 'http://localhost:8080',
        'access-control-allow-credentials': 'true',
        'access-control-expose-headers': 'WWW-Authenticate,Server-Authorization',
        'content-type': 'application/json; charset=utf-8' },
     body: { data: [Object] } } }
[2019-12-25T14:11:02.739] [INFO] response - { method: 'GET',
  url: '/api/users/gettime',
  body: {},
  costTime: 6,
  response:
   { status: 200,
     message: 'OK',
     header:
      [Object: null prototype] {
        vary: 'Origin',
        'access-control-allow-origin': 'http://localhost:8080',
        'access-control-allow-credentials': 'true',
        'access-control-expose-headers': 'WWW-Authenticate,Server-Authorization',
        'content-type': 'application/json; charset=utf-8' },
     body: { data: [Object] } } }
[2019-12-25T15:29:02.598] [INFO] response - { method: 'GET',
  url: '/api/users/userinfo',
  body: {},
  costTime: 1,
  response:
   { status: 401,
     message: 'Unauthorized',
     header:
      [Object: null prototype] {
        vary: 'Origin',
        'access-control-allow-origin': 'http://localhost:8080',
        'access-control-allow-credentials': 'true',
        'access-control-expose-headers': 'WWW-Authenticate,Server-Authorization',
        'content-type': 'text/plain; charset=utf-8',
        'content-length': '12' },
     body: 'Unauthorized' } }
[2019-12-25T15:29:02.600] [INFO] response - { method: 'GET',
  url: '/api/users/timeinfo',
  body: {},
  costTime: 1,
  response:
   { status: 401,
     message: 'Unauthorized',
     header:
      [Object: null prototype] {
        vary: 'Origin',
        'access-control-allow-origin': 'http://localhost:8080',
        'access-control-allow-credentials': 'true',
        'access-control-expose-headers': 'WWW-Authenticate,Server-Authorization',
        'content-type': 'text/plain; charset=utf-8',
        'content-length': '12' },
     body: 'Unauthorized' } }
[2019-12-25T15:29:12.423] [INFO] response - { method: 'GET',
  url: '/api/users/gettime',
  body: {},
  costTime: 1,
  response:
   { status: 401,
     message: 'Unauthorized',
     header:
      [Object: null prototype] {
        vary: 'Origin',
        'access-control-allow-origin': 'http://localhost:8080',
        'access-control-allow-credentials': 'true',
        'access-control-expose-headers': 'WWW-Authenticate,Server-Authorization',
        'content-type': 'text/plain; charset=utf-8',
        'content-length': '12' },
     body: 'Unauthorized' } }
[2019-12-25T15:29:13.919] [INFO] response - { method: 'GET',
  url: '/api/users/gettime',
  body: {},
  costTime: 1,
  response:
   { status: 401,
     message: 'Unauthorized',
     header:
      [Object: null prototype] {
        vary: 'Origin',
        'access-control-allow-origin': 'http://localhost:8080',
        'access-control-allow-credentials': 'true',
        'access-control-expose-headers': 'WWW-Authenticate,Server-Authorization',
        'content-type': 'text/plain; charset=utf-8',
        'content-length': '12' },
     body: 'Unauthorized' } }
[2019-12-25T15:29:25.899] [INFO] response - { method: 'POST',
  url: '/api/users/postlogin',
  body: { user_id: '1001', password: '123456' },
  costTime: 6,
  response:
   { status: 200,
     message: 'OK',
     header:
      [Object: null prototype] {
        vary: 'Origin',
        'access-control-allow-origin': 'http://localhost:8080',
        'access-control-allow-credentials': 'true',
        'access-control-expose-headers': 'WWW-Authenticate,Server-Authorization',
        'content-type': 'application/json; charset=utf-8' },
     body: { code: 1, data: [Object] } } }
[2019-12-25T15:29:26.149] [INFO] response - { method: 'GET',
  url: '/api/users/userinfo',
  body: {},
  costTime: 5,
  response:
   { status: 200,
     message: 'OK',
     header:
      [Object: null prototype] {
        vary: 'Origin',
        'access-control-allow-origin': 'http://localhost:8080',
        'access-control-allow-credentials': 'true',
        'access-control-expose-headers': 'WWW-Authenticate,Server-Authorization',
        'content-type': 'application/json; charset=utf-8' },
     body: { data: [Object] } } }
[2019-12-25T15:29:26.226] [INFO] response - { method: 'GET',
  url: '/api/users/timeinfo',
  body: {},
  costTime: 11,
  response:
   { status: 200,
     message: 'OK',
     header:
      [Object: null prototype] {
        vary: 'Origin',
        'access-control-allow-origin': 'http://localhost:8080',
        'access-control-allow-credentials': 'true',
        'access-control-expose-headers': 'WWW-Authenticate,Server-Authorization',
        'content-type': 'application/json; charset=utf-8' },
     body: { data: [Object] } } }
[2019-12-25T15:29:30.360] [INFO] response - { method: 'GET',
  url: '/api/users/userinfo',
  body: {},
  costTime: 6,
  response:
   { status: 200,
     message: 'OK',
     header:
      [Object: null prototype] {
        vary: 'Origin',
        'access-control-allow-origin': 'http://localhost:8080',
        'access-control-allow-credentials': 'true',
        'access-control-expose-headers': 'WWW-Authenticate,Server-Authorization',
        'content-type': 'application/json; charset=utf-8' },
     body: { data: [Object] } } }
[2019-12-25T15:29:30.676] [INFO] response - { method: 'GET',
  url: '/api/users/timeinfo',
  body: {},
  costTime: 13,
  response:
   { status: 200,
     message: 'OK',
     header:
      [Object: null prototype] {
        vary: 'Origin',
        'access-control-allow-origin': 'http://localhost:8080',
        'access-control-allow-credentials': 'true',
        'access-control-expose-headers': 'WWW-Authenticate,Server-Authorization',
        'content-type': 'application/json; charset=utf-8' },
     body: { data: [Object] } } }
[2019-12-25T15:29:32.670] [INFO] response - { method: 'GET',
  url: '/api/users/userinfo',
  body: {},
  costTime: 13,
  response:
   { status: 200,
     message: 'OK',
     header:
      [Object: null prototype] {
        vary: 'Origin',
        'access-control-allow-origin': 'http://localhost:8080',
        'access-control-allow-credentials': 'true',
        'access-control-expose-headers': 'WWW-Authenticate,Server-Authorization',
        'content-type': 'application/json; charset=utf-8' },
     body: { data: [Object] } } }
[2019-12-25T15:29:32.678] [INFO] response - { method: 'GET',
  url: '/api/users/timeinfo',
  body: {},
  costTime: 17,
  response:
   { status: 200,
     message: 'OK',
     header:
      [Object: null prototype] {
        vary: 'Origin',
        'access-control-allow-origin': 'http://localhost:8080',
        'access-control-allow-credentials': 'true',
        'access-control-expose-headers': 'WWW-Authenticate,Server-Authorization',
        'content-type': 'application/json; charset=utf-8' },
     body: { data: [Object] } } }
[2019-12-25T15:29:41.904] [INFO] response - { method: 'POST',
  url: '/api/users/postadd',
  body:
   { time_one: '585',
     time_two: '13',
     time_three: '123',
     time_four: '123',
     user_id: 1001 },
  costTime: 22,
  response:
   { status: 200,
     message: 'OK',
     header:
      [Object: null prototype] {
        vary: 'Origin',
        'access-control-allow-origin': 'http://localhost:8080',
        'access-control-allow-credentials': 'true',
        'access-control-expose-headers': 'WWW-Authenticate,Server-Authorization' },
     body: undefined } }
[2019-12-25T15:29:42.236] [INFO] response - { method: 'GET',
  url: '/api/users/userinfo',
  body: {},
  costTime: 9,
  response:
   { status: 200,
     message: 'OK',
     header:
      [Object: null prototype] {
        vary: 'Origin',
        'access-control-allow-origin': 'http://localhost:8080',
        'access-control-allow-credentials': 'true',
        'access-control-expose-headers': 'WWW-Authenticate,Server-Authorization',
        'content-type': 'application/json; charset=utf-8' },
     body: { data: [Object] } } }
[2019-12-25T15:29:42.245] [INFO] response - { method: 'GET',
  url: '/api/users/timeinfo',
  body: {},
  costTime: 16,
  response:
   { status: 200,
     message: 'OK',
     header:
      [Object: null prototype] {
        vary: 'Origin',
        'access-control-allow-origin': 'http://localhost:8080',
        'access-control-allow-credentials': 'true',
        'access-control-expose-headers': 'WWW-Authenticate,Server-Authorization',
        'content-type': 'application/json; charset=utf-8' },
     body: { data: [Object] } } }
[2019-12-25T15:29:46.333] [INFO] response - { method: 'GET',
  url: '/api/users/userinfo',
  body: {},
  costTime: 9,
  response:
   { status: 200,
     message: 'OK',
     header:
      [Object: null prototype] {
        vary: 'Origin',
        'access-control-allow-origin': 'http://localhost:8080',
        'access-control-allow-credentials': 'true',
        'access-control-expose-headers': 'WWW-Authenticate,Server-Authorization',
        'content-type': 'application/json; charset=utf-8' },
     body: { data: [Object] } } }
[2019-12-25T15:29:46.643] [INFO] response - { method: 'GET',
  url: '/api/users/timeinfo',
  body: {},
  costTime: 13,
  response:
   { status: 200,
     message: 'OK',
     header:
      [Object: null prototype] {
        vary: 'Origin',
        'access-control-allow-origin': 'http://localhost:8080',
        'access-control-allow-credentials': 'true',
        'access-control-expose-headers': 'WWW-Authenticate,Server-Authorization',
        'content-type': 'application/json; charset=utf-8' },
     body: { data: [Object] } } }
[2019-12-25T15:29:51.616] [INFO] response - { method: 'POST',
  url: '/api/users/postedit',
  body:
   { time_one: '123',
     time_two: '213',
     time_three: '123',
     time_four: '123' },
  costTime: 6,
  response:
   { status: 200,
     message: 'OK',
     header:
      [Object: null prototype] {
        vary: 'Origin',
        'access-control-allow-origin': 'http://localhost:8080',
        'access-control-allow-credentials': 'true',
        'access-control-expose-headers': 'WWW-Authenticate,Server-Authorization' },
     body: undefined } }
[2019-12-25T15:29:51.948] [INFO] response - { method: 'GET',
  url: '/api/users/userinfo',
  body: {},
  costTime: 7,
  response:
   { status: 200,
     message: 'OK',
     header:
      [Object: null prototype] {
        vary: 'Origin',
        'access-control-allow-origin': 'http://localhost:8080',
        'access-control-allow-credentials': 'true',
        'access-control-expose-headers': 'WWW-Authenticate,Server-Authorization',
        'content-type': 'application/json; charset=utf-8' },
     body: { data: [Object] } } }
[2019-12-25T15:29:51.953] [INFO] response - { method: 'GET',
  url: '/api/users/timeinfo',
  body: {},
  costTime: 10,
  response:
   { status: 200,
     message: 'OK',
     header:
      [Object: null prototype] {
        vary: 'Origin',
        'access-control-allow-origin': 'http://localhost:8080',
        'access-control-allow-credentials': 'true',
        'access-control-expose-headers': 'WWW-Authenticate,Server-Authorization',
        'content-type': 'application/json; charset=utf-8' },
     body: { data: [Object] } } }
[2019-12-25T15:29:58.470] [INFO] response - { method: 'GET',
  url: '/api/users/userinfo',
  body: {},
  costTime: 22,
  response:
   { status: 200,
     message: 'OK',
     header:
      [Object: null prototype] {
        vary: 'Origin',
        'access-control-allow-origin': 'http://localhost:8080',
        'access-control-allow-credentials': 'true',
        'access-control-expose-headers': 'WWW-Authenticate,Server-Authorization',
        'content-type': 'application/json; charset=utf-8' },
     body: { data: [Object] } } }
[2019-12-25T15:29:58.475] [INFO] response - { method: 'GET',
  url: '/api/users/timeinfo',
  body: {},
  costTime: 24,
  response:
   { status: 200,
     message: 'OK',
     header:
      [Object: null prototype] {
        vary: 'Origin',
        'access-control-allow-origin': 'http://localhost:8080',
        'access-control-allow-credentials': 'true',
        'access-control-expose-headers': 'WWW-Authenticate,Server-Authorization',
        'content-type': 'application/json; charset=utf-8' },
     body: { data: [Object] } } }
[2019-12-25T15:30:02.053] [INFO] response - { method: 'GET',
  url: '/api/users/userinfo',
  body: {},
  costTime: 9,
  response:
   { status: 200,
     message: 'OK',
     header:
      [Object: null prototype] {
        vary: 'Origin',
        'access-control-allow-origin': 'http://localhost:8080',
        'access-control-allow-credentials': 'true',
        'access-control-expose-headers': 'WWW-Authenticate,Server-Authorization',
        'content-type': 'application/json; charset=utf-8' },
     body: { data: [Object] } } }
[2019-12-25T15:30:02.065] [INFO] response - { method: 'GET',
  url: '/api/users/timeinfo',
  body: {},
  costTime: 20,
  response:
   { status: 200,
     message: 'OK',
     header:
      [Object: null prototype] {
        vary: 'Origin',
        'access-control-allow-origin': 'http://localhost:8080',
        'access-control-allow-credentials': 'true',
        'access-control-expose-headers': 'WWW-Authenticate,Server-Authorization',
        'content-type': 'application/json; charset=utf-8' },
     body: { data: [Object] } } }
[2019-12-25T15:30:06.666] [INFO] response - { method: 'GET',
  url: '/api/users/userinfo',
  body: {},
  costTime: 6,
  response:
   { status: 200,
     message: 'OK',
     header:
      [Object: null prototype] {
        vary: 'Origin',
        'access-control-allow-origin': 'http://localhost:8080',
        'access-control-allow-credentials': 'true',
        'access-control-expose-headers': 'WWW-Authenticate,Server-Authorization',
        'content-type': 'application/json; charset=utf-8' },
     body: { data: [Object] } } }
[2019-12-25T15:30:06.988] [INFO] response - { method: 'GET',
  url: '/api/users/timeinfo',
  body: {},
  costTime: 17,
  response:
   { status: 200,
     message: 'OK',
     header:
      [Object: null prototype] {
        vary: 'Origin',
        'access-control-allow-origin': 'http://localhost:8080',
        'access-control-allow-credentials': 'true',
        'access-control-expose-headers': 'WWW-Authenticate,Server-Authorization',
        'content-type': 'application/json; charset=utf-8' },
     body: { data: [Object] } } }
[2019-12-25T15:30:07.093] [INFO] response - { method: 'GET',
  url: '/api/users/gettime',
  body: {},
  costTime: 13,
  response:
   { status: 200,
     message: 'OK',
     header:
      [Object: null prototype] {
        vary: 'Origin',
        'access-control-allow-origin': 'http://localhost:8080',
        'access-control-allow-credentials': 'true',
        'access-control-expose-headers': 'WWW-Authenticate,Server-Authorization',
        'content-type': 'application/json; charset=utf-8' },
     body: { data: [Object] } } }
[2019-12-25T15:30:47.534] [INFO] response - { method: 'GET',
  url: '/api/users/userinfo',
  body: {},
  costTime: 22,
  response:
   { status: 200,
     message: 'OK',
     header:
      [Object: null prototype] {
        vary: 'Origin',
        'access-control-allow-origin': 'http://localhost:8080',
        'access-control-allow-credentials': 'true',
        'access-control-expose-headers': 'WWW-Authenticate,Server-Authorization',
        'content-type': 'application/json; charset=utf-8' },
     body: { data: [Object] } } }
[2019-12-25T15:30:47.542] [INFO] response - { method: 'GET',
  url: '/api/users/timeinfo',
  body: {},
  costTime: 25,
  response:
   { status: 200,
     message: 'OK',
     header:
      [Object: null prototype] {
        vary: 'Origin',
        'access-control-allow-origin': 'http://localhost:8080',
        'access-control-allow-credentials': 'true',
        'access-control-expose-headers': 'WWW-Authenticate,Server-Authorization',
        'content-type': 'application/json; charset=utf-8' },
     body: { data: [Object] } } }
[2019-12-25T15:30:47.665] [INFO] response - { method: 'GET',
  url: '/api/users/gettime',
  body: {},
  costTime: 14,
  response:
   { status: 200,
     message: 'OK',
     header:
      [Object: null prototype] {
        vary: 'Origin',
        'access-control-allow-origin': 'http://localhost:8080',
        'access-control-allow-credentials': 'true',
        'access-control-expose-headers': 'WWW-Authenticate,Server-Authorization',
        'content-type': 'application/json; charset=utf-8' },
     body: { data: [Object] } } }
[2019-12-25T15:30:52.125] [INFO] response - { method: 'GET',
  url: '/api/users/userinfo',
  body: {},
  costTime: 9,
  response:
   { status: 200,
     message: 'OK',
     header:
      [Object: null prototype] {
        vary: 'Origin',
        'access-control-allow-origin': 'http://localhost:8080',
        'access-control-allow-credentials': 'true',
        'access-control-expose-headers': 'WWW-Authenticate,Server-Authorization',
        'content-type': 'application/json; charset=utf-8' },
     body: { data: [Object] } } }
[2019-12-25T15:30:52.130] [INFO] response - { method: 'GET',
  url: '/api/users/timeinfo',
  body: {},
  costTime: 13,
  response:
   { status: 200,
     message: 'OK',
     header:
      [Object: null prototype] {
        vary: 'Origin',
        'access-control-allow-origin': 'http://localhost:8080',
        'access-control-allow-credentials': 'true',
        'access-control-expose-headers': 'WWW-Authenticate,Server-Authorization',
        'content-type': 'application/json; charset=utf-8' },
     body: { data: [Object] } } }
[2019-12-25T15:31:01.076] [INFO] response - { method: 'GET',
  url: '/users/edit/1001',
  body: {},
  costTime: 36,
  response:
   { status: 200,
     message: 'OK',
     header:
      [Object: null prototype] {
        vary: 'Origin',
        'access-control-allow-origin': 'http://localhost:8080',
        'access-control-allow-credentials': 'true',
        'access-control-expose-headers': 'WWW-Authenticate,Server-Authorization',
        'content-type': 'text/html; charset=utf-8',
        'content-length': '786' },
     body:
      '<!DOCTYPE html>\r\n<html>\r\n  <head>\r\n    <title>个人日程编辑页面</title>\r\n    <link rel=\'stylesheet\' href=\'/stylesheets/style.css\' />\r\n  </head>\r\n  <body>\r\n    <h2>编辑你的日程</h2>\r\n\r\n  <form action="users/doedit" method="POST">\r\n\r\n  <!-- <input type="text" name="user_id" placeholder="输入id" />\r\n  <br/>\r\n  <br/> -->\r\n   6：00--10:00:<input type="text" name="time_one" value="123"/>\r\n   <br/>\r\n   <br/>\r\n\r\n   10:00--14:00:<input type="text" name="time_two" value="213"/>\r\n   <br/>\r\n   <br/>\r\n\r\n    14:00--18：00:<input type="text" name="time_three" value="123"/>\r\n    <br/>\r\n    <br/>\r\n\r\n    18:00--20：00:<input type="text" name="time_four" value="123"/>\r\n    <br/>\r\n    <br/>\r\n    \r\n    <input type="submit" value="提交" />\r\n\r\n  </form>\r\n    \r\n  </body>\r\n</html>' } }
[2019-12-25T15:31:16.434] [INFO] response - { method: 'GET',
  url: '/login',
  body: {},
  costTime: 3,
  response:
   { status: 200,
     message: 'OK',
     header:
      [Object: null prototype] {
        vary: 'Origin',
        'access-control-allow-origin': 'http://localhost:8080',
        'access-control-allow-credentials': 'true',
        'access-control-expose-headers': 'WWW-Authenticate,Server-Authorization',
        'content-type': 'text/html; charset=utf-8',
        'content-length': '1849' },
     body:
      '<!DOCTYPE html>\n<html>\n<head>\n    <link rel="stylesheet" href=\'/stylesheets/login.css\'>\n    <title>登陆</title>\n</head>\n<body>\n    <div class="header" id="head">\n      <div class="title">JOINt系统登陆</div>\n    </div>\n          \n    <div class="wrap" id="wrap">\n        <div class="logGet">\n                <!-- 头部提示信息 -->\n                <div class="logD logDtip">\n                    <p class="p1">登录</p>\n                </div>\n                <form action="/checkLogin" method="POST">\n                  <!-- 输入框 -->\n                  <div class="lgD">\n                      <input type="text" name="user_id"\n                          placeholder="输入id" />\n                  </div>\n                  <div class="lgD">\n                      <input type="password" name="password"\n                          placeholder="输入用户密码" />\n                  </div>\n                  <div class="logC">\n                      <button type="submit">登 录</button>\n                  </div>\n                  <!-- <div class="logC">\n                    <p>没有账号? <button href="/register">点击创建</button></p>\n                </div> -->\n                </form>\n            </div>\n      </div>\n      <div class="footer" id="foot">\n        <div class="copyright">\n          <p>Copyright © 2019 huaruan.com Inc. All Rights Reserved.</p>\n          <div class="img">\n              <i class="icon"></i><span>联系邮箱：123123@sise.com</span>\n          </div>\n          \n          <div class="img">\n              <i class="icon1"></i><span>联系地址：广州大学华软软件学院</span>\n          </div>\n            \n          <div class="img">\n            <i class="icon2"></i><span>联系电话：12345678</span>\n          </div>\n       \n       \n        </div>\n          \n      </div>\n</body>\n</html>' } }
[2019-12-25T15:31:22.169] [INFO] response - { method: 'POST',
  url: '/checkLogin',
  body: { user_id: '1001', password: '123456' },
  costTime: 10,
  response:
   { status: 302,
     message: 'Found',
     header:
      [Object: null prototype] {
        vary: 'Origin',
        'access-control-allow-origin': 'http://localhost:8080',
        'access-control-allow-credentials': 'true',
        'access-control-expose-headers': 'WWW-Authenticate,Server-Authorization',
        location: '/index',
        'content-type': 'text/html; charset=utf-8',
        'content-length': '43' },
     body: 'Redirecting to <a href="/index">/index</a>.' } }
[2019-12-25T15:31:22.185] [INFO] response - { method: 'GET',
  url: '/index',
  body: {},
  costTime: 5,
  response:
   { status: 200,
     message: 'OK',
     header:
      [Object: null prototype] {
        vary: 'Origin',
        'access-control-allow-origin': 'http://localhost:8080',
        'access-control-allow-credentials': 'true',
        'access-control-expose-headers': 'WWW-Authenticate,Server-Authorization',
        'content-type': 'text/html; charset=utf-8',
        'content-length': '333' },
     body:
      '<!DOCTYPE html>\n<html>\n  <head>\n    <title>JOINT</title>\n    <link rel=\'stylesheet\' href=\'/stylesheets/style.css\' />\n  </head>\n  <body>\n    <h1>JOINT</h1>\n    <p>Welcome to JOINT</p>\n    <p><a href="/logout">注销</a></p>\n    <p>用户名：zhangliu</p>\n    <p><a href="/users/userInfo">用户详情页</a></p>   \n  </body>\n</html>\n' } }
[2019-12-25T15:31:23.331] [INFO] response - { method: 'GET',
  url: '/users/userInfo',
  body: {},
  costTime: 6,
  response:
   { status: 200,
     message: 'OK',
     header:
      [Object: null prototype] {
        vary: 'Origin',
        'access-control-allow-origin': 'http://localhost:8080',
        'access-control-allow-credentials': 'true',
        'access-control-expose-headers': 'WWW-Authenticate,Server-Authorization',
        'content-type': 'text/html; charset=utf-8',
        'content-length': '1204' },
     body:
      '<!DOCTYPE html>\n<html>\n  <head>\n    <title>用户日程页面</title>\n    <link rel=\'stylesheet\' href=\'/stylesheets/style.css\' />\n  </head>\n  <body>\n    <h1>欢迎回来</h1>\n    <a href="add">添加日程</a>\n    <a href="myself">查看你的日程</a>\n\n    <table class="table">\n         \n        <tr>\n          <th>ID</th>\n          <th>6：00--10:00</th>\n          <th>10:00--14:00</th>\n          <th>14:00--18：00</th>\n          <th>18:00--20：00</th>\n          <th>不看他的</th>\n        </tr>\n        \n        <tr>\n          <td>1001</td>\n          <td>123</td>\n          <td>213</td>\n          <td>123</td>\n          <td>123</td>\n          <td><a href="/users/delect/1001">x</a></td>\n        </tr>\n          \n        <tr>\n          <td>1002</td>\n          <td>睡觉</td>\n          <td>吃饭</td>\n          <td>吃饭</td>\n          <td>玩游戏</td>\n          <td><a href="/users/delect/1002">x</a></td>\n        </tr>\n          \n        <tr>\n          <td>1003</td>\n          <td>睡觉</td>\n          <td>喝水</td>\n          <td>玩游戏</td>\n          <td>合会</td>\n          <td><a href="/users/delect/1003">x</a></td>\n        </tr>\n          \n  \n      </table>\n  </body>\n</html>\n' } }
[2019-12-25T15:31:24.314] [INFO] response - { method: 'GET',
  url: '/users/myself',
  body: {},
  costTime: 18,
  response:
   { status: 200,
     message: 'OK',
     header:
      [Object: null prototype] {
        vary: 'Origin',
        'access-control-allow-origin': 'http://localhost:8080',
        'access-control-allow-credentials': 'true',
        'access-control-expose-headers': 'WWW-Authenticate,Server-Authorization',
        'content-type': 'text/html; charset=utf-8',
        'content-length': '676' },
     body:
      '<!DOCTYPE html>\r\n<html>\r\n  <head>\r\n    <title>个人日程页面</title>\r\n    <link rel=\'stylesheet\' href=\'/stylesheets/style.css\' />\r\n  </head>\r\n  <body>\r\n    <h1>你的日程</h1>\r\n    <table class="table">\r\n         \r\n        <tr>\r\n          <th>ID</th>\r\n          <th>6：00--10:00</th>\r\n          <th>10:00--14:00</th>\r\n          <th>14:00--18：00</th>\r\n          <th>18:00--20：00</th>\r\n        </tr>\r\n        \r\n        <tr>\r\n          <td>1001</td>\r\n          <td>123</td>\r\n          <td>213</td>\r\n          <td>123</td>\r\n          <td>123</td>\r\n          <td><a href="/users/edit/1001">编辑</a></td>\r\n        </tr>\r\n        \r\n      </table>\r\n\r\n  </body>\r\n</html>\r\n' } }
[2019-12-25T15:31:25.995] [INFO] response - { method: 'GET',
  url: '/users/edit/1001',
  body: {},
  costTime: 5,
  response:
   { status: 200,
     message: 'OK',
     header:
      [Object: null prototype] {
        vary: 'Origin',
        'access-control-allow-origin': 'http://localhost:8080',
        'access-control-allow-credentials': 'true',
        'access-control-expose-headers': 'WWW-Authenticate,Server-Authorization',
        'content-type': 'text/html; charset=utf-8',
        'content-length': '786' },
     body:
      '<!DOCTYPE html>\r\n<html>\r\n  <head>\r\n    <title>个人日程编辑页面</title>\r\n    <link rel=\'stylesheet\' href=\'/stylesheets/style.css\' />\r\n  </head>\r\n  <body>\r\n    <h2>编辑你的日程</h2>\r\n\r\n  <form action="users/doedit" method="POST">\r\n\r\n  <!-- <input type="text" name="user_id" placeholder="输入id" />\r\n  <br/>\r\n  <br/> -->\r\n   6：00--10:00:<input type="text" name="time_one" value="123"/>\r\n   <br/>\r\n   <br/>\r\n\r\n   10:00--14:00:<input type="text" name="time_two" value="213"/>\r\n   <br/>\r\n   <br/>\r\n\r\n    14:00--18：00:<input type="text" name="time_three" value="123"/>\r\n    <br/>\r\n    <br/>\r\n\r\n    18:00--20：00:<input type="text" name="time_four" value="123"/>\r\n    <br/>\r\n    <br/>\r\n    \r\n    <input type="submit" value="提交" />\r\n\r\n  </form>\r\n    \r\n  </body>\r\n</html>' } }
[2019-12-25T15:31:42.470] [INFO] response - { method: 'POST',
  url: '/users/edit/users/doedit',
  body:
   { time_one: '吃饭',
     time_two: '睡觉',
     time_three: '睡觉',
     time_four: '吃饭' },
  costTime: 2,
  response:
   { status: 302,
     message: 'Found',
     header:
      [Object: null prototype] {
        vary: 'Origin',
        'access-control-allow-origin': 'http://localhost:8080',
        'access-control-allow-credentials': 'true',
        'access-control-expose-headers': 'WWW-Authenticate,Server-Authorization',
        location: '/users/userInfo',
        'content-type': 'text/html; charset=utf-8',
        'content-length': '61' },
     body:
      'Redirecting to <a href="/users/userInfo">/users/userInfo</a>.' } }
[2019-12-25T15:31:42.486] [INFO] response - { method: 'GET',
  url: '/users/userInfo',
  body: {},
  costTime: 7,
  response:
   { status: 200,
     message: 'OK',
     header:
      [Object: null prototype] {
        vary: 'Origin',
        'access-control-allow-origin': 'http://localhost:8080',
        'access-control-allow-credentials': 'true',
        'access-control-expose-headers': 'WWW-Authenticate,Server-Authorization',
        'content-type': 'text/html; charset=utf-8',
        'content-length': '1216' },
     body:
      '<!DOCTYPE html>\n<html>\n  <head>\n    <title>用户日程页面</title>\n    <link rel=\'stylesheet\' href=\'/stylesheets/style.css\' />\n  </head>\n  <body>\n    <h1>欢迎回来</h1>\n    <a href="add">添加日程</a>\n    <a href="myself">查看你的日程</a>\n\n    <table class="table">\n         \n        <tr>\n          <th>ID</th>\n          <th>6：00--10:00</th>\n          <th>10:00--14:00</th>\n          <th>14:00--18：00</th>\n          <th>18:00--20：00</th>\n          <th>不看他的</th>\n        </tr>\n        \n        <tr>\n          <td>1001</td>\n          <td>吃饭</td>\n          <td>睡觉</td>\n          <td>睡觉</td>\n          <td>吃饭</td>\n          <td><a href="/users/delect/1001">x</a></td>\n        </tr>\n          \n        <tr>\n          <td>1002</td>\n          <td>睡觉</td>\n          <td>吃饭</td>\n          <td>吃饭</td>\n          <td>玩游戏</td>\n          <td><a href="/users/delect/1002">x</a></td>\n        </tr>\n          \n        <tr>\n          <td>1003</td>\n          <td>睡觉</td>\n          <td>喝水</td>\n          <td>玩游戏</td>\n          <td>合会</td>\n          <td><a href="/users/delect/1003">x</a></td>\n        </tr>\n          \n  \n      </table>\n  </body>\n</html>\n' } }
[2019-12-25T15:31:49.796] [INFO] response - { method: 'GET',
  url: '/users/delect/1001',
  body: {},
  costTime: 2,
  response:
   { status: 302,
     message: 'Found',
     header:
      [Object: null prototype] {
        vary: 'Origin',
        'access-control-allow-origin': 'http://localhost:8080',
        'access-control-allow-credentials': 'true',
        'access-control-expose-headers': 'WWW-Authenticate,Server-Authorization',
        location: '/users/userInfo',
        'content-type': 'text/html; charset=utf-8',
        'content-length': '61' },
     body:
      'Redirecting to <a href="/users/userInfo">/users/userInfo</a>.' } }
[2019-12-25T15:31:49.806] [INFO] response - { method: 'GET',
  url: '/users/userInfo',
  body: {},
  costTime: 3,
  response:
   { status: 200,
     message: 'OK',
     header:
      [Object: null prototype] {
        vary: 'Origin',
        'access-control-allow-origin': 'http://localhost:8080',
        'access-control-allow-credentials': 'true',
        'access-control-expose-headers': 'WWW-Authenticate,Server-Authorization',
        'content-type': 'text/html; charset=utf-8',
        'content-length': '996' },
     body:
      '<!DOCTYPE html>\n<html>\n  <head>\n    <title>用户日程页面</title>\n    <link rel=\'stylesheet\' href=\'/stylesheets/style.css\' />\n  </head>\n  <body>\n    <h1>欢迎回来</h1>\n    <a href="add">添加日程</a>\n    <a href="myself">查看你的日程</a>\n\n    <table class="table">\n         \n        <tr>\n          <th>ID</th>\n          <th>6：00--10:00</th>\n          <th>10:00--14:00</th>\n          <th>14:00--18：00</th>\n          <th>18:00--20：00</th>\n          <th>不看他的</th>\n        </tr>\n        \n        <tr>\n          <td>1002</td>\n          <td>睡觉</td>\n          <td>吃饭</td>\n          <td>吃饭</td>\n          <td>玩游戏</td>\n          <td><a href="/users/delect/1002">x</a></td>\n        </tr>\n          \n        <tr>\n          <td>1003</td>\n          <td>睡觉</td>\n          <td>喝水</td>\n          <td>玩游戏</td>\n          <td>合会</td>\n          <td><a href="/users/delect/1003">x</a></td>\n        </tr>\n          \n  \n      </table>\n  </body>\n</html>\n' } }
[2019-12-25T15:31:54.788] [INFO] response - { method: 'GET',
  url: '/users/myself',
  body: {},
  costTime: 6,
  response:
   { status: 200,
     message: 'OK',
     header:
      [Object: null prototype] {
        vary: 'Origin',
        'access-control-allow-origin': 'http://localhost:8080',
        'access-control-allow-credentials': 'true',
        'access-control-expose-headers': 'WWW-Authenticate,Server-Authorization',
        'content-type': 'text/html; charset=utf-8',
        'content-length': '458' },
     body:
      '<!DOCTYPE html>\r\n<html>\r\n  <head>\r\n    <title>个人日程页面</title>\r\n    <link rel=\'stylesheet\' href=\'/stylesheets/style.css\' />\r\n  </head>\r\n  <body>\r\n    <h1>你的日程</h1>\r\n    <table class="table">\r\n         \r\n        <tr>\r\n          <th>ID</th>\r\n          <th>6：00--10:00</th>\r\n          <th>10:00--14:00</th>\r\n          <th>14:00--18：00</th>\r\n          <th>18:00--20：00</th>\r\n        </tr>\r\n        \r\n      </table>\r\n\r\n  </body>\r\n</html>\r\n' } }
[2019-12-25T15:31:57.753] [INFO] response - { method: 'GET',
  url: '/users/add',
  body: {},
  costTime: 14,
  response:
   { status: 200,
     message: 'OK',
     header:
      [Object: null prototype] {
        vary: 'Origin',
        'access-control-allow-origin': 'http://localhost:8080',
        'access-control-allow-credentials': 'true',
        'access-control-expose-headers': 'WWW-Authenticate,Server-Authorization',
        'content-type': 'text/html; charset=utf-8',
        'content-length': '741' },
     body:
      '<!DOCTYPE html>\r\n<html>\r\n  <head>\r\n    <title>个人日程编辑页面</title>\r\n    <link rel=\'stylesheet\' href=\'/stylesheets/style.css\' />\r\n  </head>\r\n  <body>\r\n    <h2>添加你的日程</h2>\r\n\r\n  <form action="users/add" method="POST">\r\n\r\n  <!-- <input type="text" name="user_id" placeholder="输入id" />\r\n  <br/>\r\n  <br/> -->\r\n   6：00--10:00:<input type="text" name="time_one" />\r\n   <br/>\r\n   <br/>\r\n\r\n   10:00--14:00:<input type="text" name="time_two" />\r\n   <br/>\r\n   <br/>\r\n\r\n    14:00--18：00:<input type="text" name="time_three" />\r\n    <br/>\r\n    <br/>\r\n\r\n    18:00--20：00:<input type="text" name="time_four" />\r\n    <br/>\r\n    <br/>\r\n    \r\n    <input type="submit" value="提交" />\r\n\r\n  </form>\r\n    \r\n  </body>\r\n</html>\r\n' } }
[2019-12-25T15:37:51.842] [INFO] response - { method: 'GET',
  url: '/api/users/userinfo',
  body: {},
  costTime: 13,
  response:
   { status: 200,
     message: 'OK',
     header:
      [Object: null prototype] {
        vary: 'Origin',
        'access-control-allow-origin': 'http://localhost:8080',
        'access-control-allow-credentials': 'true',
        'access-control-expose-headers': 'WWW-Authenticate,Server-Authorization',
        'content-type': 'application/json; charset=utf-8' },
     body: { data: [Object] } } }
[2019-12-25T15:37:51.847] [INFO] response - { method: 'GET',
  url: '/api/users/timeinfo',
  body: {},
  costTime: 15,
  response:
   { status: 200,
     message: 'OK',
     header:
      [Object: null prototype] {
        vary: 'Origin',
        'access-control-allow-origin': 'http://localhost:8080',
        'access-control-allow-credentials': 'true',
        'access-control-expose-headers': 'WWW-Authenticate,Server-Authorization',
        'content-type': 'application/json; charset=utf-8' },
     body: { data: [Object] } } }
[2019-12-25T15:37:52.082] [INFO] response - { method: 'GET',
  url: '/api/users/gettime',
  body: {},
  costTime: 10,
  response:
   { status: 200,
     message: 'OK',
     header:
      [Object: null prototype] {
        vary: 'Origin',
        'access-control-allow-origin': 'http://localhost:8080',
        'access-control-allow-credentials': 'true',
        'access-control-expose-headers': 'WWW-Authenticate,Server-Authorization',
        'content-type': 'application/json; charset=utf-8' },
     body: { data: [Object] } } }
[2019-12-25T15:37:52.803] [INFO] response - { method: 'GET',
  url: '/api/users/userinfo',
  body: {},
  costTime: 7,
  response:
   { status: 200,
     message: 'OK',
     header:
      [Object: null prototype] {
        vary: 'Origin',
        'access-control-allow-origin': 'http://localhost:8080',
        'access-control-allow-credentials': 'true',
        'access-control-expose-headers': 'WWW-Authenticate,Server-Authorization',
        'content-type': 'application/json; charset=utf-8' },
     body: { data: [Object] } } }
[2019-12-25T15:37:52.814] [INFO] response - { method: 'GET',
  url: '/api/users/timeinfo',
  body: {},
  costTime: 16,
  response:
   { status: 200,
     message: 'OK',
     header:
      [Object: null prototype] {
        vary: 'Origin',
        'access-control-allow-origin': 'http://localhost:8080',
        'access-control-allow-credentials': 'true',
        'access-control-expose-headers': 'WWW-Authenticate,Server-Authorization',
        'content-type': 'application/json; charset=utf-8' },
     body: { data: [Object] } } }
[2019-12-25T15:37:53.752] [INFO] response - { method: 'GET',
  url: '/api/users/userinfo',
  body: {},
  costTime: 11,
  response:
   { status: 200,
     message: 'OK',
     header:
      [Object: null prototype] {
        vary: 'Origin',
        'access-control-allow-origin': 'http://localhost:8080',
        'access-control-allow-credentials': 'true',
        'access-control-expose-headers': 'WWW-Authenticate,Server-Authorization',
        'content-type': 'application/json; charset=utf-8' },
     body: { data: [Object] } } }
[2019-12-25T15:37:53.759] [INFO] response - { method: 'GET',
  url: '/api/users/timeinfo',
  body: {},
  costTime: 15,
  response:
   { status: 200,
     message: 'OK',
     header:
      [Object: null prototype] {
        vary: 'Origin',
        'access-control-allow-origin': 'http://localhost:8080',
        'access-control-allow-credentials': 'true',
        'access-control-expose-headers': 'WWW-Authenticate,Server-Authorization',
        'content-type': 'application/json; charset=utf-8' },
     body: { data: [Object] } } }
[2019-12-25T15:37:54.008] [INFO] response - { method: 'GET',
  url: '/api/users/gettime',
  body: {},
  costTime: 17,
  response:
   { status: 200,
     message: 'OK',
     header:
      [Object: null prototype] {
        vary: 'Origin',
        'access-control-allow-origin': 'http://localhost:8080',
        'access-control-allow-credentials': 'true',
        'access-control-expose-headers': 'WWW-Authenticate,Server-Authorization',
        'content-type': 'application/json; charset=utf-8' },
     body: { data: [Object] } } }
[2019-12-25T15:38:06.785] [INFO] response - { method: 'GET',
  url: '/api/users/userinfo',
  body: {},
  costTime: 20,
  response:
   { status: 200,
     message: 'OK',
     header:
      [Object: null prototype] {
        vary: 'Origin',
        'access-control-allow-origin': 'http://localhost:8080',
        'access-control-allow-credentials': 'true',
        'access-control-expose-headers': 'WWW-Authenticate,Server-Authorization',
        'content-type': 'application/json; charset=utf-8' },
     body: { data: [Object] } } }
[2019-12-25T15:38:06.789] [INFO] response - { method: 'GET',
  url: '/api/users/timeinfo',
  body: {},
  costTime: 22,
  response:
   { status: 200,
     message: 'OK',
     header:
      [Object: null prototype] {
        vary: 'Origin',
        'access-control-allow-origin': 'http://localhost:8080',
        'access-control-allow-credentials': 'true',
        'access-control-expose-headers': 'WWW-Authenticate,Server-Authorization',
        'content-type': 'application/json; charset=utf-8' },
     body: { data: [Object] } } }
[2019-12-25T15:38:11.090] [INFO] response - { method: 'GET',
  url: '/api/users/userinfo',
  body: {},
  costTime: 6,
  response:
   { status: 200,
     message: 'OK',
     header:
      [Object: null prototype] {
        vary: 'Origin',
        'access-control-allow-origin': 'http://localhost:8080',
        'access-control-allow-credentials': 'true',
        'access-control-expose-headers': 'WWW-Authenticate,Server-Authorization',
        'content-type': 'application/json; charset=utf-8' },
     body: { data: [Object] } } }
[2019-12-25T15:38:11.391] [INFO] response - { method: 'GET',
  url: '/api/users/timeinfo',
  body: {},
  costTime: 8,
  response:
   { status: 200,
     message: 'OK',
     header:
      [Object: null prototype] {
        vary: 'Origin',
        'access-control-allow-origin': 'http://localhost:8080',
        'access-control-allow-credentials': 'true',
        'access-control-expose-headers': 'WWW-Authenticate,Server-Authorization',
        'content-type': 'application/json; charset=utf-8' },
     body: { data: [Object] } } }
[2019-12-25T15:38:11.430] [INFO] response - { method: 'GET',
  url: '/api/users/gettime',
  body: {},
  costTime: 8,
  response:
   { status: 200,
     message: 'OK',
     header:
      [Object: null prototype] {
        vary: 'Origin',
        'access-control-allow-origin': 'http://localhost:8080',
        'access-control-allow-credentials': 'true',
        'access-control-expose-headers': 'WWW-Authenticate,Server-Authorization',
        'content-type': 'application/json; charset=utf-8' },
     body: { data: [Object] } } }
[2019-12-25T15:38:12.488] [INFO] response - { method: 'GET',
  url: '/api/users/userinfo',
  body: {},
  costTime: 8,
  response:
   { status: 200,
     message: 'OK',
     header:
      [Object: null prototype] {
        vary: 'Origin',
        'access-control-allow-origin': 'http://localhost:8080',
        'access-control-allow-credentials': 'true',
        'access-control-expose-headers': 'WWW-Authenticate,Server-Authorization',
        'content-type': 'application/json; charset=utf-8' },
     body: { data: [Object] } } }
[2019-12-25T15:38:12.493] [INFO] response - { method: 'GET',
  url: '/api/users/timeinfo',
  body: {},
  costTime: 11,
  response:
   { status: 200,
     message: 'OK',
     header:
      [Object: null prototype] {
        vary: 'Origin',
        'access-control-allow-origin': 'http://localhost:8080',
        'access-control-allow-credentials': 'true',
        'access-control-expose-headers': 'WWW-Authenticate,Server-Authorization',
        'content-type': 'application/json; charset=utf-8' },
     body: { data: [Object] } } }
[2019-12-25T15:38:24.681] [INFO] response - { method: 'GET',
  url: '/api/users/userinfo',
  body: {},
  costTime: 32,
  response:
   { status: 200,
     message: 'OK',
     header:
      [Object: null prototype] {
        vary: 'Origin',
        'access-control-allow-origin': 'http://localhost:8080',
        'access-control-allow-credentials': 'true',
        'access-control-expose-headers': 'WWW-Authenticate,Server-Authorization',
        'content-type': 'application/json; charset=utf-8' },
     body: { data: [Object] } } }
[2019-12-25T15:38:24.686] [INFO] response - { method: 'GET',
  url: '/api/users/timeinfo',
  body: {},
  costTime: 15,
  response:
   { status: 200,
     message: 'OK',
     header:
      [Object: null prototype] {
        vary: 'Origin',
        'access-control-allow-origin': 'http://localhost:8080',
        'access-control-allow-credentials': 'true',
        'access-control-expose-headers': 'WWW-Authenticate,Server-Authorization',
        'content-type': 'application/json; charset=utf-8' },
     body: { data: [Object] } } }
[2019-12-25T15:38:24.898] [INFO] response - { method: 'GET',
  url: '/api/users/gettime',
  body: {},
  costTime: 9,
  response:
   { status: 200,
     message: 'OK',
     header:
      [Object: null prototype] {
        vary: 'Origin',
        'access-control-allow-origin': 'http://localhost:8080',
        'access-control-allow-credentials': 'true',
        'access-control-expose-headers': 'WWW-Authenticate,Server-Authorization',
        'content-type': 'application/json; charset=utf-8' },
     body: { data: [Object] } } }
[2019-12-25T15:45:03.070] [INFO] response - { method: 'GET',
  url: '/api/users/userinfo',
  body: {},
  costTime: 10,
  response:
   { status: 200,
     message: 'OK',
     header:
      [Object: null prototype] {
        vary: 'Origin',
        'access-control-allow-origin': 'http://localhost:8080',
        'access-control-allow-credentials': 'true',
        'access-control-expose-headers': 'WWW-Authenticate,Server-Authorization',
        'content-type': 'application/json; charset=utf-8' },
     body: { data: [Object] } } }
[2019-12-25T15:45:03.075] [INFO] response - { method: 'GET',
  url: '/api/users/timeinfo',
  body: {},
  costTime: 13,
  response:
   { status: 200,
     message: 'OK',
     header:
      [Object: null prototype] {
        vary: 'Origin',
        'access-control-allow-origin': 'http://localhost:8080',
        'access-control-allow-credentials': 'true',
        'access-control-expose-headers': 'WWW-Authenticate,Server-Authorization',
        'content-type': 'application/json; charset=utf-8' },
     body: { data: [Object] } } }
[2019-12-25T15:45:05.892] [INFO] response - { method: 'GET',
  url: '/api/users/userinfo',
  body: {},
  costTime: 15,
  response:
   { status: 200,
     message: 'OK',
     header:
      [Object: null prototype] {
        vary: 'Origin',
        'access-control-allow-origin': 'http://localhost:8080',
        'access-control-allow-credentials': 'true',
        'access-control-expose-headers': 'WWW-Authenticate,Server-Authorization',
        'content-type': 'application/json; charset=utf-8' },
     body: { data: [Object] } } }
[2019-12-25T15:45:06.203] [INFO] response - { method: 'GET',
  url: '/api/users/timeinfo',
  body: {},
  costTime: 19,
  response:
   { status: 200,
     message: 'OK',
     header:
      [Object: null prototype] {
        vary: 'Origin',
        'access-control-allow-origin': 'http://localhost:8080',
        'access-control-allow-credentials': 'true',
        'access-control-expose-headers': 'WWW-Authenticate,Server-Authorization',
        'content-type': 'application/json; charset=utf-8' },
     body: { data: [Object] } } }
