[2020-06-08T21:39:17.070] [INFO] response - { method: 'GET',
  url: '/api/users/userinfo',
  body: {},
  costTime: 11,
  response:
   { status: 401,
     message: 'Unauthorized',
     header:
      [Object: null prototype] {
        vary: 'Origin',
        'access-control-allow-origin': 'http://localhost:8080',
        'access-control-allow-credentials': 'true',
        'access-control-expose-headers': 'WWW-Authenticate,Server-Authorization',
        'content-type': 'text/plain; charset=utf-8',
        'content-length': '12' },
     body: 'Unauthorized' } }
[2020-06-08T21:39:17.080] [INFO] response - { method: 'GET',
  url: '/api/users/userinfo',
  body: {},
  costTime: 3,
  response:
   { status: 401,
     message: 'Unauthorized',
     header:
      [Object: null prototype] {
        vary: 'Origin',
        'access-control-allow-origin': 'http://localhost:8080',
        'access-control-allow-credentials': 'true',
        'access-control-expose-headers': 'WWW-Authenticate,Server-Authorization',
        'content-type': 'text/plain; charset=utf-8',
        'content-length': '12' },
     body: 'Unauthorized' } }
[2020-06-08T21:39:40.231] [INFO] response - { method: 'POST',
  url: '/api/users/postlogin',
  body: { account: '1001', password: '123456' },
  costTime: 25,
  response:
   { status: 200,
     message: 'OK',
     header:
      [Object: null prototype] {
        vary: 'Origin',
        'access-control-allow-origin': 'http://localhost:8080',
        'access-control-allow-credentials': 'true',
        'access-control-expose-headers': 'WWW-Authenticate,Server-Authorization',
        'content-type': 'application/json; charset=utf-8' },
     body: { code: 1, data: [Object] } } }
[2020-06-08T21:39:40.255] [INFO] response - { method: 'GET',
  url: '/api/users/userinfo',
  body: {},
  costTime: 11,
  response:
   { status: 200,
     message: 'OK',
     header:
      [Object: null prototype] {
        vary: 'Origin',
        'access-control-allow-origin': 'http://localhost:8080',
        'access-control-allow-credentials': 'true',
        'access-control-expose-headers': 'WWW-Authenticate,Server-Authorization',
        'content-type': 'application/json; charset=utf-8' },
     body: { data: [Object] } } }
[2020-06-08T21:39:40.466] [INFO] response - { method: 'GET',
  url: '/api/announces/announceinfo',
  body: {},
  costTime: 13,
  response:
   { status: 200,
     message: 'OK',
     header:
      [Object: null prototype] {
        vary: 'Origin',
        'access-control-allow-origin': 'http://localhost:8080',
        'access-control-allow-credentials': 'true',
        'access-control-expose-headers': 'WWW-Authenticate,Server-Authorization',
        'content-type': 'application/json; charset=utf-8' },
     body: { data: [Array] } } }
[2020-06-08T21:39:42.394] [INFO] response - { method: 'GET',
  url: '/api/users/userinfo',
  body: {},
  costTime: 8,
  response:
   { status: 200,
     message: 'OK',
     header:
      [Object: null prototype] {
        vary: 'Origin',
        'access-control-allow-origin': 'http://localhost:8080',
        'access-control-allow-credentials': 'true',
        'access-control-expose-headers': 'WWW-Authenticate,Server-Authorization',
        'content-type': 'application/json; charset=utf-8' },
     body: { data: [Object] } } }
[2020-06-08T21:39:42.573] [INFO] response - { method: 'GET',
  url: '/api/announces/getOneAnnounce?id=4',
  body: {},
  costTime: 11,
  response:
   { status: 200,
     message: 'OK',
     header:
      [Object: null prototype] {
        vary: 'Origin',
        'access-control-allow-origin': 'http://localhost:8080',
        'access-control-allow-credentials': 'true',
        'access-control-expose-headers': 'WWW-Authenticate,Server-Authorization',
        'content-type': 'application/json; charset=utf-8' },
     body: { data: [announce] } } }
[2020-06-08T21:39:45.539] [INFO] response - { method: 'GET',
  url: '/api/users/userinfo',
  body: {},
  costTime: 7,
  response:
   { status: 200,
     message: 'OK',
     header:
      [Object: null prototype] {
        vary: 'Origin',
        'access-control-allow-origin': 'http://localhost:8080',
        'access-control-allow-credentials': 'true',
        'access-control-expose-headers': 'WWW-Authenticate,Server-Authorization',
        'content-type': 'application/json; charset=utf-8' },
     body: { data: [Object] } } }
[2020-06-08T21:42:49.648] [INFO] response - { method: 'GET',
  url: '/api/users/userinfo',
  body: {},
  costTime: 10,
  response:
   { status: 200,
     message: 'OK',
     header:
      [Object: null prototype] {
        vary: 'Origin',
        'access-control-allow-origin': 'http://localhost:8080',
        'access-control-allow-credentials': 'true',
        'access-control-expose-headers': 'WWW-Authenticate,Server-Authorization',
        'content-type': 'application/json; charset=utf-8' },
     body: { data: [Object] } } }
[2020-06-08T21:42:52.335] [INFO] response - { method: 'GET',
  url: '/api/users/userinfo',
  body: {},
  costTime: 7,
  response:
   { status: 200,
     message: 'OK',
     header:
      [Object: null prototype] {
        vary: 'Origin',
        'access-control-allow-origin': 'http://localhost:8080',
        'access-control-allow-credentials': 'true',
        'access-control-expose-headers': 'WWW-Authenticate,Server-Authorization',
        'content-type': 'application/json; charset=utf-8' },
     body: { data: [Object] } } }
[2020-06-08T21:42:52.440] [INFO] response - { method: 'GET',
  url: '/api/announces/announceinfo',
  body: {},
  costTime: 12,
  response:
   { status: 200,
     message: 'OK',
     header:
      [Object: null prototype] {
        vary: 'Origin',
        'access-control-allow-origin': 'http://localhost:8080',
        'access-control-allow-credentials': 'true',
        'access-control-expose-headers': 'WWW-Authenticate,Server-Authorization',
        'content-type': 'application/json; charset=utf-8' },
     body: { data: [Array] } } }
[2020-06-08T21:42:54.098] [INFO] response - { method: 'GET',
  url: '/api/users/userinfo',
  body: {},
  costTime: 9,
  response:
   { status: 200,
     message: 'OK',
     header:
      [Object: null prototype] {
        vary: 'Origin',
        'access-control-allow-origin': 'http://localhost:8080',
        'access-control-allow-credentials': 'true',
        'access-control-expose-headers': 'WWW-Authenticate,Server-Authorization',
        'content-type': 'application/json; charset=utf-8' },
     body: { data: [Object] } } }
[2020-06-08T21:42:54.224] [INFO] response - { method: 'GET',
  url: '/api/announces/getOneAnnounce?id=4',
  body: {},
  costTime: 11,
  response:
   { status: 200,
     message: 'OK',
     header:
      [Object: null prototype] {
        vary: 'Origin',
        'access-control-allow-origin': 'http://localhost:8080',
        'access-control-allow-credentials': 'true',
        'access-control-expose-headers': 'WWW-Authenticate,Server-Authorization',
        'content-type': 'application/json; charset=utf-8' },
     body: { data: [announce] } } }
[2020-06-08T21:42:55.970] [INFO] response - { method: 'GET',
  url: '/api/users/userinfo',
  body: {},
  costTime: 7,
  response:
   { status: 200,
     message: 'OK',
     header:
      [Object: null prototype] {
        vary: 'Origin',
        'access-control-allow-origin': 'http://localhost:8080',
        'access-control-allow-credentials': 'true',
        'access-control-expose-headers': 'WWW-Authenticate,Server-Authorization',
        'content-type': 'application/json; charset=utf-8' },
     body: { data: [Object] } } }
[2020-06-08T21:44:31.756] [INFO] response - { method: 'GET',
  url: '/api/users/userinfo',
  body: {},
  costTime: 10,
  response:
   { status: 200,
     message: 'OK',
     header:
      [Object: null prototype] {
        vary: 'Origin',
        'access-control-allow-origin': 'http://localhost:8080',
        'access-control-allow-credentials': 'true',
        'access-control-expose-headers': 'WWW-Authenticate,Server-Authorization',
        'content-type': 'application/json; charset=utf-8' },
     body: { data: [Object] } } }
[2020-06-08T21:45:37.903] [INFO] response - { method: 'GET',
  url: '/api/users/userinfo',
  body: {},
  costTime: 13,
  response:
   { status: 200,
     message: 'OK',
     header:
      [Object: null prototype] {
        vary: 'Origin',
        'access-control-allow-origin': 'http://localhost:8080',
        'access-control-allow-credentials': 'true',
        'access-control-expose-headers': 'WWW-Authenticate,Server-Authorization',
        'content-type': 'application/json; charset=utf-8' },
     body: { data: [Object] } } }
[2020-06-08T21:50:32.185] [INFO] response - { method: 'GET',
  url: '/api/users/userinfo',
  body: {},
  costTime: 11,
  response:
   { status: 200,
     message: 'OK',
     header:
      [Object: null prototype] {
        vary: 'Origin',
        'access-control-allow-origin': 'http://localhost:8080',
        'access-control-allow-credentials': 'true',
        'access-control-expose-headers': 'WWW-Authenticate,Server-Authorization',
        'content-type': 'application/json; charset=utf-8' },
     body: { data: [Object] } } }
[2020-06-08T21:50:50.087] [INFO] response - { method: 'GET',
  url: '/api/users/userinfo',
  body: {},
  costTime: 14,
  response:
   { status: 200,
     message: 'OK',
     header:
      [Object: null prototype] {
        vary: 'Origin',
        'access-control-allow-origin': 'http://localhost:8080',
        'access-control-allow-credentials': 'true',
        'access-control-expose-headers': 'WWW-Authenticate,Server-Authorization',
        'content-type': 'application/json; charset=utf-8' },
     body: { data: [Object] } } }
[2020-06-08T21:53:28.341] [INFO] response - { method: 'GET',
  url: '/api/users/userinfo',
  body: {},
  costTime: 11,
  response:
   { status: 200,
     message: 'OK',
     header:
      [Object: null prototype] {
        vary: 'Origin',
        'access-control-allow-origin': 'http://localhost:8080',
        'access-control-allow-credentials': 'true',
        'access-control-expose-headers': 'WWW-Authenticate,Server-Authorization',
        'content-type': 'application/json; charset=utf-8' },
     body: { data: [Object] } } }
[2020-06-08T21:56:12.452] [INFO] response - { method: 'GET',
  url: '/api/users/userinfo',
  body: {},
  costTime: 15,
  response:
   { status: 200,
     message: 'OK',
     header:
      [Object: null prototype] {
        vary: 'Origin',
        'access-control-allow-origin': 'http://localhost:8080',
        'access-control-allow-credentials': 'true',
        'access-control-expose-headers': 'WWW-Authenticate,Server-Authorization',
        'content-type': 'application/json; charset=utf-8' },
     body: { data: [Object] } } }
[2020-06-08T21:56:53.443] [INFO] response - { method: 'GET',
  url: '/api/users/userinfo',
  body: {},
  costTime: 13,
  response:
   { status: 200,
     message: 'OK',
     header:
      [Object: null prototype] {
        vary: 'Origin',
        'access-control-allow-origin': 'http://localhost:8080',
        'access-control-allow-credentials': 'true',
        'access-control-expose-headers': 'WWW-Authenticate,Server-Authorization',
        'content-type': 'application/json; charset=utf-8' },
     body: { data: [Object] } } }
[2020-06-08T21:56:53.638] [INFO] response - { method: 'GET',
  url: '/api/announces/announceinfo',
  body: {},
  costTime: 14,
  response:
   { status: 200,
     message: 'OK',
     header:
      [Object: null prototype] {
        vary: 'Origin',
        'access-control-allow-origin': 'http://localhost:8080',
        'access-control-allow-credentials': 'true',
        'access-control-expose-headers': 'WWW-Authenticate,Server-Authorization',
        'content-type': 'application/json; charset=utf-8' },
     body: { data: [Array] } } }
[2020-06-08T21:56:56.612] [INFO] response - { method: 'GET',
  url: '/api/users/userinfo',
  body: {},
  costTime: 7,
  response:
   { status: 200,
     message: 'OK',
     header:
      [Object: null prototype] {
        vary: 'Origin',
        'access-control-allow-origin': 'http://localhost:8080',
        'access-control-allow-credentials': 'true',
        'access-control-expose-headers': 'WWW-Authenticate,Server-Authorization',
        'content-type': 'application/json; charset=utf-8' },
     body: { data: [Object] } } }
[2020-06-08T21:56:59.498] [INFO] response - { method: 'GET',
  url: '/api/users/userinfo',
  body: {},
  costTime: 5,
  response:
   { status: 200,
     message: 'OK',
     header:
      [Object: null prototype] {
        vary: 'Origin',
        'access-control-allow-origin': 'http://localhost:8080',
        'access-control-allow-credentials': 'true',
        'access-control-expose-headers': 'WWW-Authenticate,Server-Authorization',
        'content-type': 'application/json; charset=utf-8' },
     body: { data: [Object] } } }
[2020-06-08T21:58:07.914] [INFO] response - { method: 'GET',
  url: '/api/users/userinfo',
  body: {},
  costTime: 19,
  response:
   { status: 200,
     message: 'OK',
     header:
      [Object: null prototype] {
        vary: 'Origin',
        'access-control-allow-origin': 'http://localhost:8080',
        'access-control-allow-credentials': 'true',
        'access-control-expose-headers': 'WWW-Authenticate,Server-Authorization',
        'content-type': 'application/json; charset=utf-8' },
     body: { data: [Object] } } }
[2020-06-08T21:58:08.061] [INFO] response - { method: 'GET',
  url: '/api/announces/announceinfo',
  body: {},
  costTime: 10,
  response:
   { status: 200,
     message: 'OK',
     header:
      [Object: null prototype] {
        vary: 'Origin',
        'access-control-allow-origin': 'http://localhost:8080',
        'access-control-allow-credentials': 'true',
        'access-control-expose-headers': 'WWW-Authenticate,Server-Authorization',
        'content-type': 'application/json; charset=utf-8' },
     body: { data: [Array] } } }
[2020-06-08T21:58:08.717] [INFO] response - { method: 'GET',
  url: '/api/users/userinfo',
  body: {},
  costTime: 6,
  response:
   { status: 200,
     message: 'OK',
     header:
      [Object: null prototype] {
        vary: 'Origin',
        'access-control-allow-origin': 'http://localhost:8080',
        'access-control-allow-credentials': 'true',
        'access-control-expose-headers': 'WWW-Authenticate,Server-Authorization',
        'content-type': 'application/json; charset=utf-8' },
     body: { data: [Object] } } }
[2020-06-08T21:58:08.960] [INFO] response - { method: 'GET',
  url: '/api/announces/announceinfo',
  body: {},
  costTime: 13,
  response:
   { status: 200,
     message: 'OK',
     header:
      [Object: null prototype] {
        vary: 'Origin',
        'access-control-allow-origin': 'http://localhost:8080',
        'access-control-allow-credentials': 'true',
        'access-control-expose-headers': 'WWW-Authenticate,Server-Authorization',
        'content-type': 'application/json; charset=utf-8' },
     body: { data: [Array] } } }
[2020-06-08T21:58:09.348] [INFO] response - { method: 'GET',
  url: '/api/users/userinfo',
  body: {},
  costTime: 7,
  response:
   { status: 200,
     message: 'OK',
     header:
      [Object: null prototype] {
        vary: 'Origin',
        'access-control-allow-origin': 'http://localhost:8080',
        'access-control-allow-credentials': 'true',
        'access-control-expose-headers': 'WWW-Authenticate,Server-Authorization',
        'content-type': 'application/json; charset=utf-8' },
     body: { data: [Object] } } }
[2020-06-08T21:58:09.680] [INFO] response - { method: 'GET',
  url: '/api/users/userinfo',
  body: {},
  costTime: 15,
  response:
   { status: 200,
     message: 'OK',
     header:
      [Object: null prototype] {
        vary: 'Origin',
        'access-control-allow-origin': 'http://localhost:8080',
        'access-control-allow-credentials': 'true',
        'access-control-expose-headers': 'WWW-Authenticate,Server-Authorization',
        'content-type': 'application/json; charset=utf-8' },
     body: { data: [Object] } } }
[2020-06-08T21:58:09.883] [INFO] response - { method: 'GET',
  url: '/api/announces/announceinfo',
  body: {},
  costTime: 8,
  response:
   { status: 200,
     message: 'OK',
     header:
      [Object: null prototype] {
        vary: 'Origin',
        'access-control-allow-origin': 'http://localhost:8080',
        'access-control-allow-credentials': 'true',
        'access-control-expose-headers': 'WWW-Authenticate,Server-Authorization',
        'content-type': 'application/json; charset=utf-8' },
     body: { data: [Array] } } }
[2020-06-08T21:58:10.203] [INFO] response - { method: 'GET',
  url: '/api/users/userinfo',
  body: {},
  costTime: 7,
  response:
   { status: 200,
     message: 'OK',
     header:
      [Object: null prototype] {
        vary: 'Origin',
        'access-control-allow-origin': 'http://localhost:8080',
        'access-control-allow-credentials': 'true',
        'access-control-expose-headers': 'WWW-Authenticate,Server-Authorization',
        'content-type': 'application/json; charset=utf-8' },
     body: { data: [Object] } } }
[2020-06-08T21:58:10.450] [INFO] response - { method: 'GET',
  url: '/api/announces/announceinfo',
  body: {},
  costTime: 9,
  response:
   { status: 200,
     message: 'OK',
     header:
      [Object: null prototype] {
        vary: 'Origin',
        'access-control-allow-origin': 'http://localhost:8080',
        'access-control-allow-credentials': 'true',
        'access-control-expose-headers': 'WWW-Authenticate,Server-Authorization',
        'content-type': 'application/json; charset=utf-8' },
     body: { data: [Array] } } }
[2020-06-08T21:58:17.590] [INFO] response - { method: 'GET',
  url: '/api/users/userinfo',
  body: {},
  costTime: 9,
  response:
   { status: 200,
     message: 'OK',
     header:
      [Object: null prototype] {
        vary: 'Origin',
        'access-control-allow-origin': 'http://localhost:8080',
        'access-control-allow-credentials': 'true',
        'access-control-expose-headers': 'WWW-Authenticate,Server-Authorization',
        'content-type': 'application/json; charset=utf-8' },
     body: { data: [Object] } } }
[2020-06-08T21:58:17.747] [INFO] response - { method: 'GET',
  url: '/api/announces/announceinfo',
  body: {},
  costTime: 10,
  response:
   { status: 200,
     message: 'OK',
     header:
      [Object: null prototype] {
        vary: 'Origin',
        'access-control-allow-origin': 'http://localhost:8080',
        'access-control-allow-credentials': 'true',
        'access-control-expose-headers': 'WWW-Authenticate,Server-Authorization',
        'content-type': 'application/json; charset=utf-8' },
     body: { data: [Array] } } }
[2020-06-08T21:58:19.874] [INFO] response - { method: 'GET',
  url: '/api/users/userinfo',
  body: {},
  costTime: 6,
  response:
   { status: 200,
     message: 'OK',
     header:
      [Object: null prototype] {
        vary: 'Origin',
        'access-control-allow-origin': 'http://localhost:8080',
        'access-control-allow-credentials': 'true',
        'access-control-expose-headers': 'WWW-Authenticate,Server-Authorization',
        'content-type': 'application/json; charset=utf-8' },
     body: { data: [Object] } } }
[2020-06-08T21:58:22.530] [INFO] response - { method: 'GET',
  url: '/api/users/userinfo',
  body: {},
  costTime: 6,
  response:
   { status: 200,
     message: 'OK',
     header:
      [Object: null prototype] {
        vary: 'Origin',
        'access-control-allow-origin': 'http://localhost:8080',
        'access-control-allow-credentials': 'true',
        'access-control-expose-headers': 'WWW-Authenticate,Server-Authorization',
        'content-type': 'application/json; charset=utf-8' },
     body: { data: [Object] } } }
[2020-06-08T21:58:25.942] [INFO] response - { method: 'GET',
  url: '/api/users/userinfo',
  body: {},
  costTime: 8,
  response:
   { status: 200,
     message: 'OK',
     header:
      [Object: null prototype] {
        vary: 'Origin',
        'access-control-allow-origin': 'http://localhost:8080',
        'access-control-allow-credentials': 'true',
        'access-control-expose-headers': 'WWW-Authenticate,Server-Authorization',
        'content-type': 'application/json; charset=utf-8' },
     body: { data: [Object] } } }
[2020-06-08T21:58:28.301] [INFO] response - { method: 'GET',
  url: '/api/users/userinfo',
  body: {},
  costTime: 7,
  response:
   { status: 200,
     message: 'OK',
     header:
      [Object: null prototype] {
        vary: 'Origin',
        'access-control-allow-origin': 'http://localhost:8080',
        'access-control-allow-credentials': 'true',
        'access-control-expose-headers': 'WWW-Authenticate,Server-Authorization',
        'content-type': 'application/json; charset=utf-8' },
     body: { data: [Object] } } }
[2020-06-08T21:58:32.988] [INFO] response - { method: 'GET',
  url: '/api/users/userinfo',
  body: {},
  costTime: 9,
  response:
   { status: 200,
     message: 'OK',
     header:
      [Object: null prototype] {
        vary: 'Origin',
        'access-control-allow-origin': 'http://localhost:8080',
        'access-control-allow-credentials': 'true',
        'access-control-expose-headers': 'WWW-Authenticate,Server-Authorization',
        'content-type': 'application/json; charset=utf-8' },
     body: { data: [Object] } } }
[2020-06-08T21:58:35.995] [INFO] response - { method: 'GET',
  url: '/api/users/userinfo',
  body: {},
  costTime: 5,
  response:
   { status: 200,
     message: 'OK',
     header:
      [Object: null prototype] {
        vary: 'Origin',
        'access-control-allow-origin': 'http://localhost:8080',
        'access-control-allow-credentials': 'true',
        'access-control-expose-headers': 'WWW-Authenticate,Server-Authorization',
        'content-type': 'application/json; charset=utf-8' },
     body: { data: [Object] } } }
[2020-06-08T22:07:21.726] [INFO] response - { method: 'GET',
  url: '/api/users/userinfo',
  body: {},
  costTime: 11,
  response:
   { status: 200,
     message: 'OK',
     header:
      [Object: null prototype] {
        vary: 'Origin',
        'access-control-allow-origin': 'http://localhost:8080',
        'access-control-allow-credentials': 'true',
        'access-control-expose-headers': 'WWW-Authenticate,Server-Authorization',
        'content-type': 'application/json; charset=utf-8' },
     body: { data: [Object] } } }
[2020-06-08T22:07:41.283] [INFO] response - { method: 'GET',
  url: '/api/users/userinfo',
  body: {},
  costTime: 13,
  response:
   { status: 200,
     message: 'OK',
     header:
      [Object: null prototype] {
        vary: 'Origin',
        'access-control-allow-origin': 'http://localhost:8080',
        'access-control-allow-credentials': 'true',
        'access-control-expose-headers': 'WWW-Authenticate,Server-Authorization',
        'content-type': 'application/json; charset=utf-8' },
     body: { data: [Object] } } }
[2020-06-08T22:07:43.709] [INFO] response - { method: 'GET',
  url: '/api/users/userinfo',
  body: {},
  costTime: 7,
  response:
   { status: 200,
     message: 'OK',
     header:
      [Object: null prototype] {
        vary: 'Origin',
        'access-control-allow-origin': 'http://localhost:8080',
        'access-control-allow-credentials': 'true',
        'access-control-expose-headers': 'WWW-Authenticate,Server-Authorization',
        'content-type': 'application/json; charset=utf-8' },
     body: { data: [Object] } } }
[2020-06-08T22:19:07.950] [INFO] response - { method: 'GET',
  url: '/api/users/userinfo',
  body: {},
  costTime: 15,
  response:
   { status: 200,
     message: 'OK',
     header:
      [Object: null prototype] {
        vary: 'Origin',
        'access-control-allow-origin': 'http://localhost:8080',
        'access-control-allow-credentials': 'true',
        'access-control-expose-headers': 'WWW-Authenticate,Server-Authorization',
        'content-type': 'application/json; charset=utf-8' },
     body: { data: [Object] } } }
[2020-06-08T22:19:08.085] [INFO] response - { method: 'GET',
  url: '/api/announces/announceinfo',
  body: {},
  costTime: 10,
  response:
   { status: 200,
     message: 'OK',
     header:
      [Object: null prototype] {
        vary: 'Origin',
        'access-control-allow-origin': 'http://localhost:8080',
        'access-control-allow-credentials': 'true',
        'access-control-expose-headers': 'WWW-Authenticate,Server-Authorization',
        'content-type': 'application/json; charset=utf-8' },
     body: { data: [Array] } } }
[2020-06-08T22:19:15.594] [INFO] response - { method: 'GET',
  url: '/api/users/userinfo',
  body: {},
  costTime: 8,
  response:
   { status: 200,
     message: 'OK',
     header:
      [Object: null prototype] {
        vary: 'Origin',
        'access-control-allow-origin': 'http://localhost:8080',
        'access-control-allow-credentials': 'true',
        'access-control-expose-headers': 'WWW-Authenticate,Server-Authorization',
        'content-type': 'application/json; charset=utf-8' },
     body: { data: [Object] } } }
[2020-06-08T22:19:18.771] [INFO] response - { method: 'GET',
  url: '/api/users/userinfo',
  body: {},
  costTime: 7,
  response:
   { status: 200,
     message: 'OK',
     header:
      [Object: null prototype] {
        vary: 'Origin',
        'access-control-allow-origin': 'http://localhost:8080',
        'access-control-allow-credentials': 'true',
        'access-control-expose-headers': 'WWW-Authenticate,Server-Authorization',
        'content-type': 'application/json; charset=utf-8' },
     body: { data: [Object] } } }
[2020-06-08T22:29:46.786] [INFO] response - { method: 'GET',
  url: '/api/users/userinfo',
  body: {},
  costTime: 43,
  response:
   { status: 200,
     message: 'OK',
     header:
      [Object: null prototype] {
        vary: 'Origin',
        'access-control-allow-origin': 'http://localhost:8080',
        'access-control-allow-credentials': 'true',
        'access-control-expose-headers': 'WWW-Authenticate,Server-Authorization',
        'content-type': 'application/json; charset=utf-8' },
     body: { data: [Object] } } }
[2020-06-08T22:29:49.166] [INFO] response - { method: 'GET',
  url: '/api/users/userinfo',
  body: {},
  costTime: 16,
  response:
   { status: 200,
     message: 'OK',
     header:
      [Object: null prototype] {
        vary: 'Origin',
        'access-control-allow-origin': 'http://localhost:8080',
        'access-control-allow-credentials': 'true',
        'access-control-expose-headers': 'WWW-Authenticate,Server-Authorization',
        'content-type': 'application/json; charset=utf-8' },
     body: { data: [Object] } } }
[2020-06-08T22:29:49.306] [INFO] response - { method: 'GET',
  url: '/api/announces/announceinfo',
  body: {},
  costTime: 15,
  response:
   { status: 200,
     message: 'OK',
     header:
      [Object: null prototype] {
        vary: 'Origin',
        'access-control-allow-origin': 'http://localhost:8080',
        'access-control-allow-credentials': 'true',
        'access-control-expose-headers': 'WWW-Authenticate,Server-Authorization',
        'content-type': 'application/json; charset=utf-8' },
     body: { data: [Array] } } }
[2020-06-08T22:29:52.689] [INFO] response - { method: 'GET',
  url: '/api/users/userinfo',
  body: {},
  costTime: 7,
  response:
   { status: 200,
     message: 'OK',
     header:
      [Object: null prototype] {
        vary: 'Origin',
        'access-control-allow-origin': 'http://localhost:8080',
        'access-control-allow-credentials': 'true',
        'access-control-expose-headers': 'WWW-Authenticate,Server-Authorization',
        'content-type': 'application/json; charset=utf-8' },
     body: { data: [Object] } } }
[2020-06-08T22:30:16.567] [INFO] response - { method: 'GET',
  url:
   '/api/teams/postactivity?activity_title=%E6%B5%8B%E8%AF%95&activity_stime=2020-06-08T16:00:00.000Z&activity_etime=2020-06-08T16:00:00.000Z&activity_leader=%E6%B5%8B%E8%AF%95&activity_cleader=13111111111&activity_person=1&activity_content=%E6%B5%8B%E8%AF%95',
  body: {},
  costTime: 68,
  response:
   { status: 404,
     message: 'Not Found',
     header:
      [Object: null prototype] {
        vary: 'Origin',
        'access-control-allow-origin': 'http://localhost:8080',
        'access-control-allow-credentials': 'true',
        'access-control-expose-headers': 'WWW-Authenticate,Server-Authorization',
        'content-type': 'text/html; charset=utf-8',
        'content-length': '473' },
     body:
      '\n<!DOCTYPE html>\n<html lang="en">\n<head>\n    <meta charset="UTF-8">\n    <meta name="viewport" content="width=device-width, initial-scale=1.0">\n    <meta http-equiv="X-UA-Compatible" content="ie=edge">\n    <link rel="stylesheet" href="/stylesheets/error.css">\n    <title>错误信息</title>\n</head>\n<body>\n    <div class="content">\n            <h1>抱歉，找不到你的诗和远方了！</h1>\n            \n            <h2>404</h2>\n            \n    </div>\n</body>\n</html>' } }
[2020-06-08T22:30:25.739] [INFO] response - { method: 'GET',
  url: '/api/users/userinfo',
  body: {},
  costTime: 10,
  response:
   { status: 200,
     message: 'OK',
     header:
      [Object: null prototype] {
        vary: 'Origin',
        'access-control-allow-origin': 'http://localhost:8080',
        'access-control-allow-credentials': 'true',
        'access-control-expose-headers': 'WWW-Authenticate,Server-Authorization',
        'content-type': 'application/json; charset=utf-8' },
     body: { data: [Object] } } }
[2020-06-08T22:30:31.050] [INFO] response - { method: 'GET',
  url: '/api/users/userinfo',
  body: {},
  costTime: 9,
  response:
   { status: 200,
     message: 'OK',
     header:
      [Object: null prototype] {
        vary: 'Origin',
        'access-control-allow-origin': 'http://localhost:8080',
        'access-control-allow-credentials': 'true',
        'access-control-expose-headers': 'WWW-Authenticate,Server-Authorization',
        'content-type': 'application/json; charset=utf-8' },
     body: { data: [Object] } } }
[2020-06-08T22:30:31.361] [INFO] response - { method: 'GET',
  url: '/api/announces/announceinfo',
  body: {},
  costTime: 15,
  response:
   { status: 200,
     message: 'OK',
     header:
      [Object: null prototype] {
        vary: 'Origin',
        'access-control-allow-origin': 'http://localhost:8080',
        'access-control-allow-credentials': 'true',
        'access-control-expose-headers': 'WWW-Authenticate,Server-Authorization',
        'content-type': 'application/json; charset=utf-8' },
     body: { data: [Array] } } }
[2020-06-08T22:30:33.333] [INFO] response - { method: 'GET',
  url: '/api/users/userinfo',
  body: {},
  costTime: 7,
  response:
   { status: 200,
     message: 'OK',
     header:
      [Object: null prototype] {
        vary: 'Origin',
        'access-control-allow-origin': 'http://localhost:8080',
        'access-control-allow-credentials': 'true',
        'access-control-expose-headers': 'WWW-Authenticate,Server-Authorization',
        'content-type': 'application/json; charset=utf-8' },
     body: { data: [Object] } } }
[2020-06-08T22:30:35.356] [INFO] response - { method: 'GET',
  url: '/api/users/userinfo',
  body: {},
  costTime: 6,
  response:
   { status: 200,
     message: 'OK',
     header:
      [Object: null prototype] {
        vary: 'Origin',
        'access-control-allow-origin': 'http://localhost:8080',
        'access-control-allow-credentials': 'true',
        'access-control-expose-headers': 'WWW-Authenticate,Server-Authorization',
        'content-type': 'application/json; charset=utf-8' },
     body: { data: [Object] } } }
[2020-06-08T22:30:57.394] [INFO] response - { method: 'GET',
  url:
   '/api/teams/postactivity?activity_title=%E6%B5%8B%E8%AF%95&activity_stime=2020-06-01T16:00:00.000Z&activity_etime=2020-06-02T16:00:00.000Z&activity_leader=%E6%B5%8B%E8%AF%95&activity_cleader=13111111111&activity_person=1&activity_content=%E6%B5%8B%E8%AF%95',
  body: {},
  costTime: 12,
  response:
   { status: 404,
     message: 'Not Found',
     header:
      [Object: null prototype] {
        vary: 'Origin',
        'access-control-allow-origin': 'http://localhost:8080',
        'access-control-allow-credentials': 'true',
        'access-control-expose-headers': 'WWW-Authenticate,Server-Authorization',
        'content-type': 'text/html; charset=utf-8',
        'content-length': '473' },
     body:
      '\n<!DOCTYPE html>\n<html lang="en">\n<head>\n    <meta charset="UTF-8">\n    <meta name="viewport" content="width=device-width, initial-scale=1.0">\n    <meta http-equiv="X-UA-Compatible" content="ie=edge">\n    <link rel="stylesheet" href="/stylesheets/error.css">\n    <title>错误信息</title>\n</head>\n<body>\n    <div class="content">\n            <h1>抱歉，找不到你的诗和远方了！</h1>\n            \n            <h2>404</h2>\n            \n    </div>\n</body>\n</html>' } }
[2020-06-08T22:32:21.221] [INFO] response - { method: 'GET',
  url: '/api/users/userinfo',
  body: {},
  costTime: 38,
  response:
   { status: 200,
     message: 'OK',
     header:
      [Object: null prototype] {
        vary: 'Origin',
        'access-control-allow-origin': 'http://localhost:8080',
        'access-control-allow-credentials': 'true',
        'access-control-expose-headers': 'WWW-Authenticate,Server-Authorization',
        'content-type': 'application/json; charset=utf-8' },
     body: { data: [Object] } } }
[2020-06-08T22:32:41.292] [INFO] response - { method: 'GET',
  url:
   '/api/teams/postactivity?activity_title=%E6%B5%8B%E8%AF%95&activity_stime=2020-06-08T16:00:00.000Z&activity_etime=2020-06-09T16:00:00.000Z&activity_leader=%E6%B5%8B%E8%AF%95&activity_cleader=12111111111&activity_person=1&activity_content=%E6%B5%8B%E8%AF%95',
  body: {},
  costTime: 22,
  response:
   { status: 404,
     message: 'Not Found',
     header:
      [Object: null prototype] {
        vary: 'Origin',
        'access-control-allow-origin': 'http://localhost:8080',
        'access-control-allow-credentials': 'true',
        'access-control-expose-headers': 'WWW-Authenticate,Server-Authorization',
        'content-type': 'text/html; charset=utf-8',
        'content-length': '473' },
     body:
      '\n<!DOCTYPE html>\n<html lang="en">\n<head>\n    <meta charset="UTF-8">\n    <meta name="viewport" content="width=device-width, initial-scale=1.0">\n    <meta http-equiv="X-UA-Compatible" content="ie=edge">\n    <link rel="stylesheet" href="/stylesheets/error.css">\n    <title>错误信息</title>\n</head>\n<body>\n    <div class="content">\n            <h1>抱歉，找不到你的诗和远方了！</h1>\n            \n            <h2>404</h2>\n            \n    </div>\n</body>\n</html>' } }
[2020-06-08T22:35:24.108] [INFO] response - { method: 'GET',
  url: '/api/users/userinfo',
  body: {},
  costTime: 21,
  response:
   { status: 200,
     message: 'OK',
     header:
      [Object: null prototype] {
        vary: 'Origin',
        'access-control-allow-origin': 'http://localhost:8080',
        'access-control-allow-credentials': 'true',
        'access-control-expose-headers': 'WWW-Authenticate,Server-Authorization',
        'content-type': 'application/json; charset=utf-8' },
     body: { data: [Object] } } }
[2020-06-08T22:35:41.874] [INFO] response - { method: 'POST',
  url: '/api/teams/postactivity',
  body:
   { activity_title: '测试',
     activity_stime: '2020-06-01T16:00:00.000Z',
     activity_etime: '2020-06-09T16:00:00.000Z',
     activity_leader: '测试',
     activity_cleader: '13111111111',
     activity_person: 1,
     activity_content: '测试' },
  costTime: 9,
  response:
   { status: 404,
     message: 'Not Found',
     header:
      [Object: null prototype] {
        vary: 'Origin',
        'access-control-allow-origin': 'http://localhost:8080',
        'access-control-allow-credentials': 'true',
        'access-control-expose-headers': 'WWW-Authenticate,Server-Authorization' },
     body: undefined } }
[2020-06-08T22:49:59.710] [INFO] response - { method: 'GET',
  url: '/api/users/userinfo',
  body: {},
  costTime: 11,
  response:
   { status: 401,
     message: 'Unauthorized',
     header:
      [Object: null prototype] {
        vary: 'Origin',
        'access-control-allow-origin': 'http://localhost:8080',
        'access-control-allow-credentials': 'true',
        'access-control-expose-headers': 'WWW-Authenticate,Server-Authorization',
        'content-type': 'text/plain; charset=utf-8',
        'content-length': '12' },
     body: 'Unauthorized' } }
[2020-06-08T22:50:12.430] [INFO] response - { method: 'POST',
  url: '/api/users/postlogin',
  body: { account: '1001', password: '123456' },
  costTime: 30,
  response:
   { status: 200,
     message: 'OK',
     header:
      [Object: null prototype] {
        vary: 'Origin',
        'access-control-allow-origin': 'http://localhost:8080',
        'access-control-allow-credentials': 'true',
        'access-control-expose-headers': 'WWW-Authenticate,Server-Authorization',
        'content-type': 'application/json; charset=utf-8' },
     body: { code: 1, data: [Object] } } }
[2020-06-08T22:50:12.486] [INFO] response - { method: 'GET',
  url: '/api/users/userinfo',
  body: {},
  costTime: 10,
  response:
   { status: 200,
     message: 'OK',
     header:
      [Object: null prototype] {
        vary: 'Origin',
        'access-control-allow-origin': 'http://localhost:8080',
        'access-control-allow-credentials': 'true',
        'access-control-expose-headers': 'WWW-Authenticate,Server-Authorization',
        'content-type': 'application/json; charset=utf-8' },
     body: { data: [Object] } } }
[2020-06-08T22:50:12.667] [INFO] response - { method: 'GET',
  url: '/api/announces/announceinfo',
  body: {},
  costTime: 14,
  response:
   { status: 200,
     message: 'OK',
     header:
      [Object: null prototype] {
        vary: 'Origin',
        'access-control-allow-origin': 'http://localhost:8080',
        'access-control-allow-credentials': 'true',
        'access-control-expose-headers': 'WWW-Authenticate,Server-Authorization',
        'content-type': 'application/json; charset=utf-8' },
     body: { data: [Array] } } }
[2020-06-08T22:50:14.268] [INFO] response - { method: 'GET',
  url: '/api/users/userinfo',
  body: {},
  costTime: 4,
  response:
   { status: 200,
     message: 'OK',
     header:
      [Object: null prototype] {
        vary: 'Origin',
        'access-control-allow-origin': 'http://localhost:8080',
        'access-control-allow-credentials': 'true',
        'access-control-expose-headers': 'WWW-Authenticate,Server-Authorization',
        'content-type': 'application/json; charset=utf-8' },
     body: { data: [Object] } } }
[2020-06-08T22:50:17.104] [INFO] response - { method: 'GET',
  url: '/api/users/userinfo',
  body: {},
  costTime: 6,
  response:
   { status: 200,
     message: 'OK',
     header:
      [Object: null prototype] {
        vary: 'Origin',
        'access-control-allow-origin': 'http://localhost:8080',
        'access-control-allow-credentials': 'true',
        'access-control-expose-headers': 'WWW-Authenticate,Server-Authorization',
        'content-type': 'application/json; charset=utf-8' },
     body: { data: [Object] } } }
[2020-06-08T22:51:14.268] [INFO] response - { method: 'POST',
  url: '/api/teams/postactivity',
  body:
   { activity_title: '测试',
     activity_stime: '2020-06-07T16:00:00.000Z',
     activity_etime: '2020-06-08T16:00:00.000Z',
     activity_leader: '测试',
     activity_cleader: '12111111111',
     activity_person: 1,
     activity_content: '测试' },
  costTime: 31,
  response:
   { status: 404,
     message: 'Not Found',
     header:
      [Object: null prototype] {
        vary: 'Origin',
        'access-control-allow-origin': 'http://localhost:8080',
        'access-control-allow-credentials': 'true',
        'access-control-expose-headers': 'WWW-Authenticate,Server-Authorization' },
     body: undefined } }
[2020-06-08T22:54:08.269] [INFO] response - { method: 'GET',
  url: '/api/users/userinfo',
  body: {},
  costTime: 16,
  response:
   { status: 200,
     message: 'OK',
     header:
      [Object: null prototype] {
        vary: 'Origin',
        'access-control-allow-origin': 'http://localhost:8080',
        'access-control-allow-credentials': 'true',
        'access-control-expose-headers': 'WWW-Authenticate,Server-Authorization',
        'content-type': 'application/json; charset=utf-8' },
     body: { data: [Object] } } }
[2020-06-08T22:54:33.593] [INFO] response - { method: 'POST',
  url: '/api/teams/postactivity',
  body:
   { activity_title: '测试',
     activity_stime: '2020-06-01T16:00:00.000Z',
     activity_etime: '2020-06-01T16:00:00.000Z',
     activity_leader: '测试',
     activity_cleader: '12111111111',
     activity_person: 1,
     activity_content: '测试' },
  costTime: 11,
  response:
   { status: 404,
     message: 'Not Found',
     header:
      [Object: null prototype] {
        vary: 'Origin',
        'access-control-allow-origin': 'http://localhost:8080',
        'access-control-allow-credentials': 'true',
        'access-control-expose-headers': 'WWW-Authenticate,Server-Authorization' },
     body: undefined } }
[2020-06-08T22:57:36.025] [INFO] response - { method: 'POST',
  url: '/api/teams/postactivity',
  body:
   { activity_title: '测试',
     activity_stime: '2020-06-01T16:00:00.000Z',
     activity_etime: '2020-06-01T16:00:00.000Z',
     activity_leader: '测试',
     activity_cleader: '12111111111',
     activity_person: 1,
     activity_content: '测试' },
  costTime: 8,
  response:
   { status: 404,
     message: 'Not Found',
     header:
      [Object: null prototype] {
        vary: 'Origin',
        'access-control-allow-origin': 'http://localhost:8080',
        'access-control-allow-credentials': 'true',
        'access-control-expose-headers': 'WWW-Authenticate,Server-Authorization' },
     body: undefined } }
[2020-06-08T22:58:03.629] [INFO] response - { method: 'GET',
  url: '/api/users/userinfo',
  body: {},
  costTime: 11,
  response:
   { status: 200,
     message: 'OK',
     header:
      [Object: null prototype] {
        vary: 'Origin',
        'access-control-allow-origin': 'http://localhost:8080',
        'access-control-allow-credentials': 'true',
        'access-control-expose-headers': 'WWW-Authenticate,Server-Authorization',
        'content-type': 'application/json; charset=utf-8' },
     body: { data: [Object] } } }
[2020-06-08T22:58:26.967] [INFO] response - { method: 'POST',
  url: '/api/teams/postactivity',
  body:
   { activity_title: '测试',
     activity_stime: '2020-06-02T16:00:00.000Z',
     activity_etime: '2020-06-24T16:00:00.000Z',
     activity_leader: '测试',
     activity_cleader: '12111111111',
     activity_person: 1,
     activity_content: '测试' },
  costTime: 12,
  response:
   { status: 404,
     message: 'Not Found',
     header:
      [Object: null prototype] {
        vary: 'Origin',
        'access-control-allow-origin': 'http://localhost:8080',
        'access-control-allow-credentials': 'true',
        'access-control-expose-headers': 'WWW-Authenticate,Server-Authorization' },
     body: undefined } }
[2020-06-08T22:59:47.265] [INFO] response - { method: 'GET',
  url: '/api/users/userinfo',
  body: {},
  costTime: 11,
  response:
   { status: 200,
     message: 'OK',
     header:
      [Object: null prototype] {
        vary: 'Origin',
        'access-control-allow-origin': 'http://localhost:8080',
        'access-control-allow-credentials': 'true',
        'access-control-expose-headers': 'WWW-Authenticate,Server-Authorization',
        'content-type': 'application/json; charset=utf-8' },
     body: { data: [Object] } } }
[2020-06-08T23:00:05.320] [INFO] response - { method: 'POST',
  url: '/api/teams/postactivity',
  body:
   { activity_title: '测试',
     activity_stime: '2020-06-05T16:00:00.000Z',
     activity_etime: '2020-06-12T16:00:00.000Z',
     activity_leader: '测试',
     activity_cleader: '12111111111',
     activity_person: 1,
     activity_content: '1' },
  costTime: 14,
  response:
   { status: 404,
     message: 'Not Found',
     header:
      [Object: null prototype] {
        vary: 'Origin',
        'access-control-allow-origin': 'http://localhost:8080',
        'access-control-allow-credentials': 'true',
        'access-control-expose-headers': 'WWW-Authenticate,Server-Authorization' },
     body: undefined } }
[2020-06-08T23:02:09.967] [INFO] response - { method: 'POST',
  url: '/api/teams/postactivity',
  body:
   { activity_title: '测试',
     activity_stime: '2020-06-05T16:00:00.000Z',
     activity_etime: '2020-06-12T16:00:00.000Z',
     activity_leader: '测试',
     activity_cleader: '12111111111',
     activity_person: 1,
     activity_content: '1' },
  costTime: 37,
  response:
   { status: 200,
     message: 'OK',
     header:
      [Object: null prototype] {
        vary: 'Origin',
        'access-control-allow-origin': 'http://localhost:8080',
        'access-control-allow-credentials': 'true',
        'access-control-expose-headers': 'WWW-Authenticate,Server-Authorization' },
     body: undefined } }
[2020-06-08T23:02:51.665] [INFO] response - { method: 'GET',
  url: '/api/users/userinfo',
  body: {},
  costTime: 19,
  response:
   { status: 200,
     message: 'OK',
     header:
      [Object: null prototype] {
        vary: 'Origin',
        'access-control-allow-origin': 'http://localhost:8080',
        'access-control-allow-credentials': 'true',
        'access-control-expose-headers': 'WWW-Authenticate,Server-Authorization',
        'content-type': 'application/json; charset=utf-8' },
     body: { data: [Object] } } }
[2020-06-08T23:03:40.806] [INFO] response - { method: 'POST',
  url: '/api/teams/postactivity',
  body:
   { activity_title: '超人舞蹈',
     activity_stime: '2020-06-05T16:00:00.000Z',
     activity_etime: '2020-06-11T16:00:00.000Z',
     activity_leader: '超人威',
     activity_cleader: '14111111111',
     activity_person: 3,
     activity_content: '是超人就加入我们，么么哒' },
  costTime: 13,
  response:
   { status: 200,
     message: 'OK',
     header:
      [Object: null prototype] {
        vary: 'Origin',
        'access-control-allow-origin': 'http://localhost:8080',
        'access-control-allow-credentials': 'true',
        'access-control-expose-headers': 'WWW-Authenticate,Server-Authorization' },
     body: undefined } }
[2020-06-08T23:03:40.832] [INFO] response - { method: 'GET',
  url: '/api/users/userinfo',
  body: {},
  costTime: 10,
  response:
   { status: 200,
     message: 'OK',
     header:
      [Object: null prototype] {
        vary: 'Origin',
        'access-control-allow-origin': 'http://localhost:8080',
        'access-control-allow-credentials': 'true',
        'access-control-expose-headers': 'WWW-Authenticate,Server-Authorization',
        'content-type': 'application/json; charset=utf-8' },
     body: { data: [Object] } } }
[2020-06-08T23:04:54.700] [INFO] response - { method: 'GET',
  url: '/api/users/userinfo',
  body: {},
  costTime: 14,
  response:
   { status: 200,
     message: 'OK',
     header:
      [Object: null prototype] {
        vary: 'Origin',
        'access-control-allow-origin': 'http://localhost:8080',
        'access-control-allow-credentials': 'true',
        'access-control-expose-headers': 'WWW-Authenticate,Server-Authorization',
        'content-type': 'application/json; charset=utf-8' },
     body: { data: [Object] } } }
[2020-06-08T23:04:56.696] [INFO] response - { method: 'GET',
  url: '/api/users/userinfo',
  body: {},
  costTime: 5,
  response:
   { status: 200,
     message: 'OK',
     header:
      [Object: null prototype] {
        vary: 'Origin',
        'access-control-allow-origin': 'http://localhost:8080',
        'access-control-allow-credentials': 'true',
        'access-control-expose-headers': 'WWW-Authenticate,Server-Authorization',
        'content-type': 'application/json; charset=utf-8' },
     body: { data: [Object] } } }
[2020-06-08T23:04:57.748] [INFO] response - { method: 'GET',
  url: '/api/users/userinfo',
  body: {},
  costTime: 7,
  response:
   { status: 200,
     message: 'OK',
     header:
      [Object: null prototype] {
        vary: 'Origin',
        'access-control-allow-origin': 'http://localhost:8080',
        'access-control-allow-credentials': 'true',
        'access-control-expose-headers': 'WWW-Authenticate,Server-Authorization',
        'content-type': 'application/json; charset=utf-8' },
     body: { data: [Object] } } }
[2020-06-08T23:04:58.400] [INFO] response - { method: 'GET',
  url: '/api/users/userinfo',
  body: {},
  costTime: 7,
  response:
   { status: 200,
     message: 'OK',
     header:
      [Object: null prototype] {
        vary: 'Origin',
        'access-control-allow-origin': 'http://localhost:8080',
        'access-control-allow-credentials': 'true',
        'access-control-expose-headers': 'WWW-Authenticate,Server-Authorization',
        'content-type': 'application/json; charset=utf-8' },
     body: { data: [Object] } } }
[2020-06-08T23:04:59.198] [INFO] response - { method: 'GET',
  url: '/api/users/userinfo',
  body: {},
  costTime: 6,
  response:
   { status: 200,
     message: 'OK',
     header:
      [Object: null prototype] {
        vary: 'Origin',
        'access-control-allow-origin': 'http://localhost:8080',
        'access-control-allow-credentials': 'true',
        'access-control-expose-headers': 'WWW-Authenticate,Server-Authorization',
        'content-type': 'application/json; charset=utf-8' },
     body: { data: [Object] } } }
[2020-06-08T23:04:59.279] [INFO] response - { method: 'GET',
  url: '/api/announces/announceinfo',
  body: {},
  costTime: 11,
  response:
   { status: 200,
     message: 'OK',
     header:
      [Object: null prototype] {
        vary: 'Origin',
        'access-control-allow-origin': 'http://localhost:8080',
        'access-control-allow-credentials': 'true',
        'access-control-expose-headers': 'WWW-Authenticate,Server-Authorization',
        'content-type': 'application/json; charset=utf-8' },
     body: { data: [Array] } } }
[2020-06-08T23:05:02.888] [INFO] response - { method: 'GET',
  url: '/api/users/userinfo',
  body: {},
  costTime: 8,
  response:
   { status: 200,
     message: 'OK',
     header:
      [Object: null prototype] {
        vary: 'Origin',
        'access-control-allow-origin': 'http://localhost:8080',
        'access-control-allow-credentials': 'true',
        'access-control-expose-headers': 'WWW-Authenticate,Server-Authorization',
        'content-type': 'application/json; charset=utf-8' },
     body: { data: [Object] } } }
[2020-06-08T23:06:07.398] [INFO] response - { method: 'GET',
  url: '/api/announces/getOneAnnounce?id=4',
  body: {},
  costTime: 53,
  response:
   { status: 200,
     message: 'OK',
     header:
      [Object: null prototype] {
        vary: 'Origin',
        'access-control-allow-origin': 'http://localhost:8080',
        'access-control-allow-credentials': 'true',
        'access-control-expose-headers': 'WWW-Authenticate,Server-Authorization',
        'content-type': 'application/json; charset=utf-8' },
     body: { data: [announce] } } }
[2020-06-08T23:06:11.028] [INFO] response - { method: 'GET',
  url: '/api/users/userinfo',
  body: {},
  costTime: 5,
  response:
   { status: 200,
     message: 'OK',
     header:
      [Object: null prototype] {
        vary: 'Origin',
        'access-control-allow-origin': 'http://localhost:8080',
        'access-control-allow-credentials': 'true',
        'access-control-expose-headers': 'WWW-Authenticate,Server-Authorization',
        'content-type': 'application/json; charset=utf-8' },
     body: { data: [Object] } } }
[2020-06-08T23:06:11.085] [INFO] response - { method: 'GET',
  url: '/api/announces/announceinfo',
  body: {},
  costTime: 10,
  response:
   { status: 200,
     message: 'OK',
     header:
      [Object: null prototype] {
        vary: 'Origin',
        'access-control-allow-origin': 'http://localhost:8080',
        'access-control-allow-credentials': 'true',
        'access-control-expose-headers': 'WWW-Authenticate,Server-Authorization',
        'content-type': 'application/json; charset=utf-8' },
     body: { data: [Array] } } }
[2020-06-08T23:06:12.838] [INFO] response - { method: 'GET',
  url: '/api/users/userinfo',
  body: {},
  costTime: 7,
  response:
   { status: 200,
     message: 'OK',
     header:
      [Object: null prototype] {
        vary: 'Origin',
        'access-control-allow-origin': 'http://localhost:8080',
        'access-control-allow-credentials': 'true',
        'access-control-expose-headers': 'WWW-Authenticate,Server-Authorization',
        'content-type': 'application/json; charset=utf-8' },
     body: { data: [Object] } } }
[2020-06-08T23:06:12.923] [INFO] response - { method: 'GET',
  url: '/api/announces/getOneAnnounce?id=7',
  body: {},
  costTime: 8,
  response:
   { status: 200,
     message: 'OK',
     header:
      [Object: null prototype] {
        vary: 'Origin',
        'access-control-allow-origin': 'http://localhost:8080',
        'access-control-allow-credentials': 'true',
        'access-control-expose-headers': 'WWW-Authenticate,Server-Authorization',
        'content-type': 'application/json; charset=utf-8' },
     body: { data: [announce] } } }
[2020-06-08T23:06:16.330] [INFO] response - { method: 'GET',
  url: '/api/users/userinfo',
  body: {},
  costTime: 10,
  response:
   { status: 200,
     message: 'OK',
     header:
      [Object: null prototype] {
        vary: 'Origin',
        'access-control-allow-origin': 'http://localhost:8080',
        'access-control-allow-credentials': 'true',
        'access-control-expose-headers': 'WWW-Authenticate,Server-Authorization',
        'content-type': 'application/json; charset=utf-8' },
     body: { data: [Object] } } }
[2020-06-08T23:06:24.045] [INFO] response - { method: 'GET',
  url: '/api/users/userinfo',
  body: {},
  costTime: 6,
  response:
   { status: 200,
     message: 'OK',
     header:
      [Object: null prototype] {
        vary: 'Origin',
        'access-control-allow-origin': 'http://localhost:8080',
        'access-control-allow-credentials': 'true',
        'access-control-expose-headers': 'WWW-Authenticate,Server-Authorization',
        'content-type': 'application/json; charset=utf-8' },
     body: { data: [Object] } } }
[2020-06-08T23:10:56.014] [INFO] response - { method: 'GET',
  url: '/api/users/userinfo',
  body: {},
  costTime: 9,
  response:
   { status: 200,
     message: 'OK',
     header:
      [Object: null prototype] {
        vary: 'Origin',
        'access-control-allow-origin': 'http://localhost:8080',
        'access-control-allow-credentials': 'true',
        'access-control-expose-headers': 'WWW-Authenticate,Server-Authorization',
        'content-type': 'application/json; charset=utf-8' },
     body: { data: [Object] } } }
[2020-06-08T23:10:56.084] [INFO] response - { method: 'GET',
  url: '/api/users/userinfo',
  body: {},
  costTime: 6,
  response:
   { status: 200,
     message: 'OK',
     header:
      [Object: null prototype] {
        vary: 'Origin',
        'access-control-allow-origin': 'http://localhost:8080',
        'access-control-allow-credentials': 'true',
        'access-control-expose-headers': 'WWW-Authenticate,Server-Authorization',
        'content-type': 'application/json; charset=utf-8' },
     body: { data: [Object] } } }
[2020-06-08T23:10:58.859] [INFO] response - { method: 'GET',
  url: '/api/users/userinfo',
  body: {},
  costTime: 7,
  response:
   { status: 200,
     message: 'OK',
     header:
      [Object: null prototype] {
        vary: 'Origin',
        'access-control-allow-origin': 'http://localhost:8080',
        'access-control-allow-credentials': 'true',
        'access-control-expose-headers': 'WWW-Authenticate,Server-Authorization',
        'content-type': 'application/json; charset=utf-8' },
     body: { data: [Object] } } }
[2020-06-08T23:11:02.953] [INFO] response - { method: 'GET',
  url: '/api/users/userinfo',
  body: {},
  costTime: 13,
  response:
   { status: 200,
     message: 'OK',
     header:
      [Object: null prototype] {
        vary: 'Origin',
        'access-control-allow-origin': 'http://localhost:8080',
        'access-control-allow-credentials': 'true',
        'access-control-expose-headers': 'WWW-Authenticate,Server-Authorization',
        'content-type': 'application/json; charset=utf-8' },
     body: { data: [Object] } } }
[2020-06-08T23:11:03.031] [INFO] response - { method: 'GET',
  url: '/api/announces/announceinfo',
  body: {},
  costTime: 12,
  response:
   { status: 200,
     message: 'OK',
     header:
      [Object: null prototype] {
        vary: 'Origin',
        'access-control-allow-origin': 'http://localhost:8080',
        'access-control-allow-credentials': 'true',
        'access-control-expose-headers': 'WWW-Authenticate,Server-Authorization',
        'content-type': 'application/json; charset=utf-8' },
     body: { data: [Array] } } }
[2020-06-08T23:11:04.685] [INFO] response - { method: 'GET',
  url: '/api/users/userinfo',
  body: {},
  costTime: 5,
  response:
   { status: 200,
     message: 'OK',
     header:
      [Object: null prototype] {
        vary: 'Origin',
        'access-control-allow-origin': 'http://localhost:8080',
        'access-control-allow-credentials': 'true',
        'access-control-expose-headers': 'WWW-Authenticate,Server-Authorization',
        'content-type': 'application/json; charset=utf-8' },
     body: { data: [Object] } } }
[2020-06-08T23:11:04.758] [INFO] response - { method: 'GET',
  url: '/api/announces/getOneAnnounce?id=7',
  body: {},
  costTime: 11,
  response:
   { status: 200,
     message: 'OK',
     header:
      [Object: null prototype] {
        vary: 'Origin',
        'access-control-allow-origin': 'http://localhost:8080',
        'access-control-allow-credentials': 'true',
        'access-control-expose-headers': 'WWW-Authenticate,Server-Authorization',
        'content-type': 'application/json; charset=utf-8' },
     body: { data: [announce] } } }
[2020-06-08T23:11:05.986] [INFO] response - { method: 'GET',
  url: '/api/users/userinfo',
  body: {},
  costTime: 11,
  response:
   { status: 200,
     message: 'OK',
     header:
      [Object: null prototype] {
        vary: 'Origin',
        'access-control-allow-origin': 'http://localhost:8080',
        'access-control-allow-credentials': 'true',
        'access-control-expose-headers': 'WWW-Authenticate,Server-Authorization',
        'content-type': 'application/json; charset=utf-8' },
     body: { data: [Object] } } }
[2020-06-08T23:11:06.057] [INFO] response - { method: 'GET',
  url: '/api/users/userinfo',
  body: {},
  costTime: 8,
  response:
   { status: 200,
     message: 'OK',
     header:
      [Object: null prototype] {
        vary: 'Origin',
        'access-control-allow-origin': 'http://localhost:8080',
        'access-control-allow-credentials': 'true',
        'access-control-expose-headers': 'WWW-Authenticate,Server-Authorization',
        'content-type': 'application/json; charset=utf-8' },
     body: { data: [Object] } } }
[2020-06-08T23:11:41.303] [INFO] response - { method: 'GET',
  url: '/api/users/userinfo',
  body: {},
  costTime: 12,
  response:
   { status: 200,
     message: 'OK',
     header:
      [Object: null prototype] {
        vary: 'Origin',
        'access-control-allow-origin': 'http://localhost:8080',
        'access-control-allow-credentials': 'true',
        'access-control-expose-headers': 'WWW-Authenticate,Server-Authorization',
        'content-type': 'application/json; charset=utf-8' },
     body: { data: [Object] } } }
[2020-06-08T23:11:41.657] [INFO] response - { method: 'GET',
  url: '/api/users/userinfo',
  body: {},
  costTime: 5,
  response:
   { status: 200,
     message: 'OK',
     header:
      [Object: null prototype] {
        vary: 'Origin',
        'access-control-allow-origin': 'http://localhost:8080',
        'access-control-allow-credentials': 'true',
        'access-control-expose-headers': 'WWW-Authenticate,Server-Authorization',
        'content-type': 'application/json; charset=utf-8' },
     body: { data: [Object] } } }
[2020-06-08T23:15:03.648] [INFO] response - { method: 'GET',
  url: '/api/users/userinfo',
  body: {},
  costTime: 10,
  response:
   { status: 200,
     message: 'OK',
     header:
      [Object: null prototype] {
        vary: 'Origin',
        'access-control-allow-origin': 'http://localhost:8080',
        'access-control-allow-credentials': 'true',
        'access-control-expose-headers': 'WWW-Authenticate,Server-Authorization',
        'content-type': 'application/json; charset=utf-8' },
     body: { data: [Object] } } }
[2020-06-08T23:15:05.859] [INFO] response - { method: 'GET',
  url: '/api/users/userinfo',
  body: {},
  costTime: 8,
  response:
   { status: 200,
     message: 'OK',
     header:
      [Object: null prototype] {
        vary: 'Origin',
        'access-control-allow-origin': 'http://localhost:8080',
        'access-control-allow-credentials': 'true',
        'access-control-expose-headers': 'WWW-Authenticate,Server-Authorization',
        'content-type': 'application/json; charset=utf-8' },
     body: { data: [Object] } } }
[2020-06-08T23:28:53.198] [INFO] response - { method: 'GET',
  url: '/api/users/userinfo',
  body: {},
  costTime: 11,
  response:
   { status: 200,
     message: 'OK',
     header:
      [Object: null prototype] {
        vary: 'Origin',
        'access-control-allow-origin': 'http://localhost:8080',
        'access-control-allow-credentials': 'true',
        'access-control-expose-headers': 'WWW-Authenticate,Server-Authorization',
        'content-type': 'application/json; charset=utf-8' },
     body: { data: [Object] } } }
[2020-06-08T23:29:08.172] [INFO] response - { method: 'GET',
  url: '/api/users/userinfo',
  body: {},
  costTime: 9,
  response:
   { status: 200,
     message: 'OK',
     header:
      [Object: null prototype] {
        vary: 'Origin',
        'access-control-allow-origin': 'http://localhost:8080',
        'access-control-allow-credentials': 'true',
        'access-control-expose-headers': 'WWW-Authenticate,Server-Authorization',
        'content-type': 'application/json; charset=utf-8' },
     body: { data: [Object] } } }
[2020-06-08T23:29:16.210] [INFO] response - { method: 'GET',
  url: '/api/users/userinfo',
  body: {},
  costTime: 10,
  response:
   { status: 200,
     message: 'OK',
     header:
      [Object: null prototype] {
        vary: 'Origin',
        'access-control-allow-origin': 'http://localhost:8080',
        'access-control-allow-credentials': 'true',
        'access-control-expose-headers': 'WWW-Authenticate,Server-Authorization',
        'content-type': 'application/json; charset=utf-8' },
     body: { data: [Object] } } }
[2020-06-08T23:29:16.327] [INFO] response - { method: 'GET',
  url: '/api/announces/announceinfo',
  body: {},
  costTime: 12,
  response:
   { status: 200,
     message: 'OK',
     header:
      [Object: null prototype] {
        vary: 'Origin',
        'access-control-allow-origin': 'http://localhost:8080',
        'access-control-allow-credentials': 'true',
        'access-control-expose-headers': 'WWW-Authenticate,Server-Authorization',
        'content-type': 'application/json; charset=utf-8' },
     body: { data: [Array] } } }
[2020-06-08T23:29:17.845] [INFO] response - { method: 'GET',
  url: '/api/users/userinfo',
  body: {},
  costTime: 6,
  response:
   { status: 200,
     message: 'OK',
     header:
      [Object: null prototype] {
        vary: 'Origin',
        'access-control-allow-origin': 'http://localhost:8080',
        'access-control-allow-credentials': 'true',
        'access-control-expose-headers': 'WWW-Authenticate,Server-Authorization',
        'content-type': 'application/json; charset=utf-8' },
     body: { data: [Object] } } }
[2020-06-08T23:29:17.959] [INFO] response - { method: 'GET',
  url: '/api/announces/getOneAnnounce?id=4',
  body: {},
  costTime: 10,
  response:
   { status: 200,
     message: 'OK',
     header:
      [Object: null prototype] {
        vary: 'Origin',
        'access-control-allow-origin': 'http://localhost:8080',
        'access-control-allow-credentials': 'true',
        'access-control-expose-headers': 'WWW-Authenticate,Server-Authorization',
        'content-type': 'application/json; charset=utf-8' },
     body: { data: [announce] } } }
[2020-06-08T23:55:25.429] [INFO] response - { method: 'GET',
  url: '/api/announces/getOneAnnounce?id=4',
  body: {},
  costTime: 1,
  response:
   { status: 401,
     message: 'Unauthorized',
     header:
      [Object: null prototype] {
        vary: 'Origin',
        'access-control-allow-origin': 'http://localhost:8080',
        'access-control-allow-credentials': 'true',
        'access-control-expose-headers': 'WWW-Authenticate,Server-Authorization',
        'content-type': 'text/plain; charset=utf-8',
        'content-length': '12' },
     body: 'Unauthorized' } }
