[2019-12-17T22:23:57.005] [INFO] response - { method: 'GET',
  url: '/index',
  body: {},
  costTime: 11,
  response:
   { status: 200,
     message: 'OK',
     header:
      [Object: null prototype] {
        'content-type': 'text/html; charset=utf-8',
        'content-length': '333' },
     body:
      '<!DOCTYPE html>\n<html>\n  <head>\n    <title>JOINT</title>\n    <link rel=\'stylesheet\' href=\'/stylesheets/style.css\' />\n  </head>\n  <body>\n    <h1>JOINT</h1>\n    <p>Welcome to JOINT</p>\n    <p><a href="/logout">注销</a></p>\n    <p>用户名：zhangliu</p>\n    <p><a href="/users/userInfo">用户详情页</a></p>   \n  </body>\n</html>\n' } }
[2019-12-17T22:23:59.515] [INFO] response - { method: 'GET',
  url: '/users/userInfo',
  body: {},
  costTime: 6,
  response:
   { status: 200,
     message: 'OK',
     header:
      [Object: null prototype] {
        'content-type': 'text/html; charset=utf-8',
        'content-length': '953' },
     body:
      '<!DOCTYPE html>\n<html>\n  <head>\n    <title>用户日程页面</title>\n    <link rel=\'stylesheet\' href=\'/stylesheets/style.css\' />\n  </head>\n  <body>\n    <h1>欢迎回来</h1>\n    <a href="add">添加日程</a>\n    <a href="myself">查看你的日程</a>\n\n    <table class="table">\n         \n        <tr>\n          <th>ID</th>\n          <th>6：00--10:00</th>\n          <th>10:00--14:00</th>\n          <th>14:00--18：00</th>\n          <th>18:00--20：00</th>\n        </tr>\n        \n        <tr>\n          <td>1001</td>\n          <td>1</td>\n          <td>1</td>\n          <td>1</td>\n          <td>1</td>\n        </tr>\n          \n        <tr>\n          <td>1002</td>\n          <td>12</td>\n          <td>1</td>\n          <td>1</td>\n          <td>1</td>\n        </tr>\n          \n        <tr>\n          <td></td>\n          <td>1</td>\n          <td>1</td>\n          <td>1</td>\n          <td>1</td>\n        </tr>\n          \n  \n      </table>\n  </body>\n</html>\n' } }
[2019-12-17T22:24:19.539] [INFO] response - { method: 'GET',
  url: '/users/userInfo',
  body: {},
  costTime: 23,
  response:
   { status: 200,
     message: 'OK',
     header:
      [Object: null prototype] {
        'content-type': 'text/html; charset=utf-8',
        'content-length': '953' },
     body:
      '<!DOCTYPE html>\n<html>\n  <head>\n    <title>用户日程页面</title>\n    <link rel=\'stylesheet\' href=\'/stylesheets/style.css\' />\n  </head>\n  <body>\n    <h1>欢迎回来</h1>\n    <a href="add">添加日程</a>\n    <a href="myself">查看你的日程</a>\n\n    <table class="table">\n         \n        <tr>\n          <th>ID</th>\n          <th>6：00--10:00</th>\n          <th>10:00--14:00</th>\n          <th>14:00--18：00</th>\n          <th>18:00--20：00</th>\n        </tr>\n        \n        <tr>\n          <td>1001</td>\n          <td>1</td>\n          <td>1</td>\n          <td>1</td>\n          <td>1</td>\n        </tr>\n          \n        <tr>\n          <td>1002</td>\n          <td>12</td>\n          <td>1</td>\n          <td>1</td>\n          <td>1</td>\n        </tr>\n          \n        <tr>\n          <td></td>\n          <td>1</td>\n          <td>1</td>\n          <td>1</td>\n          <td>1</td>\n        </tr>\n          \n  \n      </table>\n  </body>\n</html>\n' } }
[2019-12-17T22:24:22.133] [INFO] response - { method: 'GET',
  url: '/',
  body: {},
  costTime: 2,
  response:
   { status: 200,
     message: 'OK',
     header:
      [Object: null prototype] {
        'content-type': 'text/html; charset=utf-8',
        'content-length': '270' },
     body:
      '<!DOCTYPE html>\r\n<html>\r\n  <head>\r\n    <title>joint</title>\r\n    <link rel=\'stylesheet\' href=\'/stylesheets/style.css\' />\r\n  </head>\r\n  <body>      \r\n    <h1>JOINT</h1>\r\n    <p><a href="/login">登陆</a></p>\r\n    <p><a href="/register">注册</a></p>\r\n  </body>\r\n</html>' } }
[2019-12-17T22:24:23.991] [INFO] response - { method: 'GET',
  url: '/',
  body: {},
  costTime: 2,
  response:
   { status: 200,
     message: 'OK',
     header:
      [Object: null prototype] {
        'content-type': 'text/html; charset=utf-8',
        'content-length': '270' },
     body:
      '<!DOCTYPE html>\r\n<html>\r\n  <head>\r\n    <title>joint</title>\r\n    <link rel=\'stylesheet\' href=\'/stylesheets/style.css\' />\r\n  </head>\r\n  <body>      \r\n    <h1>JOINT</h1>\r\n    <p><a href="/login">登陆</a></p>\r\n    <p><a href="/register">注册</a></p>\r\n  </body>\r\n</html>' } }
[2019-12-17T22:24:25.901] [INFO] response - { method: 'GET',
  url: '/login',
  body: {},
  costTime: 2,
  response:
   { status: 200,
     message: 'OK',
     header:
      [Object: null prototype] {
        'content-type': 'text/html; charset=utf-8',
        'content-length': '1849' },
     body:
      '<!DOCTYPE html>\n<html>\n<head>\n    <link rel="stylesheet" href=\'/stylesheets/login.css\'>\n    <title>登陆</title>\n</head>\n<body>\n    <div class="header" id="head">\n      <div class="title">JOINt系统登陆</div>\n    </div>\n          \n    <div class="wrap" id="wrap">\n        <div class="logGet">\n                <!-- 头部提示信息 -->\n                <div class="logD logDtip">\n                    <p class="p1">登录</p>\n                </div>\n                <form action="/checkLogin" method="POST">\n                  <!-- 输入框 -->\n                  <div class="lgD">\n                      <input type="text" name="user_id"\n                          placeholder="输入id" />\n                  </div>\n                  <div class="lgD">\n                      <input type="password" name="password"\n                          placeholder="输入用户密码" />\n                  </div>\n                  <div class="logC">\n                      <button type="submit">登 录</button>\n                  </div>\n                  <!-- <div class="logC">\n                    <p>没有账号? <button href="/register">点击创建</button></p>\n                </div> -->\n                </form>\n            </div>\n      </div>\n      <div class="footer" id="foot">\n        <div class="copyright">\n          <p>Copyright © 2019 huaruan.com Inc. All Rights Reserved.</p>\n          <div class="img">\n              <i class="icon"></i><span>联系邮箱：123123@sise.com</span>\n          </div>\n          \n          <div class="img">\n              <i class="icon1"></i><span>联系地址：广州大学华软软件学院</span>\n          </div>\n            \n          <div class="img">\n            <i class="icon2"></i><span>联系电话：12345678</span>\n          </div>\n       \n       \n        </div>\n          \n      </div>\n</body>\n</html>' } }
[2019-12-17T22:24:30.898] [INFO] response - { method: 'POST',
  url: '/checkLogin',
  body: { user_id: '1001', password: '123456' },
  costTime: 19,
  response:
   { status: 302,
     message: 'Found',
     header:
      [Object: null prototype] {
        location: '/index',
        'content-type': 'text/html; charset=utf-8',
        'content-length': '43' },
     body: 'Redirecting to <a href="/index">/index</a>.' } }
[2019-12-17T22:24:30.908] [INFO] response - { method: 'GET',
  url: '/index',
  body: {},
  costTime: 2,
  response:
   { status: 200,
     message: 'OK',
     header:
      [Object: null prototype] {
        'content-type': 'text/html; charset=utf-8',
        'content-length': '333' },
     body:
      '<!DOCTYPE html>\n<html>\n  <head>\n    <title>JOINT</title>\n    <link rel=\'stylesheet\' href=\'/stylesheets/style.css\' />\n  </head>\n  <body>\n    <h1>JOINT</h1>\n    <p>Welcome to JOINT</p>\n    <p><a href="/logout">注销</a></p>\n    <p>用户名：zhangliu</p>\n    <p><a href="/users/userInfo">用户详情页</a></p>   \n  </body>\n</html>\n' } }
[2019-12-17T22:24:32.813] [INFO] response - { method: 'GET',
  url: '/users/userInfo',
  body: {},
  costTime: 4,
  response:
   { status: 200,
     message: 'OK',
     header:
      [Object: null prototype] {
        'content-type': 'text/html; charset=utf-8',
        'content-length': '953' },
     body:
      '<!DOCTYPE html>\n<html>\n  <head>\n    <title>用户日程页面</title>\n    <link rel=\'stylesheet\' href=\'/stylesheets/style.css\' />\n  </head>\n  <body>\n    <h1>欢迎回来</h1>\n    <a href="add">添加日程</a>\n    <a href="myself">查看你的日程</a>\n\n    <table class="table">\n         \n        <tr>\n          <th>ID</th>\n          <th>6：00--10:00</th>\n          <th>10:00--14:00</th>\n          <th>14:00--18：00</th>\n          <th>18:00--20：00</th>\n        </tr>\n        \n        <tr>\n          <td>1001</td>\n          <td>1</td>\n          <td>1</td>\n          <td>1</td>\n          <td>1</td>\n        </tr>\n          \n        <tr>\n          <td>1002</td>\n          <td>12</td>\n          <td>1</td>\n          <td>1</td>\n          <td>1</td>\n        </tr>\n          \n        <tr>\n          <td></td>\n          <td>1</td>\n          <td>1</td>\n          <td>1</td>\n          <td>1</td>\n        </tr>\n          \n  \n      </table>\n  </body>\n</html>\n' } }
[2019-12-17T22:27:51.083] [INFO] response - { method: 'GET',
  url: '/users/add',
  body: {},
  costTime: 15,
  response:
   { status: 200,
     message: 'OK',
     header:
      [Object: null prototype] {
        'content-type': 'text/html; charset=utf-8',
        'content-length': '741' },
     body:
      '<!DOCTYPE html>\r\n<html>\r\n  <head>\r\n    <title>个人日程编辑页面</title>\r\n    <link rel=\'stylesheet\' href=\'/stylesheets/style.css\' />\r\n  </head>\r\n  <body>\r\n    <h2>添加你的日程</h2>\r\n\r\n  <form action="users/add" method="POST">\r\n\r\n  <!-- <input type="text" name="user_id" placeholder="输入id" />\r\n  <br/>\r\n  <br/> -->\r\n   6：00--10:00:<input type="text" name="time_one" />\r\n   <br/>\r\n   <br/>\r\n\r\n   10:00--14:00:<input type="text" name="time_two" />\r\n   <br/>\r\n   <br/>\r\n\r\n    14:00--18：00:<input type="text" name="time_three" />\r\n    <br/>\r\n    <br/>\r\n\r\n    18:00--20：00:<input type="text" name="time_four" />\r\n    <br/>\r\n    <br/>\r\n    \r\n    <input type="submit" value="提交" />\r\n\r\n  </form>\r\n    \r\n  </body>\r\n</html>\r\n' } }
[2019-12-17T22:27:52.905] [INFO] response - { method: 'GET',
  url: '/users/add',
  body: {},
  costTime: 3,
  response:
   { status: 200,
     message: 'OK',
     header:
      [Object: null prototype] {
        'content-type': 'text/html; charset=utf-8',
        'content-length': '741' },
     body:
      '<!DOCTYPE html>\r\n<html>\r\n  <head>\r\n    <title>个人日程编辑页面</title>\r\n    <link rel=\'stylesheet\' href=\'/stylesheets/style.css\' />\r\n  </head>\r\n  <body>\r\n    <h2>添加你的日程</h2>\r\n\r\n  <form action="users/add" method="POST">\r\n\r\n  <!-- <input type="text" name="user_id" placeholder="输入id" />\r\n  <br/>\r\n  <br/> -->\r\n   6：00--10:00:<input type="text" name="time_one" />\r\n   <br/>\r\n   <br/>\r\n\r\n   10:00--14:00:<input type="text" name="time_two" />\r\n   <br/>\r\n   <br/>\r\n\r\n    14:00--18：00:<input type="text" name="time_three" />\r\n    <br/>\r\n    <br/>\r\n\r\n    18:00--20：00:<input type="text" name="time_four" />\r\n    <br/>\r\n    <br/>\r\n    \r\n    <input type="submit" value="提交" />\r\n\r\n  </form>\r\n    \r\n  </body>\r\n</html>\r\n' } }
[2019-12-17T22:28:55.371] [INFO] response - { method: 'POST',
  url: '/users/users/add',
  body:
   { time_one: '1', time_two: '1', time_three: '1', time_four: '1' },
  costTime: 14,
  response:
   { status: 302,
     message: 'Found',
     header:
      [Object: null prototype] {
        location: '/users/add',
        'content-type': 'text/html; charset=utf-8',
        'content-length': '51' },
     body: 'Redirecting to <a href="/users/add">/users/add</a>.' } }
[2019-12-17T22:28:55.408] [INFO] response - { method: 'GET',
  url: '/users/add',
  body: {},
  costTime: 14,
  response:
   { status: 200,
     message: 'OK',
     header:
      [Object: null prototype] {
        'content-type': 'text/html; charset=utf-8',
        'content-length': '741' },
     body:
      '<!DOCTYPE html>\r\n<html>\r\n  <head>\r\n    <title>个人日程编辑页面</title>\r\n    <link rel=\'stylesheet\' href=\'/stylesheets/style.css\' />\r\n  </head>\r\n  <body>\r\n    <h2>添加你的日程</h2>\r\n\r\n  <form action="users/add" method="POST">\r\n\r\n  <!-- <input type="text" name="user_id" placeholder="输入id" />\r\n  <br/>\r\n  <br/> -->\r\n   6：00--10:00:<input type="text" name="time_one" />\r\n   <br/>\r\n   <br/>\r\n\r\n   10:00--14:00:<input type="text" name="time_two" />\r\n   <br/>\r\n   <br/>\r\n\r\n    14:00--18：00:<input type="text" name="time_three" />\r\n    <br/>\r\n    <br/>\r\n\r\n    18:00--20：00:<input type="text" name="time_four" />\r\n    <br/>\r\n    <br/>\r\n    \r\n    <input type="submit" value="提交" />\r\n\r\n  </form>\r\n    \r\n  </body>\r\n</html>\r\n' } }
[2019-12-17T22:56:24.738] [INFO] response - { method: 'GET',
  url: '/users/add',
  body: {},
  costTime: 13,
  response:
   { status: 200,
     message: 'OK',
     header:
      [Object: null prototype] {
        'content-type': 'text/html; charset=utf-8',
        'content-length': '741' },
     body:
      '<!DOCTYPE html>\r\n<html>\r\n  <head>\r\n    <title>个人日程编辑页面</title>\r\n    <link rel=\'stylesheet\' href=\'/stylesheets/style.css\' />\r\n  </head>\r\n  <body>\r\n    <h2>添加你的日程</h2>\r\n\r\n  <form action="users/add" method="POST">\r\n\r\n  <!-- <input type="text" name="user_id" placeholder="输入id" />\r\n  <br/>\r\n  <br/> -->\r\n   6：00--10:00:<input type="text" name="time_one" />\r\n   <br/>\r\n   <br/>\r\n\r\n   10:00--14:00:<input type="text" name="time_two" />\r\n   <br/>\r\n   <br/>\r\n\r\n    14:00--18：00:<input type="text" name="time_three" />\r\n    <br/>\r\n    <br/>\r\n\r\n    18:00--20：00:<input type="text" name="time_four" />\r\n    <br/>\r\n    <br/>\r\n    \r\n    <input type="submit" value="提交" />\r\n\r\n  </form>\r\n    \r\n  </body>\r\n</html>\r\n' } }
[2019-12-17T22:56:40.257] [INFO] response - { method: 'POST',
  url: '/users/users/add',
  body:
   { time_one: '1', time_two: '1', time_three: '1', time_four: '1' },
  costTime: 6,
  response:
   { status: 302,
     message: 'Found',
     header:
      [Object: null prototype] {
        location: '/users/userInfo',
        'content-type': 'text/html; charset=utf-8',
        'content-length': '61' },
     body:
      'Redirecting to <a href="/users/userInfo">/users/userInfo</a>.' } }
[2019-12-17T22:56:40.289] [INFO] response - { method: 'GET',
  url: '/users/userInfo',
  body: {},
  costTime: 20,
  response:
   { status: 200,
     message: 'OK',
     header:
      [Object: null prototype] {
        'content-type': 'text/html; charset=utf-8',
        'content-length': '1237' },
     body:
      '<!DOCTYPE html>\n<html>\n  <head>\n    <title>用户日程页面</title>\n    <link rel=\'stylesheet\' href=\'/stylesheets/style.css\' />\n  </head>\n  <body>\n    <h1>欢迎回来</h1>\n    <a href="add">添加日程</a>\n    <a href="myself">查看你的日程</a>\n\n    <table class="table">\n         \n        <tr>\n          <th>ID</th>\n          <th>6：00--10:00</th>\n          <th>10:00--14:00</th>\n          <th>14:00--18：00</th>\n          <th>18:00--20：00</th>\n        </tr>\n        \n        <tr>\n          <td>1001</td>\n          <td>1</td>\n          <td>1</td>\n          <td>1</td>\n          <td>1</td>\n        </tr>\n          \n        <tr>\n          <td>1002</td>\n          <td>12</td>\n          <td>1</td>\n          <td>1</td>\n          <td>1</td>\n        </tr>\n          \n        <tr>\n          <td></td>\n          <td>1</td>\n          <td>1</td>\n          <td>1</td>\n          <td>1</td>\n        </tr>\n          \n        <tr>\n          <td></td>\n          <td>1</td>\n          <td>1</td>\n          <td>1</td>\n          <td>1</td>\n        </tr>\n          \n        <tr>\n          <td></td>\n          <td>1</td>\n          <td>1</td>\n          <td>1</td>\n          <td>1</td>\n        </tr>\n          \n  \n      </table>\n  </body>\n</html>\n' } }
[2019-12-17T23:14:52.078] [INFO] response - { method: 'GET',
  url: '/users/add',
  body: {},
  costTime: 14,
  response:
   { status: 200,
     message: 'OK',
     header:
      [Object: null prototype] {
        'content-type': 'text/html; charset=utf-8',
        'content-length': '741' },
     body:
      '<!DOCTYPE html>\r\n<html>\r\n  <head>\r\n    <title>个人日程编辑页面</title>\r\n    <link rel=\'stylesheet\' href=\'/stylesheets/style.css\' />\r\n  </head>\r\n  <body>\r\n    <h2>添加你的日程</h2>\r\n\r\n  <form action="users/add" method="POST">\r\n\r\n  <!-- <input type="text" name="user_id" placeholder="输入id" />\r\n  <br/>\r\n  <br/> -->\r\n   6：00--10:00:<input type="text" name="time_one" />\r\n   <br/>\r\n   <br/>\r\n\r\n   10:00--14:00:<input type="text" name="time_two" />\r\n   <br/>\r\n   <br/>\r\n\r\n    14:00--18：00:<input type="text" name="time_three" />\r\n    <br/>\r\n    <br/>\r\n\r\n    18:00--20：00:<input type="text" name="time_four" />\r\n    <br/>\r\n    <br/>\r\n    \r\n    <input type="submit" value="提交" />\r\n\r\n  </form>\r\n    \r\n  </body>\r\n</html>\r\n' } }
[2019-12-17T23:14:53.348] [INFO] response - { method: 'GET',
  url: '/users/add',
  body: {},
  costTime: 2,
  response:
   { status: 200,
     message: 'OK',
     header:
      [Object: null prototype] {
        'content-type': 'text/html; charset=utf-8',
        'content-length': '741' },
     body:
      '<!DOCTYPE html>\r\n<html>\r\n  <head>\r\n    <title>个人日程编辑页面</title>\r\n    <link rel=\'stylesheet\' href=\'/stylesheets/style.css\' />\r\n  </head>\r\n  <body>\r\n    <h2>添加你的日程</h2>\r\n\r\n  <form action="users/add" method="POST">\r\n\r\n  <!-- <input type="text" name="user_id" placeholder="输入id" />\r\n  <br/>\r\n  <br/> -->\r\n   6：00--10:00:<input type="text" name="time_one" />\r\n   <br/>\r\n   <br/>\r\n\r\n   10:00--14:00:<input type="text" name="time_two" />\r\n   <br/>\r\n   <br/>\r\n\r\n    14:00--18：00:<input type="text" name="time_three" />\r\n    <br/>\r\n    <br/>\r\n\r\n    18:00--20：00:<input type="text" name="time_four" />\r\n    <br/>\r\n    <br/>\r\n    \r\n    <input type="submit" value="提交" />\r\n\r\n  </form>\r\n    \r\n  </body>\r\n</html>\r\n' } }
[2019-12-17T23:17:39.781] [INFO] response - { method: 'POST',
  url: '/users/users/add',
  body:
   { time_one: '1', time_two: '1', time_three: '1', time_four: '1' },
  costTime: 14,
  response:
   { status: 302,
     message: 'Found',
     header:
      [Object: null prototype] {
        location: '/users/userInfo',
        'content-type': 'text/html; charset=utf-8',
        'content-length': '61' },
     body:
      'Redirecting to <a href="/users/userInfo">/users/userInfo</a>.' } }
[2019-12-17T23:17:39.830] [INFO] response - { method: 'GET',
  url: '/users/userInfo',
  body: {},
  costTime: 26,
  response:
   { status: 200,
     message: 'OK',
     header:
      [Object: null prototype] {
        'content-type': 'text/html; charset=utf-8',
        'content-length': '1379' },
     body:
      '<!DOCTYPE html>\n<html>\n  <head>\n    <title>用户日程页面</title>\n    <link rel=\'stylesheet\' href=\'/stylesheets/style.css\' />\n  </head>\n  <body>\n    <h1>欢迎回来</h1>\n    <a href="add">添加日程</a>\n    <a href="myself">查看你的日程</a>\n\n    <table class="table">\n         \n        <tr>\n          <th>ID</th>\n          <th>6：00--10:00</th>\n          <th>10:00--14:00</th>\n          <th>14:00--18：00</th>\n          <th>18:00--20：00</th>\n        </tr>\n        \n        <tr>\n          <td>1001</td>\n          <td>1</td>\n          <td>1</td>\n          <td>1</td>\n          <td>1</td>\n        </tr>\n          \n        <tr>\n          <td>1002</td>\n          <td>12</td>\n          <td>1</td>\n          <td>1</td>\n          <td>1</td>\n        </tr>\n          \n        <tr>\n          <td></td>\n          <td>1</td>\n          <td>1</td>\n          <td>1</td>\n          <td>1</td>\n        </tr>\n          \n        <tr>\n          <td></td>\n          <td>1</td>\n          <td>1</td>\n          <td>1</td>\n          <td>1</td>\n        </tr>\n          \n        <tr>\n          <td></td>\n          <td>1</td>\n          <td>1</td>\n          <td>1</td>\n          <td>1</td>\n        </tr>\n          \n        <tr>\n          <td></td>\n          <td>1</td>\n          <td>1</td>\n          <td>1</td>\n          <td>1</td>\n        </tr>\n          \n  \n      </table>\n  </body>\n</html>\n' } }
