[2020-05-24T23:32:52.149] [INFO] response - { method: 'GET',
  url: '/announces/add',
  body: {},
  costTime: 2,
  response:
   { status: 200,
     message: 'OK',
     header:
      [Object: null prototype] {
        vary: 'Origin',
        'access-control-allow-origin': 'http://localhost:8080',
        'access-control-allow-credentials': 'true',
        'access-control-expose-headers': 'WWW-Authenticate,Server-Authorization',
        'content-type': 'text/html; charset=utf-8',
        'content-length': '3095' },
     body:
      '<!DOCTYPE html>\r\n<html lang="en">\r\n\r\n<head>\r\n    <meta charset="UTF-8">\r\n    <meta name="viewport" content="width=device-width, initial-scale=1.0">\r\n    <meta http-equiv="X-UA-Compatible" content="ie=edge">\r\n    <link rel="stylesheet" href="/select/bootstrap/css/bootstrap.min.css" />\r\n    <link href="/select/bootstrap-select/css/bootstrap-select.min.css" rel="stylesheet" />\r\n    <link type="text/css" rel="stylesheet" href="/stylesheets/add.css" />\r\n    \r\n    <link rel="stylesheet" type="text/css" href="/stylesheets/mobiscroll-3.0.0.min.css">\r\n    <script src="/select/jquery.min.js"></script>\r\n    <script src="/select/bootstrap/js/bootstrap.min.js"></script>\r\n    <script src="/select/bootstrap-select/js/bootstrap-select.min.js"></script>\r\n    <script src="/select/bootstrap-select/js/i18n/defaults-zh_CN.min.js"></script>\r\n    <script type="text/javascript" src="/javascripts/mobiscroll-3.0.0.min.js"></script>\r\n    \r\n    <!--百度富文本编辑器-->\r\n    <script type="text/javascript" charset="utf-8" src="/ueditor/ueditor.config.js"></script>\r\n    <script type="text/javascript" charset="utf-8" src="/ueditor/ueditor.all.min.js"> </script>\r\n    <script type="text/javascript" charset="utf-8" src="/ueditor/lang/zh-cn/zh-cn.js"></script>\r\n\r\n\r\n\r\n\r\n    <title>新增通告</title>\r\n</head>\r\n\r\n<body>\r\n    <div class="panel panel-primary">\r\n        <div class="panel-heading">\r\n            新增通告\r\n        </div>\r\n\r\n        <div class="panel-body">\r\n            <div class="input-form">\r\n                <form action="/announces/doAdd" class="form" method="post" enctype="multipart/form-data">\r\n\r\n                    <ul>\r\n                        <li> 通告标题: <input type="text" name="announce_title" /></li>\r\n\r\n                        <li> 发布人姓名: <input type="text" name="announce_sperson" /></li>\r\n\r\n                        <li> 发布人电话: <input type="text" name="announce_phone" /></li>\r\n\r\n                        <li> 通告时间: <input style="width: 180px; background-color: #ffffff;" id="announce_time" name="announce_time"></li>\r\n\r\n                        <li> 通告内容: <textarea name="description" cols="60" rows="4"></textarea></li>\r\n\r\n                        <li>\r\n                            <br />\r\n                            <button type="submit" class="btn btn-default submit">提交</button>\r\n                        </li>\r\n\r\n                    </ul>\r\n\r\n\r\n                </form>\r\n            </div>\r\n        </div>\r\n\r\n    </div>\r\n\r\n<script>\r\n    $(function () {\r\n        var now = new Date(),\r\n            minDate = new Date(now.getFullYear() - 20, now.getMonth(), now.getDate()),\r\n            maxDate = new Date(now.getFullYear() + 20, now.getMonth(), now.getDate());\r\n\r\n        mobiscroll.datetime(\'#announce_time\', {\r\n            theme: \'mobiscroll\',\r\n            lang: \'zh\',\r\n            display: \'center\',\r\n            min: minDate,\r\n            max: maxDate\r\n        })\r\n    })\r\n</script>\r\n\r\n<script>\r\n\r\n    var ue = UE.getEditor(\'editor\'); //注意和第五条的 id 对应起来\r\n\r\n</script>\r\n\r\n\r\n     \r\n</body>\r\n\r\n</html>' } }
[2020-05-24T23:32:52.211] [INFO] response - { method: 'GET',
  url: '/select/bootstrap-select/css/bootstrap-select.min.css',
  body: {},
  costTime: 11,
  response:
   { status: 404,
     message: 'Not Found',
     header:
      [Object: null prototype] {
        vary: 'Origin',
        'access-control-allow-origin': 'http://localhost:8080',
        'access-control-allow-credentials': 'true',
        'access-control-expose-headers': 'WWW-Authenticate,Server-Authorization',
        'content-type': 'text/html; charset=utf-8',
        'content-length': '473' },
     body:
      '\n<!DOCTYPE html>\n<html lang="en">\n<head>\n    <meta charset="UTF-8">\n    <meta name="viewport" content="width=device-width, initial-scale=1.0">\n    <meta http-equiv="X-UA-Compatible" content="ie=edge">\n    <link rel="stylesheet" href="/stylesheets/error.css">\n    <title>错误信息</title>\n</head>\n<body>\n    <div class="content">\n            <h1>抱歉，找不到你的诗和远方了！</h1>\n            \n            <h2>404</h2>\n            \n    </div>\n</body>\n</html>' } }
[2020-05-24T23:32:52.211] [INFO] response - { method: 'GET',
  url: '/select/bootstrap/css/bootstrap.min.css',
  body: {},
  costTime: 12,
  response:
   { status: 404,
     message: 'Not Found',
     header:
      [Object: null prototype] {
        vary: 'Origin',
        'access-control-allow-origin': 'http://localhost:8080',
        'access-control-allow-credentials': 'true',
        'access-control-expose-headers': 'WWW-Authenticate,Server-Authorization',
        'content-type': 'text/html; charset=utf-8',
        'content-length': '473' },
     body:
      '\n<!DOCTYPE html>\n<html lang="en">\n<head>\n    <meta charset="UTF-8">\n    <meta name="viewport" content="width=device-width, initial-scale=1.0">\n    <meta http-equiv="X-UA-Compatible" content="ie=edge">\n    <link rel="stylesheet" href="/stylesheets/error.css">\n    <title>错误信息</title>\n</head>\n<body>\n    <div class="content">\n            <h1>抱歉，找不到你的诗和远方了！</h1>\n            \n            <h2>404</h2>\n            \n    </div>\n</body>\n</html>' } }
[2020-05-24T23:32:52.215] [INFO] response - { method: 'GET',
  url: '/select/jquery.min.js',
  body: {},
  costTime: 11,
  response:
   { status: 404,
     message: 'Not Found',
     header:
      [Object: null prototype] {
        vary: 'Origin',
        'access-control-allow-origin': 'http://localhost:8080',
        'access-control-allow-credentials': 'true',
        'access-control-expose-headers': 'WWW-Authenticate,Server-Authorization',
        'content-type': 'text/html; charset=utf-8',
        'content-length': '473' },
     body:
      '\n<!DOCTYPE html>\n<html lang="en">\n<head>\n    <meta charset="UTF-8">\n    <meta name="viewport" content="width=device-width, initial-scale=1.0">\n    <meta http-equiv="X-UA-Compatible" content="ie=edge">\n    <link rel="stylesheet" href="/stylesheets/error.css">\n    <title>错误信息</title>\n</head>\n<body>\n    <div class="content">\n            <h1>抱歉，找不到你的诗和远方了！</h1>\n            \n            <h2>404</h2>\n            \n    </div>\n</body>\n</html>' } }
[2020-05-24T23:32:52.216] [INFO] response - { method: 'GET',
  url: '/select/bootstrap/js/bootstrap.min.js',
  body: {},
  costTime: 14,
  response:
   { status: 404,
     message: 'Not Found',
     header:
      [Object: null prototype] {
        vary: 'Origin',
        'access-control-allow-origin': 'http://localhost:8080',
        'access-control-allow-credentials': 'true',
        'access-control-expose-headers': 'WWW-Authenticate,Server-Authorization',
        'content-type': 'text/html; charset=utf-8',
        'content-length': '473' },
     body:
      '\n<!DOCTYPE html>\n<html lang="en">\n<head>\n    <meta charset="UTF-8">\n    <meta name="viewport" content="width=device-width, initial-scale=1.0">\n    <meta http-equiv="X-UA-Compatible" content="ie=edge">\n    <link rel="stylesheet" href="/stylesheets/error.css">\n    <title>错误信息</title>\n</head>\n<body>\n    <div class="content">\n            <h1>抱歉，找不到你的诗和远方了！</h1>\n            \n            <h2>404</h2>\n            \n    </div>\n</body>\n</html>' } }
[2020-05-24T23:32:52.232] [INFO] response - { method: 'GET',
  url: '/select/bootstrap-select/js/bootstrap-select.min.js',
  body: {},
  costTime: 10,
  response:
   { status: 404,
     message: 'Not Found',
     header:
      [Object: null prototype] {
        vary: 'Origin',
        'access-control-allow-origin': 'http://localhost:8080',
        'access-control-allow-credentials': 'true',
        'access-control-expose-headers': 'WWW-Authenticate,Server-Authorization',
        'content-type': 'text/html; charset=utf-8',
        'content-length': '473' },
     body:
      '\n<!DOCTYPE html>\n<html lang="en">\n<head>\n    <meta charset="UTF-8">\n    <meta name="viewport" content="width=device-width, initial-scale=1.0">\n    <meta http-equiv="X-UA-Compatible" content="ie=edge">\n    <link rel="stylesheet" href="/stylesheets/error.css">\n    <title>错误信息</title>\n</head>\n<body>\n    <div class="content">\n            <h1>抱歉，找不到你的诗和远方了！</h1>\n            \n            <h2>404</h2>\n            \n    </div>\n</body>\n</html>' } }
[2020-05-24T23:32:52.232] [INFO] response - { method: 'GET',
  url: '/select/bootstrap-select/js/i18n/defaults-zh_CN.min.js',
  body: {},
  costTime: 9,
  response:
   { status: 404,
     message: 'Not Found',
     header:
      [Object: null prototype] {
        vary: 'Origin',
        'access-control-allow-origin': 'http://localhost:8080',
        'access-control-allow-credentials': 'true',
        'access-control-expose-headers': 'WWW-Authenticate,Server-Authorization',
        'content-type': 'text/html; charset=utf-8',
        'content-length': '473' },
     body:
      '\n<!DOCTYPE html>\n<html lang="en">\n<head>\n    <meta charset="UTF-8">\n    <meta name="viewport" content="width=device-width, initial-scale=1.0">\n    <meta http-equiv="X-UA-Compatible" content="ie=edge">\n    <link rel="stylesheet" href="/stylesheets/error.css">\n    <title>错误信息</title>\n</head>\n<body>\n    <div class="content">\n            <h1>抱歉，找不到你的诗和远方了！</h1>\n            \n            <h2>404</h2>\n            \n    </div>\n</body>\n</html>' } }
[2020-05-24T23:32:52.234] [INFO] response - { method: 'GET',
  url: '/ueditor/ueditor.config.js',
  body: {},
  costTime: 9,
  response:
   { status: 404,
     message: 'Not Found',
     header:
      [Object: null prototype] {
        vary: 'Origin',
        'access-control-allow-origin': 'http://localhost:8080',
        'access-control-allow-credentials': 'true',
        'access-control-expose-headers': 'WWW-Authenticate,Server-Authorization',
        'content-type': 'text/html; charset=utf-8',
        'content-length': '473' },
     body:
      '\n<!DOCTYPE html>\n<html lang="en">\n<head>\n    <meta charset="UTF-8">\n    <meta name="viewport" content="width=device-width, initial-scale=1.0">\n    <meta http-equiv="X-UA-Compatible" content="ie=edge">\n    <link rel="stylesheet" href="/stylesheets/error.css">\n    <title>错误信息</title>\n</head>\n<body>\n    <div class="content">\n            <h1>抱歉，找不到你的诗和远方了！</h1>\n            \n            <h2>404</h2>\n            \n    </div>\n</body>\n</html>' } }
[2020-05-24T23:32:52.299] [INFO] response - { method: 'GET',
  url: '/ueditor/ueditor.all.min.js',
  body: {},
  costTime: 3,
  response:
   { status: 404,
     message: 'Not Found',
     header:
      [Object: null prototype] {
        vary: 'Origin',
        'access-control-allow-origin': 'http://localhost:8080',
        'access-control-allow-credentials': 'true',
        'access-control-expose-headers': 'WWW-Authenticate,Server-Authorization',
        'content-type': 'text/html; charset=utf-8',
        'content-length': '473' },
     body:
      '\n<!DOCTYPE html>\n<html lang="en">\n<head>\n    <meta charset="UTF-8">\n    <meta name="viewport" content="width=device-width, initial-scale=1.0">\n    <meta http-equiv="X-UA-Compatible" content="ie=edge">\n    <link rel="stylesheet" href="/stylesheets/error.css">\n    <title>错误信息</title>\n</head>\n<body>\n    <div class="content">\n            <h1>抱歉，找不到你的诗和远方了！</h1>\n            \n            <h2>404</h2>\n            \n    </div>\n</body>\n</html>' } }
[2020-05-24T23:32:52.299] [INFO] response - { method: 'GET',
  url: '/ueditor/lang/zh-cn/zh-cn.js',
  body: {},
  costTime: 2,
  response:
   { status: 404,
     message: 'Not Found',
     header:
      [Object: null prototype] {
        vary: 'Origin',
        'access-control-allow-origin': 'http://localhost:8080',
        'access-control-allow-credentials': 'true',
        'access-control-expose-headers': 'WWW-Authenticate,Server-Authorization',
        'content-type': 'text/html; charset=utf-8',
        'content-length': '473' },
     body:
      '\n<!DOCTYPE html>\n<html lang="en">\n<head>\n    <meta charset="UTF-8">\n    <meta name="viewport" content="width=device-width, initial-scale=1.0">\n    <meta http-equiv="X-UA-Compatible" content="ie=edge">\n    <link rel="stylesheet" href="/stylesheets/error.css">\n    <title>错误信息</title>\n</head>\n<body>\n    <div class="content">\n            <h1>抱歉，找不到你的诗和远方了！</h1>\n            \n            <h2>404</h2>\n            \n    </div>\n</body>\n</html>' } }
[2020-05-24T23:32:52.311] [INFO] response - { method: 'GET',
  url: '/ueditor/ueditor.config.js',
  body: {},
  costTime: 1,
  response:
   { status: 404,
     message: 'Not Found',
     header:
      [Object: null prototype] {
        vary: 'Origin',
        'access-control-allow-origin': 'http://localhost:8080',
        'access-control-allow-credentials': 'true',
        'access-control-expose-headers': 'WWW-Authenticate,Server-Authorization',
        'content-type': 'text/html; charset=utf-8',
        'content-length': '473' },
     body:
      '\n<!DOCTYPE html>\n<html lang="en">\n<head>\n    <meta charset="UTF-8">\n    <meta name="viewport" content="width=device-width, initial-scale=1.0">\n    <meta http-equiv="X-UA-Compatible" content="ie=edge">\n    <link rel="stylesheet" href="/stylesheets/error.css">\n    <title>错误信息</title>\n</head>\n<body>\n    <div class="content">\n            <h1>抱歉，找不到你的诗和远方了！</h1>\n            \n            <h2>404</h2>\n            \n    </div>\n</body>\n</html>' } }
[2020-05-24T23:32:52.317] [INFO] response - { method: 'GET',
  url: '/ueditor/ueditor.all.min.js',
  body: {},
  costTime: 1,
  response:
   { status: 404,
     message: 'Not Found',
     header:
      [Object: null prototype] {
        vary: 'Origin',
        'access-control-allow-origin': 'http://localhost:8080',
        'access-control-allow-credentials': 'true',
        'access-control-expose-headers': 'WWW-Authenticate,Server-Authorization',
        'content-type': 'text/html; charset=utf-8',
        'content-length': '473' },
     body:
      '\n<!DOCTYPE html>\n<html lang="en">\n<head>\n    <meta charset="UTF-8">\n    <meta name="viewport" content="width=device-width, initial-scale=1.0">\n    <meta http-equiv="X-UA-Compatible" content="ie=edge">\n    <link rel="stylesheet" href="/stylesheets/error.css">\n    <title>错误信息</title>\n</head>\n<body>\n    <div class="content">\n            <h1>抱歉，找不到你的诗和远方了！</h1>\n            \n            <h2>404</h2>\n            \n    </div>\n</body>\n</html>' } }
[2020-05-24T23:32:52.323] [INFO] response - { method: 'GET',
  url: '/ueditor/lang/zh-cn/zh-cn.js',
  body: {},
  costTime: 2,
  response:
   { status: 404,
     message: 'Not Found',
     header:
      [Object: null prototype] {
        vary: 'Origin',
        'access-control-allow-origin': 'http://localhost:8080',
        'access-control-allow-credentials': 'true',
        'access-control-expose-headers': 'WWW-Authenticate,Server-Authorization',
        'content-type': 'text/html; charset=utf-8',
        'content-length': '473' },
     body:
      '\n<!DOCTYPE html>\n<html lang="en">\n<head>\n    <meta charset="UTF-8">\n    <meta name="viewport" content="width=device-width, initial-scale=1.0">\n    <meta http-equiv="X-UA-Compatible" content="ie=edge">\n    <link rel="stylesheet" href="/stylesheets/error.css">\n    <title>错误信息</title>\n</head>\n<body>\n    <div class="content">\n            <h1>抱歉，找不到你的诗和远方了！</h1>\n            \n            <h2>404</h2>\n            \n    </div>\n</body>\n</html>' } }
[2020-05-24T23:32:54.604] [INFO] response - { method: 'GET',
  url: '/announces/announcelist',
  body: {},
  costTime: 3,
  response:
   { status: 200,
     message: 'OK',
     header:
      [Object: null prototype] {
        vary: 'Origin',
        'access-control-allow-origin': 'http://localhost:8080',
        'access-control-allow-credentials': 'true',
        'access-control-expose-headers': 'WWW-Authenticate,Server-Authorization',
        'content-type': 'text/html; charset=utf-8',
        'content-length': '2766' },
     body:
      '<!DOCTYPE html>\r\n<html lang="en">\r\n\r\n<head>\r\n    <meta charset="UTF-8">\r\n    <meta name="viewport" content="width=device-width, initial-scale=1.0">\r\n    <meta http-equiv="X-UA-Compatible" content="ie=edge">\r\n    <link type="text/css" rel="stylesheet" href="/stylesheets/bootstrap.min.css" />\r\n    <title>比赛通告列表</title>\r\n\r\n    <!--引入Jq插件-->\r\n    <script type="text/javascript" src="/javascripts/jquery-1.8.3.min.js"></script>\r\n\r\n    <!--引入base.js用于改变状态-->\r\n    <script type="text/javascript" src="/javascripts/base.js"></script>\r\n\r\n</head>\r\n\r\n<body>\r\n    <div class="panel panel-primary" style="margin: 10px 10px;">\r\n        <div class="panel-heading">\r\n            比赛通告列表\r\n        </div>\r\n\r\n\r\n        <div class="clearfix" style="margin-bottom: 10px;"></div>\r\n        <div class="row">\r\n            <div class="panel-body">\r\n                <form role="form" class="form-inline" method="GET" action="/announces/announcelist">\r\n                    <div class="col-md-offset-1 col-md-2 margin-bottom-15">\r\n                        <label for="name">输入比赛标题</label>\r\n                        <input type="text" class="form-control" id="name" name="keyword"\r\n                            placeholder="请输入比赛标题">\r\n                    </div>\r\n                    <div class="row templatemo-form-buttons">\r\n                        <div class="col-md-2">\r\n                            <button type="submit" class="btn btn-primary" style="margin-top: 24px;margin-left: 20px;">查询</button>\r\n                        </div>\r\n                    </div>\r\n                </form>\r\n            </div>\r\n        </div>\r\n        <div class="clearfix" style="margin-bottom: 10px;"></div>\r\n        <div class="row">\r\n            <div class="col-md-10 col-md-offset-1">\r\n                <div class="table-responsive">\r\n                    <table class="table table-striped table-hover table-bordered">\r\n                        <thead>\r\n                            <tr>\r\n                                <th>比赛通告id</th>\r\n                                <th>比赛通告标题</th>\r\n                                <th>比赛通告内容</th>\r\n                                <th>比赛发布人姓名</th>\r\n                                <th>比赛发布人电话</th>\r\n                                <th>比赛通告时间</th>\r\n                                <th>操作</th>\r\n                            </tr>\r\n                        </thead>\r\n                        <tbody>\r\n                         \r\n                            \r\n\r\n                        </tbody>\r\n        </table>\r\n\r\n\r\n        \r\n        \r\n       \r\n\r\n\r\n        </div>\r\n        </div>\r\n    </div>\r\n</div>\r\n\r\n\r\n\r\n\r\n\r\n</body>\r\n\r\n</html>' } }
