[2020-05-26T09:56:10.651] [INFO] response - { method: 'GET',
  url: '/select/bootstrap/js/bootstrap.min.js',
  body: {},
  costTime: 2,
  response:
   { status: 404,
     message: 'Not Found',
     header:
      [Object: null prototype] {
        vary: 'Origin',
        'access-control-allow-origin': 'http://localhost:8080',
        'access-control-allow-credentials': 'true',
        'access-control-expose-headers': 'WWW-Authenticate,Server-Authorization',
        'content-type': 'text/html; charset=utf-8',
        'content-length': '473' },
     body:
      '\n<!DOCTYPE html>\n<html lang="en">\n<head>\n    <meta charset="UTF-8">\n    <meta name="viewport" content="width=device-width, initial-scale=1.0">\n    <meta http-equiv="X-UA-Compatible" content="ie=edge">\n    <link rel="stylesheet" href="/stylesheets/error.css">\n    <title>错误信息</title>\n</head>\n<body>\n    <div class="content">\n            <h1>抱歉，找不到你的诗和远方了！</h1>\n            \n            <h2>404</h2>\n            \n    </div>\n</body>\n</html>' } }
[2020-05-26T09:56:10.786] [INFO] response - { method: 'GET',
  url: '/select/bootstrap-select/js/bootstrap-select.min.js',
  body: {},
  costTime: 9,
  response:
   { status: 404,
     message: 'Not Found',
     header:
      [Object: null prototype] {
        vary: 'Origin',
        'access-control-allow-origin': 'http://localhost:8080',
        'access-control-allow-credentials': 'true',
        'access-control-expose-headers': 'WWW-Authenticate,Server-Authorization',
        'content-type': 'text/html; charset=utf-8',
        'content-length': '473' },
     body:
      '\n<!DOCTYPE html>\n<html lang="en">\n<head>\n    <meta charset="UTF-8">\n    <meta name="viewport" content="width=device-width, initial-scale=1.0">\n    <meta http-equiv="X-UA-Compatible" content="ie=edge">\n    <link rel="stylesheet" href="/stylesheets/error.css">\n    <title>错误信息</title>\n</head>\n<body>\n    <div class="content">\n            <h1>抱歉，找不到你的诗和远方了！</h1>\n            \n            <h2>404</h2>\n            \n    </div>\n</body>\n</html>' } }
[2020-05-26T09:56:10.818] [INFO] response - { method: 'GET',
  url: '/select/bootstrap-select/js/i18n/defaults-zh_CN.min.js',
  body: {},
  costTime: 2,
  response:
   { status: 404,
     message: 'Not Found',
     header:
      [Object: null prototype] {
        vary: 'Origin',
        'access-control-allow-origin': 'http://localhost:8080',
        'access-control-allow-credentials': 'true',
        'access-control-expose-headers': 'WWW-Authenticate,Server-Authorization',
        'content-type': 'text/html; charset=utf-8',
        'content-length': '473' },
     body:
      '\n<!DOCTYPE html>\n<html lang="en">\n<head>\n    <meta charset="UTF-8">\n    <meta name="viewport" content="width=device-width, initial-scale=1.0">\n    <meta http-equiv="X-UA-Compatible" content="ie=edge">\n    <link rel="stylesheet" href="/stylesheets/error.css">\n    <title>错误信息</title>\n</head>\n<body>\n    <div class="content">\n            <h1>抱歉，找不到你的诗和远方了！</h1>\n            \n            <h2>404</h2>\n            \n    </div>\n</body>\n</html>' } }
[2020-05-26T09:56:17.163] [INFO] response - { method: 'GET',
  url: '/users/userlist',
  body: {},
  costTime: 9,
  response:
   { status: 200,
     message: 'OK',
     header:
      [Object: null prototype] {
        vary: 'Origin',
        'access-control-allow-origin': 'http://localhost:8080',
        'access-control-allow-credentials': 'true',
        'access-control-expose-headers': 'WWW-Authenticate,Server-Authorization',
        'content-type': 'text/html; charset=utf-8',
        'content-length': '6244' },
     body:
      '<!DOCTYPE html>\r\n<html lang="en">\r\n<head>\r\n    <meta charset="UTF-8">\r\n    <meta name="viewport" content="width=device-width, initial-scale=1.0">\r\n    <meta http-equiv="X-UA-Compatible" content="ie=edge">\r\n    <link type="text/css" rel="stylesheet" href="/stylesheets/bootstrap.min.css" />\r\n    <title>用户列表</title>\r\n\r\n    <!--引入Jq插件-->\r\n    <script type="text/javascript" src="/javascripts/jquery-1.8.3.min.js"></script>\r\n\r\n    <!--引入分页插件-->\r\n    <script type="text/javascript" src="/javascripts/jqPaginator.js"></script>\r\n\r\n    <!--引入base.js用于改变状态-->\r\n    <script type="text/javascript" src="/javascripts/base.js"></script>\r\n</head>\r\n\r\n<body>\r\n    <div class="panel panel-primary" style="margin: 10px 10px;">\r\n        <div class="panel-heading">\r\n            <h3 class="panel-title">\r\n               管理员列表\r\n            </h3>\r\n        </div>\r\n        <div class="panel-body">          \r\n            <div class="clearfix" style="margin-bottom: 10px;">\r\n              </div>\r\n    <div class="row">\r\n        <form>\r\n        <div class="col-md-offset-1 col-md-2 margin-bottom-15">\r\n          <label for="account" class="control-label">账号</label>\r\n          <input type="text" class="form-control" id="account" value="" name="account">                  \r\n        </div>\r\n        <div class="col-md-2 margin-bottom-15">\r\n          <label for="user_name" class="control-label">姓名</label>\r\n          <input type="text" class="form-control" id="user_name" value="" name="userName">                 \r\n        </div>     \r\n        <div class="row templatemo-form-buttons">\r\n                <div class="col-md-2">\r\n                    <button type="submit" class="btn btn-primary" style="margin-top: 24px;margin-left: 20px;">查询</button>\r\n                  <button type="reset" class="btn btn-default" style="margin-top: 24px;margin-left: 15px;">重置</button>    \r\n                </div>\r\n        </div>\r\n       \r\n        </form>\r\n    </div>\r\n    <div class="clearfix" style="margin-bottom: 20px;"></div>\r\n    <div class="row">\r\n        <div class="col-md-10 col-md-offset-1">\r\n        <div class="table-responsive">\r\n        <table class="table table-striped table-hover table-bordered">\r\n            <thead>\r\n              <tr>\r\n                <th>序号</th>\r\n                <th>账号</th>\r\n                <th>姓名</th>               \r\n                <th>状态</th>\r\n                <th>身份</th>\r\n                <th>操作</th>\r\n              </tr>\r\n            </thead>\r\n            <tbody>\r\n                \r\n                    <tr>\r\n                      <td>1</td>\r\n                      <td>1001</td>\r\n                      <td>张三</td>\r\n                      <td>\r\n                              <p>已通过</p>\r\n                          </td>\r\n\r\n                      <td>\r\n\r\n                        \r\n  \r\n                        管理员\r\n  \r\n                        \r\n  \r\n                        </td>\r\n                      <td>\r\n                        <a  href="/users/edit?account=1001" class="btn btn-info" >编辑</a>\r\n                        <a href="/users/delect/1001" class="btn btn-danger delete">删除</a></td>\r\n                    </tr>\r\n                      \r\n                    <tr>\r\n                      <td>2</td>\r\n                      <td>1002</td>\r\n                      <td>老二</td>\r\n                      <td>\r\n                              <p>已通过</p>\r\n                          </td>\r\n\r\n                      <td>\r\n\r\n                        \r\n  \r\n                        管理员\r\n  \r\n                        \r\n  \r\n                        </td>\r\n                      <td>\r\n                        <a  href="/users/edit?account=1002" class="btn btn-info" >编辑</a>\r\n                        <a href="/users/delect/1002" class="btn btn-danger delete">删除</a></td>\r\n                    </tr>\r\n                      \r\n                    <tr>\r\n                      <td>3</td>\r\n                      <td>1003</td>\r\n                      <td>王五</td>\r\n                      <td>\r\n                              <p>已通过</p>\r\n                          </td>\r\n\r\n                      <td>\r\n\r\n                        \r\n  \r\n                        队长\r\n  \r\n                        \r\n  \r\n                        </td>\r\n                      <td>\r\n                        <a  href="/users/edit?account=1003" class="btn btn-info" >编辑</a>\r\n                        <a href="/users/delect/1003" class="btn btn-danger delete">删除</a></td>\r\n                    </tr>\r\n                      \r\n            </tbody>\r\n        </table> \r\n        <div id="page" class="pagination pull-right"></div> \r\n        </div>\r\n        \r\n        </div>\r\n    </div>\r\n        </div>\r\n    </div>\r\n\r\n</body>\r\n\r\n<script>\r\n  $(\'#page\').jqPaginator({\r\n        totalPages: 1,   //设置分页的总页数\r\n        visiblePages: 8,  //设置当前可视页码数（例如有100页，当前第1页，则显示1 - 7页）\r\n        currentPage: 1,    //设置当前的页码\r\n        onPageChange: function (num, type) {    //回调函数，当换页时触发（包括初始化第一页的时候），会传入两个参数： 1、“目标页"的页码，Number类型  2、触发类型，可能的值：“init”（初始化），“change”（点击分页）\r\n          console.log(\'当前第\' + num + \'页\',type);\r\n\r\n          if(type == \'change\'){\r\n              location.href="/users/userList?page=" + num + "&account=" + "&userName=";\r\n          }\r\n\r\n        }\r\n      });\r\n</script>\r\n\r\n<style> \r\n  .black_overlay{ \r\n      display: none; \r\n      position: absolute; \r\n      top: 0%; \r\n      left: 0%; \r\n      width: 100%; \r\n      height: 100%; \r\n      background-color: black; \r\n      z-index:1001; \r\n      -moz-opacity: 0.8; \r\n      opacity:.80; \r\n      filter: alpha(opacity=88); \r\n  } \r\n  .white_content { \r\n      display: none; \r\n      position: absolute; \r\n      top: 25%; \r\n      left: 25%; \r\n      width: 55%; \r\n      height: 55%; \r\n      padding: 20px; \r\n      border: 10px solid rgb(120, 196, 231); \r\n      border-radius: 20px;\r\n      background-color: white; \r\n      z-index:1002; \r\n      overflow: auto; \r\n  } \r\n</style> \r\n</html>' } }
