[2020-05-19T10:45:01.355] [INFO] response - { method: 'GET',
  url: '/select/jquery.min.js',
  body: {},
  costTime: 29,
  response:
   { status: 404,
     message: 'Not Found',
     header:
      [Object: null prototype] {
        vary: 'Origin',
        'access-control-allow-origin': 'http://localhost:8080',
        'access-control-allow-credentials': 'true',
        'access-control-expose-headers': 'WWW-Authenticate,Server-Authorization',
        'content-type': 'text/html; charset=utf-8',
        'content-length': '473' },
     body:
      '\n<!DOCTYPE html>\n<html lang="en">\n<head>\n    <meta charset="UTF-8">\n    <meta name="viewport" content="width=device-width, initial-scale=1.0">\n    <meta http-equiv="X-UA-Compatible" content="ie=edge">\n    <link rel="stylesheet" href="/stylesheets/error.css">\n    <title>错误信息</title>\n</head>\n<body>\n    <div class="content">\n            <h1>抱歉，找不到你的诗和远方了！</h1>\n            \n            <h2>404</h2>\n            \n    </div>\n</body>\n</html>' } }
[2020-05-19T10:45:01.356] [INFO] response - { method: 'GET',
  url: '/select/bootstrap/js/bootstrap.min.js',
  body: {},
  costTime: 25,
  response:
   { status: 404,
     message: 'Not Found',
     header:
      [Object: null prototype] {
        vary: 'Origin',
        'access-control-allow-origin': 'http://localhost:8080',
        'access-control-allow-credentials': 'true',
        'access-control-expose-headers': 'WWW-Authenticate,Server-Authorization',
        'content-type': 'text/html; charset=utf-8',
        'content-length': '473' },
     body:
      '\n<!DOCTYPE html>\n<html lang="en">\n<head>\n    <meta charset="UTF-8">\n    <meta name="viewport" content="width=device-width, initial-scale=1.0">\n    <meta http-equiv="X-UA-Compatible" content="ie=edge">\n    <link rel="stylesheet" href="/stylesheets/error.css">\n    <title>错误信息</title>\n</head>\n<body>\n    <div class="content">\n            <h1>抱歉，找不到你的诗和远方了！</h1>\n            \n            <h2>404</h2>\n            \n    </div>\n</body>\n</html>' } }
[2020-05-19T10:45:01.374] [INFO] response - { method: 'GET',
  url: '/select/bootstrap-select/js/bootstrap-select.min.js',
  body: {},
  costTime: 13,
  response:
   { status: 404,
     message: 'Not Found',
     header:
      [Object: null prototype] {
        vary: 'Origin',
        'access-control-allow-origin': 'http://localhost:8080',
        'access-control-allow-credentials': 'true',
        'access-control-expose-headers': 'WWW-Authenticate,Server-Authorization',
        'content-type': 'text/html; charset=utf-8',
        'content-length': '473' },
     body:
      '\n<!DOCTYPE html>\n<html lang="en">\n<head>\n    <meta charset="UTF-8">\n    <meta name="viewport" content="width=device-width, initial-scale=1.0">\n    <meta http-equiv="X-UA-Compatible" content="ie=edge">\n    <link rel="stylesheet" href="/stylesheets/error.css">\n    <title>错误信息</title>\n</head>\n<body>\n    <div class="content">\n            <h1>抱歉，找不到你的诗和远方了！</h1>\n            \n            <h2>404</h2>\n            \n    </div>\n</body>\n</html>' } }
[2020-05-19T10:45:01.376] [INFO] response - { method: 'GET',
  url: '/select/bootstrap-select/js/i18n/defaults-zh_CN.min.js',
  body: {},
  costTime: 11,
  response:
   { status: 404,
     message: 'Not Found',
     header:
      [Object: null prototype] {
        vary: 'Origin',
        'access-control-allow-origin': 'http://localhost:8080',
        'access-control-allow-credentials': 'true',
        'access-control-expose-headers': 'WWW-Authenticate,Server-Authorization',
        'content-type': 'text/html; charset=utf-8',
        'content-length': '473' },
     body:
      '\n<!DOCTYPE html>\n<html lang="en">\n<head>\n    <meta charset="UTF-8">\n    <meta name="viewport" content="width=device-width, initial-scale=1.0">\n    <meta http-equiv="X-UA-Compatible" content="ie=edge">\n    <link rel="stylesheet" href="/stylesheets/error.css">\n    <title>错误信息</title>\n</head>\n<body>\n    <div class="content">\n            <h1>抱歉，找不到你的诗和远方了！</h1>\n            \n            <h2>404</h2>\n            \n    </div>\n</body>\n</html>' } }
[2020-05-19T10:45:01.380] [INFO] response - { method: 'GET',
  url: '/ueditor/ueditor.config.js',
  body: {},
  costTime: 12,
  response:
   { status: 404,
     message: 'Not Found',
     header:
      [Object: null prototype] {
        vary: 'Origin',
        'access-control-allow-origin': 'http://localhost:8080',
        'access-control-allow-credentials': 'true',
        'access-control-expose-headers': 'WWW-Authenticate,Server-Authorization',
        'content-type': 'text/html; charset=utf-8',
        'content-length': '473' },
     body:
      '\n<!DOCTYPE html>\n<html lang="en">\n<head>\n    <meta charset="UTF-8">\n    <meta name="viewport" content="width=device-width, initial-scale=1.0">\n    <meta http-equiv="X-UA-Compatible" content="ie=edge">\n    <link rel="stylesheet" href="/stylesheets/error.css">\n    <title>错误信息</title>\n</head>\n<body>\n    <div class="content">\n            <h1>抱歉，找不到你的诗和远方了！</h1>\n            \n            <h2>404</h2>\n            \n    </div>\n</body>\n</html>' } }
[2020-05-19T10:45:01.381] [INFO] response - { method: 'GET',
  url: '/ueditor/ueditor.all.min.js',
  body: {},
  costTime: 12,
  response:
   { status: 404,
     message: 'Not Found',
     header:
      [Object: null prototype] {
        vary: 'Origin',
        'access-control-allow-origin': 'http://localhost:8080',
        'access-control-allow-credentials': 'true',
        'access-control-expose-headers': 'WWW-Authenticate,Server-Authorization',
        'content-type': 'text/html; charset=utf-8',
        'content-length': '473' },
     body:
      '\n<!DOCTYPE html>\n<html lang="en">\n<head>\n    <meta charset="UTF-8">\n    <meta name="viewport" content="width=device-width, initial-scale=1.0">\n    <meta http-equiv="X-UA-Compatible" content="ie=edge">\n    <link rel="stylesheet" href="/stylesheets/error.css">\n    <title>错误信息</title>\n</head>\n<body>\n    <div class="content">\n            <h1>抱歉，找不到你的诗和远方了！</h1>\n            \n            <h2>404</h2>\n            \n    </div>\n</body>\n</html>' } }
[2020-05-19T10:45:01.381] [INFO] response - { method: 'GET',
  url: '/ueditor/lang/zh-cn/zh-cn.js',
  body: {},
  costTime: 10,
  response:
   { status: 404,
     message: 'Not Found',
     header:
      [Object: null prototype] {
        vary: 'Origin',
        'access-control-allow-origin': 'http://localhost:8080',
        'access-control-allow-credentials': 'true',
        'access-control-expose-headers': 'WWW-Authenticate,Server-Authorization',
        'content-type': 'text/html; charset=utf-8',
        'content-length': '473' },
     body:
      '\n<!DOCTYPE html>\n<html lang="en">\n<head>\n    <meta charset="UTF-8">\n    <meta name="viewport" content="width=device-width, initial-scale=1.0">\n    <meta http-equiv="X-UA-Compatible" content="ie=edge">\n    <link rel="stylesheet" href="/stylesheets/error.css">\n    <title>错误信息</title>\n</head>\n<body>\n    <div class="content">\n            <h1>抱歉，找不到你的诗和远方了！</h1>\n            \n            <h2>404</h2>\n            \n    </div>\n</body>\n</html>' } }
[2020-05-19T10:45:01.420] [INFO] response - { method: 'GET',
  url: '/ueditor/ueditor.config.js',
  body: {},
  costTime: 1,
  response:
   { status: 404,
     message: 'Not Found',
     header:
      [Object: null prototype] {
        vary: 'Origin',
        'access-control-allow-origin': 'http://localhost:8080',
        'access-control-allow-credentials': 'true',
        'access-control-expose-headers': 'WWW-Authenticate,Server-Authorization',
        'content-type': 'text/html; charset=utf-8',
        'content-length': '473' },
     body:
      '\n<!DOCTYPE html>\n<html lang="en">\n<head>\n    <meta charset="UTF-8">\n    <meta name="viewport" content="width=device-width, initial-scale=1.0">\n    <meta http-equiv="X-UA-Compatible" content="ie=edge">\n    <link rel="stylesheet" href="/stylesheets/error.css">\n    <title>错误信息</title>\n</head>\n<body>\n    <div class="content">\n            <h1>抱歉，找不到你的诗和远方了！</h1>\n            \n            <h2>404</h2>\n            \n    </div>\n</body>\n</html>' } }
[2020-05-19T10:45:01.425] [INFO] response - { method: 'GET',
  url: '/ueditor/ueditor.all.min.js',
  body: {},
  costTime: 1,
  response:
   { status: 404,
     message: 'Not Found',
     header:
      [Object: null prototype] {
        vary: 'Origin',
        'access-control-allow-origin': 'http://localhost:8080',
        'access-control-allow-credentials': 'true',
        'access-control-expose-headers': 'WWW-Authenticate,Server-Authorization',
        'content-type': 'text/html; charset=utf-8',
        'content-length': '473' },
     body:
      '\n<!DOCTYPE html>\n<html lang="en">\n<head>\n    <meta charset="UTF-8">\n    <meta name="viewport" content="width=device-width, initial-scale=1.0">\n    <meta http-equiv="X-UA-Compatible" content="ie=edge">\n    <link rel="stylesheet" href="/stylesheets/error.css">\n    <title>错误信息</title>\n</head>\n<body>\n    <div class="content">\n            <h1>抱歉，找不到你的诗和远方了！</h1>\n            \n            <h2>404</h2>\n            \n    </div>\n</body>\n</html>' } }
[2020-05-19T10:45:01.432] [INFO] response - { method: 'GET',
  url: '/ueditor/lang/zh-cn/zh-cn.js',
  body: {},
  costTime: 1,
  response:
   { status: 404,
     message: 'Not Found',
     header:
      [Object: null prototype] {
        vary: 'Origin',
        'access-control-allow-origin': 'http://localhost:8080',
        'access-control-allow-credentials': 'true',
        'access-control-expose-headers': 'WWW-Authenticate,Server-Authorization',
        'content-type': 'text/html; charset=utf-8',
        'content-length': '473' },
     body:
      '\n<!DOCTYPE html>\n<html lang="en">\n<head>\n    <meta charset="UTF-8">\n    <meta name="viewport" content="width=device-width, initial-scale=1.0">\n    <meta http-equiv="X-UA-Compatible" content="ie=edge">\n    <link rel="stylesheet" href="/stylesheets/error.css">\n    <title>错误信息</title>\n</head>\n<body>\n    <div class="content">\n            <h1>抱歉，找不到你的诗和远方了！</h1>\n            \n            <h2>404</h2>\n            \n    </div>\n</body>\n</html>' } }
[2020-05-19T10:45:54.993] [INFO] response - { method: 'GET',
  url: '/users/userlist',
  body: {},
  costTime: 6,
  response:
   { status: 200,
     message: 'OK',
     header:
      [Object: null prototype] {
        vary: 'Origin',
        'access-control-allow-origin': 'http://localhost:8080',
        'access-control-allow-credentials': 'true',
        'access-control-expose-headers': 'WWW-Authenticate,Server-Authorization',
        'content-type': 'text/html; charset=utf-8',
        'content-length': '5045' },
     body:
      '<!DOCTYPE html>\r\n<html lang="en">\r\n<head>\r\n    <meta charset="UTF-8">\r\n    <meta name="viewport" content="width=device-width, initial-scale=1.0">\r\n    <meta http-equiv="X-UA-Compatible" content="ie=edge">\r\n    <link type="text/css" rel="stylesheet" href="/stylesheets/bootstrap.min.css" />\r\n    <title>用户列表</title>\r\n</head>\r\n\r\n<body>\r\n    <div class="panel panel-primary" style="margin: 10px 10px;">\r\n        <div class="panel-heading">\r\n            <h3 class="panel-title">\r\n               管理员列表\r\n            </h3>\r\n        </div>\r\n        <div class="panel-body">          \r\n            <div class="clearfix" style="margin-bottom: 10px;">\r\n              </div>\r\n    <div class="row">\r\n        <form>\r\n        <div class="col-md-offset-1 col-md-2 margin-bottom-15">\r\n          <label for="account" class="control-label">账号</label>\r\n          <input type="text" class="form-control" id="account" value="" name="account">                  \r\n        </div>\r\n        <div class="col-md-2 margin-bottom-15">\r\n          <label for="user_name" class="control-label">姓名</label>\r\n          <input type="text" class="form-control" id="user_name" value="" name="userName">                 \r\n        </div>     \r\n        <div class="row templatemo-form-buttons">\r\n                <div class="col-md-2">\r\n                    <button type="submit" class="btn btn-primary" style="margin-top: 24px;margin-left: 20px;">查询</button>\r\n                  <button type="reset" class="btn btn-default" style="margin-top: 24px;margin-left: 15px;">重置</button>    \r\n                </div>\r\n        </div>\r\n       \r\n        </form>\r\n    </div>\r\n    <div class="clearfix" style="margin-bottom: 20px;"></div>\r\n    <div class="row">\r\n        <div class="col-md-10 col-md-offset-1">\r\n        <div class="table-responsive">\r\n        <table class="table table-striped table-hover table-bordered">\r\n            <thead>\r\n              <tr>\r\n                <th>序号</th>\r\n                <th>账号</th>\r\n                <th>姓名</th>\r\n                <th>性别</th>\r\n                <th>电话</th>\r\n                <th>状态</th>\r\n                <th>身份</th>\r\n                <th>操作</th>\r\n              </tr>\r\n            </thead>\r\n            <tbody>\r\n                \r\n                    <tr>\r\n                      <td>1</td>\r\n                      <td>1001</td>\r\n                      <td>张三</td>\r\n                      <td>1</td>\r\n                      <td>13049213960</td>\r\n                      <td>1</td>\r\n\r\n                      <td></td>\r\n                      <td>\r\n                        <a href = "javascript:void(0)" class="btn btn-info" onclick = "document.getElementById(\'light1\').style.display=\'block\';\r\n                        document.getElementById(\'fade\').style.display=\'block\'">编辑</a>\r\n                        <a href="/users/delect/1001" class="btn btn-danger delete">删除</a></td>\r\n                    </tr>\r\n                      \r\n                    <tr>\r\n                      <td>2</td>\r\n                      <td>1002</td>\r\n                      <td>老二</td>\r\n                      <td>1</td>\r\n                      <td>13049213960</td>\r\n                      <td>1</td>\r\n\r\n                      <td></td>\r\n                      <td>\r\n                        <a href = "javascript:void(0)" class="btn btn-info" onclick = "document.getElementById(\'light1\').style.display=\'block\';\r\n                        document.getElementById(\'fade\').style.display=\'block\'">编辑</a>\r\n                        <a href="/users/delect/1002" class="btn btn-danger delete">删除</a></td>\r\n                    </tr>\r\n                      \r\n            </tbody>\r\n        </table>  \r\n        </div>\r\n        <ul class="pagination pull-right">\r\n            <li class="disabled"><a href="#">&laquo;</a></li>\r\n            <li class="active"><a href="#">1 <span class="sr-only">(current)</span></a></li>\r\n            <li><a href="#">2 <span class="sr-only">(current)</span></a></li>\r\n            <li><a href="#">3 <span class="sr-only">(current)</span></a></li>\r\n            <li><a href="#">4 <span class="sr-only">(current)</span></a></li>\r\n            <li><a href="#">5 <span class="sr-only">(current)</span></a></li>\r\n            <li><a href="#">&raquo;</a></li>\r\n          </ul>\r\n        </div>\r\n    </div>\r\n        </div>\r\n    </div>\r\n\r\n</body>\r\n\r\n\r\n<style> \r\n  .black_overlay{ \r\n      display: none; \r\n      position: absolute; \r\n      top: 0%; \r\n      left: 0%; \r\n      width: 100%; \r\n      height: 100%; \r\n      background-color: black; \r\n      z-index:1001; \r\n      -moz-opacity: 0.8; \r\n      opacity:.80; \r\n      filter: alpha(opacity=88); \r\n  } \r\n  .white_content { \r\n      display: none; \r\n      position: absolute; \r\n      top: 25%; \r\n      left: 25%; \r\n      width: 55%; \r\n      height: 55%; \r\n      padding: 20px; \r\n      border: 10px solid rgb(120, 196, 231); \r\n      border-radius: 20px;\r\n      background-color: white; \r\n      z-index:1002; \r\n      overflow: auto; \r\n  } \r\n</style> \r\n</html>' } }
[2020-05-19T10:45:55.693] [INFO] response - { method: 'GET',
  url: '/users/add',
  body: {},
  costTime: 1,
  response:
   { status: 200,
     message: 'OK',
     header:
      [Object: null prototype] {
        vary: 'Origin',
        'access-control-allow-origin': 'http://localhost:8080',
        'access-control-allow-credentials': 'true',
        'access-control-expose-headers': 'WWW-Authenticate,Server-Authorization',
        'content-type': 'text/html; charset=utf-8',
        'content-length': '2627' },
     body:
      '<!DOCTYPE html>\r\n<html lang="en">\r\n\r\n<head>\r\n    <meta charset="UTF-8">\r\n    <meta name="viewport" content="width=device-width, initial-scale=1.0">\r\n    <meta http-equiv="X-UA-Compatible" content="ie=edge">\r\n    <link type="text/css" rel="stylesheet" href="/stylesheets/bootstrap.min.css" />\r\n    <link type="text/css" rel="stylesheet" href="/stylesheets/add.css" />\r\n\r\n    <!--引入Jq插件-->\r\n    <script type="text/javascript" src="/javascripts/jquery-1.8.3.min.js"></script>\r\n\r\n    <title>增加用户</title>\r\n</head>\r\n\r\n<body>\r\n<div class="panel panel-primary">\r\n    <div class="panel-heading">\r\n        新增用户\r\n    </div>\r\n\r\n    <div class="message">消息提醒</div>\r\n\r\n    <div class="panel-body">\r\n        <div class="input-form">\r\n            <form action="/users/doAdd" class="form" method="post">\r\n\r\n                <ul>\r\n                    <li> 用户账号: <input type="text" name="account" /></li>\r\n\r\n                    <li> 用户密码: <input type="password" name="password"></li>\r\n\r\n                    <li> 用户姓名: <input type="text" name="userName" /></li>\r\n\r\n                    <li> 用户性别:\r\n                         <select name="userSex">\r\n                             <option value="1">男</option>\r\n                             <option value="2">女</option>\r\n                         </select>\r\n                    </li>\r\n\r\n                    <li> 联系方式: <input type="text" name="userPhone" /></li>\r\n                  \r\n\r\n                    <li> 用户状态:\r\n                        <select name="userStatus">\r\n                           \r\n                            <option value="0">未审核</option>\r\n                            <option value="1">审核成功</option>\r\n                            <option value="2">审核失败</option>\r\n\r\n                        </select>\r\n                        \r\n                        </li>\r\n                  \r\n\r\n                        <li>\r\n                            <br />\r\n                            <button type="submit" class="btn btn-default submit">提交</button>\r\n                        </li>\r\n\r\n                    </ul>\r\n\r\n\r\n                </form>\r\n            </div>\r\n        </div>\r\n\r\n    </div>\r\n\r\n\r\n<script>\r\n     //消息提醒\r\n     function  fade(txt) {\r\n            $(\'.message\').text(txt) //内容撑开\r\n            $(\'.message\').animate({\r\n                top: 0\r\n            })\r\n            setTimeout(function () {\r\n                $(\'.message\').animate({\r\n                    top: \'-100%\'\r\n                })\r\n            }, 1500)\r\n        }\r\n\r\n\r\n</script>\r\n\r\n     \r\n</body>\r\n\r\n</html>' } }
[2020-05-19T10:45:58.886] [INFO] response - { method: 'GET',
  url: '/roles/add',
  body: {},
  costTime: 1,
  response:
   { status: 200,
     message: 'OK',
     header:
      [Object: null prototype] {
        vary: 'Origin',
        'access-control-allow-origin': 'http://localhost:8080',
        'access-control-allow-credentials': 'true',
        'access-control-expose-headers': 'WWW-Authenticate,Server-Authorization',
        'content-type': 'text/html; charset=utf-8',
        'content-length': '1204' },
     body:
      '<!DOCTYPE html>\r\n<html lang="en">\r\n\r\n<head>\r\n    <meta charset="UTF-8">\r\n    <meta name="viewport" content="width=device-width, initial-scale=1.0">\r\n    <meta http-equiv="X-UA-Compatible" content="ie=edge">\r\n    <link type="text/css" rel="stylesheet" href="/stylesheets/bootstrap.min.css" />\r\n    <link type="text/css" rel="stylesheet" href="/stylesheets/add.css" />\r\n    <title>增加角色</title>\r\n</head>\r\n\r\n<body>\r\n<div class="panel panel-primary">\r\n    <div class="panel-heading">\r\n        新增角色\r\n    </div>\r\n\r\n    <div class="panel-body">\r\n        <div class="input-form">\r\n            <form action="/roles/doAdd" class="form" method="post">\r\n\r\n                <ul>\r\n                    <li> 角色名称: <input type="text" name="role_name" /></li>\r\n\r\n\r\n                    <li> 角色描述: <textarea name="description" cols="30" rows="4"></textarea></li>\r\n\r\n                        <li>\r\n                            <br />\r\n                            <button type="submit" class="btn btn-default submit">提交</button>\r\n                        </li>\r\n\r\n                    </ul>\r\n\r\n\r\n                </form>\r\n            </div>\r\n        </div>\r\n\r\n    </div>\r\n     \r\n</body>\r\n\r\n</html>' } }
[2020-05-19T10:45:59.441] [INFO] response - { method: 'GET',
  url: '/roles/rolelist',
  body: {},
  costTime: 5,
  response:
   { status: 200,
     message: 'OK',
     header:
      [Object: null prototype] {
        vary: 'Origin',
        'access-control-allow-origin': 'http://localhost:8080',
        'access-control-allow-credentials': 'true',
        'access-control-expose-headers': 'WWW-Authenticate,Server-Authorization',
        'content-type': 'text/html; charset=utf-8',
        'content-length': '3309' },
     body:
      '<!DOCTYPE html>\r\n<html lang="en">\r\n\r\n<head>\r\n  <meta charset="UTF-8">\r\n  <meta name="viewport" content="width=device-width, initial-scale=1.0">\r\n  <meta http-equiv="X-UA-Compatible" content="ie=edge">\r\n  <link type="text/css" rel="stylesheet" href="/stylesheets/bootstrap.min.css" />\r\n  <title>角色列表</title>\r\n\r\n  <!--引入jq插件-->\r\n  <script type="text/javascript" src="/javascripts/jquery-1.8.3.min.js"></script>\r\n\r\n  <!--引入base.js用于删除提醒-->\r\n  <script type="text/javascript" src="/javascripts/base.js"></script>\r\n\r\n</head>\r\n\r\n<body>\r\n\r\n<div class="panel panel-primary" style="margin: 10px 10px;">\r\n  <div class="panel-heading">\r\n    角色列表\r\n  </div>\r\n\r\n  <div class="clearfix" style="margin-bottom: 10px;"></div>\r\n  <div class="row">\r\n    <form>\r\n        <div class="col-md-offset-1 col-md-2 margin-bottom-15">\r\n          <label for="role_name" class="control-label">角色名</label>\r\n          <input type="text" class="form-control" id="role_name" value="" name="role_name">                  \r\n        </div>             \r\n        <div class="row templatemo-form-buttons">\r\n                <div class="col-md-2">\r\n                  <button type="submit" class="btn btn-primary" style="margin-top: 24px;margin-left: 20px;">查询</button>\r\n                  <button type="reset" class="btn btn-default" style="margin-top: 24px;margin-left: 20px;">重置</button>    \r\n                </div>\r\n        </div>\r\n       \r\n        </form>\r\n \r\n\r\n  </div>\r\n  <div class="clearfix" style="margin-bottom: 10px;"></div>\r\n  <div class="row">\r\n    <div class="col-md-10 col-md-offset-1">\r\n      <div class="table-responsive">\r\n        <table class="table table-striped table-hover table-bordered">\r\n          <thead>\r\n            <tr>\r\n              <th>角色id</th>\r\n              <th>角色名</th>\r\n              <th>角色描述</th>\r\n              <th>操作</th>\r\n            </tr>\r\n          </thead>\r\n          <tbody>\r\n\r\n             \r\n             <tr>\r\n\r\n               <td>1</td>\r\n\r\n               <td>管理员</td>\r\n\r\n               <td>负责管理后台系统</td>\r\n\r\n               <td>\r\n                 <a href="/roles/edit?id=1" class="btn btn-info">修改</a>\r\n                 <a href="/delete?model=role&id=1" class="btn btn-danger delete">删除</a>\r\n               </td>\r\n\r\n             </tr>\r\n              \r\n             \r\n             <tr>\r\n\r\n               <td>2</td>\r\n\r\n               <td>队长</td>\r\n\r\n               <td>负责管理队伍</td>\r\n\r\n               <td>\r\n                 <a href="/roles/edit?id=2" class="btn btn-info">修改</a>\r\n                 <a href="/delete?model=role&id=2" class="btn btn-danger delete">删除</a>\r\n               </td>\r\n\r\n             </tr>\r\n              \r\n             \r\n             <tr>\r\n\r\n               <td>3</td>\r\n\r\n               <td>队员</td>\r\n\r\n               <td>参与比赛活动</td>\r\n\r\n               <td>\r\n                 <a href="/roles/edit?id=3" class="btn btn-info">修改</a>\r\n                 <a href="/delete?model=role&id=3" class="btn btn-danger delete">删除</a>\r\n               </td>\r\n\r\n             </tr>\r\n              \r\n             \r\n\r\n            </tbody>\r\n        </table>\r\n\r\n\r\n\r\n\r\n        </div>\r\n        </div>\r\n    </div>\r\n\r\n    </div>\r\n\r\n     \r\n    \r\n\r\n</body>\r\n\r\n</html>' } }
[2020-05-19T10:46:18.085] [INFO] response - { method: 'GET',
  url: '/roles/rolelist',
  body: {},
  costTime: 7,
  response:
   { status: 200,
     message: 'OK',
     header:
      [Object: null prototype] {
        vary: 'Origin',
        'access-control-allow-origin': 'http://localhost:8080',
        'access-control-allow-credentials': 'true',
        'access-control-expose-headers': 'WWW-Authenticate,Server-Authorization',
        'content-type': 'text/html; charset=utf-8',
        'content-length': '3309' },
     body:
      '<!DOCTYPE html>\r\n<html lang="en">\r\n\r\n<head>\r\n  <meta charset="UTF-8">\r\n  <meta name="viewport" content="width=device-width, initial-scale=1.0">\r\n  <meta http-equiv="X-UA-Compatible" content="ie=edge">\r\n  <link type="text/css" rel="stylesheet" href="/stylesheets/bootstrap.min.css" />\r\n  <title>角色列表</title>\r\n\r\n  <!--引入jq插件-->\r\n  <script type="text/javascript" src="/javascripts/jquery-1.8.3.min.js"></script>\r\n\r\n  <!--引入base.js用于删除提醒-->\r\n  <script type="text/javascript" src="/javascripts/base.js"></script>\r\n\r\n</head>\r\n\r\n<body>\r\n\r\n<div class="panel panel-primary" style="margin: 10px 10px;">\r\n  <div class="panel-heading">\r\n    角色列表\r\n  </div>\r\n\r\n  <div class="clearfix" style="margin-bottom: 10px;"></div>\r\n  <div class="row">\r\n    <form>\r\n        <div class="col-md-offset-1 col-md-2 margin-bottom-15">\r\n          <label for="role_name" class="control-label">角色名</label>\r\n          <input type="text" class="form-control" id="role_name" value="" name="role_name">                  \r\n        </div>             \r\n        <div class="row templatemo-form-buttons">\r\n                <div class="col-md-2">\r\n                  <button type="submit" class="btn btn-primary" style="margin-top: 24px;margin-left: 20px;">查询</button>\r\n                  <button type="reset" class="btn btn-default" style="margin-top: 24px;margin-left: 20px;">重置</button>    \r\n                </div>\r\n        </div>\r\n       \r\n        </form>\r\n \r\n\r\n  </div>\r\n  <div class="clearfix" style="margin-bottom: 10px;"></div>\r\n  <div class="row">\r\n    <div class="col-md-10 col-md-offset-1">\r\n      <div class="table-responsive">\r\n        <table class="table table-striped table-hover table-bordered">\r\n          <thead>\r\n            <tr>\r\n              <th>角色id</th>\r\n              <th>角色名</th>\r\n              <th>角色描述</th>\r\n              <th>操作</th>\r\n            </tr>\r\n          </thead>\r\n          <tbody>\r\n\r\n             \r\n             <tr>\r\n\r\n               <td>1</td>\r\n\r\n               <td>管理员</td>\r\n\r\n               <td>负责管理后台系统</td>\r\n\r\n               <td>\r\n                 <a href="/roles/edit?id=1" class="btn btn-info">修改</a>\r\n                 <a href="/delete?model=role&id=1" class="btn btn-danger delete">删除</a>\r\n               </td>\r\n\r\n             </tr>\r\n              \r\n             \r\n             <tr>\r\n\r\n               <td>2</td>\r\n\r\n               <td>队长</td>\r\n\r\n               <td>负责管理队伍</td>\r\n\r\n               <td>\r\n                 <a href="/roles/edit?id=2" class="btn btn-info">修改</a>\r\n                 <a href="/delete?model=role&id=2" class="btn btn-danger delete">删除</a>\r\n               </td>\r\n\r\n             </tr>\r\n              \r\n             \r\n             <tr>\r\n\r\n               <td>3</td>\r\n\r\n               <td>队员</td>\r\n\r\n               <td>参与比赛活动</td>\r\n\r\n               <td>\r\n                 <a href="/roles/edit?id=3" class="btn btn-info">修改</a>\r\n                 <a href="/delete?model=role&id=3" class="btn btn-danger delete">删除</a>\r\n               </td>\r\n\r\n             </tr>\r\n              \r\n             \r\n\r\n            </tbody>\r\n        </table>\r\n\r\n\r\n\r\n\r\n        </div>\r\n        </div>\r\n    </div>\r\n\r\n    </div>\r\n\r\n     \r\n    \r\n\r\n</body>\r\n\r\n</html>' } }
[2020-05-19T10:46:18.656] [INFO] response - { method: 'GET',
  url: '/roles/add',
  body: {},
  costTime: 1,
  response:
   { status: 200,
     message: 'OK',
     header:
      [Object: null prototype] {
        vary: 'Origin',
        'access-control-allow-origin': 'http://localhost:8080',
        'access-control-allow-credentials': 'true',
        'access-control-expose-headers': 'WWW-Authenticate,Server-Authorization',
        'content-type': 'text/html; charset=utf-8',
        'content-length': '1204' },
     body:
      '<!DOCTYPE html>\r\n<html lang="en">\r\n\r\n<head>\r\n    <meta charset="UTF-8">\r\n    <meta name="viewport" content="width=device-width, initial-scale=1.0">\r\n    <meta http-equiv="X-UA-Compatible" content="ie=edge">\r\n    <link type="text/css" rel="stylesheet" href="/stylesheets/bootstrap.min.css" />\r\n    <link type="text/css" rel="stylesheet" href="/stylesheets/add.css" />\r\n    <title>增加角色</title>\r\n</head>\r\n\r\n<body>\r\n<div class="panel panel-primary">\r\n    <div class="panel-heading">\r\n        新增角色\r\n    </div>\r\n\r\n    <div class="panel-body">\r\n        <div class="input-form">\r\n            <form action="/roles/doAdd" class="form" method="post">\r\n\r\n                <ul>\r\n                    <li> 角色名称: <input type="text" name="role_name" /></li>\r\n\r\n\r\n                    <li> 角色描述: <textarea name="description" cols="30" rows="4"></textarea></li>\r\n\r\n                        <li>\r\n                            <br />\r\n                            <button type="submit" class="btn btn-default submit">提交</button>\r\n                        </li>\r\n\r\n                    </ul>\r\n\r\n\r\n                </form>\r\n            </div>\r\n        </div>\r\n\r\n    </div>\r\n     \r\n</body>\r\n\r\n</html>' } }
[2020-05-19T10:46:19.987] [INFO] response - { method: 'GET',
  url: '/roles/rolelist',
  body: {},
  costTime: 4,
  response:
   { status: 200,
     message: 'OK',
     header:
      [Object: null prototype] {
        vary: 'Origin',
        'access-control-allow-origin': 'http://localhost:8080',
        'access-control-allow-credentials': 'true',
        'access-control-expose-headers': 'WWW-Authenticate,Server-Authorization',
        'content-type': 'text/html; charset=utf-8',
        'content-length': '3309' },
     body:
      '<!DOCTYPE html>\r\n<html lang="en">\r\n\r\n<head>\r\n  <meta charset="UTF-8">\r\n  <meta name="viewport" content="width=device-width, initial-scale=1.0">\r\n  <meta http-equiv="X-UA-Compatible" content="ie=edge">\r\n  <link type="text/css" rel="stylesheet" href="/stylesheets/bootstrap.min.css" />\r\n  <title>角色列表</title>\r\n\r\n  <!--引入jq插件-->\r\n  <script type="text/javascript" src="/javascripts/jquery-1.8.3.min.js"></script>\r\n\r\n  <!--引入base.js用于删除提醒-->\r\n  <script type="text/javascript" src="/javascripts/base.js"></script>\r\n\r\n</head>\r\n\r\n<body>\r\n\r\n<div class="panel panel-primary" style="margin: 10px 10px;">\r\n  <div class="panel-heading">\r\n    角色列表\r\n  </div>\r\n\r\n  <div class="clearfix" style="margin-bottom: 10px;"></div>\r\n  <div class="row">\r\n    <form>\r\n        <div class="col-md-offset-1 col-md-2 margin-bottom-15">\r\n          <label for="role_name" class="control-label">角色名</label>\r\n          <input type="text" class="form-control" id="role_name" value="" name="role_name">                  \r\n        </div>             \r\n        <div class="row templatemo-form-buttons">\r\n                <div class="col-md-2">\r\n                  <button type="submit" class="btn btn-primary" style="margin-top: 24px;margin-left: 20px;">查询</button>\r\n                  <button type="reset" class="btn btn-default" style="margin-top: 24px;margin-left: 20px;">重置</button>    \r\n                </div>\r\n        </div>\r\n       \r\n        </form>\r\n \r\n\r\n  </div>\r\n  <div class="clearfix" style="margin-bottom: 10px;"></div>\r\n  <div class="row">\r\n    <div class="col-md-10 col-md-offset-1">\r\n      <div class="table-responsive">\r\n        <table class="table table-striped table-hover table-bordered">\r\n          <thead>\r\n            <tr>\r\n              <th>角色id</th>\r\n              <th>角色名</th>\r\n              <th>角色描述</th>\r\n              <th>操作</th>\r\n            </tr>\r\n          </thead>\r\n          <tbody>\r\n\r\n             \r\n             <tr>\r\n\r\n               <td>1</td>\r\n\r\n               <td>管理员</td>\r\n\r\n               <td>负责管理后台系统</td>\r\n\r\n               <td>\r\n                 <a href="/roles/edit?id=1" class="btn btn-info">修改</a>\r\n                 <a href="/delete?model=role&id=1" class="btn btn-danger delete">删除</a>\r\n               </td>\r\n\r\n             </tr>\r\n              \r\n             \r\n             <tr>\r\n\r\n               <td>2</td>\r\n\r\n               <td>队长</td>\r\n\r\n               <td>负责管理队伍</td>\r\n\r\n               <td>\r\n                 <a href="/roles/edit?id=2" class="btn btn-info">修改</a>\r\n                 <a href="/delete?model=role&id=2" class="btn btn-danger delete">删除</a>\r\n               </td>\r\n\r\n             </tr>\r\n              \r\n             \r\n             <tr>\r\n\r\n               <td>3</td>\r\n\r\n               <td>队员</td>\r\n\r\n               <td>参与比赛活动</td>\r\n\r\n               <td>\r\n                 <a href="/roles/edit?id=3" class="btn btn-info">修改</a>\r\n                 <a href="/delete?model=role&id=3" class="btn btn-danger delete">删除</a>\r\n               </td>\r\n\r\n             </tr>\r\n              \r\n             \r\n\r\n            </tbody>\r\n        </table>\r\n\r\n\r\n\r\n\r\n        </div>\r\n        </div>\r\n    </div>\r\n\r\n    </div>\r\n\r\n     \r\n    \r\n\r\n</body>\r\n\r\n</html>' } }
[2020-05-19T10:46:24.024] [INFO] response - { method: 'GET',
  url: '/users/userlist',
  body: {},
  costTime: 3,
  response:
   { status: 200,
     message: 'OK',
     header:
      [Object: null prototype] {
        vary: 'Origin',
        'access-control-allow-origin': 'http://localhost:8080',
        'access-control-allow-credentials': 'true',
        'access-control-expose-headers': 'WWW-Authenticate,Server-Authorization',
        'content-type': 'text/html; charset=utf-8',
        'content-length': '5045' },
     body:
      '<!DOCTYPE html>\r\n<html lang="en">\r\n<head>\r\n    <meta charset="UTF-8">\r\n    <meta name="viewport" content="width=device-width, initial-scale=1.0">\r\n    <meta http-equiv="X-UA-Compatible" content="ie=edge">\r\n    <link type="text/css" rel="stylesheet" href="/stylesheets/bootstrap.min.css" />\r\n    <title>用户列表</title>\r\n</head>\r\n\r\n<body>\r\n    <div class="panel panel-primary" style="margin: 10px 10px;">\r\n        <div class="panel-heading">\r\n            <h3 class="panel-title">\r\n               管理员列表\r\n            </h3>\r\n        </div>\r\n        <div class="panel-body">          \r\n            <div class="clearfix" style="margin-bottom: 10px;">\r\n              </div>\r\n    <div class="row">\r\n        <form>\r\n        <div class="col-md-offset-1 col-md-2 margin-bottom-15">\r\n          <label for="account" class="control-label">账号</label>\r\n          <input type="text" class="form-control" id="account" value="" name="account">                  \r\n        </div>\r\n        <div class="col-md-2 margin-bottom-15">\r\n          <label for="user_name" class="control-label">姓名</label>\r\n          <input type="text" class="form-control" id="user_name" value="" name="userName">                 \r\n        </div>     \r\n        <div class="row templatemo-form-buttons">\r\n                <div class="col-md-2">\r\n                    <button type="submit" class="btn btn-primary" style="margin-top: 24px;margin-left: 20px;">查询</button>\r\n                  <button type="reset" class="btn btn-default" style="margin-top: 24px;margin-left: 15px;">重置</button>    \r\n                </div>\r\n        </div>\r\n       \r\n        </form>\r\n    </div>\r\n    <div class="clearfix" style="margin-bottom: 20px;"></div>\r\n    <div class="row">\r\n        <div class="col-md-10 col-md-offset-1">\r\n        <div class="table-responsive">\r\n        <table class="table table-striped table-hover table-bordered">\r\n            <thead>\r\n              <tr>\r\n                <th>序号</th>\r\n                <th>账号</th>\r\n                <th>姓名</th>\r\n                <th>性别</th>\r\n                <th>电话</th>\r\n                <th>状态</th>\r\n                <th>身份</th>\r\n                <th>操作</th>\r\n              </tr>\r\n            </thead>\r\n            <tbody>\r\n                \r\n                    <tr>\r\n                      <td>1</td>\r\n                      <td>1001</td>\r\n                      <td>张三</td>\r\n                      <td>1</td>\r\n                      <td>13049213960</td>\r\n                      <td>1</td>\r\n\r\n                      <td></td>\r\n                      <td>\r\n                        <a href = "javascript:void(0)" class="btn btn-info" onclick = "document.getElementById(\'light1\').style.display=\'block\';\r\n                        document.getElementById(\'fade\').style.display=\'block\'">编辑</a>\r\n                        <a href="/users/delect/1001" class="btn btn-danger delete">删除</a></td>\r\n                    </tr>\r\n                      \r\n                    <tr>\r\n                      <td>2</td>\r\n                      <td>1002</td>\r\n                      <td>老二</td>\r\n                      <td>1</td>\r\n                      <td>13049213960</td>\r\n                      <td>1</td>\r\n\r\n                      <td></td>\r\n                      <td>\r\n                        <a href = "javascript:void(0)" class="btn btn-info" onclick = "document.getElementById(\'light1\').style.display=\'block\';\r\n                        document.getElementById(\'fade\').style.display=\'block\'">编辑</a>\r\n                        <a href="/users/delect/1002" class="btn btn-danger delete">删除</a></td>\r\n                    </tr>\r\n                      \r\n            </tbody>\r\n        </table>  \r\n        </div>\r\n        <ul class="pagination pull-right">\r\n            <li class="disabled"><a href="#">&laquo;</a></li>\r\n            <li class="active"><a href="#">1 <span class="sr-only">(current)</span></a></li>\r\n            <li><a href="#">2 <span class="sr-only">(current)</span></a></li>\r\n            <li><a href="#">3 <span class="sr-only">(current)</span></a></li>\r\n            <li><a href="#">4 <span class="sr-only">(current)</span></a></li>\r\n            <li><a href="#">5 <span class="sr-only">(current)</span></a></li>\r\n            <li><a href="#">&raquo;</a></li>\r\n          </ul>\r\n        </div>\r\n    </div>\r\n        </div>\r\n    </div>\r\n\r\n</body>\r\n\r\n\r\n<style> \r\n  .black_overlay{ \r\n      display: none; \r\n      position: absolute; \r\n      top: 0%; \r\n      left: 0%; \r\n      width: 100%; \r\n      height: 100%; \r\n      background-color: black; \r\n      z-index:1001; \r\n      -moz-opacity: 0.8; \r\n      opacity:.80; \r\n      filter: alpha(opacity=88); \r\n  } \r\n  .white_content { \r\n      display: none; \r\n      position: absolute; \r\n      top: 25%; \r\n      left: 25%; \r\n      width: 55%; \r\n      height: 55%; \r\n      padding: 20px; \r\n      border: 10px solid rgb(120, 196, 231); \r\n      border-radius: 20px;\r\n      background-color: white; \r\n      z-index:1002; \r\n      overflow: auto; \r\n  } \r\n</style> \r\n</html>' } }
[2020-05-19T10:46:25.600] [INFO] response - { method: 'GET',
  url: '/users/add',
  body: {},
  costTime: 2,
  response:
   { status: 200,
     message: 'OK',
     header:
      [Object: null prototype] {
        vary: 'Origin',
        'access-control-allow-origin': 'http://localhost:8080',
        'access-control-allow-credentials': 'true',
        'access-control-expose-headers': 'WWW-Authenticate,Server-Authorization',
        'content-type': 'text/html; charset=utf-8',
        'content-length': '2627' },
     body:
      '<!DOCTYPE html>\r\n<html lang="en">\r\n\r\n<head>\r\n    <meta charset="UTF-8">\r\n    <meta name="viewport" content="width=device-width, initial-scale=1.0">\r\n    <meta http-equiv="X-UA-Compatible" content="ie=edge">\r\n    <link type="text/css" rel="stylesheet" href="/stylesheets/bootstrap.min.css" />\r\n    <link type="text/css" rel="stylesheet" href="/stylesheets/add.css" />\r\n\r\n    <!--引入Jq插件-->\r\n    <script type="text/javascript" src="/javascripts/jquery-1.8.3.min.js"></script>\r\n\r\n    <title>增加用户</title>\r\n</head>\r\n\r\n<body>\r\n<div class="panel panel-primary">\r\n    <div class="panel-heading">\r\n        新增用户\r\n    </div>\r\n\r\n    <div class="message">消息提醒</div>\r\n\r\n    <div class="panel-body">\r\n        <div class="input-form">\r\n            <form action="/users/doAdd" class="form" method="post">\r\n\r\n                <ul>\r\n                    <li> 用户账号: <input type="text" name="account" /></li>\r\n\r\n                    <li> 用户密码: <input type="password" name="password"></li>\r\n\r\n                    <li> 用户姓名: <input type="text" name="userName" /></li>\r\n\r\n                    <li> 用户性别:\r\n                         <select name="userSex">\r\n                             <option value="1">男</option>\r\n                             <option value="2">女</option>\r\n                         </select>\r\n                    </li>\r\n\r\n                    <li> 联系方式: <input type="text" name="userPhone" /></li>\r\n                  \r\n\r\n                    <li> 用户状态:\r\n                        <select name="userStatus">\r\n                           \r\n                            <option value="0">未审核</option>\r\n                            <option value="1">审核成功</option>\r\n                            <option value="2">审核失败</option>\r\n\r\n                        </select>\r\n                        \r\n                        </li>\r\n                  \r\n\r\n                        <li>\r\n                            <br />\r\n                            <button type="submit" class="btn btn-default submit">提交</button>\r\n                        </li>\r\n\r\n                    </ul>\r\n\r\n\r\n                </form>\r\n            </div>\r\n        </div>\r\n\r\n    </div>\r\n\r\n\r\n<script>\r\n     //消息提醒\r\n     function  fade(txt) {\r\n            $(\'.message\').text(txt) //内容撑开\r\n            $(\'.message\').animate({\r\n                top: 0\r\n            })\r\n            setTimeout(function () {\r\n                $(\'.message\').animate({\r\n                    top: \'-100%\'\r\n                })\r\n            }, 1500)\r\n        }\r\n\r\n\r\n</script>\r\n\r\n     \r\n</body>\r\n\r\n</html>' } }
[2020-05-19T10:46:27.283] [INFO] response - { method: 'GET',
  url: '/users/userlist',
  body: {},
  costTime: 4,
  response:
   { status: 200,
     message: 'OK',
     header:
      [Object: null prototype] {
        vary: 'Origin',
        'access-control-allow-origin': 'http://localhost:8080',
        'access-control-allow-credentials': 'true',
        'access-control-expose-headers': 'WWW-Authenticate,Server-Authorization',
        'content-type': 'text/html; charset=utf-8',
        'content-length': '5045' },
     body:
      '<!DOCTYPE html>\r\n<html lang="en">\r\n<head>\r\n    <meta charset="UTF-8">\r\n    <meta name="viewport" content="width=device-width, initial-scale=1.0">\r\n    <meta http-equiv="X-UA-Compatible" content="ie=edge">\r\n    <link type="text/css" rel="stylesheet" href="/stylesheets/bootstrap.min.css" />\r\n    <title>用户列表</title>\r\n</head>\r\n\r\n<body>\r\n    <div class="panel panel-primary" style="margin: 10px 10px;">\r\n        <div class="panel-heading">\r\n            <h3 class="panel-title">\r\n               管理员列表\r\n            </h3>\r\n        </div>\r\n        <div class="panel-body">          \r\n            <div class="clearfix" style="margin-bottom: 10px;">\r\n              </div>\r\n    <div class="row">\r\n        <form>\r\n        <div class="col-md-offset-1 col-md-2 margin-bottom-15">\r\n          <label for="account" class="control-label">账号</label>\r\n          <input type="text" class="form-control" id="account" value="" name="account">                  \r\n        </div>\r\n        <div class="col-md-2 margin-bottom-15">\r\n          <label for="user_name" class="control-label">姓名</label>\r\n          <input type="text" class="form-control" id="user_name" value="" name="userName">                 \r\n        </div>     \r\n        <div class="row templatemo-form-buttons">\r\n                <div class="col-md-2">\r\n                    <button type="submit" class="btn btn-primary" style="margin-top: 24px;margin-left: 20px;">查询</button>\r\n                  <button type="reset" class="btn btn-default" style="margin-top: 24px;margin-left: 15px;">重置</button>    \r\n                </div>\r\n        </div>\r\n       \r\n        </form>\r\n    </div>\r\n    <div class="clearfix" style="margin-bottom: 20px;"></div>\r\n    <div class="row">\r\n        <div class="col-md-10 col-md-offset-1">\r\n        <div class="table-responsive">\r\n        <table class="table table-striped table-hover table-bordered">\r\n            <thead>\r\n              <tr>\r\n                <th>序号</th>\r\n                <th>账号</th>\r\n                <th>姓名</th>\r\n                <th>性别</th>\r\n                <th>电话</th>\r\n                <th>状态</th>\r\n                <th>身份</th>\r\n                <th>操作</th>\r\n              </tr>\r\n            </thead>\r\n            <tbody>\r\n                \r\n                    <tr>\r\n                      <td>1</td>\r\n                      <td>1001</td>\r\n                      <td>张三</td>\r\n                      <td>1</td>\r\n                      <td>13049213960</td>\r\n                      <td>1</td>\r\n\r\n                      <td></td>\r\n                      <td>\r\n                        <a href = "javascript:void(0)" class="btn btn-info" onclick = "document.getElementById(\'light1\').style.display=\'block\';\r\n                        document.getElementById(\'fade\').style.display=\'block\'">编辑</a>\r\n                        <a href="/users/delect/1001" class="btn btn-danger delete">删除</a></td>\r\n                    </tr>\r\n                      \r\n                    <tr>\r\n                      <td>2</td>\r\n                      <td>1002</td>\r\n                      <td>老二</td>\r\n                      <td>1</td>\r\n                      <td>13049213960</td>\r\n                      <td>1</td>\r\n\r\n                      <td></td>\r\n                      <td>\r\n                        <a href = "javascript:void(0)" class="btn btn-info" onclick = "document.getElementById(\'light1\').style.display=\'block\';\r\n                        document.getElementById(\'fade\').style.display=\'block\'">编辑</a>\r\n                        <a href="/users/delect/1002" class="btn btn-danger delete">删除</a></td>\r\n                    </tr>\r\n                      \r\n            </tbody>\r\n        </table>  \r\n        </div>\r\n        <ul class="pagination pull-right">\r\n            <li class="disabled"><a href="#">&laquo;</a></li>\r\n            <li class="active"><a href="#">1 <span class="sr-only">(current)</span></a></li>\r\n            <li><a href="#">2 <span class="sr-only">(current)</span></a></li>\r\n            <li><a href="#">3 <span class="sr-only">(current)</span></a></li>\r\n            <li><a href="#">4 <span class="sr-only">(current)</span></a></li>\r\n            <li><a href="#">5 <span class="sr-only">(current)</span></a></li>\r\n            <li><a href="#">&raquo;</a></li>\r\n          </ul>\r\n        </div>\r\n    </div>\r\n        </div>\r\n    </div>\r\n\r\n</body>\r\n\r\n\r\n<style> \r\n  .black_overlay{ \r\n      display: none; \r\n      position: absolute; \r\n      top: 0%; \r\n      left: 0%; \r\n      width: 100%; \r\n      height: 100%; \r\n      background-color: black; \r\n      z-index:1001; \r\n      -moz-opacity: 0.8; \r\n      opacity:.80; \r\n      filter: alpha(opacity=88); \r\n  } \r\n  .white_content { \r\n      display: none; \r\n      position: absolute; \r\n      top: 25%; \r\n      left: 25%; \r\n      width: 55%; \r\n      height: 55%; \r\n      padding: 20px; \r\n      border: 10px solid rgb(120, 196, 231); \r\n      border-radius: 20px;\r\n      background-color: white; \r\n      z-index:1002; \r\n      overflow: auto; \r\n  } \r\n</style> \r\n</html>' } }
