[2020-06-21T18:17:16.384] [INFO] response - { method: 'GET',
  url: '/api/users/userinfo',
  body: {},
  costTime: 35,
  response:
   { status: 200,
     message: 'OK',
     header:
      [Object: null prototype] {
        vary: 'Origin',
        'access-control-allow-origin': 'http://localhost:8080',
        'access-control-allow-credentials': 'true',
        'access-control-expose-headers': 'WWW-Authenticate,Server-Authorization',
        'content-type': 'application/json; charset=utf-8' },
     body: { data: [Object] } } }
[2020-06-21T18:17:16.758] [INFO] response - { method: 'GET',
  url: '/api/teams/useractivityinfo',
  body: {},
  costTime: 15,
  response:
   { status: 200,
     message: 'OK',
     header:
      [Object: null prototype] {
        vary: 'Origin',
        'access-control-allow-origin': 'http://localhost:8080',
        'access-control-allow-credentials': 'true',
        'access-control-expose-headers': 'WWW-Authenticate,Server-Authorization',
        'content-type': 'application/json; charset=utf-8' },
     body: { data: [Array] } } }
[2020-06-21T18:17:26.420] [INFO] response - { method: 'GET',
  url: '/api/users/userinfo',
  body: {},
  costTime: 9,
  response:
   { status: 200,
     message: 'OK',
     header:
      [Object: null prototype] {
        vary: 'Origin',
        'access-control-allow-origin': 'http://localhost:8080',
        'access-control-allow-credentials': 'true',
        'access-control-expose-headers': 'WWW-Authenticate,Server-Authorization',
        'content-type': 'application/json; charset=utf-8' },
     body: { data: [Object] } } }
[2020-06-21T18:17:26.545] [INFO] response - { method: 'GET',
  url: '/api/teams/getTask?id=24',
  body: {},
  costTime: 10,
  response:
   { status: 200,
     message: 'OK',
     header:
      [Object: null prototype] {
        vary: 'Origin',
        'access-control-allow-origin': 'http://localhost:8080',
        'access-control-allow-credentials': 'true',
        'access-control-expose-headers': 'WWW-Authenticate,Server-Authorization',
        'content-type': 'application/json; charset=utf-8' },
     body: { data: [Array] } } }
[2020-06-21T18:36:06.600] [INFO] response - { method: 'GET',
  url: '/api/users/userinfo',
  body: {},
  costTime: 57,
  response:
   { status: 200,
     message: 'OK',
     header:
      [Object: null prototype] {
        vary: 'Origin',
        'access-control-allow-origin': 'http://localhost:8080',
        'access-control-allow-credentials': 'true',
        'access-control-expose-headers': 'WWW-Authenticate,Server-Authorization',
        'content-type': 'application/json; charset=utf-8' },
     body: { data: [Object] } } }
[2020-06-21T18:36:09.772] [INFO] response - { method: 'GET',
  url: '/api/users/userinfo',
  body: {},
  costTime: 6,
  response:
   { status: 200,
     message: 'OK',
     header:
      [Object: null prototype] {
        vary: 'Origin',
        'access-control-allow-origin': 'http://localhost:8080',
        'access-control-allow-credentials': 'true',
        'access-control-expose-headers': 'WWW-Authenticate,Server-Authorization',
        'content-type': 'application/json; charset=utf-8' },
     body: { data: [Object] } } }
[2020-06-21T18:36:11.908] [INFO] response - { method: 'GET',
  url: '/api/users/userinfo',
  body: {},
  costTime: 7,
  response:
   { status: 200,
     message: 'OK',
     header:
      [Object: null prototype] {
        vary: 'Origin',
        'access-control-allow-origin': 'http://localhost:8080',
        'access-control-allow-credentials': 'true',
        'access-control-expose-headers': 'WWW-Authenticate,Server-Authorization',
        'content-type': 'application/json; charset=utf-8' },
     body: { data: [Object] } } }
[2020-06-21T18:36:12.036] [INFO] response - { method: 'GET',
  url: '/api/announces/announceinfo',
  body: {},
  costTime: 12,
  response:
   { status: 200,
     message: 'OK',
     header:
      [Object: null prototype] {
        vary: 'Origin',
        'access-control-allow-origin': 'http://localhost:8080',
        'access-control-allow-credentials': 'true',
        'access-control-expose-headers': 'WWW-Authenticate,Server-Authorization',
        'content-type': 'application/json; charset=utf-8' },
     body: { data: [Array] } } }
[2020-06-21T18:36:13.479] [INFO] response - { method: 'GET',
  url: '/api/users/userinfo',
  body: {},
  costTime: 7,
  response:
   { status: 200,
     message: 'OK',
     header:
      [Object: null prototype] {
        vary: 'Origin',
        'access-control-allow-origin': 'http://localhost:8080',
        'access-control-allow-credentials': 'true',
        'access-control-expose-headers': 'WWW-Authenticate,Server-Authorization',
        'content-type': 'application/json; charset=utf-8' },
     body: { data: [Object] } } }
[2020-06-21T18:36:14.222] [INFO] response - { method: 'GET',
  url: '/api/announces/getOneAnnounce?id=4',
  body: {},
  costTime: 16,
  response:
   { status: 200,
     message: 'OK',
     header:
      [Object: null prototype] {
        vary: 'Origin',
        'access-control-allow-origin': 'http://localhost:8080',
        'access-control-allow-credentials': 'true',
        'access-control-expose-headers': 'WWW-Authenticate,Server-Authorization',
        'content-type': 'application/json; charset=utf-8' },
     body: { data: [announce] } } }
[2020-06-21T18:36:14.235] [INFO] response - { method: 'GET',
  url: '/api/teams/activityinfo?id=4',
  body: {},
  costTime: 17,
  response:
   { status: 200,
     message: 'OK',
     header:
      [Object: null prototype] {
        vary: 'Origin',
        'access-control-allow-origin': 'http://localhost:8080',
        'access-control-allow-credentials': 'true',
        'access-control-expose-headers': 'WWW-Authenticate,Server-Authorization',
        'content-type': 'application/json; charset=utf-8' },
     body: { data: [Array] } } }
[2020-06-21T18:36:17.313] [INFO] response - { method: 'GET',
  url: '/api/users/userinfo',
  body: {},
  costTime: 7,
  response:
   { status: 200,
     message: 'OK',
     header:
      [Object: null prototype] {
        vary: 'Origin',
        'access-control-allow-origin': 'http://localhost:8080',
        'access-control-allow-credentials': 'true',
        'access-control-expose-headers': 'WWW-Authenticate,Server-Authorization',
        'content-type': 'application/json; charset=utf-8' },
     body: { data: [Object] } } }
[2020-06-21T18:36:17.471] [INFO] response - { method: 'GET',
  url: '/api/users/userinfo',
  body: {},
  costTime: 9,
  response:
   { status: 200,
     message: 'OK',
     header:
      [Object: null prototype] {
        vary: 'Origin',
        'access-control-allow-origin': 'http://localhost:8080',
        'access-control-allow-credentials': 'true',
        'access-control-expose-headers': 'WWW-Authenticate,Server-Authorization',
        'content-type': 'application/json; charset=utf-8' },
     body: { data: [Object] } } }
[2020-06-21T18:36:56.602] [INFO] response - { method: 'POST',
  url: '/api/teams/postactivity',
  body:
   { activity_title: '测试10',
     activity_stime: '2020-06-07T16:00:00.000Z',
     activity_etime: '2020-06-29T16:00:00.000Z',
     activity_leader: '测试10',
     activity_cleader: '12345678901',
     activity_person: 4,
     activity_content: '加油加油',
     id: 4 },
  costTime: 263,
  response:
   { status: 200,
     message: 'OK',
     header:
      [Object: null prototype] {
        vary: 'Origin',
        'access-control-allow-origin': 'http://localhost:8080',
        'access-control-allow-credentials': 'true',
        'access-control-expose-headers': 'WWW-Authenticate,Server-Authorization' },
     body: undefined } }
[2020-06-21T18:36:56.621] [INFO] response - { method: 'GET',
  url: '/api/users/userinfo',
  body: {},
  costTime: 7,
  response:
   { status: 200,
     message: 'OK',
     header:
      [Object: null prototype] {
        vary: 'Origin',
        'access-control-allow-origin': 'http://localhost:8080',
        'access-control-allow-credentials': 'true',
        'access-control-expose-headers': 'WWW-Authenticate,Server-Authorization',
        'content-type': 'application/json; charset=utf-8' },
     body: { data: [Object] } } }
[2020-06-21T18:36:56.716] [INFO] response - { method: 'GET',
  url: '/api/announces/announceinfo',
  body: {},
  costTime: 14,
  response:
   { status: 200,
     message: 'OK',
     header:
      [Object: null prototype] {
        vary: 'Origin',
        'access-control-allow-origin': 'http://localhost:8080',
        'access-control-allow-credentials': 'true',
        'access-control-expose-headers': 'WWW-Authenticate,Server-Authorization',
        'content-type': 'application/json; charset=utf-8' },
     body: { data: [Array] } } }
[2020-06-21T18:37:10.252] [INFO] response - { method: 'GET',
  url: '/api/users/userinfo',
  body: {},
  costTime: 25,
  response:
   { status: 200,
     message: 'OK',
     header:
      [Object: null prototype] {
        vary: 'Origin',
        'access-control-allow-origin': 'http://localhost:8080',
        'access-control-allow-credentials': 'true',
        'access-control-expose-headers': 'WWW-Authenticate,Server-Authorization',
        'content-type': 'application/json; charset=utf-8' },
     body: { data: [Object] } } }
[2020-06-21T19:05:04.520] [INFO] response - { method: 'GET',
  url: '/api/users/userinfo',
  body: {},
  costTime: 1,
  response:
   { status: 401,
     message: 'Unauthorized',
     header:
      [Object: null prototype] {
        vary: 'Origin',
        'access-control-allow-origin': 'http://localhost:8080',
        'access-control-allow-credentials': 'true',
        'access-control-expose-headers': 'WWW-Authenticate,Server-Authorization',
        'content-type': 'text/plain; charset=utf-8',
        'content-length': '12' },
     body: 'Unauthorized' } }
[2020-06-21T19:05:10.190] [INFO] response - { method: 'POST',
  url: '/api/users/postlogin',
  body: { account: '1001', password: '123456' },
  costTime: 17,
  response:
   { status: 200,
     message: 'OK',
     header:
      [Object: null prototype] {
        vary: 'Origin',
        'access-control-allow-origin': 'http://localhost:8080',
        'access-control-allow-credentials': 'true',
        'access-control-expose-headers': 'WWW-Authenticate,Server-Authorization',
        'content-type': 'application/json; charset=utf-8' },
     body: { code: 1, data: [Object] } } }
[2020-06-21T19:05:10.207] [INFO] response - { method: 'GET',
  url: '/api/users/userinfo',
  body: {},
  costTime: 7,
  response:
   { status: 200,
     message: 'OK',
     header:
      [Object: null prototype] {
        vary: 'Origin',
        'access-control-allow-origin': 'http://localhost:8080',
        'access-control-allow-credentials': 'true',
        'access-control-expose-headers': 'WWW-Authenticate,Server-Authorization',
        'content-type': 'application/json; charset=utf-8' },
     body: { data: [Object] } } }
[2020-06-21T19:05:10.306] [INFO] response - { method: 'GET',
  url: '/api/announces/announceinfo',
  body: {},
  costTime: 16,
  response:
   { status: 200,
     message: 'OK',
     header:
      [Object: null prototype] {
        vary: 'Origin',
        'access-control-allow-origin': 'http://localhost:8080',
        'access-control-allow-credentials': 'true',
        'access-control-expose-headers': 'WWW-Authenticate,Server-Authorization',
        'content-type': 'application/json; charset=utf-8' },
     body: { data: [Array] } } }
[2020-06-21T19:05:11.990] [INFO] response - { method: 'GET',
  url: '/api/users/userinfo',
  body: {},
  costTime: 7,
  response:
   { status: 200,
     message: 'OK',
     header:
      [Object: null prototype] {
        vary: 'Origin',
        'access-control-allow-origin': 'http://localhost:8080',
        'access-control-allow-credentials': 'true',
        'access-control-expose-headers': 'WWW-Authenticate,Server-Authorization',
        'content-type': 'application/json; charset=utf-8' },
     body: { data: [Object] } } }
[2020-06-21T19:05:13.106] [INFO] response - { method: 'GET',
  url: '/api/users/userinfo',
  body: {},
  costTime: 6,
  response:
   { status: 200,
     message: 'OK',
     header:
      [Object: null prototype] {
        vary: 'Origin',
        'access-control-allow-origin': 'http://localhost:8080',
        'access-control-allow-credentials': 'true',
        'access-control-expose-headers': 'WWW-Authenticate,Server-Authorization',
        'content-type': 'application/json; charset=utf-8' },
     body: { data: [Object] } } }
[2020-06-21T19:05:13.184] [INFO] response - { method: 'GET',
  url: '/api/teams/useractivityinfo',
  body: {},
  costTime: 14,
  response:
   { status: 200,
     message: 'OK',
     header:
      [Object: null prototype] {
        vary: 'Origin',
        'access-control-allow-origin': 'http://localhost:8080',
        'access-control-allow-credentials': 'true',
        'access-control-expose-headers': 'WWW-Authenticate,Server-Authorization',
        'content-type': 'application/json; charset=utf-8' },
     body: { data: [Array] } } }
[2020-06-21T19:05:14.761] [INFO] response - { method: 'GET',
  url: '/api/users/userinfo',
  body: {},
  costTime: 9,
  response:
   { status: 200,
     message: 'OK',
     header:
      [Object: null prototype] {
        vary: 'Origin',
        'access-control-allow-origin': 'http://localhost:8080',
        'access-control-allow-credentials': 'true',
        'access-control-expose-headers': 'WWW-Authenticate,Server-Authorization',
        'content-type': 'application/json; charset=utf-8' },
     body: { data: [Object] } } }
[2020-06-21T19:05:14.847] [INFO] response - { method: 'GET',
  url: '/api/teams/getTask?id=24',
  body: {},
  costTime: 14,
  response:
   { status: 200,
     message: 'OK',
     header:
      [Object: null prototype] {
        vary: 'Origin',
        'access-control-allow-origin': 'http://localhost:8080',
        'access-control-allow-credentials': 'true',
        'access-control-expose-headers': 'WWW-Authenticate,Server-Authorization',
        'content-type': 'application/json; charset=utf-8' },
     body: { data: [Array] } } }
[2020-06-21T21:31:30.251] [INFO] response - { method: 'GET',
  url: '/api/teams/getTask?id=24',
  body: {},
  costTime: 1,
  response:
   { status: 401,
     message: 'Unauthorized',
     header:
      [Object: null prototype] {
        vary: 'Origin',
        'access-control-allow-origin': 'http://localhost:8080',
        'access-control-allow-credentials': 'true',
        'access-control-expose-headers': 'WWW-Authenticate,Server-Authorization',
        'content-type': 'text/plain; charset=utf-8',
        'content-length': '12' },
     body: 'Unauthorized' } }
[2020-06-21T21:34:06.848] [INFO] response - { method: 'GET',
  url: '/api/users/userinfo',
  body: {},
  costTime: 1,
  response:
   { status: 401,
     message: 'Unauthorized',
     header:
      [Object: null prototype] {
        vary: 'Origin',
        'access-control-allow-origin': 'http://localhost:8080',
        'access-control-allow-credentials': 'true',
        'access-control-expose-headers': 'WWW-Authenticate,Server-Authorization',
        'content-type': 'text/plain; charset=utf-8',
        'content-length': '12' },
     body: 'Unauthorized' } }
[2020-06-21T21:34:20.476] [INFO] response - { method: 'POST',
  url: '/api/users/postlogin',
  body: { account: '1001', password: '123456' },
  costTime: 752,
  response:
   { status: 200,
     message: 'OK',
     header:
      [Object: null prototype] {
        vary: 'Origin',
        'access-control-allow-origin': 'http://localhost:8080',
        'access-control-allow-credentials': 'true',
        'access-control-expose-headers': 'WWW-Authenticate,Server-Authorization',
        'content-type': 'application/json; charset=utf-8' },
     body: { code: 1, data: [Object] } } }
[2020-06-21T21:34:20.500] [INFO] response - { method: 'GET',
  url: '/api/users/userinfo',
  body: {},
  costTime: 7,
  response:
   { status: 200,
     message: 'OK',
     header:
      [Object: null prototype] {
        vary: 'Origin',
        'access-control-allow-origin': 'http://localhost:8080',
        'access-control-allow-credentials': 'true',
        'access-control-expose-headers': 'WWW-Authenticate,Server-Authorization',
        'content-type': 'application/json; charset=utf-8' },
     body: { data: [Object] } } }
[2020-06-21T21:34:20.616] [INFO] response - { method: 'GET',
  url: '/api/announces/announceinfo',
  body: {},
  costTime: 9,
  response:
   { status: 200,
     message: 'OK',
     header:
      [Object: null prototype] {
        vary: 'Origin',
        'access-control-allow-origin': 'http://localhost:8080',
        'access-control-allow-credentials': 'true',
        'access-control-expose-headers': 'WWW-Authenticate,Server-Authorization',
        'content-type': 'application/json; charset=utf-8' },
     body: { data: [Array] } } }
[2020-06-21T21:34:23.885] [INFO] response - { method: 'GET',
  url: '/api/users/userinfo',
  body: {},
  costTime: 6,
  response:
   { status: 200,
     message: 'OK',
     header:
      [Object: null prototype] {
        vary: 'Origin',
        'access-control-allow-origin': 'http://localhost:8080',
        'access-control-allow-credentials': 'true',
        'access-control-expose-headers': 'WWW-Authenticate,Server-Authorization',
        'content-type': 'application/json; charset=utf-8' },
     body: { data: [Object] } } }
[2020-06-21T21:34:23.997] [INFO] response - { method: 'GET',
  url: '/api/announces/getOneAnnounce?id=4',
  body: {},
  costTime: 28,
  response:
   { status: 200,
     message: 'OK',
     header:
      [Object: null prototype] {
        vary: 'Origin',
        'access-control-allow-origin': 'http://localhost:8080',
        'access-control-allow-credentials': 'true',
        'access-control-expose-headers': 'WWW-Authenticate,Server-Authorization',
        'content-type': 'application/json; charset=utf-8' },
     body: { data: [announce] } } }
[2020-06-21T21:34:24.003] [INFO] response - { method: 'GET',
  url: '/api/teams/activityinfo?id=4',
  body: {},
  costTime: 28,
  response:
   { status: 200,
     message: 'OK',
     header:
      [Object: null prototype] {
        vary: 'Origin',
        'access-control-allow-origin': 'http://localhost:8080',
        'access-control-allow-credentials': 'true',
        'access-control-expose-headers': 'WWW-Authenticate,Server-Authorization',
        'content-type': 'application/json; charset=utf-8' },
     body: { data: [Array] } } }
[2020-06-21T21:34:26.702] [INFO] response - { method: 'GET',
  url: '/api/users/userinfo',
  body: {},
  costTime: 27,
  response:
   { status: 200,
     message: 'OK',
     header:
      [Object: null prototype] {
        vary: 'Origin',
        'access-control-allow-origin': 'http://localhost:8080',
        'access-control-allow-credentials': 'true',
        'access-control-expose-headers': 'WWW-Authenticate,Server-Authorization',
        'content-type': 'application/json; charset=utf-8' },
     body: { data: [Object] } } }
[2020-06-21T21:34:26.914] [INFO] response - { method: 'GET',
  url: '/api/announces/announceinfo',
  body: {},
  costTime: 8,
  response:
   { status: 200,
     message: 'OK',
     header:
      [Object: null prototype] {
        vary: 'Origin',
        'access-control-allow-origin': 'http://localhost:8080',
        'access-control-allow-credentials': 'true',
        'access-control-expose-headers': 'WWW-Authenticate,Server-Authorization',
        'content-type': 'application/json; charset=utf-8' },
     body: { data: [Array] } } }
[2020-06-21T21:34:28.523] [INFO] response - { method: 'GET',
  url: '/api/users/userinfo',
  body: {},
  costTime: 15,
  response:
   { status: 200,
     message: 'OK',
     header:
      [Object: null prototype] {
        vary: 'Origin',
        'access-control-allow-origin': 'http://localhost:8080',
        'access-control-allow-credentials': 'true',
        'access-control-expose-headers': 'WWW-Authenticate,Server-Authorization',
        'content-type': 'application/json; charset=utf-8' },
     body: { data: [Object] } } }
[2020-06-21T21:34:30.158] [INFO] response - { method: 'GET',
  url: '/api/users/userinfo',
  body: {},
  costTime: 6,
  response:
   { status: 200,
     message: 'OK',
     header:
      [Object: null prototype] {
        vary: 'Origin',
        'access-control-allow-origin': 'http://localhost:8080',
        'access-control-allow-credentials': 'true',
        'access-control-expose-headers': 'WWW-Authenticate,Server-Authorization',
        'content-type': 'application/json; charset=utf-8' },
     body: { data: [Object] } } }
[2020-06-21T21:34:30.410] [INFO] response - { method: 'GET',
  url: '/api/teams/useractivityinfo',
  body: {},
  costTime: 12,
  response:
   { status: 200,
     message: 'OK',
     header:
      [Object: null prototype] {
        vary: 'Origin',
        'access-control-allow-origin': 'http://localhost:8080',
        'access-control-allow-credentials': 'true',
        'access-control-expose-headers': 'WWW-Authenticate,Server-Authorization',
        'content-type': 'application/json; charset=utf-8' },
     body: { data: [Array] } } }
[2020-06-21T21:34:32.771] [INFO] response - { method: 'GET',
  url: '/api/users/userinfo',
  body: {},
  costTime: 11,
  response:
   { status: 200,
     message: 'OK',
     header:
      [Object: null prototype] {
        vary: 'Origin',
        'access-control-allow-origin': 'http://localhost:8080',
        'access-control-allow-credentials': 'true',
        'access-control-expose-headers': 'WWW-Authenticate,Server-Authorization',
        'content-type': 'application/json; charset=utf-8' },
     body: { data: [Object] } } }
[2020-06-21T21:35:31.047] [INFO] response - { method: 'GET',
  url: '/api/teams/getTask?id=24',
  body: {},
  costTime: 115,
  response:
   { status: 200,
     message: 'OK',
     header:
      [Object: null prototype] {
        vary: 'Origin',
        'access-control-allow-origin': 'http://localhost:8080',
        'access-control-allow-credentials': 'true',
        'access-control-expose-headers': 'WWW-Authenticate,Server-Authorization',
        'content-type': 'application/json; charset=utf-8' },
     body: { data: [Array] } } }
[2020-06-21T21:35:35.470] [INFO] response - { method: 'GET',
  url: '/api/users/userinfo',
  body: {},
  costTime: 7,
  response:
   { status: 200,
     message: 'OK',
     header:
      [Object: null prototype] {
        vary: 'Origin',
        'access-control-allow-origin': 'http://localhost:8080',
        'access-control-allow-credentials': 'true',
        'access-control-expose-headers': 'WWW-Authenticate,Server-Authorization',
        'content-type': 'application/json; charset=utf-8' },
     body: { data: [Object] } } }
[2020-06-21T21:35:35.841] [INFO] response - { method: 'GET',
  url: '/api/users/userinfo',
  body: {},
  costTime: 8,
  response:
   { status: 200,
     message: 'OK',
     header:
      [Object: null prototype] {
        vary: 'Origin',
        'access-control-allow-origin': 'http://localhost:8080',
        'access-control-allow-credentials': 'true',
        'access-control-expose-headers': 'WWW-Authenticate,Server-Authorization',
        'content-type': 'application/json; charset=utf-8' },
     body: { data: [Object] } } }
[2020-06-21T21:35:35.864] [INFO] response - { method: 'GET',
  url: '/api/teams/useractivityinfo',
  body: {},
  costTime: 16,
  response:
   { status: 200,
     message: 'OK',
     header:
      [Object: null prototype] {
        vary: 'Origin',
        'access-control-allow-origin': 'http://localhost:8080',
        'access-control-allow-credentials': 'true',
        'access-control-expose-headers': 'WWW-Authenticate,Server-Authorization',
        'content-type': 'application/json; charset=utf-8' },
     body: { data: [Array] } } }
[2020-06-21T21:35:38.665] [INFO] response - { method: 'GET',
  url: '/api/users/userinfo',
  body: {},
  costTime: 7,
  response:
   { status: 200,
     message: 'OK',
     header:
      [Object: null prototype] {
        vary: 'Origin',
        'access-control-allow-origin': 'http://localhost:8080',
        'access-control-allow-credentials': 'true',
        'access-control-expose-headers': 'WWW-Authenticate,Server-Authorization',
        'content-type': 'application/json; charset=utf-8' },
     body: { data: [Object] } } }
[2020-06-21T21:35:38.919] [INFO] response - { method: 'GET',
  url: '/api/teams/getTask?id=24',
  body: {},
  costTime: 9,
  response:
   { status: 200,
     message: 'OK',
     header:
      [Object: null prototype] {
        vary: 'Origin',
        'access-control-allow-origin': 'http://localhost:8080',
        'access-control-allow-credentials': 'true',
        'access-control-expose-headers': 'WWW-Authenticate,Server-Authorization',
        'content-type': 'application/json; charset=utf-8' },
     body: { data: [Array] } } }
[2020-06-21T21:36:10.148] [INFO] response - { method: 'GET',
  url: '/api/users/userinfo',
  body: {},
  costTime: 48,
  response:
   { status: 200,
     message: 'OK',
     header:
      [Object: null prototype] {
        vary: 'Origin',
        'access-control-allow-origin': 'http://localhost:8080',
        'access-control-allow-credentials': 'true',
        'access-control-expose-headers': 'WWW-Authenticate,Server-Authorization',
        'content-type': 'application/json; charset=utf-8' },
     body: { data: [Object] } } }
[2020-06-21T21:36:12.257] [INFO] response - { method: 'GET',
  url: '/api/users/userinfo',
  body: {},
  costTime: 9,
  response:
   { status: 200,
     message: 'OK',
     header:
      [Object: null prototype] {
        vary: 'Origin',
        'access-control-allow-origin': 'http://localhost:8080',
        'access-control-allow-credentials': 'true',
        'access-control-expose-headers': 'WWW-Authenticate,Server-Authorization',
        'content-type': 'application/json; charset=utf-8' },
     body: { data: [Object] } } }
[2020-06-21T21:36:12.334] [INFO] response - { method: 'GET',
  url: '/api/teams/useractivityinfo',
  body: {},
  costTime: 17,
  response:
   { status: 200,
     message: 'OK',
     header:
      [Object: null prototype] {
        vary: 'Origin',
        'access-control-allow-origin': 'http://localhost:8080',
        'access-control-allow-credentials': 'true',
        'access-control-expose-headers': 'WWW-Authenticate,Server-Authorization',
        'content-type': 'application/json; charset=utf-8' },
     body: { data: [Array] } } }
[2020-06-21T21:36:13.927] [INFO] response - { method: 'GET',
  url: '/api/users/userinfo',
  body: {},
  costTime: 14,
  response:
   { status: 200,
     message: 'OK',
     header:
      [Object: null prototype] {
        vary: 'Origin',
        'access-control-allow-origin': 'http://localhost:8080',
        'access-control-allow-credentials': 'true',
        'access-control-expose-headers': 'WWW-Authenticate,Server-Authorization',
        'content-type': 'application/json; charset=utf-8' },
     body: { data: [Object] } } }
[2020-06-21T21:36:14.073] [INFO] response - { method: 'GET',
  url: '/api/teams/getTask?id=24',
  body: {},
  costTime: 7,
  response:
   { status: 200,
     message: 'OK',
     header:
      [Object: null prototype] {
        vary: 'Origin',
        'access-control-allow-origin': 'http://localhost:8080',
        'access-control-allow-credentials': 'true',
        'access-control-expose-headers': 'WWW-Authenticate,Server-Authorization',
        'content-type': 'application/json; charset=utf-8' },
     body: { data: [Array] } } }
[2020-06-21T21:38:52.204] [INFO] response - { method: 'GET',
  url: '/api/teams/getTask?id=24',
  body: {},
  costTime: 11,
  response:
   { status: 200,
     message: 'OK',
     header:
      [Object: null prototype] {
        vary: 'Origin',
        'access-control-allow-origin': 'http://localhost:8080',
        'access-control-allow-credentials': 'true',
        'access-control-expose-headers': 'WWW-Authenticate,Server-Authorization',
        'content-type': 'application/json; charset=utf-8' },
     body: { data: [Array] } } }
[2020-06-21T21:38:56.919] [INFO] response - { method: 'GET',
  url: '/api/users/userinfo',
  body: {},
  costTime: 9,
  response:
   { status: 200,
     message: 'OK',
     header:
      [Object: null prototype] {
        vary: 'Origin',
        'access-control-allow-origin': 'http://localhost:8080',
        'access-control-allow-credentials': 'true',
        'access-control-expose-headers': 'WWW-Authenticate,Server-Authorization',
        'content-type': 'application/json; charset=utf-8' },
     body: { data: [Object] } } }
[2020-06-21T21:38:59.057] [INFO] response - { method: 'GET',
  url: '/api/users/userinfo',
  body: {},
  costTime: 7,
  response:
   { status: 200,
     message: 'OK',
     header:
      [Object: null prototype] {
        vary: 'Origin',
        'access-control-allow-origin': 'http://localhost:8080',
        'access-control-allow-credentials': 'true',
        'access-control-expose-headers': 'WWW-Authenticate,Server-Authorization',
        'content-type': 'application/json; charset=utf-8' },
     body: { data: [Object] } } }
[2020-06-21T21:38:59.129] [INFO] response - { method: 'GET',
  url: '/api/teams/useractivityinfo',
  body: {},
  costTime: 11,
  response:
   { status: 200,
     message: 'OK',
     header:
      [Object: null prototype] {
        vary: 'Origin',
        'access-control-allow-origin': 'http://localhost:8080',
        'access-control-allow-credentials': 'true',
        'access-control-expose-headers': 'WWW-Authenticate,Server-Authorization',
        'content-type': 'application/json; charset=utf-8' },
     body: { data: [Array] } } }
[2020-06-21T21:39:00.743] [INFO] response - { method: 'GET',
  url: '/api/users/userinfo',
  body: {},
  costTime: 7,
  response:
   { status: 200,
     message: 'OK',
     header:
      [Object: null prototype] {
        vary: 'Origin',
        'access-control-allow-origin': 'http://localhost:8080',
        'access-control-allow-credentials': 'true',
        'access-control-expose-headers': 'WWW-Authenticate,Server-Authorization',
        'content-type': 'application/json; charset=utf-8' },
     body: { data: [Object] } } }
[2020-06-21T21:39:00.845] [INFO] response - { method: 'GET',
  url: '/api/teams/getTask?id=24',
  body: {},
  costTime: 10,
  response:
   { status: 200,
     message: 'OK',
     header:
      [Object: null prototype] {
        vary: 'Origin',
        'access-control-allow-origin': 'http://localhost:8080',
        'access-control-allow-credentials': 'true',
        'access-control-expose-headers': 'WWW-Authenticate,Server-Authorization',
        'content-type': 'application/json; charset=utf-8' },
     body: { data: [Array] } } }
[2020-06-21T21:48:29.911] [INFO] response - { method: 'GET',
  url: '/api/teams/getTask?id=24',
  body: {},
  costTime: 15,
  response:
   { status: 200,
     message: 'OK',
     header:
      [Object: null prototype] {
        vary: 'Origin',
        'access-control-allow-origin': 'http://localhost:8080',
        'access-control-allow-credentials': 'true',
        'access-control-expose-headers': 'WWW-Authenticate,Server-Authorization',
        'content-type': 'application/json; charset=utf-8' },
     body: { data: [Array] } } }
[2020-06-21T21:49:02.442] [INFO] response - { method: 'GET',
  url: '/api/teams/getTask?id=24',
  body: {},
  costTime: 10,
  response:
   { status: 200,
     message: 'OK',
     header:
      [Object: null prototype] {
        vary: 'Origin',
        'access-control-allow-origin': 'http://localhost:8080',
        'access-control-allow-credentials': 'true',
        'access-control-expose-headers': 'WWW-Authenticate,Server-Authorization',
        'content-type': 'application/json; charset=utf-8' },
     body: { data: [Array] } } }
[2020-06-21T21:49:07.061] [INFO] response - { method: 'GET',
  url: '/api/users/userinfo',
  body: {},
  costTime: 6,
  response:
   { status: 200,
     message: 'OK',
     header:
      [Object: null prototype] {
        vary: 'Origin',
        'access-control-allow-origin': 'http://localhost:8080',
        'access-control-allow-credentials': 'true',
        'access-control-expose-headers': 'WWW-Authenticate,Server-Authorization',
        'content-type': 'application/json; charset=utf-8' },
     body: { data: [Object] } } }
[2020-06-21T21:49:08.538] [INFO] response - { method: 'GET',
  url: '/api/users/userinfo',
  body: {},
  costTime: 7,
  response:
   { status: 200,
     message: 'OK',
     header:
      [Object: null prototype] {
        vary: 'Origin',
        'access-control-allow-origin': 'http://localhost:8080',
        'access-control-allow-credentials': 'true',
        'access-control-expose-headers': 'WWW-Authenticate,Server-Authorization',
        'content-type': 'application/json; charset=utf-8' },
     body: { data: [Object] } } }
[2020-06-21T21:49:08.565] [INFO] response - { method: 'GET',
  url: '/api/teams/useractivityinfo',
  body: {},
  costTime: 24,
  response:
   { status: 200,
     message: 'OK',
     header:
      [Object: null prototype] {
        vary: 'Origin',
        'access-control-allow-origin': 'http://localhost:8080',
        'access-control-allow-credentials': 'true',
        'access-control-expose-headers': 'WWW-Authenticate,Server-Authorization',
        'content-type': 'application/json; charset=utf-8' },
     body: { data: [Array] } } }
[2020-06-21T21:49:10.277] [INFO] response - { method: 'GET',
  url: '/api/users/userinfo',
  body: {},
  costTime: 5,
  response:
   { status: 200,
     message: 'OK',
     header:
      [Object: null prototype] {
        vary: 'Origin',
        'access-control-allow-origin': 'http://localhost:8080',
        'access-control-allow-credentials': 'true',
        'access-control-expose-headers': 'WWW-Authenticate,Server-Authorization',
        'content-type': 'application/json; charset=utf-8' },
     body: { data: [Object] } } }
[2020-06-21T21:49:10.545] [INFO] response - { method: 'GET',
  url: '/api/teams/getTask?id=24',
  body: {},
  costTime: 11,
  response:
   { status: 200,
     message: 'OK',
     header:
      [Object: null prototype] {
        vary: 'Origin',
        'access-control-allow-origin': 'http://localhost:8080',
        'access-control-allow-credentials': 'true',
        'access-control-expose-headers': 'WWW-Authenticate,Server-Authorization',
        'content-type': 'application/json; charset=utf-8' },
     body: { data: [Array] } } }
[2020-06-21T21:49:35.904] [INFO] response - { method: 'GET',
  url: '/api/teams/getTask?id=24',
  body: {},
  costTime: 11,
  response:
   { status: 200,
     message: 'OK',
     header:
      [Object: null prototype] {
        vary: 'Origin',
        'access-control-allow-origin': 'http://localhost:8080',
        'access-control-allow-credentials': 'true',
        'access-control-expose-headers': 'WWW-Authenticate,Server-Authorization',
        'content-type': 'application/json; charset=utf-8' },
     body: { data: [Array] } } }
[2020-06-21T21:49:42.361] [INFO] response - { method: 'GET',
  url: '/api/users/userinfo',
  body: {},
  costTime: 7,
  response:
   { status: 200,
     message: 'OK',
     header:
      [Object: null prototype] {
        vary: 'Origin',
        'access-control-allow-origin': 'http://localhost:8080',
        'access-control-allow-credentials': 'true',
        'access-control-expose-headers': 'WWW-Authenticate,Server-Authorization',
        'content-type': 'application/json; charset=utf-8' },
     body: { data: [Object] } } }
[2020-06-21T21:49:42.724] [INFO] response - { method: 'GET',
  url: '/api/users/userinfo',
  body: {},
  costTime: 7,
  response:
   { status: 200,
     message: 'OK',
     header:
      [Object: null prototype] {
        vary: 'Origin',
        'access-control-allow-origin': 'http://localhost:8080',
        'access-control-allow-credentials': 'true',
        'access-control-expose-headers': 'WWW-Authenticate,Server-Authorization',
        'content-type': 'application/json; charset=utf-8' },
     body: { data: [Object] } } }
[2020-06-21T21:49:42.751] [INFO] response - { method: 'GET',
  url: '/api/teams/useractivityinfo',
  body: {},
  costTime: 18,
  response:
   { status: 200,
     message: 'OK',
     header:
      [Object: null prototype] {
        vary: 'Origin',
        'access-control-allow-origin': 'http://localhost:8080',
        'access-control-allow-credentials': 'true',
        'access-control-expose-headers': 'WWW-Authenticate,Server-Authorization',
        'content-type': 'application/json; charset=utf-8' },
     body: { data: [Array] } } }
[2020-06-21T21:49:44.317] [INFO] response - { method: 'GET',
  url: '/api/users/userinfo',
  body: {},
  costTime: 4,
  response:
   { status: 200,
     message: 'OK',
     header:
      [Object: null prototype] {
        vary: 'Origin',
        'access-control-allow-origin': 'http://localhost:8080',
        'access-control-allow-credentials': 'true',
        'access-control-expose-headers': 'WWW-Authenticate,Server-Authorization',
        'content-type': 'application/json; charset=utf-8' },
     body: { data: [Object] } } }
[2020-06-21T21:49:44.430] [INFO] response - { method: 'GET',
  url: '/api/teams/getTask?id=24',
  body: {},
  costTime: 7,
  response:
   { status: 200,
     message: 'OK',
     header:
      [Object: null prototype] {
        vary: 'Origin',
        'access-control-allow-origin': 'http://localhost:8080',
        'access-control-allow-credentials': 'true',
        'access-control-expose-headers': 'WWW-Authenticate,Server-Authorization',
        'content-type': 'application/json; charset=utf-8' },
     body: { data: [Array] } } }
[2020-06-21T21:50:17.526] [INFO] response - { method: 'GET',
  url: '/api/users/userinfo',
  body: {},
  costTime: 9,
  response:
   { status: 200,
     message: 'OK',
     header:
      [Object: null prototype] {
        vary: 'Origin',
        'access-control-allow-origin': 'http://localhost:8080',
        'access-control-allow-credentials': 'true',
        'access-control-expose-headers': 'WWW-Authenticate,Server-Authorization',
        'content-type': 'application/json; charset=utf-8' },
     body: { data: [Object] } } }
[2020-06-21T21:50:17.921] [INFO] response - { method: 'GET',
  url: '/api/users/userinfo',
  body: {},
  costTime: 14,
  response:
   { status: 200,
     message: 'OK',
     header:
      [Object: null prototype] {
        vary: 'Origin',
        'access-control-allow-origin': 'http://localhost:8080',
        'access-control-allow-credentials': 'true',
        'access-control-expose-headers': 'WWW-Authenticate,Server-Authorization',
        'content-type': 'application/json; charset=utf-8' },
     body: { data: [Object] } } }
[2020-06-21T21:50:17.926] [INFO] response - { method: 'GET',
  url: '/api/teams/useractivityinfo',
  body: {},
  costTime: 23,
  response:
   { status: 200,
     message: 'OK',
     header:
      [Object: null prototype] {
        vary: 'Origin',
        'access-control-allow-origin': 'http://localhost:8080',
        'access-control-allow-credentials': 'true',
        'access-control-expose-headers': 'WWW-Authenticate,Server-Authorization',
        'content-type': 'application/json; charset=utf-8' },
     body: { data: [Array] } } }
[2020-06-21T21:50:21.095] [INFO] response - { method: 'GET',
  url: '/api/users/userinfo',
  body: {},
  costTime: 7,
  response:
   { status: 200,
     message: 'OK',
     header:
      [Object: null prototype] {
        vary: 'Origin',
        'access-control-allow-origin': 'http://localhost:8080',
        'access-control-allow-credentials': 'true',
        'access-control-expose-headers': 'WWW-Authenticate,Server-Authorization',
        'content-type': 'application/json; charset=utf-8' },
     body: { data: [Object] } } }
[2020-06-21T21:50:21.225] [INFO] response - { method: 'GET',
  url: '/api/teams/getTask?id=24',
  body: {},
  costTime: 8,
  response:
   { status: 200,
     message: 'OK',
     header:
      [Object: null prototype] {
        vary: 'Origin',
        'access-control-allow-origin': 'http://localhost:8080',
        'access-control-allow-credentials': 'true',
        'access-control-expose-headers': 'WWW-Authenticate,Server-Authorization',
        'content-type': 'application/json; charset=utf-8' },
     body: { data: [Array] } } }
[2020-06-21T21:53:11.285] [INFO] response - { method: 'GET',
  url: '/api/users/userinfo',
  body: {},
  costTime: 29,
  response:
   { status: 200,
     message: 'OK',
     header:
      [Object: null prototype] {
        vary: 'Origin',
        'access-control-allow-origin': 'http://localhost:8080',
        'access-control-allow-credentials': 'true',
        'access-control-expose-headers': 'WWW-Authenticate,Server-Authorization',
        'content-type': 'application/json; charset=utf-8' },
     body: { data: [Object] } } }
[2020-06-21T21:53:11.892] [INFO] response - { method: 'GET',
  url: '/api/users/userinfo',
  body: {},
  costTime: 23,
  response:
   { status: 200,
     message: 'OK',
     header:
      [Object: null prototype] {
        vary: 'Origin',
        'access-control-allow-origin': 'http://localhost:8080',
        'access-control-allow-credentials': 'true',
        'access-control-expose-headers': 'WWW-Authenticate,Server-Authorization',
        'content-type': 'application/json; charset=utf-8' },
     body: { data: [Object] } } }
[2020-06-21T21:53:11.904] [INFO] response - { method: 'GET',
  url: '/api/teams/useractivityinfo',
  body: {},
  costTime: 40,
  response:
   { status: 200,
     message: 'OK',
     header:
      [Object: null prototype] {
        vary: 'Origin',
        'access-control-allow-origin': 'http://localhost:8080',
        'access-control-allow-credentials': 'true',
        'access-control-expose-headers': 'WWW-Authenticate,Server-Authorization',
        'content-type': 'application/json; charset=utf-8' },
     body: { data: [Array] } } }
[2020-06-21T21:53:13.662] [INFO] response - { method: 'GET',
  url: '/api/users/userinfo',
  body: {},
  costTime: 10,
  response:
   { status: 200,
     message: 'OK',
     header:
      [Object: null prototype] {
        vary: 'Origin',
        'access-control-allow-origin': 'http://localhost:8080',
        'access-control-allow-credentials': 'true',
        'access-control-expose-headers': 'WWW-Authenticate,Server-Authorization',
        'content-type': 'application/json; charset=utf-8' },
     body: { data: [Object] } } }
[2020-06-21T21:53:13.801] [INFO] response - { method: 'GET',
  url: '/api/teams/getTask?id=24',
  body: {},
  costTime: 11,
  response:
   { status: 200,
     message: 'OK',
     header:
      [Object: null prototype] {
        vary: 'Origin',
        'access-control-allow-origin': 'http://localhost:8080',
        'access-control-allow-credentials': 'true',
        'access-control-expose-headers': 'WWW-Authenticate,Server-Authorization',
        'content-type': 'application/json; charset=utf-8' },
     body: { data: [Array] } } }
[2020-06-21T21:55:35.347] [INFO] response - { method: 'GET',
  url: '/api/teams/getTask?id=24',
  body: {},
  costTime: 46,
  response:
   { status: 200,
     message: 'OK',
     header:
      [Object: null prototype] {
        vary: 'Origin',
        'access-control-allow-origin': 'http://localhost:8080',
        'access-control-allow-credentials': 'true',
        'access-control-expose-headers': 'WWW-Authenticate,Server-Authorization',
        'content-type': 'application/json; charset=utf-8' },
     body: { data: [Array] } } }
[2020-06-21T21:56:15.494] [INFO] response - { method: 'GET',
  url: '/api/teams/getTask?id=24',
  body: {},
  costTime: 13,
  response:
   { status: 200,
     message: 'OK',
     header:
      [Object: null prototype] {
        vary: 'Origin',
        'access-control-allow-origin': 'http://localhost:8080',
        'access-control-allow-credentials': 'true',
        'access-control-expose-headers': 'WWW-Authenticate,Server-Authorization',
        'content-type': 'application/json; charset=utf-8' },
     body: { data: [Array] } } }
[2020-06-21T22:03:18.578] [INFO] response - { method: 'GET',
  url: '/api/teams/getTask?id=24',
  body: {},
  costTime: 90,
  response:
   { status: 200,
     message: 'OK',
     header:
      [Object: null prototype] {
        vary: 'Origin',
        'access-control-allow-origin': 'http://localhost:8080',
        'access-control-allow-credentials': 'true',
        'access-control-expose-headers': 'WWW-Authenticate,Server-Authorization',
        'content-type': 'application/json; charset=utf-8' },
     body: { data: [Array] } } }
[2020-06-21T22:07:42.411] [INFO] response - { method: 'GET',
  url: '/api/teams/getTask?id=24',
  body: {},
  costTime: 257,
  response:
   { status: 200,
     message: 'OK',
     header:
      [Object: null prototype] {
        vary: 'Origin',
        'access-control-allow-origin': 'http://localhost:8080',
        'access-control-allow-credentials': 'true',
        'access-control-expose-headers': 'WWW-Authenticate,Server-Authorization',
        'content-type': 'application/json; charset=utf-8' },
     body: { data: [Array] } } }
[2020-06-21T22:10:31.108] [INFO] response - { method: 'GET',
  url: '/api/teams/getTask?id=24',
  body: {},
  costTime: 38,
  response:
   { status: 200,
     message: 'OK',
     header:
      [Object: null prototype] {
        vary: 'Origin',
        'access-control-allow-origin': 'http://localhost:8080',
        'access-control-allow-credentials': 'true',
        'access-control-expose-headers': 'WWW-Authenticate,Server-Authorization',
        'content-type': 'application/json; charset=utf-8' },
     body: { data: [Array] } } }
[2020-06-21T22:13:57.329] [INFO] response - { method: 'GET',
  url: '/api/teams/getTask?id=24',
  body: {},
  costTime: 165,
  response:
   { status: 200,
     message: 'OK',
     header:
      [Object: null prototype] {
        vary: 'Origin',
        'access-control-allow-origin': 'http://localhost:8080',
        'access-control-allow-credentials': 'true',
        'access-control-expose-headers': 'WWW-Authenticate,Server-Authorization',
        'content-type': 'application/json; charset=utf-8' },
     body: { data: [Array] } } }
[2020-06-21T22:16:00.995] [INFO] response - { method: 'GET',
  url: '/api/teams/getTask?id=24',
  body: {},
  costTime: 29,
  response:
   { status: 200,
     message: 'OK',
     header:
      [Object: null prototype] {
        vary: 'Origin',
        'access-control-allow-origin': 'http://localhost:8080',
        'access-control-allow-credentials': 'true',
        'access-control-expose-headers': 'WWW-Authenticate,Server-Authorization',
        'content-type': 'application/json; charset=utf-8' },
     body: { data: [Array] } } }
[2020-06-21T22:17:43.172] [INFO] response - { method: 'GET',
  url: '/api/teams/getTask?id=24',
  body: {},
  costTime: 104,
  response:
   { status: 200,
     message: 'OK',
     header:
      [Object: null prototype] {
        vary: 'Origin',
        'access-control-allow-origin': 'http://localhost:8080',
        'access-control-allow-credentials': 'true',
        'access-control-expose-headers': 'WWW-Authenticate,Server-Authorization',
        'content-type': 'application/json; charset=utf-8' },
     body: { data: [Array] } } }
[2020-06-21T22:18:43.018] [INFO] response - { method: 'GET',
  url: '/api/teams/getTask?id=24',
  body: {},
  costTime: 12,
  response:
   { status: 200,
     message: 'OK',
     header:
      [Object: null prototype] {
        vary: 'Origin',
        'access-control-allow-origin': 'http://localhost:8080',
        'access-control-allow-credentials': 'true',
        'access-control-expose-headers': 'WWW-Authenticate,Server-Authorization',
        'content-type': 'application/json; charset=utf-8' },
     body: { data: [Array] } } }
