[2019-12-23T00:09:11.798] [INFO] response - { method: 'GET',
  url: '/api/users/userinfo',
  body: {},
  costTime: 14,
  response:
   { status: 200,
     message: 'OK',
     header:
      [Object: null prototype] {
        vary: 'Origin',
        'access-control-allow-origin': 'http://localhost:8080',
        'access-control-allow-credentials': 'true',
        'access-control-expose-headers': 'WWW-Authenticate,Server-Authorization',
        'content-type': 'application/json; charset=utf-8' },
     body: { data: [Object] } } }
[2019-12-23T00:09:11.800] [INFO] response - { method: 'GET',
  url: '/api/users/timeinfo',
  body: {},
  costTime: 18,
  response:
   { status: 200,
     message: 'OK',
     header:
      [Object: null prototype] {
        vary: 'Origin',
        'access-control-allow-origin': 'http://localhost:8080',
        'access-control-allow-credentials': 'true',
        'access-control-expose-headers': 'WWW-Authenticate,Server-Authorization',
        'content-type': 'application/json; charset=utf-8' },
     body: { data: [Object] } } }
[2019-12-23T00:09:14.990] [INFO] response - { method: 'GET',
  url: '/api/users/userinfo',
  body: {},
  costTime: 6,
  response:
   { status: 200,
     message: 'OK',
     header:
      [Object: null prototype] {
        vary: 'Origin',
        'access-control-allow-origin': 'http://localhost:8080',
        'access-control-allow-credentials': 'true',
        'access-control-expose-headers': 'WWW-Authenticate,Server-Authorization',
        'content-type': 'application/json; charset=utf-8' },
     body: { data: [Object] } } }
[2019-12-23T00:09:14.996] [INFO] response - { method: 'GET',
  url: '/api/users/timeinfo',
  body: {},
  costTime: 10,
  response:
   { status: 200,
     message: 'OK',
     header:
      [Object: null prototype] {
        vary: 'Origin',
        'access-control-allow-origin': 'http://localhost:8080',
        'access-control-allow-credentials': 'true',
        'access-control-expose-headers': 'WWW-Authenticate,Server-Authorization',
        'content-type': 'application/json; charset=utf-8' },
     body: { data: [Object] } } }
[2019-12-23T00:10:19.821] [INFO] response - { method: 'GET',
  url: '/api/users/userinfo',
  body: {},
  costTime: 43,
  response:
   { status: 200,
     message: 'OK',
     header:
      [Object: null prototype] {
        vary: 'Origin',
        'access-control-allow-origin': 'http://localhost:8080',
        'access-control-allow-credentials': 'true',
        'access-control-expose-headers': 'WWW-Authenticate,Server-Authorization',
        'content-type': 'application/json; charset=utf-8' },
     body: { data: [Object] } } }
[2019-12-23T00:10:19.828] [INFO] response - { method: 'GET',
  url: '/api/users/timeinfo',
  body: {},
  costTime: 56,
  response:
   { status: 200,
     message: 'OK',
     header:
      [Object: null prototype] {
        vary: 'Origin',
        'access-control-allow-origin': 'http://localhost:8080',
        'access-control-allow-credentials': 'true',
        'access-control-expose-headers': 'WWW-Authenticate,Server-Authorization',
        'content-type': 'application/json; charset=utf-8' },
     body: { data: [Object] } } }
[2019-12-23T00:43:35.614] [INFO] response - { method: 'GET',
  url: '/',
  body: {},
  costTime: 74,
  response:
   { status: 200,
     message: 'OK',
     header:
      [Object: null prototype] {
        vary: 'Origin',
        'access-control-allow-origin': 'http://localhost:8080',
        'access-control-allow-credentials': 'true',
        'access-control-expose-headers': 'WWW-Authenticate,Server-Authorization',
        'content-type': 'text/html; charset=utf-8',
        'content-length': '270' },
     body:
      '<!DOCTYPE html>\r\n<html>\r\n  <head>\r\n    <title>joint</title>\r\n    <link rel=\'stylesheet\' href=\'/stylesheets/style.css\' />\r\n  </head>\r\n  <body>      \r\n    <h1>JOINT</h1>\r\n    <p><a href="/login">登陆</a></p>\r\n    <p><a href="/register">注册</a></p>\r\n  </body>\r\n</html>' } }
[2019-12-23T00:44:00.198] [INFO] response - { method: 'GET',
  url: '/login',
  body: {},
  costTime: 304,
  response:
   { status: 200,
     message: 'OK',
     header:
      [Object: null prototype] {
        vary: 'Origin',
        'access-control-allow-origin': 'http://localhost:8080',
        'access-control-allow-credentials': 'true',
        'access-control-expose-headers': 'WWW-Authenticate,Server-Authorization',
        'content-type': 'text/html; charset=utf-8',
        'content-length': '1849' },
     body:
      '<!DOCTYPE html>\n<html>\n<head>\n    <link rel="stylesheet" href=\'/stylesheets/login.css\'>\n    <title>登陆</title>\n</head>\n<body>\n    <div class="header" id="head">\n      <div class="title">JOINt系统登陆</div>\n    </div>\n          \n    <div class="wrap" id="wrap">\n        <div class="logGet">\n                <!-- 头部提示信息 -->\n                <div class="logD logDtip">\n                    <p class="p1">登录</p>\n                </div>\n                <form action="/checkLogin" method="POST">\n                  <!-- 输入框 -->\n                  <div class="lgD">\n                      <input type="text" name="user_id"\n                          placeholder="输入id" />\n                  </div>\n                  <div class="lgD">\n                      <input type="password" name="password"\n                          placeholder="输入用户密码" />\n                  </div>\n                  <div class="logC">\n                      <button type="submit">登 录</button>\n                  </div>\n                  <!-- <div class="logC">\n                    <p>没有账号? <button href="/register">点击创建</button></p>\n                </div> -->\n                </form>\n            </div>\n      </div>\n      <div class="footer" id="foot">\n        <div class="copyright">\n          <p>Copyright © 2019 huaruan.com Inc. All Rights Reserved.</p>\n          <div class="img">\n              <i class="icon"></i><span>联系邮箱：123123@sise.com</span>\n          </div>\n          \n          <div class="img">\n              <i class="icon1"></i><span>联系地址：广州大学华软软件学院</span>\n          </div>\n            \n          <div class="img">\n            <i class="icon2"></i><span>联系电话：12345678</span>\n          </div>\n       \n       \n        </div>\n          \n      </div>\n</body>\n</html>' } }
[2019-12-23T00:44:43.082] [INFO] response - { method: 'GET',
  url: '/register',
  body: {},
  costTime: 99,
  response:
   { status: 200,
     message: 'OK',
     header:
      [Object: null prototype] {
        vary: 'Origin',
        'access-control-allow-origin': 'http://localhost:8080',
        'access-control-allow-credentials': 'true',
        'access-control-expose-headers': 'WWW-Authenticate,Server-Authorization',
        'content-type': 'text/html; charset=utf-8',
        'content-length': '1958' },
     body:
      '\r\n<!DOCTYPE html>\r\n<html>\r\n<head>\r\n    <link rel="stylesheet" href=\'/stylesheets/login.css\'>\r\n    <title>登陆</title>\r\n</head>\r\n<body>\r\n    <div class="header" id="head">\r\n      <div class="title">JOINT系统注册</div>\r\n    </div>\r\n          \r\n    <div class="wrap" id="wrap">\r\n      \r\n        <div class="logGet">\r\n                <!-- 头部提示信息 -->\r\n                <div class="logD logDtip">\r\n                    <p class="p1">注册</p>                 \r\n                </div>\r\n                <form action="/register" method="POST">\r\n                  <!-- 输入框 -->\r\n                  <div class="lgD">\r\n                      <input type="text" name="user_id"\r\n                          placeholder="输入id" />\r\n                  </div>\r\n                  <div class="lgD">\r\n                      <input type="text" name="user_name"\r\n                          placeholder="输入用户名" />\r\n                  </div>\r\n                  <div class="lgD">\r\n                    <input type="password" name="password"\r\n                        placeholder="输入用户密码" />\r\n                </div>\r\n                  <div class="logC">\r\n                      <button type="submit">注 册</button>\r\n                  </div>\r\n\r\n                </form>\r\n            </div>\r\n      </div>\r\n      <div class="footer" id="foot">\r\n        <div class="copyright">\r\n          <p>Copyright © 2019 huaruan.com Inc. All Rights Reserved.</p>\r\n          <div class="img">\r\n              <i class="icon"></i><span>联系邮箱：123123@sise.com</span>\r\n          </div>\r\n          \r\n          <div class="img">\r\n              <i class="icon1"></i><span>联系地址：广州大学华软软件学院</span>\r\n          </div>\r\n            \r\n          <div class="img">\r\n            <i class="icon2"></i><span>联系电话：12345678</span>\r\n          </div>\r\n       \r\n       \r\n        </div>\r\n          \r\n      </div>\r\n      \r\n\r\n</body>\r\n</html>' } }
[2019-12-23T00:45:26.786] [INFO] response - { method: 'GET',
  url: '/login',
  body: {},
  costTime: 3,
  response:
   { status: 200,
     message: 'OK',
     header:
      [Object: null prototype] {
        vary: 'Origin',
        'access-control-allow-origin': 'http://localhost:8080',
        'access-control-allow-credentials': 'true',
        'access-control-expose-headers': 'WWW-Authenticate,Server-Authorization',
        'content-type': 'text/html; charset=utf-8',
        'content-length': '1849' },
     body:
      '<!DOCTYPE html>\n<html>\n<head>\n    <link rel="stylesheet" href=\'/stylesheets/login.css\'>\n    <title>登陆</title>\n</head>\n<body>\n    <div class="header" id="head">\n      <div class="title">JOINt系统登陆</div>\n    </div>\n          \n    <div class="wrap" id="wrap">\n        <div class="logGet">\n                <!-- 头部提示信息 -->\n                <div class="logD logDtip">\n                    <p class="p1">登录</p>\n                </div>\n                <form action="/checkLogin" method="POST">\n                  <!-- 输入框 -->\n                  <div class="lgD">\n                      <input type="text" name="user_id"\n                          placeholder="输入id" />\n                  </div>\n                  <div class="lgD">\n                      <input type="password" name="password"\n                          placeholder="输入用户密码" />\n                  </div>\n                  <div class="logC">\n                      <button type="submit">登 录</button>\n                  </div>\n                  <!-- <div class="logC">\n                    <p>没有账号? <button href="/register">点击创建</button></p>\n                </div> -->\n                </form>\n            </div>\n      </div>\n      <div class="footer" id="foot">\n        <div class="copyright">\n          <p>Copyright © 2019 huaruan.com Inc. All Rights Reserved.</p>\n          <div class="img">\n              <i class="icon"></i><span>联系邮箱：123123@sise.com</span>\n          </div>\n          \n          <div class="img">\n              <i class="icon1"></i><span>联系地址：广州大学华软软件学院</span>\n          </div>\n            \n          <div class="img">\n            <i class="icon2"></i><span>联系电话：12345678</span>\n          </div>\n       \n       \n        </div>\n          \n      </div>\n</body>\n</html>' } }
[2019-12-23T00:45:34.824] [INFO] response - { method: 'POST',
  url: '/checkLogin',
  body: { user_id: '1001', password: '123456' },
  costTime: 11,
  response:
   { status: 302,
     message: 'Found',
     header:
      [Object: null prototype] {
        vary: 'Origin',
        'access-control-allow-origin': 'http://localhost:8080',
        'access-control-allow-credentials': 'true',
        'access-control-expose-headers': 'WWW-Authenticate,Server-Authorization',
        location: '/index',
        'content-type': 'text/html; charset=utf-8',
        'content-length': '43' },
     body: 'Redirecting to <a href="/index">/index</a>.' } }
[2019-12-23T00:45:35.506] [INFO] response - { method: 'GET',
  url: '/index',
  body: {},
  costTime: 5,
  response:
   { status: 200,
     message: 'OK',
     header:
      [Object: null prototype] {
        vary: 'Origin',
        'access-control-allow-origin': 'http://localhost:8080',
        'access-control-allow-credentials': 'true',
        'access-control-expose-headers': 'WWW-Authenticate,Server-Authorization',
        'content-type': 'text/html; charset=utf-8',
        'content-length': '333' },
     body:
      '<!DOCTYPE html>\n<html>\n  <head>\n    <title>JOINT</title>\n    <link rel=\'stylesheet\' href=\'/stylesheets/style.css\' />\n  </head>\n  <body>\n    <h1>JOINT</h1>\n    <p>Welcome to JOINT</p>\n    <p><a href="/logout">注销</a></p>\n    <p>用户名：zhangliu</p>\n    <p><a href="/users/userInfo">用户详情页</a></p>   \n  </body>\n</html>\n' } }
[2019-12-23T00:46:05.847] [INFO] response - { method: 'GET',
  url: '/users/userInfo',
  body: {},
  costTime: 87,
  response:
   { status: 200,
     message: 'OK',
     header:
      [Object: null prototype] {
        vary: 'Origin',
        'access-control-allow-origin': 'http://localhost:8080',
        'access-control-allow-credentials': 'true',
        'access-control-expose-headers': 'WWW-Authenticate,Server-Authorization',
        'content-type': 'text/html; charset=utf-8',
        'content-length': '1219' },
     body:
      '<!DOCTYPE html>\n<html>\n  <head>\n    <title>用户日程页面</title>\n    <link rel=\'stylesheet\' href=\'/stylesheets/style.css\' />\n  </head>\n  <body>\n    <h1>欢迎回来</h1>\n    <a href="add">添加日程</a>\n    <a href="myself">查看你的日程</a>\n\n    <table class="table">\n         \n        <tr>\n          <th>ID</th>\n          <th>6：00--10:00</th>\n          <th>10:00--14:00</th>\n          <th>14:00--18：00</th>\n          <th>18:00--20：00</th>\n          <th>不看他的</th>\n        </tr>\n        \n        <tr>\n          <td>1001</td>\n          <td>吃饭</td>\n          <td>睡觉</td>\n          <td>跑步</td>\n          <td>玩游戏</td>\n          <td><a href="/users/delect/1001">x</a></td>\n        </tr>\n          \n        <tr>\n          <td>1002</td>\n          <td>睡觉</td>\n          <td>吃饭</td>\n          <td>吃饭</td>\n          <td>玩游戏</td>\n          <td><a href="/users/delect/1002">x</a></td>\n        </tr>\n          \n        <tr>\n          <td>1003</td>\n          <td>睡觉</td>\n          <td>喝水</td>\n          <td>玩游戏</td>\n          <td>合会</td>\n          <td><a href="/users/delect/1003">x</a></td>\n        </tr>\n          \n  \n      </table>\n  </body>\n</html>\n' } }
[2019-12-23T00:46:38.519] [INFO] response - { method: 'GET',
  url: '/users/myself',
  body: {},
  costTime: 107,
  response:
   { status: 200,
     message: 'OK',
     header:
      [Object: null prototype] {
        vary: 'Origin',
        'access-control-allow-origin': 'http://localhost:8080',
        'access-control-allow-credentials': 'true',
        'access-control-expose-headers': 'WWW-Authenticate,Server-Authorization',
        'content-type': 'text/html; charset=utf-8',
        'content-length': '691' },
     body:
      '<!DOCTYPE html>\r\n<html>\r\n  <head>\r\n    <title>个人日程页面</title>\r\n    <link rel=\'stylesheet\' href=\'/stylesheets/style.css\' />\r\n  </head>\r\n  <body>\r\n    <h1>你的日程</h1>\r\n    <table class="table">\r\n         \r\n        <tr>\r\n          <th>ID</th>\r\n          <th>6：00--10:00</th>\r\n          <th>10:00--14:00</th>\r\n          <th>14:00--18：00</th>\r\n          <th>18:00--20：00</th>\r\n        </tr>\r\n        \r\n        <tr>\r\n          <td>1001</td>\r\n          <td>吃饭</td>\r\n          <td>睡觉</td>\r\n          <td>跑步</td>\r\n          <td>玩游戏</td>\r\n          <td><a href="/users/edit/1001">编辑</a></td>\r\n        </tr>\r\n        \r\n      </table>\r\n\r\n  </body>\r\n</html>\r\n' } }
[2019-12-23T00:47:14.065] [INFO] response - { method: 'GET',
  url: '/users/edit/1001',
  body: {},
  costTime: 20,
  response:
   { status: 200,
     message: 'OK',
     header:
      [Object: null prototype] {
        vary: 'Origin',
        'access-control-allow-origin': 'http://localhost:8080',
        'access-control-allow-credentials': 'true',
        'access-control-expose-headers': 'WWW-Authenticate,Server-Authorization',
        'content-type': 'text/html; charset=utf-8',
        'content-length': '801' },
     body:
      '<!DOCTYPE html>\r\n<html>\r\n  <head>\r\n    <title>个人日程编辑页面</title>\r\n    <link rel=\'stylesheet\' href=\'/stylesheets/style.css\' />\r\n  </head>\r\n  <body>\r\n    <h2>编辑你的日程</h2>\r\n\r\n  <form action="users/doedit" method="POST">\r\n\r\n  <!-- <input type="text" name="user_id" placeholder="输入id" />\r\n  <br/>\r\n  <br/> -->\r\n   6：00--10:00:<input type="text" name="time_one" value="吃饭"/>\r\n   <br/>\r\n   <br/>\r\n\r\n   10:00--14:00:<input type="text" name="time_two" value="睡觉"/>\r\n   <br/>\r\n   <br/>\r\n\r\n    14:00--18：00:<input type="text" name="time_three" value="跑步"/>\r\n    <br/>\r\n    <br/>\r\n\r\n    18:00--20：00:<input type="text" name="time_four" value="玩游戏"/>\r\n    <br/>\r\n    <br/>\r\n    \r\n    <input type="submit" value="提交" />\r\n\r\n  </form>\r\n    \r\n  </body>\r\n</html>' } }
[2019-12-23T00:47:36.119] [INFO] response - { method: 'GET',
  url: '/users/add',
  body: {},
  costTime: 15,
  response:
   { status: 200,
     message: 'OK',
     header:
      [Object: null prototype] {
        vary: 'Origin',
        'access-control-allow-origin': 'http://localhost:8080',
        'access-control-allow-credentials': 'true',
        'access-control-expose-headers': 'WWW-Authenticate,Server-Authorization',
        'content-type': 'text/html; charset=utf-8',
        'content-length': '741' },
     body:
      '<!DOCTYPE html>\r\n<html>\r\n  <head>\r\n    <title>个人日程编辑页面</title>\r\n    <link rel=\'stylesheet\' href=\'/stylesheets/style.css\' />\r\n  </head>\r\n  <body>\r\n    <h2>添加你的日程</h2>\r\n\r\n  <form action="users/add" method="POST">\r\n\r\n  <!-- <input type="text" name="user_id" placeholder="输入id" />\r\n  <br/>\r\n  <br/> -->\r\n   6：00--10:00:<input type="text" name="time_one" />\r\n   <br/>\r\n   <br/>\r\n\r\n   10:00--14:00:<input type="text" name="time_two" />\r\n   <br/>\r\n   <br/>\r\n\r\n    14:00--18：00:<input type="text" name="time_three" />\r\n    <br/>\r\n    <br/>\r\n\r\n    18:00--20：00:<input type="text" name="time_four" />\r\n    <br/>\r\n    <br/>\r\n    \r\n    <input type="submit" value="提交" />\r\n\r\n  </form>\r\n    \r\n  </body>\r\n</html>\r\n' } }
[2019-12-23T00:48:22.237] [INFO] response - { method: 'GET',
  url: '/users/add',
  body: {},
  costTime: 2,
  response:
   { status: 200,
     message: 'OK',
     header:
      [Object: null prototype] {
        vary: 'Origin',
        'access-control-allow-origin': 'http://localhost:8080',
        'access-control-allow-credentials': 'true',
        'access-control-expose-headers': 'WWW-Authenticate,Server-Authorization',
        'content-type': 'text/html; charset=utf-8',
        'content-length': '741' },
     body:
      '<!DOCTYPE html>\r\n<html>\r\n  <head>\r\n    <title>个人日程编辑页面</title>\r\n    <link rel=\'stylesheet\' href=\'/stylesheets/style.css\' />\r\n  </head>\r\n  <body>\r\n    <h2>添加你的日程</h2>\r\n\r\n  <form action="users/add" method="POST">\r\n\r\n  <!-- <input type="text" name="user_id" placeholder="输入id" />\r\n  <br/>\r\n  <br/> -->\r\n   6：00--10:00:<input type="text" name="time_one" />\r\n   <br/>\r\n   <br/>\r\n\r\n   10:00--14:00:<input type="text" name="time_two" />\r\n   <br/>\r\n   <br/>\r\n\r\n    14:00--18：00:<input type="text" name="time_three" />\r\n    <br/>\r\n    <br/>\r\n\r\n    18:00--20：00:<input type="text" name="time_four" />\r\n    <br/>\r\n    <br/>\r\n    \r\n    <input type="submit" value="提交" />\r\n\r\n  </form>\r\n    \r\n  </body>\r\n</html>\r\n' } }
[2019-12-23T00:55:06.829] [INFO] response - { method: 'POST',
  url: '/api/users/postlogin',
  body: { user_id: '1001', password: '123456' },
  costTime: 7,
  response:
   { status: 200,
     message: 'OK',
     header:
      [Object: null prototype] {
        vary: 'Origin',
        'access-control-allow-origin': 'http://localhost:8080',
        'access-control-allow-credentials': 'true',
        'access-control-expose-headers': 'WWW-Authenticate,Server-Authorization',
        'content-type': 'application/json; charset=utf-8' },
     body: { code: 1, data: [Object] } } }
[2019-12-23T00:55:07.078] [INFO] response - { method: 'GET',
  url: '/api/users/userinfo',
  body: {},
  costTime: 5,
  response:
   { status: 200,
     message: 'OK',
     header:
      [Object: null prototype] {
        vary: 'Origin',
        'access-control-allow-origin': 'http://localhost:8080',
        'access-control-allow-credentials': 'true',
        'access-control-expose-headers': 'WWW-Authenticate,Server-Authorization',
        'content-type': 'application/json; charset=utf-8' },
     body: { data: [Object] } } }
[2019-12-23T00:55:07.154] [INFO] response - { method: 'GET',
  url: '/api/users/timeinfo',
  body: {},
  costTime: 4,
  response:
   { status: 200,
     message: 'OK',
     header:
      [Object: null prototype] {
        vary: 'Origin',
        'access-control-allow-origin': 'http://localhost:8080',
        'access-control-allow-credentials': 'true',
        'access-control-expose-headers': 'WWW-Authenticate,Server-Authorization',
        'content-type': 'application/json; charset=utf-8' },
     body: { data: [Object] } } }
[2019-12-23T10:32:45.293] [INFO] response - { method: 'GET',
  url: '/',
  body: {},
  costTime: 52,
  response:
   { status: 200,
     message: 'OK',
     header:
      [Object: null prototype] {
        vary: 'Origin',
        'access-control-allow-origin': 'http://localhost:8080',
        'access-control-allow-credentials': 'true',
        'access-control-expose-headers': 'WWW-Authenticate,Server-Authorization',
        'content-type': 'text/html; charset=utf-8',
        'content-length': '270' },
     body:
      '<!DOCTYPE html>\r\n<html>\r\n  <head>\r\n    <title>joint</title>\r\n    <link rel=\'stylesheet\' href=\'/stylesheets/style.css\' />\r\n  </head>\r\n  <body>      \r\n    <h1>JOINT</h1>\r\n    <p><a href="/login">登陆</a></p>\r\n    <p><a href="/register">注册</a></p>\r\n  </body>\r\n</html>' } }
[2019-12-23T10:32:49.321] [INFO] response - { method: 'GET',
  url: '/favicon.ico',
  body: {},
  costTime: 20,
  response:
   { status: 404,
     message: 'Not Found',
     header:
      [Object: null prototype] {
        vary: 'Origin',
        'access-control-allow-origin': 'http://localhost:8080',
        'access-control-allow-credentials': 'true',
        'access-control-expose-headers': 'WWW-Authenticate,Server-Authorization',
        'content-type': 'text/html; charset=utf-8',
        'content-length': '830' },
     body:
      '<!-- <h1>抱歉，找不到你的诗和远方了！</h1>\n<h2>404</h2>\n<pre>NotFoundError: Not Found\n    at Object.throw (F:\\node.js服务端编程\\koa练习\\koa-01\\joint\\koaLogin_sequelize\\node_modules\\koa\\lib\\context.js:97:11)\n    at module.exports (F:\\node.js服务端编程\\koa练习\\koa-01\\joint\\koaLogin_sequelize\\middlewares\\error.js:5:22)</pre> -->\n\n\n<!DOCTYPE html>\n<html lang="en">\n<head>\n    <meta charset="UTF-8">\n    <meta name="viewport" content="width=device-width, initial-scale=1.0">\n    <meta http-equiv="X-UA-Compatible" content="ie=edge">\n    <link rel="stylesheet" href="/stylesheets/error.css">\n    <title>错误信息</title>\n</head>\n<body>\n    <div class="content">\n            <h1>抱歉，找不到你的诗和远方了！</h1>\n            \n            <h2>404</h2>\n            \n    </div>\n</body>\n</html>' } }
[2019-12-23T10:32:53.366] [INFO] response - { method: 'GET',
  url: '/login',
  body: {},
  costTime: 3,
  response:
   { status: 200,
     message: 'OK',
     header:
      [Object: null prototype] {
        vary: 'Origin',
        'access-control-allow-origin': 'http://localhost:8080',
        'access-control-allow-credentials': 'true',
        'access-control-expose-headers': 'WWW-Authenticate,Server-Authorization',
        'content-type': 'text/html; charset=utf-8',
        'content-length': '1849' },
     body:
      '<!DOCTYPE html>\n<html>\n<head>\n    <link rel="stylesheet" href=\'/stylesheets/login.css\'>\n    <title>登陆</title>\n</head>\n<body>\n    <div class="header" id="head">\n      <div class="title">JOINt系统登陆</div>\n    </div>\n          \n    <div class="wrap" id="wrap">\n        <div class="logGet">\n                <!-- 头部提示信息 -->\n                <div class="logD logDtip">\n                    <p class="p1">登录</p>\n                </div>\n                <form action="/checkLogin" method="POST">\n                  <!-- 输入框 -->\n                  <div class="lgD">\n                      <input type="text" name="user_id"\n                          placeholder="输入id" />\n                  </div>\n                  <div class="lgD">\n                      <input type="password" name="password"\n                          placeholder="输入用户密码" />\n                  </div>\n                  <div class="logC">\n                      <button type="submit">登 录</button>\n                  </div>\n                  <!-- <div class="logC">\n                    <p>没有账号? <button href="/register">点击创建</button></p>\n                </div> -->\n                </form>\n            </div>\n      </div>\n      <div class="footer" id="foot">\n        <div class="copyright">\n          <p>Copyright © 2019 huaruan.com Inc. All Rights Reserved.</p>\n          <div class="img">\n              <i class="icon"></i><span>联系邮箱：123123@sise.com</span>\n          </div>\n          \n          <div class="img">\n              <i class="icon1"></i><span>联系地址：广州大学华软软件学院</span>\n          </div>\n            \n          <div class="img">\n            <i class="icon2"></i><span>联系电话：12345678</span>\n          </div>\n       \n       \n        </div>\n          \n      </div>\n</body>\n</html>' } }
[2019-12-23T10:32:59.793] [INFO] response - { method: 'POST',
  url: '/checkLogin',
  body: { user_id: '1001', password: '123456' },
  costTime: 29,
  response:
   { status: 302,
     message: 'Found',
     header:
      [Object: null prototype] {
        vary: 'Origin',
        'access-control-allow-origin': 'http://localhost:8080',
        'access-control-allow-credentials': 'true',
        'access-control-expose-headers': 'WWW-Authenticate,Server-Authorization',
        location: '/index',
        'content-type': 'text/html; charset=utf-8',
        'content-length': '43' },
     body: 'Redirecting to <a href="/index">/index</a>.' } }
[2019-12-23T10:32:59.812] [INFO] response - { method: 'GET',
  url: '/index',
  body: {},
  costTime: 4,
  response:
   { status: 200,
     message: 'OK',
     header:
      [Object: null prototype] {
        vary: 'Origin',
        'access-control-allow-origin': 'http://localhost:8080',
        'access-control-allow-credentials': 'true',
        'access-control-expose-headers': 'WWW-Authenticate,Server-Authorization',
        'content-type': 'text/html; charset=utf-8',
        'content-length': '333' },
     body:
      '<!DOCTYPE html>\n<html>\n  <head>\n    <title>JOINT</title>\n    <link rel=\'stylesheet\' href=\'/stylesheets/style.css\' />\n  </head>\n  <body>\n    <h1>JOINT</h1>\n    <p>Welcome to JOINT</p>\n    <p><a href="/logout">注销</a></p>\n    <p>用户名：zhangliu</p>\n    <p><a href="/users/userInfo">用户详情页</a></p>   \n  </body>\n</html>\n' } }
[2019-12-23T10:33:02.481] [INFO] response - { method: 'GET',
  url: '/users/userInfo',
  body: {},
  costTime: 9,
  response:
   { status: 200,
     message: 'OK',
     header:
      [Object: null prototype] {
        vary: 'Origin',
        'access-control-allow-origin': 'http://localhost:8080',
        'access-control-allow-credentials': 'true',
        'access-control-expose-headers': 'WWW-Authenticate,Server-Authorization',
        'content-type': 'text/html; charset=utf-8',
        'content-length': '1219' },
     body:
      '<!DOCTYPE html>\n<html>\n  <head>\n    <title>用户日程页面</title>\n    <link rel=\'stylesheet\' href=\'/stylesheets/style.css\' />\n  </head>\n  <body>\n    <h1>欢迎回来</h1>\n    <a href="add">添加日程</a>\n    <a href="myself">查看你的日程</a>\n\n    <table class="table">\n         \n        <tr>\n          <th>ID</th>\n          <th>6：00--10:00</th>\n          <th>10:00--14:00</th>\n          <th>14:00--18：00</th>\n          <th>18:00--20：00</th>\n          <th>不看他的</th>\n        </tr>\n        \n        <tr>\n          <td>1001</td>\n          <td>吃饭</td>\n          <td>睡觉</td>\n          <td>跑步</td>\n          <td>玩游戏</td>\n          <td><a href="/users/delect/1001">x</a></td>\n        </tr>\n          \n        <tr>\n          <td>1002</td>\n          <td>睡觉</td>\n          <td>吃饭</td>\n          <td>吃饭</td>\n          <td>玩游戏</td>\n          <td><a href="/users/delect/1002">x</a></td>\n        </tr>\n          \n        <tr>\n          <td>1003</td>\n          <td>睡觉</td>\n          <td>喝水</td>\n          <td>玩游戏</td>\n          <td>合会</td>\n          <td><a href="/users/delect/1003">x</a></td>\n        </tr>\n          \n  \n      </table>\n  </body>\n</html>\n' } }
[2019-12-23T10:33:06.134] [INFO] response - { method: 'GET',
  url: '/users/myself',
  body: {},
  costTime: 8,
  response:
   { status: 200,
     message: 'OK',
     header:
      [Object: null prototype] {
        vary: 'Origin',
        'access-control-allow-origin': 'http://localhost:8080',
        'access-control-allow-credentials': 'true',
        'access-control-expose-headers': 'WWW-Authenticate,Server-Authorization',
        'content-type': 'text/html; charset=utf-8',
        'content-length': '691' },
     body:
      '<!DOCTYPE html>\r\n<html>\r\n  <head>\r\n    <title>个人日程页面</title>\r\n    <link rel=\'stylesheet\' href=\'/stylesheets/style.css\' />\r\n  </head>\r\n  <body>\r\n    <h1>你的日程</h1>\r\n    <table class="table">\r\n         \r\n        <tr>\r\n          <th>ID</th>\r\n          <th>6：00--10:00</th>\r\n          <th>10:00--14:00</th>\r\n          <th>14:00--18：00</th>\r\n          <th>18:00--20：00</th>\r\n        </tr>\r\n        \r\n        <tr>\r\n          <td>1001</td>\r\n          <td>吃饭</td>\r\n          <td>睡觉</td>\r\n          <td>跑步</td>\r\n          <td>玩游戏</td>\r\n          <td><a href="/users/edit/1001">编辑</a></td>\r\n        </tr>\r\n        \r\n      </table>\r\n\r\n  </body>\r\n</html>\r\n' } }
[2019-12-23T10:33:08.659] [INFO] response - { method: 'GET',
  url: '/users/add',
  body: {},
  costTime: 3,
  response:
   { status: 200,
     message: 'OK',
     header:
      [Object: null prototype] {
        vary: 'Origin',
        'access-control-allow-origin': 'http://localhost:8080',
        'access-control-allow-credentials': 'true',
        'access-control-expose-headers': 'WWW-Authenticate,Server-Authorization',
        'content-type': 'text/html; charset=utf-8',
        'content-length': '741' },
     body:
      '<!DOCTYPE html>\r\n<html>\r\n  <head>\r\n    <title>个人日程编辑页面</title>\r\n    <link rel=\'stylesheet\' href=\'/stylesheets/style.css\' />\r\n  </head>\r\n  <body>\r\n    <h2>添加你的日程</h2>\r\n\r\n  <form action="users/add" method="POST">\r\n\r\n  <!-- <input type="text" name="user_id" placeholder="输入id" />\r\n  <br/>\r\n  <br/> -->\r\n   6：00--10:00:<input type="text" name="time_one" />\r\n   <br/>\r\n   <br/>\r\n\r\n   10:00--14:00:<input type="text" name="time_two" />\r\n   <br/>\r\n   <br/>\r\n\r\n    14:00--18：00:<input type="text" name="time_three" />\r\n    <br/>\r\n    <br/>\r\n\r\n    18:00--20：00:<input type="text" name="time_four" />\r\n    <br/>\r\n    <br/>\r\n    \r\n    <input type="submit" value="提交" />\r\n\r\n  </form>\r\n    \r\n  </body>\r\n</html>\r\n' } }
[2019-12-23T11:46:15.753] [INFO] response - { method: 'GET',
  url: '/',
  body: {},
  costTime: 1,
  response:
   { status: 200,
     message: 'OK',
     header:
      [Object: null prototype] {
        vary: 'Origin',
        'access-control-allow-origin': 'http://localhost:8080',
        'access-control-allow-credentials': 'true',
        'access-control-expose-headers': 'WWW-Authenticate,Server-Authorization',
        'content-type': 'text/html; charset=utf-8',
        'content-length': '270' },
     body:
      '<!DOCTYPE html>\r\n<html>\r\n  <head>\r\n    <title>joint</title>\r\n    <link rel=\'stylesheet\' href=\'/stylesheets/style.css\' />\r\n  </head>\r\n  <body>      \r\n    <h1>JOINT</h1>\r\n    <p><a href="/login">登陆</a></p>\r\n    <p><a href="/register">注册</a></p>\r\n  </body>\r\n</html>' } }
[2019-12-23T11:46:16.078] [INFO] response - { method: 'GET',
  url: '/favicon.ico',
  body: {},
  costTime: 1,
  response:
   { status: 404,
     message: 'Not Found',
     header:
      [Object: null prototype] {
        vary: 'Origin',
        'access-control-allow-origin': 'http://localhost:8080',
        'access-control-allow-credentials': 'true',
        'access-control-expose-headers': 'WWW-Authenticate,Server-Authorization',
        'content-type': 'text/html; charset=utf-8',
        'content-length': '830' },
     body:
      '<!-- <h1>抱歉，找不到你的诗和远方了！</h1>\n<h2>404</h2>\n<pre>NotFoundError: Not Found\n    at Object.throw (F:\\node.js服务端编程\\koa练习\\koa-01\\joint\\koaLogin_sequelize\\node_modules\\koa\\lib\\context.js:97:11)\n    at module.exports (F:\\node.js服务端编程\\koa练习\\koa-01\\joint\\koaLogin_sequelize\\middlewares\\error.js:5:22)</pre> -->\n\n\n<!DOCTYPE html>\n<html lang="en">\n<head>\n    <meta charset="UTF-8">\n    <meta name="viewport" content="width=device-width, initial-scale=1.0">\n    <meta http-equiv="X-UA-Compatible" content="ie=edge">\n    <link rel="stylesheet" href="/stylesheets/error.css">\n    <title>错误信息</title>\n</head>\n<body>\n    <div class="content">\n            <h1>抱歉，找不到你的诗和远方了！</h1>\n            \n            <h2>404</h2>\n            \n    </div>\n</body>\n</html>' } }
[2019-12-23T11:46:17.723] [INFO] response - { method: 'GET',
  url: '/login',
  body: {},
  costTime: 2,
  response:
   { status: 200,
     message: 'OK',
     header:
      [Object: null prototype] {
        vary: 'Origin',
        'access-control-allow-origin': 'http://localhost:8080',
        'access-control-allow-credentials': 'true',
        'access-control-expose-headers': 'WWW-Authenticate,Server-Authorization',
        'content-type': 'text/html; charset=utf-8',
        'content-length': '1849' },
     body:
      '<!DOCTYPE html>\n<html>\n<head>\n    <link rel="stylesheet" href=\'/stylesheets/login.css\'>\n    <title>登陆</title>\n</head>\n<body>\n    <div class="header" id="head">\n      <div class="title">JOINt系统登陆</div>\n    </div>\n          \n    <div class="wrap" id="wrap">\n        <div class="logGet">\n                <!-- 头部提示信息 -->\n                <div class="logD logDtip">\n                    <p class="p1">登录</p>\n                </div>\n                <form action="/checkLogin" method="POST">\n                  <!-- 输入框 -->\n                  <div class="lgD">\n                      <input type="text" name="user_id"\n                          placeholder="输入id" />\n                  </div>\n                  <div class="lgD">\n                      <input type="password" name="password"\n                          placeholder="输入用户密码" />\n                  </div>\n                  <div class="logC">\n                      <button type="submit">登 录</button>\n                  </div>\n                  <!-- <div class="logC">\n                    <p>没有账号? <button href="/register">点击创建</button></p>\n                </div> -->\n                </form>\n            </div>\n      </div>\n      <div class="footer" id="foot">\n        <div class="copyright">\n          <p>Copyright © 2019 huaruan.com Inc. All Rights Reserved.</p>\n          <div class="img">\n              <i class="icon"></i><span>联系邮箱：123123@sise.com</span>\n          </div>\n          \n          <div class="img">\n              <i class="icon1"></i><span>联系地址：广州大学华软软件学院</span>\n          </div>\n            \n          <div class="img">\n            <i class="icon2"></i><span>联系电话：12345678</span>\n          </div>\n       \n       \n        </div>\n          \n      </div>\n</body>\n</html>' } }
[2019-12-23T11:46:23.766] [INFO] response - { method: 'POST',
  url: '/checkLogin',
  body: { user_id: '1001', password: '123456' },
  costTime: 92,
  response:
   { status: 302,
     message: 'Found',
     header:
      [Object: null prototype] {
        vary: 'Origin',
        'access-control-allow-origin': 'http://localhost:8080',
        'access-control-allow-credentials': 'true',
        'access-control-expose-headers': 'WWW-Authenticate,Server-Authorization',
        location: '/index',
        'content-type': 'text/html; charset=utf-8',
        'content-length': '43' },
     body: 'Redirecting to <a href="/index">/index</a>.' } }
[2019-12-23T11:46:24.248] [INFO] response - { method: 'GET',
  url: '/index',
  body: {},
  costTime: 2,
  response:
   { status: 200,
     message: 'OK',
     header:
      [Object: null prototype] {
        vary: 'Origin',
        'access-control-allow-origin': 'http://localhost:8080',
        'access-control-allow-credentials': 'true',
        'access-control-expose-headers': 'WWW-Authenticate,Server-Authorization',
        'content-type': 'text/html; charset=utf-8',
        'content-length': '333' },
     body:
      '<!DOCTYPE html>\n<html>\n  <head>\n    <title>JOINT</title>\n    <link rel=\'stylesheet\' href=\'/stylesheets/style.css\' />\n  </head>\n  <body>\n    <h1>JOINT</h1>\n    <p>Welcome to JOINT</p>\n    <p><a href="/logout">注销</a></p>\n    <p>用户名：zhangliu</p>\n    <p><a href="/users/userInfo">用户详情页</a></p>   \n  </body>\n</html>\n' } }
[2019-12-23T11:46:27.157] [INFO] response - { method: 'GET',
  url: '/users/userInfo',
  body: {},
  costTime: 6,
  response:
   { status: 200,
     message: 'OK',
     header:
      [Object: null prototype] {
        vary: 'Origin',
        'access-control-allow-origin': 'http://localhost:8080',
        'access-control-allow-credentials': 'true',
        'access-control-expose-headers': 'WWW-Authenticate,Server-Authorization',
        'content-type': 'text/html; charset=utf-8',
        'content-length': '1219' },
     body:
      '<!DOCTYPE html>\n<html>\n  <head>\n    <title>用户日程页面</title>\n    <link rel=\'stylesheet\' href=\'/stylesheets/style.css\' />\n  </head>\n  <body>\n    <h1>欢迎回来</h1>\n    <a href="add">添加日程</a>\n    <a href="myself">查看你的日程</a>\n\n    <table class="table">\n         \n        <tr>\n          <th>ID</th>\n          <th>6：00--10:00</th>\n          <th>10:00--14:00</th>\n          <th>14:00--18：00</th>\n          <th>18:00--20：00</th>\n          <th>不看他的</th>\n        </tr>\n        \n        <tr>\n          <td>1001</td>\n          <td>吃饭</td>\n          <td>睡觉</td>\n          <td>跑步</td>\n          <td>玩游戏</td>\n          <td><a href="/users/delect/1001">x</a></td>\n        </tr>\n          \n        <tr>\n          <td>1002</td>\n          <td>睡觉</td>\n          <td>吃饭</td>\n          <td>吃饭</td>\n          <td>玩游戏</td>\n          <td><a href="/users/delect/1002">x</a></td>\n        </tr>\n          \n        <tr>\n          <td>1003</td>\n          <td>睡觉</td>\n          <td>喝水</td>\n          <td>玩游戏</td>\n          <td>合会</td>\n          <td><a href="/users/delect/1003">x</a></td>\n        </tr>\n          \n  \n      </table>\n  </body>\n</html>\n' } }
[2019-12-23T11:46:29.571] [INFO] response - { method: 'GET',
  url: '/users/myself',
  body: {},
  costTime: 29,
  response:
   { status: 200,
     message: 'OK',
     header:
      [Object: null prototype] {
        vary: 'Origin',
        'access-control-allow-origin': 'http://localhost:8080',
        'access-control-allow-credentials': 'true',
        'access-control-expose-headers': 'WWW-Authenticate,Server-Authorization',
        'content-type': 'text/html; charset=utf-8',
        'content-length': '691' },
     body:
      '<!DOCTYPE html>\r\n<html>\r\n  <head>\r\n    <title>个人日程页面</title>\r\n    <link rel=\'stylesheet\' href=\'/stylesheets/style.css\' />\r\n  </head>\r\n  <body>\r\n    <h1>你的日程</h1>\r\n    <table class="table">\r\n         \r\n        <tr>\r\n          <th>ID</th>\r\n          <th>6：00--10:00</th>\r\n          <th>10:00--14:00</th>\r\n          <th>14:00--18：00</th>\r\n          <th>18:00--20：00</th>\r\n        </tr>\r\n        \r\n        <tr>\r\n          <td>1001</td>\r\n          <td>吃饭</td>\r\n          <td>睡觉</td>\r\n          <td>跑步</td>\r\n          <td>玩游戏</td>\r\n          <td><a href="/users/edit/1001">编辑</a></td>\r\n        </tr>\r\n        \r\n      </table>\r\n\r\n  </body>\r\n</html>\r\n' } }
[2019-12-23T11:46:32.186] [INFO] response - { method: 'GET',
  url: '/users/add',
  body: {},
  costTime: 26,
  response:
   { status: 200,
     message: 'OK',
     header:
      [Object: null prototype] {
        vary: 'Origin',
        'access-control-allow-origin': 'http://localhost:8080',
        'access-control-allow-credentials': 'true',
        'access-control-expose-headers': 'WWW-Authenticate,Server-Authorization',
        'content-type': 'text/html; charset=utf-8',
        'content-length': '741' },
     body:
      '<!DOCTYPE html>\r\n<html>\r\n  <head>\r\n    <title>个人日程编辑页面</title>\r\n    <link rel=\'stylesheet\' href=\'/stylesheets/style.css\' />\r\n  </head>\r\n  <body>\r\n    <h2>添加你的日程</h2>\r\n\r\n  <form action="users/add" method="POST">\r\n\r\n  <!-- <input type="text" name="user_id" placeholder="输入id" />\r\n  <br/>\r\n  <br/> -->\r\n   6：00--10:00:<input type="text" name="time_one" />\r\n   <br/>\r\n   <br/>\r\n\r\n   10:00--14:00:<input type="text" name="time_two" />\r\n   <br/>\r\n   <br/>\r\n\r\n    14:00--18：00:<input type="text" name="time_three" />\r\n    <br/>\r\n    <br/>\r\n\r\n    18:00--20：00:<input type="text" name="time_four" />\r\n    <br/>\r\n    <br/>\r\n    \r\n    <input type="submit" value="提交" />\r\n\r\n  </form>\r\n    \r\n  </body>\r\n</html>\r\n' } }
[2019-12-23T11:46:34.861] [INFO] response - { method: 'GET',
  url: '/users/myself',
  body: {},
  costTime: 7,
  response:
   { status: 200,
     message: 'OK',
     header:
      [Object: null prototype] {
        vary: 'Origin',
        'access-control-allow-origin': 'http://localhost:8080',
        'access-control-allow-credentials': 'true',
        'access-control-expose-headers': 'WWW-Authenticate,Server-Authorization',
        'content-type': 'text/html; charset=utf-8',
        'content-length': '691' },
     body:
      '<!DOCTYPE html>\r\n<html>\r\n  <head>\r\n    <title>个人日程页面</title>\r\n    <link rel=\'stylesheet\' href=\'/stylesheets/style.css\' />\r\n  </head>\r\n  <body>\r\n    <h1>你的日程</h1>\r\n    <table class="table">\r\n         \r\n        <tr>\r\n          <th>ID</th>\r\n          <th>6：00--10:00</th>\r\n          <th>10:00--14:00</th>\r\n          <th>14:00--18：00</th>\r\n          <th>18:00--20：00</th>\r\n        </tr>\r\n        \r\n        <tr>\r\n          <td>1001</td>\r\n          <td>吃饭</td>\r\n          <td>睡觉</td>\r\n          <td>跑步</td>\r\n          <td>玩游戏</td>\r\n          <td><a href="/users/edit/1001">编辑</a></td>\r\n        </tr>\r\n        \r\n      </table>\r\n\r\n  </body>\r\n</html>\r\n' } }
[2019-12-23T11:46:36.439] [INFO] response - { method: 'GET',
  url: '/users/add',
  body: {},
  costTime: 1,
  response:
   { status: 200,
     message: 'OK',
     header:
      [Object: null prototype] {
        vary: 'Origin',
        'access-control-allow-origin': 'http://localhost:8080',
        'access-control-allow-credentials': 'true',
        'access-control-expose-headers': 'WWW-Authenticate,Server-Authorization',
        'content-type': 'text/html; charset=utf-8',
        'content-length': '741' },
     body:
      '<!DOCTYPE html>\r\n<html>\r\n  <head>\r\n    <title>个人日程编辑页面</title>\r\n    <link rel=\'stylesheet\' href=\'/stylesheets/style.css\' />\r\n  </head>\r\n  <body>\r\n    <h2>添加你的日程</h2>\r\n\r\n  <form action="users/add" method="POST">\r\n\r\n  <!-- <input type="text" name="user_id" placeholder="输入id" />\r\n  <br/>\r\n  <br/> -->\r\n   6：00--10:00:<input type="text" name="time_one" />\r\n   <br/>\r\n   <br/>\r\n\r\n   10:00--14:00:<input type="text" name="time_two" />\r\n   <br/>\r\n   <br/>\r\n\r\n    14:00--18：00:<input type="text" name="time_three" />\r\n    <br/>\r\n    <br/>\r\n\r\n    18:00--20：00:<input type="text" name="time_four" />\r\n    <br/>\r\n    <br/>\r\n    \r\n    <input type="submit" value="提交" />\r\n\r\n  </form>\r\n    \r\n  </body>\r\n</html>\r\n' } }
[2019-12-23T11:46:53.287] [INFO] response - { method: 'GET',
  url: '/api/users/gettime',
  body: {},
  costTime: 61,
  response:
   { status: 200,
     message: 'OK',
     header:
      [Object: null prototype] {
        vary: 'Origin',
        'access-control-allow-origin': 'http://localhost:8080',
        'access-control-allow-credentials': 'true',
        'access-control-expose-headers': 'WWW-Authenticate,Server-Authorization',
        'content-type': 'application/json; charset=utf-8' },
     body: { data: [Object] } } }
[2019-12-23T11:46:58.327] [INFO] response - { method: 'GET',
  url: '/api/users/gettime',
  body: {},
  costTime: 3,
  response:
   { status: 200,
     message: 'OK',
     header:
      [Object: null prototype] {
        vary: 'Origin',
        'access-control-allow-origin': 'http://localhost:8080',
        'access-control-allow-credentials': 'true',
        'access-control-expose-headers': 'WWW-Authenticate,Server-Authorization',
        'content-type': 'application/json; charset=utf-8' },
     body: { data: [Object] } } }
[2019-12-23T11:47:03.795] [INFO] response - { method: 'POST',
  url: '/api/users/postadd',
  body:
   { time_one: '', time_two: '', time_three: '', time_four: '' },
  costTime: 2,
  response:
   { status: 401,
     message: 'Unauthorized',
     header:
      [Object: null prototype] {
        vary: 'Origin',
        'access-control-allow-origin': 'http://localhost:8080',
        'access-control-allow-credentials': 'true',
        'access-control-expose-headers': 'WWW-Authenticate,Server-Authorization',
        'content-type': 'text/plain; charset=utf-8',
        'content-length': '12' },
     body: 'Unauthorized' } }
[2019-12-23T11:49:31.130] [INFO] response - { method: 'GET',
  url: '/api/users/gettime',
  body: {},
  costTime: 17,
  response:
   { status: 200,
     message: 'OK',
     header:
      [Object: null prototype] {
        vary: 'Origin',
        'access-control-allow-origin': 'http://localhost:8080',
        'access-control-allow-credentials': 'true',
        'access-control-expose-headers': 'WWW-Authenticate,Server-Authorization',
        'content-type': 'application/json; charset=utf-8' },
     body: { data: [Object] } } }
[2019-12-23T11:49:36.501] [INFO] response - { method: 'GET',
  url: '/api/users/gettime',
  body: {},
  costTime: 7,
  response:
   { status: 200,
     message: 'OK',
     header:
      [Object: null prototype] {
        vary: 'Origin',
        'access-control-allow-origin': 'http://localhost:8080',
        'access-control-allow-credentials': 'true',
        'access-control-expose-headers': 'WWW-Authenticate,Server-Authorization',
        'content-type': 'application/json; charset=utf-8' },
     body: { data: [Object] } } }
[2019-12-23T14:23:23.882] [INFO] response - { method: 'GET',
  url: '/',
  body: {},
  costTime: 2,
  response:
   { status: 200,
     message: 'OK',
     header:
      [Object: null prototype] {
        vary: 'Origin',
        'access-control-allow-origin': 'http://localhost:8080',
        'access-control-allow-credentials': 'true',
        'access-control-expose-headers': 'WWW-Authenticate,Server-Authorization',
        'content-type': 'text/html; charset=utf-8',
        'content-length': '270' },
     body:
      '<!DOCTYPE html>\r\n<html>\r\n  <head>\r\n    <title>joint</title>\r\n    <link rel=\'stylesheet\' href=\'/stylesheets/style.css\' />\r\n  </head>\r\n  <body>      \r\n    <h1>JOINT</h1>\r\n    <p><a href="/login">登陆</a></p>\r\n    <p><a href="/register">注册</a></p>\r\n  </body>\r\n</html>' } }
[2019-12-23T14:23:23.973] [INFO] response - { method: 'GET',
  url: '/favicon.ico',
  body: {},
  costTime: 3,
  response:
   { status: 404,
     message: 'Not Found',
     header:
      [Object: null prototype] {
        vary: 'Origin',
        'access-control-allow-origin': 'http://localhost:8080',
        'access-control-allow-credentials': 'true',
        'access-control-expose-headers': 'WWW-Authenticate,Server-Authorization',
        'content-type': 'text/html; charset=utf-8',
        'content-length': '830' },
     body:
      '<!-- <h1>抱歉，找不到你的诗和远方了！</h1>\n<h2>404</h2>\n<pre>NotFoundError: Not Found\n    at Object.throw (F:\\node.js服务端编程\\koa练习\\koa-01\\joint\\koaLogin_sequelize\\node_modules\\koa\\lib\\context.js:97:11)\n    at module.exports (F:\\node.js服务端编程\\koa练习\\koa-01\\joint\\koaLogin_sequelize\\middlewares\\error.js:5:22)</pre> -->\n\n\n<!DOCTYPE html>\n<html lang="en">\n<head>\n    <meta charset="UTF-8">\n    <meta name="viewport" content="width=device-width, initial-scale=1.0">\n    <meta http-equiv="X-UA-Compatible" content="ie=edge">\n    <link rel="stylesheet" href="/stylesheets/error.css">\n    <title>错误信息</title>\n</head>\n<body>\n    <div class="content">\n            <h1>抱歉，找不到你的诗和远方了！</h1>\n            \n            <h2>404</h2>\n            \n    </div>\n</body>\n</html>' } }
[2019-12-23T14:23:28.087] [INFO] response - { method: 'GET',
  url: '/register',
  body: {},
  costTime: 25,
  response:
   { status: 200,
     message: 'OK',
     header:
      [Object: null prototype] {
        vary: 'Origin',
        'access-control-allow-origin': 'http://localhost:8080',
        'access-control-allow-credentials': 'true',
        'access-control-expose-headers': 'WWW-Authenticate,Server-Authorization',
        'content-type': 'text/html; charset=utf-8',
        'content-length': '1958' },
     body:
      '\r\n<!DOCTYPE html>\r\n<html>\r\n<head>\r\n    <link rel="stylesheet" href=\'/stylesheets/login.css\'>\r\n    <title>登陆</title>\r\n</head>\r\n<body>\r\n    <div class="header" id="head">\r\n      <div class="title">JOINT系统注册</div>\r\n    </div>\r\n          \r\n    <div class="wrap" id="wrap">\r\n      \r\n        <div class="logGet">\r\n                <!-- 头部提示信息 -->\r\n                <div class="logD logDtip">\r\n                    <p class="p1">注册</p>                 \r\n                </div>\r\n                <form action="/register" method="POST">\r\n                  <!-- 输入框 -->\r\n                  <div class="lgD">\r\n                      <input type="text" name="user_id"\r\n                          placeholder="输入id" />\r\n                  </div>\r\n                  <div class="lgD">\r\n                      <input type="text" name="user_name"\r\n                          placeholder="输入用户名" />\r\n                  </div>\r\n                  <div class="lgD">\r\n                    <input type="password" name="password"\r\n                        placeholder="输入用户密码" />\r\n                </div>\r\n                  <div class="logC">\r\n                      <button type="submit">注 册</button>\r\n                  </div>\r\n\r\n                </form>\r\n            </div>\r\n      </div>\r\n      <div class="footer" id="foot">\r\n        <div class="copyright">\r\n          <p>Copyright © 2019 huaruan.com Inc. All Rights Reserved.</p>\r\n          <div class="img">\r\n              <i class="icon"></i><span>联系邮箱：123123@sise.com</span>\r\n          </div>\r\n          \r\n          <div class="img">\r\n              <i class="icon1"></i><span>联系地址：广州大学华软软件学院</span>\r\n          </div>\r\n            \r\n          <div class="img">\r\n            <i class="icon2"></i><span>联系电话：12345678</span>\r\n          </div>\r\n       \r\n       \r\n        </div>\r\n          \r\n      </div>\r\n      \r\n\r\n</body>\r\n</html>' } }
[2019-12-23T14:23:48.171] [INFO] response - { method: 'POST',
  url: '/register',
  body:
   { user_id: '1009',
     user_name: '123456',
     password: '16b63f556cc127b986ed2bb527c47f3f',
     solt: 'f3ae7ed9-5274-4d19-93f4-7df28ed49d9a' },
  costTime: 3,
  response:
   { status: 302,
     message: 'Found',
     header:
      [Object: null prototype] {
        vary: 'Origin',
        'access-control-allow-origin': 'http://localhost:8080',
        'access-control-allow-credentials': 'true',
        'access-control-expose-headers': 'WWW-Authenticate,Server-Authorization',
        location: '/',
        'content-type': 'text/html; charset=utf-8',
        'content-length': '33' },
     body: 'Redirecting to <a href="/">/</a>.' } }
[2019-12-23T14:23:48.180] [INFO] response - { method: 'GET',
  url: '/',
  body: {},
  costTime: 1,
  response:
   { status: 200,
     message: 'OK',
     header:
      [Object: null prototype] {
        vary: 'Origin',
        'access-control-allow-origin': 'http://localhost:8080',
        'access-control-allow-credentials': 'true',
        'access-control-expose-headers': 'WWW-Authenticate,Server-Authorization',
        'content-type': 'text/html; charset=utf-8',
        'content-length': '270' },
     body:
      '<!DOCTYPE html>\r\n<html>\r\n  <head>\r\n    <title>joint</title>\r\n    <link rel=\'stylesheet\' href=\'/stylesheets/style.css\' />\r\n  </head>\r\n  <body>      \r\n    <h1>JOINT</h1>\r\n    <p><a href="/login">登陆</a></p>\r\n    <p><a href="/register">注册</a></p>\r\n  </body>\r\n</html>' } }
[2019-12-23T14:23:50.007] [INFO] response - { method: 'GET',
  url: '/login',
  body: {},
  costTime: 2,
  response:
   { status: 200,
     message: 'OK',
     header:
      [Object: null prototype] {
        vary: 'Origin',
        'access-control-allow-origin': 'http://localhost:8080',
        'access-control-allow-credentials': 'true',
        'access-control-expose-headers': 'WWW-Authenticate,Server-Authorization',
        'content-type': 'text/html; charset=utf-8',
        'content-length': '1849' },
     body:
      '<!DOCTYPE html>\n<html>\n<head>\n    <link rel="stylesheet" href=\'/stylesheets/login.css\'>\n    <title>登陆</title>\n</head>\n<body>\n    <div class="header" id="head">\n      <div class="title">JOINt系统登陆</div>\n    </div>\n          \n    <div class="wrap" id="wrap">\n        <div class="logGet">\n                <!-- 头部提示信息 -->\n                <div class="logD logDtip">\n                    <p class="p1">登录</p>\n                </div>\n                <form action="/checkLogin" method="POST">\n                  <!-- 输入框 -->\n                  <div class="lgD">\n                      <input type="text" name="user_id"\n                          placeholder="输入id" />\n                  </div>\n                  <div class="lgD">\n                      <input type="password" name="password"\n                          placeholder="输入用户密码" />\n                  </div>\n                  <div class="logC">\n                      <button type="submit">登 录</button>\n                  </div>\n                  <!-- <div class="logC">\n                    <p>没有账号? <button href="/register">点击创建</button></p>\n                </div> -->\n                </form>\n            </div>\n      </div>\n      <div class="footer" id="foot">\n        <div class="copyright">\n          <p>Copyright © 2019 huaruan.com Inc. All Rights Reserved.</p>\n          <div class="img">\n              <i class="icon"></i><span>联系邮箱：123123@sise.com</span>\n          </div>\n          \n          <div class="img">\n              <i class="icon1"></i><span>联系地址：广州大学华软软件学院</span>\n          </div>\n            \n          <div class="img">\n            <i class="icon2"></i><span>联系电话：12345678</span>\n          </div>\n       \n       \n        </div>\n          \n      </div>\n</body>\n</html>' } }
[2019-12-23T14:23:55.997] [INFO] response - { method: 'POST',
  url: '/checkLogin',
  body: { user_id: '1009', password: '1234565' },
  costTime: 5,
  response:
   { status: 200,
     message: 'OK',
     header:
      [Object: null prototype] {
        vary: 'Origin',
        'access-control-allow-origin': 'http://localhost:8080',
        'access-control-allow-credentials': 'true',
        'access-control-expose-headers': 'WWW-Authenticate,Server-Authorization',
        'content-type': 'text/html; charset=utf-8',
        'content-length': '1849' },
     body:
      '<!DOCTYPE html>\n<html>\n<head>\n    <link rel="stylesheet" href=\'/stylesheets/login.css\'>\n    <title>登陆</title>\n</head>\n<body>\n    <div class="header" id="head">\n      <div class="title">JOINt系统登陆</div>\n    </div>\n          \n    <div class="wrap" id="wrap">\n        <div class="logGet">\n                <!-- 头部提示信息 -->\n                <div class="logD logDtip">\n                    <p class="p1">登录</p>\n                </div>\n                <form action="/checkLogin" method="POST">\n                  <!-- 输入框 -->\n                  <div class="lgD">\n                      <input type="text" name="user_id"\n                          placeholder="输入id" />\n                  </div>\n                  <div class="lgD">\n                      <input type="password" name="password"\n                          placeholder="输入用户密码" />\n                  </div>\n                  <div class="logC">\n                      <button type="submit">登 录</button>\n                  </div>\n                  <!-- <div class="logC">\n                    <p>没有账号? <button href="/register">点击创建</button></p>\n                </div> -->\n                </form>\n            </div>\n      </div>\n      <div class="footer" id="foot">\n        <div class="copyright">\n          <p>Copyright © 2019 huaruan.com Inc. All Rights Reserved.</p>\n          <div class="img">\n              <i class="icon"></i><span>联系邮箱：123123@sise.com</span>\n          </div>\n          \n          <div class="img">\n              <i class="icon1"></i><span>联系地址：广州大学华软软件学院</span>\n          </div>\n            \n          <div class="img">\n            <i class="icon2"></i><span>联系电话：12345678</span>\n          </div>\n       \n       \n        </div>\n          \n      </div>\n</body>\n</html>' } }
[2019-12-23T14:24:09.877] [INFO] response - { method: 'POST',
  url: '/checkLogin',
  body: { user_id: '1009', password: '132456' },
  costTime: 71,
  response:
   { status: 200,
     message: 'OK',
     header:
      [Object: null prototype] {
        vary: 'Origin',
        'access-control-allow-origin': 'http://localhost:8080',
        'access-control-allow-credentials': 'true',
        'access-control-expose-headers': 'WWW-Authenticate,Server-Authorization',
        'content-type': 'text/html; charset=utf-8',
        'content-length': '1849' },
     body:
      '<!DOCTYPE html>\n<html>\n<head>\n    <link rel="stylesheet" href=\'/stylesheets/login.css\'>\n    <title>登陆</title>\n</head>\n<body>\n    <div class="header" id="head">\n      <div class="title">JOINt系统登陆</div>\n    </div>\n          \n    <div class="wrap" id="wrap">\n        <div class="logGet">\n                <!-- 头部提示信息 -->\n                <div class="logD logDtip">\n                    <p class="p1">登录</p>\n                </div>\n                <form action="/checkLogin" method="POST">\n                  <!-- 输入框 -->\n                  <div class="lgD">\n                      <input type="text" name="user_id"\n                          placeholder="输入id" />\n                  </div>\n                  <div class="lgD">\n                      <input type="password" name="password"\n                          placeholder="输入用户密码" />\n                  </div>\n                  <div class="logC">\n                      <button type="submit">登 录</button>\n                  </div>\n                  <!-- <div class="logC">\n                    <p>没有账号? <button href="/register">点击创建</button></p>\n                </div> -->\n                </form>\n            </div>\n      </div>\n      <div class="footer" id="foot">\n        <div class="copyright">\n          <p>Copyright © 2019 huaruan.com Inc. All Rights Reserved.</p>\n          <div class="img">\n              <i class="icon"></i><span>联系邮箱：123123@sise.com</span>\n          </div>\n          \n          <div class="img">\n              <i class="icon1"></i><span>联系地址：广州大学华软软件学院</span>\n          </div>\n            \n          <div class="img">\n            <i class="icon2"></i><span>联系电话：12345678</span>\n          </div>\n       \n       \n        </div>\n          \n      </div>\n</body>\n</html>' } }
[2019-12-23T14:24:46.564] [INFO] response - { method: 'POST',
  url: '/api/users/postregister',
  body:
   { user_id: '123456',
     user_name: '123456',
     password: '30300e4230eb618a87618074d924ac2d',
     solt: 'e247a0df-5cb7-42cb-8b8f-0c319bb0a2e5' },
  costTime: 107,
  response:
   { status: 200,
     message: 'OK',
     header:
      [Object: null prototype] {
        vary: 'Origin',
        'access-control-allow-origin': 'http://localhost:8080',
        'access-control-allow-credentials': 'true',
        'access-control-expose-headers': 'WWW-Authenticate,Server-Authorization',
        'content-type': 'application/json; charset=utf-8' },
     body: { code: 0, data: [Object] } } }
[2019-12-23T14:24:54.223] [INFO] response - { method: 'POST',
  url: '/api/users/postlogin',
  body: { user_id: '123456', password: '123456' },
  costTime: 14,
  response:
   { status: 200,
     message: 'OK',
     header:
      [Object: null prototype] {
        vary: 'Origin',
        'access-control-allow-origin': 'http://localhost:8080',
        'access-control-allow-credentials': 'true',
        'access-control-expose-headers': 'WWW-Authenticate,Server-Authorization',
        'content-type': 'application/json; charset=utf-8' },
     body: { code: 1, data: [Object] } } }
[2019-12-23T14:24:54.669] [INFO] response - { method: 'GET',
  url: '/api/users/userinfo',
  body: {},
  costTime: 25,
  response:
   { status: 200,
     message: 'OK',
     header:
      [Object: null prototype] {
        vary: 'Origin',
        'access-control-allow-origin': 'http://localhost:8080',
        'access-control-allow-credentials': 'true',
        'access-control-expose-headers': 'WWW-Authenticate,Server-Authorization',
        'content-type': 'application/json; charset=utf-8' },
     body: { data: [Object] } } }
[2019-12-23T14:24:54.675] [INFO] response - { method: 'GET',
  url: '/api/users/timeinfo',
  body: {},
  costTime: 5,
  response:
   { status: 200,
     message: 'OK',
     header:
      [Object: null prototype] {
        vary: 'Origin',
        'access-control-allow-origin': 'http://localhost:8080',
        'access-control-allow-credentials': 'true',
        'access-control-expose-headers': 'WWW-Authenticate,Server-Authorization',
        'content-type': 'application/json; charset=utf-8' },
     body: { data: [Object] } } }
[2019-12-23T14:24:58.946] [INFO] response - { method: 'GET',
  url: '/api/users/userinfo',
  body: {},
  costTime: 13,
  response:
   { status: 200,
     message: 'OK',
     header:
      [Object: null prototype] {
        vary: 'Origin',
        'access-control-allow-origin': 'http://localhost:8080',
        'access-control-allow-credentials': 'true',
        'access-control-expose-headers': 'WWW-Authenticate,Server-Authorization',
        'content-type': 'application/json; charset=utf-8' },
     body: { data: [Object] } } }
[2019-12-23T14:24:58.953] [INFO] response - { method: 'GET',
  url: '/api/users/timeinfo',
  body: {},
  costTime: 18,
  response:
   { status: 200,
     message: 'OK',
     header:
      [Object: null prototype] {
        vary: 'Origin',
        'access-control-allow-origin': 'http://localhost:8080',
        'access-control-allow-credentials': 'true',
        'access-control-expose-headers': 'WWW-Authenticate,Server-Authorization',
        'content-type': 'application/json; charset=utf-8' },
     body: { data: [Object] } } }
[2019-12-23T14:25:01.597] [INFO] response - { method: 'GET',
  url: '/api/users/userinfo',
  body: {},
  costTime: 9,
  response:
   { status: 200,
     message: 'OK',
     header:
      [Object: null prototype] {
        vary: 'Origin',
        'access-control-allow-origin': 'http://localhost:8080',
        'access-control-allow-credentials': 'true',
        'access-control-expose-headers': 'WWW-Authenticate,Server-Authorization',
        'content-type': 'application/json; charset=utf-8' },
     body: { data: [Object] } } }
[2019-12-23T14:25:01.605] [INFO] response - { method: 'GET',
  url: '/api/users/timeinfo',
  body: {},
  costTime: 15,
  response:
   { status: 200,
     message: 'OK',
     header:
      [Object: null prototype] {
        vary: 'Origin',
        'access-control-allow-origin': 'http://localhost:8080',
        'access-control-allow-credentials': 'true',
        'access-control-expose-headers': 'WWW-Authenticate,Server-Authorization',
        'content-type': 'application/json; charset=utf-8' },
     body: { data: [Object] } } }
[2019-12-23T14:25:13.958] [INFO] response - { method: 'POST',
  url: '/api/users/postadd',
  body:
   { time_one: '吃',
     time_two: '饭饭',
     time_three: '11',
     time_four: '111',
     user_id: 123456 },
  costTime: 8,
  response:
   { status: 200,
     message: 'OK',
     header:
      [Object: null prototype] {
        vary: 'Origin',
        'access-control-allow-origin': 'http://localhost:8080',
        'access-control-allow-credentials': 'true',
        'access-control-expose-headers': 'WWW-Authenticate,Server-Authorization' },
     body: undefined } }
[2019-12-23T14:25:14.284] [INFO] response - { method: 'GET',
  url: '/api/users/userinfo',
  body: {},
  costTime: 8,
  response:
   { status: 200,
     message: 'OK',
     header:
      [Object: null prototype] {
        vary: 'Origin',
        'access-control-allow-origin': 'http://localhost:8080',
        'access-control-allow-credentials': 'true',
        'access-control-expose-headers': 'WWW-Authenticate,Server-Authorization',
        'content-type': 'application/json; charset=utf-8' },
     body: { data: [Object] } } }
[2019-12-23T14:25:14.291] [INFO] response - { method: 'GET',
  url: '/api/users/timeinfo',
  body: {},
  costTime: 14,
  response:
   { status: 200,
     message: 'OK',
     header:
      [Object: null prototype] {
        vary: 'Origin',
        'access-control-allow-origin': 'http://localhost:8080',
        'access-control-allow-credentials': 'true',
        'access-control-expose-headers': 'WWW-Authenticate,Server-Authorization',
        'content-type': 'application/json; charset=utf-8' },
     body: { data: [Object] } } }
[2019-12-23T14:25:17.574] [INFO] response - { method: 'GET',
  url: '/api/users/userinfo',
  body: {},
  costTime: 16,
  response:
   { status: 200,
     message: 'OK',
     header:
      [Object: null prototype] {
        vary: 'Origin',
        'access-control-allow-origin': 'http://localhost:8080',
        'access-control-allow-credentials': 'true',
        'access-control-expose-headers': 'WWW-Authenticate,Server-Authorization',
        'content-type': 'application/json; charset=utf-8' },
     body: { data: [Object] } } }
[2019-12-23T14:25:17.580] [INFO] response - { method: 'GET',
  url: '/api/users/timeinfo',
  body: {},
  costTime: 19,
  response:
   { status: 200,
     message: 'OK',
     header:
      [Object: null prototype] {
        vary: 'Origin',
        'access-control-allow-origin': 'http://localhost:8080',
        'access-control-allow-credentials': 'true',
        'access-control-expose-headers': 'WWW-Authenticate,Server-Authorization',
        'content-type': 'application/json; charset=utf-8' },
     body: { data: [Object] } } }
[2019-12-23T14:25:30.300] [INFO] response - { method: 'POST',
  url: '/api/users/postedit',
  body:
   { time_one: '发发发',
     time_two: '方法',
     time_three: '饭饭',
     time_four: '烦烦烦' },
  costTime: 10,
  response:
   { status: 200,
     message: 'OK',
     header:
      [Object: null prototype] {
        vary: 'Origin',
        'access-control-allow-origin': 'http://localhost:8080',
        'access-control-allow-credentials': 'true',
        'access-control-expose-headers': 'WWW-Authenticate,Server-Authorization' },
     body: undefined } }
[2019-12-23T14:25:30.665] [INFO] response - { method: 'GET',
  url: '/api/users/userinfo',
  body: {},
  costTime: 12,
  response:
   { status: 200,
     message: 'OK',
     header:
      [Object: null prototype] {
        vary: 'Origin',
        'access-control-allow-origin': 'http://localhost:8080',
        'access-control-allow-credentials': 'true',
        'access-control-expose-headers': 'WWW-Authenticate,Server-Authorization',
        'content-type': 'application/json; charset=utf-8' },
     body: { data: [Object] } } }
[2019-12-23T14:25:30.672] [INFO] response - { method: 'GET',
  url: '/api/users/timeinfo',
  body: {},
  costTime: 17,
  response:
   { status: 200,
     message: 'OK',
     header:
      [Object: null prototype] {
        vary: 'Origin',
        'access-control-allow-origin': 'http://localhost:8080',
        'access-control-allow-credentials': 'true',
        'access-control-expose-headers': 'WWW-Authenticate,Server-Authorization',
        'content-type': 'application/json; charset=utf-8' },
     body: { data: [Object] } } }
[2019-12-23T14:25:34.307] [INFO] response - { method: 'GET',
  url: '/api/users/userinfo',
  body: {},
  costTime: 21,
  response:
   { status: 200,
     message: 'OK',
     header:
      [Object: null prototype] {
        vary: 'Origin',
        'access-control-allow-origin': 'http://localhost:8080',
        'access-control-allow-credentials': 'true',
        'access-control-expose-headers': 'WWW-Authenticate,Server-Authorization',
        'content-type': 'application/json; charset=utf-8' },
     body: { data: [Object] } } }
[2019-12-23T14:25:34.313] [INFO] response - { method: 'GET',
  url: '/api/users/timeinfo',
  body: {},
  costTime: 18,
  response:
   { status: 200,
     message: 'OK',
     header:
      [Object: null prototype] {
        vary: 'Origin',
        'access-control-allow-origin': 'http://localhost:8080',
        'access-control-allow-credentials': 'true',
        'access-control-expose-headers': 'WWW-Authenticate,Server-Authorization',
        'content-type': 'application/json; charset=utf-8' },
     body: { data: [Object] } } }
[2019-12-23T14:25:34.643] [INFO] response - { method: 'GET',
  url: '/api/users/gettime',
  body: {},
  costTime: 4,
  response:
   { status: 200,
     message: 'OK',
     header:
      [Object: null prototype] {
        vary: 'Origin',
        'access-control-allow-origin': 'http://localhost:8080',
        'access-control-allow-credentials': 'true',
        'access-control-expose-headers': 'WWW-Authenticate,Server-Authorization',
        'content-type': 'application/json; charset=utf-8' },
     body: { data: [Object] } } }
